2025-12-25 15:28:12.295 [info] [main] Log level: Info
2025-12-25 15:28:12.295 [info] [main] Validating found git in: "git"
2025-12-25 15:28:12.295 [info] [main] Using git "2.52.0" from "git"
2025-12-25 15:28:12.295 [info] [Model][doInitialScan] Initial repository scan started
2025-12-25 15:28:12.295 [info] > git rev-parse --show-toplevel [612ms]
2025-12-25 15:28:12.295 [info] > git rev-parse --git-dir --git-common-dir --show-superproject-working-tree [27ms]
2025-12-25 15:28:12.295 [info] [Model][openRepository] Opened repository (path): /home/admin/Documents/GitHub/DccpAdminV3
2025-12-25 15:28:12.295 [info] [Model][openRepository] Opened repository (real path): /home/admin/Documents/GitHub/DccpAdminV3
2025-12-25 15:28:12.295 [info] [Model][openRepository] Opened repository (kind): repository
2025-12-25 15:28:12.298 [info] > git config --get commit.template [6ms]
2025-12-25 15:28:12.343 [info] > git for-each-ref --format=%(refname)%00%(upstream:short)%00%(objectname)%00%(upstream:track)%00%(upstream:remotename)%00%(upstream:remoteref) refs/heads/main refs/remotes/main [35ms]
2025-12-25 15:28:12.430 [info] > git status -z -uall [15ms]
2025-12-25 15:28:12.443 [info] > git rev-parse --show-toplevel [2ms]
2025-12-25 15:28:12.452 [info] > git for-each-ref --sort -committerdate --format %(refname)%00%(objectname)%00%(*objectname) [28ms]
2025-12-25 15:28:12.487 [info] > git for-each-ref --format=%(refname)%00%(upstream:short)%00%(objectname)%00%(upstream:track)%00%(upstream:remotename)%00%(upstream:remoteref) refs/heads/main refs/remotes/main [13ms]
2025-12-25 15:28:12.496 [info] > git rev-parse --show-toplevel [46ms]
2025-12-25 15:28:12.503 [info] > git config --get commit.template [17ms]
2025-12-25 15:28:12.504 [info] > git config --get --local branch.main.vscode-merge-base [9ms]
2025-12-25 15:28:12.517 [info] > git rev-parse --show-toplevel [15ms]
2025-12-25 15:28:12.526 [info] > git for-each-ref --format=%(refname)%00%(upstream:short)%00%(objectname)%00%(upstream:track)%00%(upstream:remotename)%00%(upstream:remoteref) refs/heads/main refs/remotes/main [10ms]
2025-12-25 15:28:12.526 [info] > git for-each-ref --format=%(refname)%00%(upstream:short)%00%(objectname)%00%(upstream:track)%00%(upstream:remotename)%00%(upstream:remoteref) refs/heads/origin/main refs/remotes/origin/main [16ms]
2025-12-25 15:28:12.536 [info] > git rev-parse --show-toplevel [11ms]
2025-12-25 15:28:12.546 [info] > git merge-base refs/heads/main refs/remotes/origin/main [13ms]
2025-12-25 15:28:12.566 [info] > git diff --name-status -z --diff-filter=ADMR 75b4abe2622aa4954739be88bbf2a0208d4abd14...refs/remotes/origin/main [11ms]
2025-12-25 15:28:12.567 [info] > git rev-parse --show-toplevel [22ms]
2025-12-25 15:28:12.641 [info] > git status -z -uall [62ms]
2025-12-25 15:28:12.641 [info] > git rev-parse --show-toplevel [47ms]
2025-12-25 15:28:12.641 [info] > git for-each-ref --sort -committerdate --format %(refname)%00%(objectname)%00%(*objectname) [55ms]
2025-12-25 15:28:12.682 [info] > git rev-parse --show-toplevel [4ms]
2025-12-25 15:28:12.755 [info] > git rev-parse --show-toplevel [67ms]
2025-12-25 15:28:12.813 [info] > git rev-parse --show-toplevel [36ms]
2025-12-25 15:28:12.840 [info] > git rev-parse --show-toplevel [14ms]
2025-12-25 15:28:12.850 [info] > git rev-parse --show-toplevel [2ms]
2025-12-25 15:28:12.858 [info] > git rev-parse --show-toplevel [3ms]
2025-12-25 15:28:12.867 [info] > git rev-parse --show-toplevel [2ms]
2025-12-25 15:28:12.884 [info] > git rev-parse --show-toplevel [10ms]
2025-12-25 15:28:12.898 [info] > git check-ignore -v -z --stdin [17ms]
2025-12-25 15:28:12.900 [info] > git rev-parse --show-toplevel [10ms]
2025-12-25 15:28:12.909 [info] > git rev-parse --show-toplevel [2ms]
2025-12-25 15:28:12.917 [info] > git rev-parse --show-toplevel [2ms]
2025-12-25 15:28:12.925 [info] > git rev-parse --show-toplevel [2ms]
2025-12-25 15:28:12.933 [info] > git rev-parse --show-toplevel [2ms]
2025-12-25 15:28:12.942 [info] > git rev-parse --show-toplevel [1ms]
2025-12-25 15:28:12.950 [info] > git rev-parse --show-toplevel [2ms]
2025-12-25 15:28:12.958 [info] > git rev-parse --show-toplevel [3ms]
2025-12-25 15:28:12.966 [info] > git rev-parse --show-toplevel [2ms]
2025-12-25 15:28:12.973 [info] > git rev-parse --show-toplevel [1ms]
2025-12-25 15:28:12.982 [info] > git rev-parse --show-toplevel [2ms]
2025-12-25 15:28:12.984 [info] [Model][doInitialScan] Initial repository scan completed - repositories (1), closed repositories (0), parent repositories (0), unsafe repositories (0)
2025-12-25 15:28:34.191 [info] > git config --get commit.template [11ms]
2025-12-25 15:28:34.195 [info] > git for-each-ref --format=%(refname)%00%(upstream:short)%00%(objectname)%00%(upstream:track)%00%(upstream:remotename)%00%(upstream:remoteref) refs/heads/main refs/remotes/main [5ms]
2025-12-25 15:28:34.224 [info] > git status -z -uall [18ms]
2025-12-25 15:28:34.232 [info] > git for-each-ref --sort -committerdate --format %(refname)%00%(objectname)%00%(*objectname) [15ms]
2025-12-25 15:28:52.029 [info] > git config --get commit.template [2ms]
2025-12-25 15:28:52.043 [info] > git for-each-ref --format=%(refname)%00%(upstream:short)%00%(objectname)%00%(upstream:track)%00%(upstream:remotename)%00%(upstream:remoteref) refs/heads/main refs/remotes/main [4ms]
2025-12-25 15:28:52.065 [info] > git status -z -uall [14ms]
2025-12-25 15:28:52.066 [info] > git for-each-ref --sort -committerdate --format %(refname)%00%(objectname)%00%(*objectname) [7ms]
2025-12-25 15:29:04.616 [info] > git config --get commit.template [10ms]
2025-12-25 15:29:04.618 [info] > git for-each-ref --format=%(refname)%00%(upstream:short)%00%(objectname)%00%(upstream:track)%00%(upstream:remotename)%00%(upstream:remoteref) refs/heads/main refs/remotes/main [3ms]
2025-12-25 15:29:04.642 [info] > git status -z -uall [15ms]
2025-12-25 15:29:04.646 [info] > git for-each-ref --sort -committerdate --format %(refname)%00%(objectname)%00%(*objectname) [8ms]
2025-12-25 15:29:15.566 [info] > git config --get commit.template [9ms]
2025-12-25 15:29:15.568 [info] > git for-each-ref --format=%(refname)%00%(upstream:short)%00%(objectname)%00%(upstream:track)%00%(upstream:remotename)%00%(upstream:remoteref) refs/heads/main refs/remotes/main [3ms]
2025-12-25 15:29:15.588 [info] > git for-each-ref --sort -committerdate --format %(refname)%00%(objectname)%00%(*objectname) [5ms]
2025-12-25 15:29:15.592 [info] > git status -z -uall [16ms]
2025-12-25 15:29:31.464 [info] > git config --get commit.template [10ms]
2025-12-25 15:29:31.467 [info] > git for-each-ref --format=%(refname)%00%(upstream:short)%00%(objectname)%00%(upstream:track)%00%(upstream:remotename)%00%(upstream:remoteref) refs/heads/main refs/remotes/main [5ms]
2025-12-25 15:29:31.490 [info] > git for-each-ref --sort -committerdate --format %(refname)%00%(objectname)%00%(*objectname) [6ms]
2025-12-25 15:29:31.492 [info] > git status -z -uall [15ms]
2025-12-25 15:29:39.343 [info] > git config --get commit.template [13ms]
2025-12-25 15:29:39.345 [info] > git for-each-ref --format=%(refname)%00%(upstream:short)%00%(objectname)%00%(upstream:track)%00%(upstream:remotename)%00%(upstream:remoteref) refs/heads/main refs/remotes/main [4ms]
2025-12-25 15:29:39.375 [info] > git for-each-ref --sort -committerdate --format %(refname)%00%(objectname)%00%(*objectname) [5ms]
2025-12-25 15:29:39.384 [info] > git status -z -uall [27ms]
2025-12-25 15:29:44.405 [info] > git config --get commit.template [7ms]
2025-12-25 15:29:44.406 [info] > git for-each-ref --format=%(refname)%00%(upstream:short)%00%(objectname)%00%(upstream:track)%00%(upstream:remotename)%00%(upstream:remoteref) refs/heads/main refs/remotes/main [2ms]
2025-12-25 15:29:44.424 [info] > git for-each-ref --sort -committerdate --format %(refname)%00%(objectname)%00%(*objectname) [3ms]
2025-12-25 15:29:44.429 [info] > git status -z -uall [16ms]
2025-12-25 15:29:49.452 [info] > git config --get commit.template [8ms]
2025-12-25 15:29:49.453 [info] > git for-each-ref --format=%(refname)%00%(upstream:short)%00%(objectname)%00%(upstream:track)%00%(upstream:remotename)%00%(upstream:remoteref) refs/heads/main refs/remotes/main [2ms]
2025-12-25 15:29:49.472 [info] > git for-each-ref --sort -committerdate --format %(refname)%00%(objectname)%00%(*objectname) [3ms]
2025-12-25 15:29:49.477 [info] > git status -z -uall [16ms]
2025-12-25 15:29:54.787 [info] > git config --get commit.template [9ms]
2025-12-25 15:29:54.789 [info] > git for-each-ref --format=%(refname)%00%(upstream:short)%00%(objectname)%00%(upstream:track)%00%(upstream:remotename)%00%(upstream:remoteref) refs/heads/main refs/remotes/main [3ms]
2025-12-25 15:29:54.809 [info] > git for-each-ref --sort -committerdate --format %(refname)%00%(objectname)%00%(*objectname) [5ms]
2025-12-25 15:29:54.815 [info] > git status -z -uall [18ms]
2025-12-25 15:30:08.488 [info] > git config --get commit.template [11ms]
2025-12-25 15:30:08.489 [info] > git for-each-ref --format=%(refname)%00%(upstream:short)%00%(objectname)%00%(upstream:track)%00%(upstream:remotename)%00%(upstream:remoteref) refs/heads/main refs/remotes/main [3ms]
2025-12-25 15:30:08.516 [info] > git for-each-ref --sort -committerdate --format %(refname)%00%(objectname)%00%(*objectname) [7ms]
2025-12-25 15:30:08.522 [info] > git status -z -uall [23ms]
2025-12-25 15:30:23.680 [info] > git config --get commit.template [9ms]
2025-12-25 15:30:23.681 [info] > git for-each-ref --format=%(refname)%00%(upstream:short)%00%(objectname)%00%(upstream:track)%00%(upstream:remotename)%00%(upstream:remoteref) refs/heads/main refs/remotes/main [2ms]
2025-12-25 15:30:23.706 [info] > git for-each-ref --sort -committerdate --format %(refname)%00%(objectname)%00%(*objectname) [6ms]
2025-12-25 15:30:23.709 [info] > git status -z -uall [18ms]
2025-12-25 15:30:36.171 [info] > git config --get commit.template [10ms]
2025-12-25 15:30:36.173 [info] > git for-each-ref --format=%(refname)%00%(upstream:short)%00%(objectname)%00%(upstream:track)%00%(upstream:remotename)%00%(upstream:remoteref) refs/heads/main refs/remotes/main [3ms]
2025-12-25 15:30:36.194 [info] > git for-each-ref --sort -committerdate --format %(refname)%00%(objectname)%00%(*objectname) [5ms]
2025-12-25 15:30:36.196 [info] > git status -z -uall [15ms]
2025-12-25 15:30:54.422 [info] > git config --get commit.template [10ms]
2025-12-25 15:30:54.425 [info] > git for-each-ref --format=%(refname)%00%(upstream:short)%00%(objectname)%00%(upstream:track)%00%(upstream:remotename)%00%(upstream:remoteref) refs/heads/main refs/remotes/main [3ms]
2025-12-25 15:30:54.444 [info] > git for-each-ref --sort -committerdate --format %(refname)%00%(objectname)%00%(*objectname) [4ms]
2025-12-25 15:30:54.447 [info] > git status -z -uall [15ms]
2025-12-25 15:30:59.468 [info] > git config --get commit.template [8ms]
2025-12-25 15:30:59.469 [info] > git for-each-ref --format=%(refname)%00%(upstream:short)%00%(objectname)%00%(upstream:track)%00%(upstream:remotename)%00%(upstream:remoteref) refs/heads/main refs/remotes/main [2ms]
2025-12-25 15:30:59.488 [info] > git for-each-ref --sort -committerdate --format %(refname)%00%(objectname)%00%(*objectname) [5ms]
2025-12-25 15:30:59.491 [info] > git status -z -uall [15ms]
2025-12-25 15:31:13.420 [info] > git config --get commit.template [8ms]
2025-12-25 15:31:13.421 [info] > git for-each-ref --format=%(refname)%00%(upstream:short)%00%(objectname)%00%(upstream:track)%00%(upstream:remotename)%00%(upstream:remoteref) refs/heads/main refs/remotes/main [3ms]
2025-12-25 15:31:13.440 [info] > git for-each-ref --sort -committerdate --format %(refname)%00%(objectname)%00%(*objectname) [4ms]
2025-12-25 15:31:13.443 [info] > git status -z -uall [15ms]
2025-12-25 15:31:18.500 [info] > git config --get commit.template [19ms]
2025-12-25 15:31:18.502 [info] > git for-each-ref --format=%(refname)%00%(upstream:short)%00%(objectname)%00%(upstream:track)%00%(upstream:remotename)%00%(upstream:remoteref) refs/heads/main refs/remotes/main [5ms]
2025-12-25 15:31:18.553 [info] > git for-each-ref --sort -committerdate --format %(refname)%00%(objectname)%00%(*objectname) [12ms]
2025-12-25 15:31:18.566 [info] > git status -z -uall [43ms]
2025-12-25 15:31:23.586 [info] > git config --get commit.template [3ms]
2025-12-25 15:31:23.595 [info] > git for-each-ref --format=%(refname)%00%(upstream:short)%00%(objectname)%00%(upstream:track)%00%(upstream:remotename)%00%(upstream:remoteref) refs/heads/main refs/remotes/main [3ms]
2025-12-25 15:31:23.611 [info] > git status -z -uall [10ms]
2025-12-25 15:31:23.612 [info] > git for-each-ref --sort -committerdate --format %(refname)%00%(objectname)%00%(*objectname) [5ms]
2025-12-25 15:31:28.634 [info] > git config --get commit.template [9ms]
2025-12-25 15:31:28.636 [info] > git for-each-ref --format=%(refname)%00%(upstream:short)%00%(objectname)%00%(upstream:track)%00%(upstream:remotename)%00%(upstream:remoteref) refs/heads/main refs/remotes/main [2ms]
2025-12-25 15:31:28.653 [info] > git for-each-ref --sort -committerdate --format %(refname)%00%(objectname)%00%(*objectname) [4ms]
2025-12-25 15:31:28.657 [info] > git status -z -uall [15ms]
2025-12-25 15:31:33.679 [info] > git config --get commit.template [10ms]
2025-12-25 15:31:33.680 [info] > git for-each-ref --format=%(refname)%00%(upstream:short)%00%(objectname)%00%(upstream:track)%00%(upstream:remotename)%00%(upstream:remoteref) refs/heads/main refs/remotes/main [2ms]
2025-12-25 15:31:33.702 [info] > git for-each-ref --sort -committerdate --format %(refname)%00%(objectname)%00%(*objectname) [6ms]
2025-12-25 15:31:33.704 [info] > git status -z -uall [15ms]
2025-12-25 15:31:39.598 [info] > git config --get commit.template [10ms]
2025-12-25 15:31:39.599 [info] > git for-each-ref --format=%(refname)%00%(upstream:short)%00%(objectname)%00%(upstream:track)%00%(upstream:remotename)%00%(upstream:remoteref) refs/heads/main refs/remotes/main [3ms]
2025-12-25 15:31:39.617 [info] > git for-each-ref --sort -committerdate --format %(refname)%00%(objectname)%00%(*objectname) [4ms]
2025-12-25 15:31:39.620 [info] > git status -z -uall [12ms]
2025-12-25 15:31:44.646 [info] > git config --get commit.template [11ms]
2025-12-25 15:31:44.648 [info] > git for-each-ref --format=%(refname)%00%(upstream:short)%00%(objectname)%00%(upstream:track)%00%(upstream:remotename)%00%(upstream:remoteref) refs/heads/main refs/remotes/main [3ms]
2025-12-25 15:31:44.672 [info] > git for-each-ref --sort -committerdate --format %(refname)%00%(objectname)%00%(*objectname) [7ms]
2025-12-25 15:31:44.674 [info] > git status -z -uall [18ms]
2025-12-25 15:31:54.118 [info] > git config --get commit.template [10ms]
2025-12-25 15:31:54.119 [info] > git for-each-ref --format=%(refname)%00%(upstream:short)%00%(objectname)%00%(upstream:track)%00%(upstream:remotename)%00%(upstream:remoteref) refs/heads/main refs/remotes/main [3ms]
2025-12-25 15:31:54.142 [info] > git for-each-ref --sort -committerdate --format %(refname)%00%(objectname)%00%(*objectname) [4ms]
2025-12-25 15:31:54.146 [info] > git status -z -uall [16ms]
2025-12-25 15:31:59.166 [info] > git config --get commit.template [8ms]
2025-12-25 15:31:59.169 [info] > git for-each-ref --format=%(refname)%00%(upstream:short)%00%(objectname)%00%(upstream:track)%00%(upstream:remotename)%00%(upstream:remoteref) refs/heads/main refs/remotes/main [3ms]
2025-12-25 15:31:59.188 [info] > git for-each-ref --sort -committerdate --format %(refname)%00%(objectname)%00%(*objectname) [5ms]
2025-12-25 15:31:59.196 [info] > git status -z -uall [20ms]
2025-12-25 15:33:39.609 [info] > git config --get commit.template [9ms]
2025-12-25 15:33:39.612 [info] > git for-each-ref --format=%(refname)%00%(upstream:short)%00%(objectname)%00%(upstream:track)%00%(upstream:remotename)%00%(upstream:remoteref) refs/heads/main refs/remotes/main [5ms]
2025-12-25 15:33:39.636 [info] > git for-each-ref --sort -committerdate --format %(refname)%00%(objectname)%00%(*objectname) [9ms]
2025-12-25 15:33:39.637 [info] > git status -z -uall [17ms]
2025-12-25 15:33:44.650 [info] > git config --get commit.template [1ms]
2025-12-25 15:33:44.660 [info] > git for-each-ref --format=%(refname)%00%(upstream:short)%00%(objectname)%00%(upstream:track)%00%(upstream:remotename)%00%(upstream:remoteref) refs/heads/main refs/remotes/main [2ms]
2025-12-25 15:33:44.680 [info] > git status -z -uall [13ms]
2025-12-25 15:33:44.681 [info] > git for-each-ref --sort -committerdate --format %(refname)%00%(objectname)%00%(*objectname) [6ms]
2025-12-25 15:34:02.637 [info] > git config --get commit.template [9ms]
2025-12-25 15:34:02.638 [info] > git for-each-ref --format=%(refname)%00%(upstream:short)%00%(objectname)%00%(upstream:track)%00%(upstream:remotename)%00%(upstream:remoteref) refs/heads/main refs/remotes/main [2ms]
2025-12-25 15:34:02.663 [info] > git for-each-ref --sort -committerdate --format %(refname)%00%(objectname)%00%(*objectname) [6ms]
2025-12-25 15:34:02.671 [info] > git status -z -uall [22ms]
2025-12-25 15:36:06.962 [info] > git config --get commit.template [10ms]
2025-12-25 15:36:06.963 [info] > git for-each-ref --format=%(refname)%00%(upstream:short)%00%(objectname)%00%(upstream:track)%00%(upstream:remotename)%00%(upstream:remoteref) refs/heads/main refs/remotes/main [2ms]
2025-12-25 15:36:06.988 [info] > git status -z -uall [16ms]
2025-12-25 15:36:06.988 [info] > git for-each-ref --sort -committerdate --format %(refname)%00%(objectname)%00%(*objectname) [6ms]
2025-12-25 15:37:53.502 [info] > git config --get commit.template [11ms]
2025-12-25 15:37:53.503 [info] > git for-each-ref --format=%(refname)%00%(upstream:short)%00%(objectname)%00%(upstream:track)%00%(upstream:remotename)%00%(upstream:remoteref) refs/heads/main refs/remotes/main [3ms]
2025-12-25 15:37:53.523 [info] > git for-each-ref --sort -committerdate --format %(refname)%00%(objectname)%00%(*objectname) [4ms]
2025-12-25 15:37:53.528 [info] > git status -z -uall [17ms]
2025-12-25 15:38:14.764 [info] > git config --get commit.template [3ms]
2025-12-25 15:38:14.773 [info] > git for-each-ref --format=%(refname)%00%(upstream:short)%00%(objectname)%00%(upstream:track)%00%(upstream:remotename)%00%(upstream:remoteref) refs/heads/main refs/remotes/main [2ms]
2025-12-25 15:38:14.788 [info] > git for-each-ref --sort -committerdate --format %(refname)%00%(objectname)%00%(*objectname) [3ms]
2025-12-25 15:38:14.789 [info] > git status -z -uall [10ms]
2025-12-25 15:38:19.813 [info] > git config --get commit.template [10ms]
2025-12-25 15:38:19.814 [info] > git for-each-ref --format=%(refname)%00%(upstream:short)%00%(objectname)%00%(upstream:track)%00%(upstream:remotename)%00%(upstream:remoteref) refs/heads/main refs/remotes/main [3ms]
2025-12-25 15:38:19.836 [info] > git for-each-ref --sort -committerdate --format %(refname)%00%(objectname)%00%(*objectname) [5ms]
2025-12-25 15:38:19.837 [info] > git status -z -uall [14ms]
2025-12-25 15:38:24.855 [info] > git config --get commit.template [8ms]
2025-12-25 15:38:24.857 [info] > git for-each-ref --format=%(refname)%00%(upstream:short)%00%(objectname)%00%(upstream:track)%00%(upstream:remotename)%00%(upstream:remoteref) refs/heads/main refs/remotes/main [3ms]
2025-12-25 15:38:24.877 [info] > git for-each-ref --sort -committerdate --format %(refname)%00%(objectname)%00%(*objectname) [5ms]
2025-12-25 15:38:24.880 [info] > git status -z -uall [16ms]
2025-12-25 15:38:29.903 [info] > git config --get commit.template [8ms]
2025-12-25 15:38:29.905 [info] > git for-each-ref --format=%(refname)%00%(upstream:short)%00%(objectname)%00%(upstream:track)%00%(upstream:remotename)%00%(upstream:remoteref) refs/heads/main refs/remotes/main [3ms]
2025-12-25 15:38:29.924 [info] > git for-each-ref --sort -committerdate --format %(refname)%00%(objectname)%00%(*objectname) [4ms]
2025-12-25 15:38:29.928 [info] > git status -z -uall [15ms]
2025-12-25 15:43:38.170 [info] > git config --get commit.template [9ms]
2025-12-25 15:43:38.176 [info] > git for-each-ref --format=%(refname)%00%(upstream:short)%00%(objectname)%00%(upstream:track)%00%(upstream:remotename)%00%(upstream:remoteref) refs/heads/main refs/remotes/main [7ms]
2025-12-25 15:43:38.206 [info] > git status -z -uall [22ms]
2025-12-25 15:43:38.214 [info] > git for-each-ref --sort -committerdate --format %(refname)%00%(objectname)%00%(*objectname) [20ms]
2025-12-25 15:43:54.037 [info] > git config --get commit.template [11ms]
2025-12-25 15:43:54.040 [info] > git for-each-ref --format=%(refname)%00%(upstream:short)%00%(objectname)%00%(upstream:track)%00%(upstream:remotename)%00%(upstream:remoteref) refs/heads/main refs/remotes/main [4ms]
2025-12-25 15:43:54.061 [info] > git status -z -uall [12ms]
2025-12-25 15:43:54.066 [info] > git for-each-ref --sort -committerdate --format %(refname)%00%(objectname)%00%(*objectname) [6ms]
2025-12-25 15:44:04.274 [info] > git config --get commit.template [2ms]
2025-12-25 15:44:04.283 [info] > git for-each-ref --format=%(refname)%00%(upstream:short)%00%(objectname)%00%(upstream:track)%00%(upstream:remotename)%00%(upstream:remoteref) refs/heads/main refs/remotes/main [2ms]
2025-12-25 15:44:04.300 [info] > git for-each-ref --sort -committerdate --format %(refname)%00%(objectname)%00%(*objectname) [4ms]
2025-12-25 15:44:04.305 [info] > git status -z -uall [15ms]
2025-12-25 15:44:17.467 [info] > git config --get commit.template [10ms]
2025-12-25 15:44:17.467 [info] > git for-each-ref --format=%(refname)%00%(upstream:short)%00%(objectname)%00%(upstream:track)%00%(upstream:remotename)%00%(upstream:remoteref) refs/heads/main refs/remotes/main [3ms]
2025-12-25 15:44:17.484 [info] > git for-each-ref --sort -committerdate --format %(refname)%00%(objectname)%00%(*objectname) [4ms]
2025-12-25 15:44:17.485 [info] > git status -z -uall [11ms]
2025-12-25 15:44:29.683 [info] > git config --get commit.template [15ms]
2025-12-25 15:44:29.685 [info] > git for-each-ref --format=%(refname)%00%(upstream:short)%00%(objectname)%00%(upstream:track)%00%(upstream:remotename)%00%(upstream:remoteref) refs/heads/main refs/remotes/main [4ms]
2025-12-25 15:44:29.717 [info] > git for-each-ref --sort -committerdate --format %(refname)%00%(objectname)%00%(*objectname) [6ms]
2025-12-25 15:44:29.725 [info] > git status -z -uall [26ms]
2025-12-25 15:45:10.332 [info] > git config --get commit.template [1ms]
2025-12-25 15:45:10.344 [info] > git for-each-ref --format=%(refname)%00%(upstream:short)%00%(objectname)%00%(upstream:track)%00%(upstream:remotename)%00%(upstream:remoteref) refs/heads/main refs/remotes/main [3ms]
2025-12-25 15:45:10.366 [info] > git for-each-ref --sort -committerdate --format %(refname)%00%(objectname)%00%(*objectname) [6ms]
2025-12-25 15:45:10.373 [info] > git status -z -uall [20ms]
2025-12-25 15:46:14.846 [info] > git config --get commit.template [8ms]
2025-12-25 15:46:14.848 [info] > git for-each-ref --format=%(refname)%00%(upstream:short)%00%(objectname)%00%(upstream:track)%00%(upstream:remotename)%00%(upstream:remoteref) refs/heads/main refs/remotes/main [3ms]
2025-12-25 15:46:14.869 [info] > git for-each-ref --sort -committerdate --format %(refname)%00%(objectname)%00%(*objectname) [4ms]
2025-12-25 15:46:14.870 [info] > git status -z -uall [14ms]
2025-12-25 15:48:47.590 [info] > git config --get commit.template [12ms]
2025-12-25 15:48:47.593 [info] > git for-each-ref --format=%(refname)%00%(upstream:short)%00%(objectname)%00%(upstream:track)%00%(upstream:remotename)%00%(upstream:remoteref) refs/heads/main refs/remotes/main [4ms]
2025-12-25 15:48:47.615 [info] > git for-each-ref --sort -committerdate --format %(refname)%00%(objectname)%00%(*objectname) [7ms]
2025-12-25 15:48:47.621 [info] > git status -z -uall [20ms]
2025-12-25 15:49:07.800 [info] > git config --get commit.template [7ms]
2025-12-25 15:49:07.802 [info] > git for-each-ref --format=%(refname)%00%(upstream:short)%00%(objectname)%00%(upstream:track)%00%(upstream:remotename)%00%(upstream:remoteref) refs/heads/main refs/remotes/main [4ms]
2025-12-25 15:49:07.820 [info] > git for-each-ref --sort -committerdate --format %(refname)%00%(objectname)%00%(*objectname) [4ms]
2025-12-25 15:49:07.823 [info] > git status -z -uall [13ms]
2025-12-25 15:50:59.081 [info] > git config --get commit.template [9ms]
2025-12-25 15:50:59.084 [info] > git for-each-ref --format=%(refname)%00%(upstream:short)%00%(objectname)%00%(upstream:track)%00%(upstream:remotename)%00%(upstream:remoteref) refs/heads/main refs/remotes/main [4ms]
2025-12-25 15:50:59.105 [info] > git for-each-ref --sort -committerdate --format %(refname)%00%(objectname)%00%(*objectname) [5ms]
2025-12-25 15:50:59.109 [info] > git status -z -uall [17ms]
2025-12-25 15:51:09.536 [info] > git config --get commit.template [12ms]
2025-12-25 15:51:09.541 [info] > git for-each-ref --format=%(refname)%00%(upstream:short)%00%(objectname)%00%(upstream:track)%00%(upstream:remotename)%00%(upstream:remoteref) refs/heads/main refs/remotes/main [5ms]
2025-12-25 15:51:09.561 [info] > git for-each-ref --sort -committerdate --format %(refname)%00%(objectname)%00%(*objectname) [4ms]
2025-12-25 15:51:09.566 [info] > git status -z -uall [17ms]
2025-12-25 15:51:25.712 [info] > git config --get commit.template [12ms]
2025-12-25 15:51:25.713 [info] > git for-each-ref --format=%(refname)%00%(upstream:short)%00%(objectname)%00%(upstream:track)%00%(upstream:remotename)%00%(upstream:remoteref) refs/heads/main refs/remotes/main [2ms]
2025-12-25 15:51:25.738 [info] > git for-each-ref --sort -committerdate --format %(refname)%00%(objectname)%00%(*objectname) [4ms]
2025-12-25 15:51:25.746 [info] > git status -z -uall [22ms]
2025-12-25 15:51:36.469 [info] > git config --get commit.template [9ms]
2025-12-25 15:51:36.472 [info] > git for-each-ref --format=%(refname)%00%(upstream:short)%00%(objectname)%00%(upstream:track)%00%(upstream:remotename)%00%(upstream:remoteref) refs/heads/main refs/remotes/main [4ms]
2025-12-25 15:51:36.489 [info] > git for-each-ref --sort -committerdate --format %(refname)%00%(objectname)%00%(*objectname) [3ms]
2025-12-25 15:51:36.499 [info] > git status -z -uall [19ms]
