2025-12-31 13:20:21.611 [info] Reading sessions from keychain...
2025-12-31 13:20:21.611 [info] Getting sessions for all scopes...
2025-12-31 13:20:21.611 [info] Got stored sessions!
2025-12-31 13:20:21.611 [info] Got 1 verified sessions.
2025-12-31 13:20:21.611 [info] Got 1 sessions for ...
2025-12-31 13:20:21.611 [info] Getting sessions for all scopes...
2025-12-31 13:20:21.611 [info] Got 1 sessions for ...
2025-12-31 13:20:21.611 [info] Getting sessions for all scopes...
2025-12-31 13:20:21.611 [info] Got 1 sessions for ...
2025-12-31 13:20:21.611 [info] Getting sessions for all scopes...
2025-12-31 13:20:21.611 [info] Got 1 sessions for ...
2025-12-31 13:20:21.611 [info] Getting sessions for all scopes...
2025-12-31 13:20:21.611 [info] Got 1 sessions for ...
2025-12-31 13:20:21.611 [info] Getting sessions for all scopes...
2025-12-31 13:20:21.611 [info] Got 1 sessions for ...
2025-12-31 13:20:21.611 [info] Getting sessions for all scopes...
2025-12-31 13:20:21.611 [info] Got 1 sessions for ...
2025-12-31 13:20:21.611 [info] Getting sessions for all scopes...
2025-12-31 13:20:21.611 [info] Got 1 sessions for ...
2025-12-31 13:20:21.611 [info] Getting sessions for all scopes...
2025-12-31 13:20:21.611 [info] Got 1 sessions for ...
2025-12-31 13:20:21.611 [info] Getting sessions for all scopes...
2025-12-31 13:20:21.611 [info] Got 1 sessions for ...
2025-12-31 13:20:21.611 [info] Getting sessions for all scopes...
2025-12-31 13:20:21.611 [info] Got 1 sessions for ...
2025-12-31 13:20:21.611 [info] Getting sessions for all scopes...
2025-12-31 13:20:21.611 [info] Got 1 sessions for ...
2025-12-31 13:20:21.611 [info] Getting sessions for all scopes...
2025-12-31 13:20:21.611 [info] Got 1 sessions for ...
2025-12-31 13:20:21.611 [info] Getting sessions for all scopes...
2025-12-31 13:20:21.611 [info] Got 1 sessions for ...
2025-12-31 13:20:21.611 [info] Getting sessions for all scopes...
2025-12-31 13:20:21.611 [info] Got 1 sessions for ...
2025-12-31 13:20:21.611 [info] Getting sessions for all scopes...
2025-12-31 13:20:21.611 [info] Got 1 sessions for ...
2025-12-31 13:20:21.611 [info] Getting sessions for all scopes...
2025-12-31 13:20:21.611 [info] Got 1 sessions for ...
2025-12-31 13:20:21.611 [info] Getting sessions for all scopes...
2025-12-31 13:20:21.612 [info] Got 1 sessions for ...
2025-12-31 13:20:21.612 [info] Getting sessions for all scopes...
2025-12-31 13:20:21.612 [info] Got 1 sessions for ...
2025-12-31 13:20:21.612 [info] Getting sessions for read:user,repo,user:email,workflow...
2025-12-31 13:20:21.612 [info] Got 1 sessions for read:user,repo,user:email,workflow...
2025-12-31 13:20:22.209 [info] FetcherService: Electron fetch failed with error: net::ERR_NETWORK_CHANGED
2025-12-31 13:20:22.335 [info] FetcherService: Node fetch failed with error: fetch failed
2025-12-31 13:20:22.368 [info] Getting sessions for read:user,repo,user:email,workflow...
2025-12-31 13:20:22.368 [info] Got 1 sessions for read:user,repo,user:email,workflow...
2025-12-31 13:20:22.369 [info] FetcherService: Node http/s failed with error: getaddrinfo EAI_AGAIN education.github.com
2025-12-31 13:20:22.394 [info] Getting sessions for all scopes...
2025-12-31 13:20:22.394 [info] Got 1 sessions for ...
2025-12-31 13:20:22.574 [info] Getting sessions for read:user,repo,user:email,workflow...
2025-12-31 13:20:22.574 [info] Got 1 sessions for read:user,repo,user:email,workflow...
2025-12-31 13:20:24.677 [info] Getting sessions for all scopes...
2025-12-31 13:20:24.677 [info] Got 1 sessions for ...
2025-12-31 13:20:24.677 [info] Getting sessions for all scopes...
2025-12-31 13:20:24.677 [info] Got 1 sessions for ...
2025-12-31 13:20:24.677 [info] Getting sessions for all scopes...
2025-12-31 13:20:24.677 [info] Got 1 sessions for ...
2025-12-31 13:20:24.677 [info] Getting sessions for all scopes...
2025-12-31 13:20:24.677 [info] Got 1 sessions for ...
2025-12-31 13:20:24.680 [info] Getting sessions for all scopes...
2025-12-31 13:20:24.680 [info] Got 1 sessions for ...
2025-12-31 13:20:24.680 [info] Getting sessions for all scopes...
2025-12-31 13:20:24.680 [info] Got 1 sessions for ...
2025-12-31 13:20:24.682 [info] Getting sessions for read:user,repo,user:email,workflow...
2025-12-31 13:20:24.682 [info] Got 1 sessions for read:user,repo,user:email,workflow...
2025-12-31 13:20:26.236 [info] Getting sessions for all scopes...
2025-12-31 13:20:26.236 [info] Got 1 sessions for ...
2025-12-31 13:20:26.237 [info] Getting sessions for all scopes...
2025-12-31 13:20:26.237 [info] Got 1 sessions for ...
2025-12-31 13:20:26.253 [info] Getting sessions for read:user,repo,user:email,workflow...
2025-12-31 13:20:26.253 [info] Got 1 sessions for read:user,repo,user:email,workflow...
2025-12-31 13:20:26.351 [info] Getting sessions for all scopes...
2025-12-31 13:20:26.351 [info] Got 1 sessions for ...
2025-12-31 13:20:26.360 [info] Getting sessions for all scopes...
2025-12-31 13:20:26.360 [info] Got 1 sessions for ...
2025-12-31 13:20:26.360 [info] Getting sessions for all scopes...
2025-12-31 13:20:26.360 [info] Got 1 sessions for ...
2025-12-31 13:20:26.361 [info] Getting sessions for all scopes...
2025-12-31 13:20:26.361 [info] Got 1 sessions for ...
2025-12-31 13:20:26.386 [info] Getting sessions for read:user,repo,user:email,workflow...
2025-12-31 13:20:26.386 [info] Got 1 sessions for read:user,repo,user:email,workflow...
2025-12-31 13:20:26.441 [info] Getting sessions for all scopes...
2025-12-31 13:20:26.441 [info] Got 1 sessions for ...
2025-12-31 13:20:26.443 [info] Getting sessions for read:user,repo,user:email,workflow...
2025-12-31 13:20:26.443 [info] Got 1 sessions for read:user,repo,user:email,workflow...
2025-12-31 14:15:29.008 [info] Getting sessions for all scopes...
2025-12-31 14:15:29.009 [info] Got 1 sessions for ...
2025-12-31 14:15:29.013 [info] Getting sessions for read:user,repo,user:email,workflow...
2025-12-31 14:15:29.014 [info] Got 1 sessions for read:user,repo,user:email,workflow...
2025-12-31 14:15:30.104 [info] Getting sessions for all scopes...
2025-12-31 14:15:30.104 [info] Got 1 sessions for ...
2025-12-31 14:15:30.104 [info] Getting sessions for all scopes...
2025-12-31 14:15:30.105 [info] Got 1 sessions for ...
2025-12-31 14:15:30.110 [info] Getting sessions for read:user,repo,user:email,workflow...
2025-12-31 14:15:30.110 [info] Got 1 sessions for read:user,repo,user:email,workflow...
2025-12-31 14:15:30.130 [info] Getting sessions for all scopes...
2025-12-31 14:15:30.130 [info] Got 1 sessions for ...
2025-12-31 14:15:30.132 [info] Getting sessions for read:user,repo,user:email,workflow...
2025-12-31 14:15:30.132 [info] Got 1 sessions for read:user,repo,user:email,workflow...
2025-12-31 14:15:30.831 [info] Getting sessions for all scopes...
2025-12-31 14:15:30.831 [info] Got 1 sessions for ...
2025-12-31 14:15:30.834 [info] Getting sessions for read:user,repo,user:email,workflow...
2025-12-31 14:15:30.834 [info] Got 1 sessions for read:user,repo,user:email,workflow...
2025-12-31 15:10:31.005 [info] Getting sessions for all scopes...
2025-12-31 15:10:31.007 [info] Got 1 sessions for ...
2025-12-31 15:10:31.013 [info] Getting sessions for read:user,repo,user:email,workflow...
2025-12-31 15:10:31.013 [info] Got 1 sessions for read:user,repo,user:email,workflow...
2025-12-31 15:10:32.965 [info] Getting sessions for all scopes...
2025-12-31 15:10:32.965 [info] Got 1 sessions for ...
2025-12-31 15:10:32.965 [info] Getting sessions for all scopes...
2025-12-31 15:10:32.965 [info] Got 1 sessions for ...
2025-12-31 15:10:32.968 [info] Getting sessions for read:user,repo,user:email,workflow...
2025-12-31 15:10:32.968 [info] Got 1 sessions for read:user,repo,user:email,workflow...
2025-12-31 15:10:32.978 [info] Getting sessions for all scopes...
2025-12-31 15:10:32.978 [info] Got 1 sessions for ...
2025-12-31 15:10:32.981 [info] Getting sessions for read:user,repo,user:email,workflow...
2025-12-31 15:10:32.981 [info] Got 1 sessions for read:user,repo,user:email,workflow...
2025-12-31 15:10:33.683 [info] Getting sessions for all scopes...
2025-12-31 15:10:33.683 [info] Got 1 sessions for ...
2025-12-31 15:10:33.703 [info] Getting sessions for read:user,repo,user:email,workflow...
2025-12-31 15:10:33.703 [info] Got 1 sessions for read:user,repo,user:email,workflow...
2025-12-31 16:05:34.008 [info] Getting sessions for all scopes...
2025-12-31 16:05:34.010 [info] Got 1 sessions for ...
2025-12-31 16:05:34.015 [info] Getting sessions for read:user,repo,user:email,workflow...
2025-12-31 16:05:34.015 [info] Got 1 sessions for read:user,repo,user:email,workflow...
2025-12-31 16:05:34.158 [info] Getting sessions for all scopes...
2025-12-31 16:05:34.158 [info] Got 1 sessions for ...
2025-12-31 16:05:34.158 [info] Getting sessions for all scopes...
2025-12-31 16:05:34.158 [info] Got 1 sessions for ...
2025-12-31 16:05:34.206 [info] Getting sessions for read:user,repo,user:email,workflow...
2025-12-31 16:05:34.206 [info] Got 1 sessions for read:user,repo,user:email,workflow...
2025-12-31 16:05:34.210 [info] Getting sessions for all scopes...
2025-12-31 16:05:34.210 [info] Got 1 sessions for ...
2025-12-31 16:05:34.213 [info] Getting sessions for read:user,repo,user:email,workflow...
2025-12-31 16:05:34.213 [info] Got 1 sessions for read:user,repo,user:email,workflow...
2025-12-31 16:05:34.329 [info] Getting sessions for all scopes...
2025-12-31 16:05:34.329 [info] Got 1 sessions for ...
2025-12-31 16:05:34.329 [info] Getting sessions for all scopes...
2025-12-31 16:05:34.329 [info] Got 1 sessions for ...
2025-12-31 16:05:34.338 [info] Getting sessions for read:user,repo,user:email,workflow...
2025-12-31 16:05:34.338 [info] Got 1 sessions for read:user,repo,user:email,workflow...
2025-12-31 16:05:34.459 [info] Getting sessions for all scopes...
2025-12-31 16:05:34.459 [info] Got 1 sessions for ...
2025-12-31 16:05:34.462 [info] Getting sessions for read:user,repo,user:email,workflow...
2025-12-31 16:05:34.462 [info] Got 1 sessions for read:user,repo,user:email,workflow...
2025-12-31 16:05:35.021 [info] Getting sessions for all scopes...
2025-12-31 16:05:35.022 [info] Got 1 sessions for ...
2025-12-31 16:05:35.025 [info] Getting sessions for read:user,repo,user:email,workflow...
2025-12-31 16:05:35.025 [info] Got 1 sessions for read:user,repo,user:email,workflow...
