2025-12-25 15:20:36.448 [info] [main] Log level: Info
2025-12-25 15:20:36.448 [info] [main] Validating found git in: "git"
2025-12-25 15:20:36.448 [info] [main] Using git "2.52.0" from "git"
2025-12-25 15:20:36.448 [info] [Model][doInitialScan] Initial repository scan started
2025-12-25 15:20:36.448 [info] > git rev-parse --show-toplevel [718ms]
2025-12-25 15:20:36.448 [info] > git rev-parse --git-dir --git-common-dir --show-superproject-working-tree [47ms]
2025-12-25 15:20:36.448 [info] [Model][openRepository] Opened repository (path): /home/admin/Documents/GitHub/DccpAdminV3
2025-12-25 15:20:36.448 [info] [Model][openRepository] Opened repository (real path): /home/admin/Documents/GitHub/DccpAdminV3
2025-12-25 15:20:36.448 [info] [Model][openRepository] Opened repository (kind): repository
2025-12-25 15:20:36.452 [info] > git config --get commit.template [5ms]
2025-12-25 15:20:36.493 [info] > git for-each-ref --format=%(refname)%00%(upstream:short)%00%(objectname)%00%(upstream:track)%00%(upstream:remotename)%00%(upstream:remoteref) refs/heads/main refs/remotes/main [32ms]
2025-12-25 15:20:36.526 [info] > git rev-parse --show-toplevel [2ms]
2025-12-25 15:20:36.560 [info] > git status -z -uall [56ms]
2025-12-25 15:20:36.560 [info] > git for-each-ref --sort -committerdate --format %(refname)%00%(objectname)%00%(*objectname) [48ms]
2025-12-25 15:20:36.578 [info] > git rev-parse --show-toplevel [20ms]
2025-12-25 15:20:36.616 [info] > git for-each-ref --format=%(refname)%00%(upstream:short)%00%(objectname)%00%(upstream:track)%00%(upstream:remotename)%00%(upstream:remoteref) refs/heads/main refs/remotes/main [19ms]
2025-12-25 15:20:36.628 [info] > git config --get --local branch.main.vscode-merge-base [4ms]
2025-12-25 15:20:36.635 [info] > git config --get commit.template [19ms]
2025-12-25 15:20:36.635 [info] > git rev-parse --show-toplevel [26ms]
2025-12-25 15:20:36.658 [info] > git for-each-ref --format=%(refname)%00%(upstream:short)%00%(objectname)%00%(upstream:track)%00%(upstream:remotename)%00%(upstream:remoteref) refs/heads/origin/main refs/remotes/origin/main [24ms]
2025-12-25 15:20:36.672 [info] > git rev-parse --show-toplevel [15ms]
2025-12-25 15:20:36.679 [info] > git merge-base refs/heads/main refs/remotes/origin/main [14ms]
2025-12-25 15:20:36.695 [info] > git diff --name-status -z --diff-filter=ADMR 75b4abe2622aa4954739be88bbf2a0208d4abd14...refs/remotes/origin/main [10ms]
2025-12-25 15:20:36.696 [info] > git rev-parse --show-toplevel [17ms]
2025-12-25 15:20:36.696 [info] > git for-each-ref --format=%(refname)%00%(upstream:short)%00%(objectname)%00%(upstream:track)%00%(upstream:remotename)%00%(upstream:remoteref) refs/heads/main refs/remotes/main [24ms]
2025-12-25 15:20:36.718 [info] > git rev-parse --show-toplevel [16ms]
2025-12-25 15:20:36.726 [info] > git for-each-ref --sort -committerdate --format %(refname)%00%(objectname)%00%(*objectname) [9ms]
2025-12-25 15:20:36.727 [info] > git rev-parse --show-toplevel [2ms]
2025-12-25 15:20:36.735 [info] > git rev-parse --show-toplevel [2ms]
2025-12-25 15:20:36.793 [info] > git status -z -uall [84ms]
2025-12-25 15:20:36.799 [info] > git rev-parse --show-toplevel [56ms]
2025-12-25 15:20:36.851 [info] > git rev-parse --show-toplevel [18ms]
2025-12-25 15:20:36.943 [info] > git rev-parse --show-toplevel [9ms]
2025-12-25 15:20:37.027 [info] > git rev-parse --show-toplevel [61ms]
2025-12-25 15:20:37.064 [info] > git check-ignore -v -z --stdin [30ms]
2025-12-25 15:20:37.065 [info] > git rev-parse --show-toplevel [16ms]
2025-12-25 15:20:37.081 [info] > git rev-parse --show-toplevel [2ms]
2025-12-25 15:20:37.090 [info] > git rev-parse --show-toplevel [2ms]
2025-12-25 15:20:37.099 [info] > git rev-parse --show-toplevel [2ms]
2025-12-25 15:20:37.108 [info] > git rev-parse --show-toplevel [3ms]
2025-12-25 15:20:37.120 [info] > git rev-parse --show-toplevel [4ms]
2025-12-25 15:20:37.131 [info] > git rev-parse --show-toplevel [3ms]
2025-12-25 15:20:37.144 [info] > git rev-parse --show-toplevel [3ms]
2025-12-25 15:20:37.155 [info] > git rev-parse --show-toplevel [3ms]
2025-12-25 15:20:37.164 [info] > git rev-parse --show-toplevel [1ms]
2025-12-25 15:20:37.172 [info] > git rev-parse --show-toplevel [2ms]
2025-12-25 15:20:37.181 [info] > git rev-parse --show-toplevel [2ms]
2025-12-25 15:20:37.189 [info] > git rev-parse --show-toplevel [1ms]
2025-12-25 15:20:37.193 [info] [Model][doInitialScan] Initial repository scan completed - repositories (1), closed repositories (0), parent repositories (0), unsafe repositories (0)
