2026-01-06 11:48:32.034 [info] [main] Log level: Info
2026-01-06 11:48:32.034 [info] [main] Validating found git in: "git"
2026-01-06 11:48:32.034 [info] [main] Using git "2.52.0" from "git"
2026-01-06 11:48:32.034 [info] [Model][doInitialScan] Initial repository scan started
2026-01-06 11:48:32.034 [info] > git rev-parse --show-toplevel [27ms]
2026-01-06 11:48:32.034 [info] > git rev-parse --git-dir --git-common-dir --show-superproject-working-tree [87ms]
2026-01-06 11:48:32.034 [info] [Model][openRepository] Opened repository (path): /home/admin/Documents/GitHub/DccpAdminV3
2026-01-06 11:48:32.034 [info] [Model][openRepository] Opened repository (real path): /home/admin/Documents/GitHub/DccpAdminV3
2026-01-06 11:48:32.034 [info] [Model][openRepository] Opened repository (kind): repository
2026-01-06 11:48:32.047 [info] > git config --get commit.template [58ms]
2026-01-06 11:48:32.305 [info] > git for-each-ref --format=%(refname)%00%(upstream:short)%00%(objectname)%00%(upstream:track)%00%(upstream:remotename)%00%(upstream:remoteref) refs/heads/main refs/remotes/main [209ms]
2026-01-06 11:48:32.590 [info] > git status -z -uall [16ms]
2026-01-06 11:48:32.620 [info] > git for-each-ref --sort -committerdate --format %(refname)%00%(objectname)%00%(*objectname) [37ms]
2026-01-06 11:48:32.642 [info] > git for-each-ref --format=%(refname)%00%(upstream:short)%00%(objectname)%00%(upstream:track)%00%(upstream:remotename)%00%(upstream:remoteref) refs/heads/main refs/remotes/main [9ms]
2026-01-06 11:48:32.653 [info] > git config --get --local branch.main.vscode-merge-base [4ms]
2026-01-06 11:48:32.659 [info] > git config --get commit.template [18ms]
2026-01-06 11:48:32.664 [info] > git for-each-ref --format=%(refname)%00%(upstream:short)%00%(objectname)%00%(upstream:track)%00%(upstream:remotename)%00%(upstream:remoteref) refs/heads/origin/main refs/remotes/origin/main [6ms]
2026-01-06 11:48:32.679 [info] > git merge-base refs/heads/main refs/remotes/origin/main [9ms]
2026-01-06 11:48:32.686 [info] > git for-each-ref --format=%(refname)%00%(upstream:short)%00%(objectname)%00%(upstream:track)%00%(upstream:remotename)%00%(upstream:remoteref) refs/heads/main refs/remotes/main [9ms]
2026-01-06 11:48:32.687 [info] > git diff --name-status -z --diff-filter=ADMR --find-renames=50% 4ddd5f0947c8982035bec3e938367c27491ed56c...refs/remotes/origin/main -- [2ms]
2026-01-06 11:48:32.709 [info] > git rev-parse --show-toplevel [16ms]
2026-01-06 11:48:32.724 [info] > git status -z -uall [22ms]
2026-01-06 11:48:32.724 [info] > git for-each-ref --sort -committerdate --format %(refname)%00%(objectname)%00%(*objectname) [15ms]
2026-01-06 11:48:32.745 [info] > git rev-parse --show-toplevel [22ms]
2026-01-06 11:48:32.751 [info] > git rev-parse --show-toplevel [1ms]
2026-01-06 11:48:32.758 [info] > git rev-parse --show-toplevel [2ms]
2026-01-06 11:48:32.764 [info] > git rev-parse --show-toplevel [1ms]
2026-01-06 11:48:32.769 [info] > git rev-parse --show-toplevel [1ms]
2026-01-06 11:48:32.779 [info] > git rev-parse --show-toplevel [4ms]
2026-01-06 11:48:32.786 [info] > git rev-parse --show-toplevel [2ms]
2026-01-06 11:48:32.792 [info] > git rev-parse --show-toplevel [1ms]
2026-01-06 11:48:32.799 [info] > git rev-parse --show-toplevel [1ms]
2026-01-06 11:48:32.815 [info] > git rev-parse --show-toplevel [10ms]
2026-01-06 11:48:32.833 [info] > git rev-parse --show-toplevel [5ms]
2026-01-06 11:48:33.227 [info] > git rev-parse --show-toplevel [213ms]
2026-01-06 11:48:33.227 [info] > git log --format=%H%n%aN%n%aE%n%at%n%ct%n%P%n%D%n%B -z --shortstat --diff-merges=first-parent -n50 --skip=0 --topo-order --decorate=full --stdin [484ms]
2026-01-06 11:48:33.579 [info] > git check-ignore -v -z --stdin [371ms]
2026-01-06 11:48:33.605 [info] > git rev-parse --show-toplevel [322ms]
2026-01-06 11:48:33.878 [info] > git check-ignore -v -z --stdin [56ms]
2026-01-06 11:48:33.884 [info] > git rev-parse --show-toplevel [144ms]
2026-01-06 11:48:33.948 [info] > git rev-parse --show-toplevel [38ms]
2026-01-06 11:48:33.972 [info] > git rev-parse --show-toplevel [10ms]
2026-01-06 11:48:33.982 [info] > git rev-parse --show-toplevel [3ms]
2026-01-06 11:48:33.990 [info] > git rev-parse --show-toplevel [2ms]
2026-01-06 11:48:33.998 [info] > git rev-parse --show-toplevel [2ms]
2026-01-06 11:48:34.012 [info] > git rev-parse --show-toplevel [8ms]
2026-01-06 11:48:34.097 [info] > git rev-parse --show-toplevel [79ms]
2026-01-06 11:48:34.121 [info] > git rev-parse --show-toplevel [4ms]
2026-01-06 11:48:34.154 [info] > git rev-parse --show-toplevel [14ms]
2026-01-06 11:48:34.161 [info] > git rev-parse --show-toplevel [1ms]
2026-01-06 11:48:34.163 [info] [Model][doInitialScan] Initial repository scan completed - repositories (1), closed repositories (0), parent repositories (0), unsafe repositories (0)
2026-01-06 11:48:34.212 [info] > git show --textconv HEAD:routes/web/administrators.php [43ms]
2026-01-06 11:48:34.212 [info] > git ls-tree -l HEAD -- routes/web/administrators.php [37ms]
2026-01-06 11:48:34.214 [info] > git config --get commit.template [5ms]
2026-01-06 11:48:34.232 [info] > git for-each-ref --format=%(refname)%00%(upstream:short)%00%(objectname)%00%(upstream:track)%00%(upstream:remotename)%00%(upstream:remoteref) refs/heads/main refs/remotes/main [12ms]
2026-01-06 11:48:34.245 [info] > git ls-tree -l HEAD -- routes/web/administrators.php [6ms]
2026-01-06 11:48:34.261 [info] > git for-each-ref --sort -committerdate --format %(refname)%00%(objectname)%00%(*objectname) [4ms]
2026-01-06 11:48:34.263 [info] > git status -z -uall [12ms]
2026-01-06 11:48:34.476 [info] > git blame --root --incremental 4ddd5f0947c8982035bec3e938367c27491ed56c -- routes/web/administrators.php [23ms]
2026-01-06 11:48:35.041 [info] > git merge-base main origin/main [1ms]
2026-01-06 11:48:35.972 [info] > git diff -- app/Http/Controllers/AdministratorClassManagementController.php [4ms]
2026-01-06 11:48:35.980 [info] > git diff -- app/Http/Controllers/ProfileController.php [3ms]
2026-01-06 11:48:35.987 [info] > git diff -- database/migrations/2026_01_06_104651_add_profile_fields_to_users_table.php [2ms]
2026-01-06 11:48:35.996 [info] > git diff -- resources/js/pages/administrators/classes/show.tsx [3ms]
2026-01-06 11:48:36.005 [info] > git diff -- resources/js/pages/profile.tsx [4ms]
2026-01-06 11:48:36.012 [info] > git diff -- routes/web/administrators.php [2ms]
2026-01-06 11:48:36.019 [info] > git diff -- tests/Feature/FacultyProfileUpdateTest.php [3ms]
2026-01-06 11:48:36.026 [info] > git log --format=%H%n%aN%n%aE%n%at%n%ct%n%P%n%D%n%B -z -n5 [2ms]
2026-01-06 11:48:36.033 [info] > git config --get --local user.name [1ms]
2026-01-06 11:48:36.033 [warning] [Git][config] git config failed: Failed to execute git
2026-01-06 11:48:36.041 [info] > git log --format=%H%n%aN%n%aE%n%at%n%ct%n%P%n%D%n%B -z -n5 [2ms]
2026-01-06 11:48:40.040 [info] > git add -A -- . [13ms]
2026-01-06 11:48:40.113 [info] > git -c user.useConfigOnly=true commit --quiet --allow-empty-message --file - [67ms]
2026-01-06 11:48:40.120 [info] > git config --get commit.template [1ms]
2026-01-06 11:48:40.127 [info] > git config --get commit.template [1ms]
2026-01-06 11:48:40.136 [info] > git for-each-ref --format=%(refname)%00%(upstream:short)%00%(objectname)%00%(upstream:track)%00%(upstream:remotename)%00%(upstream:remoteref) refs/heads/main refs/remotes/main [2ms]
2026-01-06 11:48:40.154 [info] > git status -z -uall [10ms]
2026-01-06 11:48:40.156 [info] > git for-each-ref --sort -committerdate --format %(refname)%00%(objectname)%00%(*objectname) [3ms]
2026-01-06 11:48:40.189 [info] > git merge-base refs/heads/main refs/remotes/origin/main [10ms]
2026-01-06 11:48:40.195 [info] > git blame --root --incremental f095b4127515b73c351727ae6773d81bc8d5f8d6 -- routes/web/administrators.php [26ms]
2026-01-06 11:48:40.198 [info] > git diff --name-status -z --diff-filter=ADMR --find-renames=50% 4ddd5f0947c8982035bec3e938367c27491ed56c...refs/remotes/origin/main -- [3ms]
2026-01-06 11:48:40.198 [info] > git show -s --decorate=full --shortstat --format=%H%n%aN%n%aE%n%at%n%ct%n%P%n%D%n%B -z f095b4127515b73c351727ae6773d81bc8d5f8d6 -- [11ms]
2026-01-06 11:48:40.222 [info] > git config --get commit.template [7ms]
2026-01-06 11:48:40.223 [info] > git for-each-ref --format=%(refname)%00%(upstream:short)%00%(objectname)%00%(upstream:track)%00%(upstream:remotename)%00%(upstream:remoteref) refs/heads/main refs/remotes/main [2ms]
2026-01-06 11:48:40.235 [info] > git status -z -uall [7ms]
2026-01-06 11:48:40.237 [info] > git for-each-ref --sort -committerdate --format %(refname)%00%(objectname)%00%(*objectname) [2ms]
2026-01-06 11:48:40.301 [info] > git log --format=%H%n%aN%n%aE%n%at%n%ct%n%P%n%D%n%B -z --shortstat --diff-merges=first-parent -n50 --skip=0 --topo-order --decorate=full --stdin [95ms]
2026-01-06 11:48:40.329 [info] > git merge-base main origin/main [1ms]
2026-01-06 11:48:41.223 [info] > git ls-tree -l HEAD -- routes/web/administrators.php [1ms]
2026-01-06 11:48:41.231 [info] > git show --textconv HEAD:routes/web/administrators.php [1ms]
2026-01-06 11:48:42.225 [info] > git config --get commit.template [1ms]
2026-01-06 11:48:42.232 [info] > git for-each-ref --format=%(refname)%00%(upstream:short)%00%(objectname)%00%(upstream:track)%00%(upstream:remotename)%00%(upstream:remoteref) refs/heads/main refs/remotes/main [2ms]
2026-01-06 11:48:42.246 [info] > git for-each-ref --sort -committerdate --format %(refname)%00%(objectname)%00%(*objectname) [2ms]
2026-01-06 11:48:42.246 [info] > git status -z -uall [8ms]
2026-01-06 11:48:46.553 [info] > git ls-tree -l HEAD -- routes/web/administrators.php [2ms]
2026-01-06 11:48:46.561 [info] > git show --textconv HEAD:routes/web/administrators.php [2ms]
2026-01-06 11:48:47.260 [info] > git config --get commit.template [6ms]
2026-01-06 11:48:47.261 [info] > git for-each-ref --format=%(refname)%00%(upstream:short)%00%(objectname)%00%(upstream:track)%00%(upstream:remotename)%00%(upstream:remoteref) refs/heads/main refs/remotes/main [1ms]
2026-01-06 11:48:47.275 [info] > git status -z -uall [8ms]
2026-01-06 11:48:47.276 [info] > git for-each-ref --sort -committerdate --format %(refname)%00%(objectname)%00%(*objectname) [3ms]
2026-01-06 11:48:47.294 [info] > git merge-base refs/heads/main refs/remotes/origin/main [7ms]
2026-01-06 11:48:47.303 [info] > git diff --name-status -z --diff-filter=ADMR --find-renames=50% 4ddd5f0947c8982035bec3e938367c27491ed56c...refs/remotes/origin/main -- [2ms]
2026-01-06 11:48:47.381 [info] > git log --format=%H%n%aN%n%aE%n%at%n%ct%n%P%n%D%n%B -z --shortstat --diff-merges=first-parent -n50 --skip=0 --topo-order --decorate=full --stdin [88ms]
2026-01-06 11:48:47.407 [info] > git merge-base main origin/main [1ms]
2026-01-06 11:48:48.353 [info] > git ls-tree -l HEAD -- routes/web/administrators.php [1ms]
2026-01-06 11:48:48.362 [info] > git show --textconv HEAD:routes/web/administrators.php [2ms]
2026-01-06 11:48:50.190 [info] > git ls-tree -l HEAD -- routes/web/administrators.php [1ms]
2026-01-06 11:48:50.199 [info] > git show --textconv HEAD:routes/web/administrators.php [2ms]
2026-01-06 11:48:51.587 [info] > git ls-tree -l HEAD -- routes/web/administrators.php [2ms]
2026-01-06 11:48:52.299 [info] > git config --get commit.template [6ms]
2026-01-06 11:48:52.300 [info] > git for-each-ref --format=%(refname)%00%(upstream:short)%00%(objectname)%00%(upstream:track)%00%(upstream:remotename)%00%(upstream:remoteref) refs/heads/main refs/remotes/main [1ms]
2026-01-06 11:48:52.313 [info] > git status -z -uall [7ms]
2026-01-06 11:48:52.314 [info] > git for-each-ref --sort -committerdate --format %(refname)%00%(objectname)%00%(*objectname) [3ms]
2026-01-06 11:48:52.328 [info] > git blame --root --incremental 0ba5b7d395d67690d5f98473d4f3068b63c2080b -- routes/web/administrators.php [7ms]
2026-01-06 11:48:52.336 [info] > git merge-base refs/heads/main refs/remotes/origin/main [9ms]
2026-01-06 11:48:52.343 [info] > git diff --name-status -z --diff-filter=ADMR --find-renames=50% a369ffbc9adceaf71e525c0f8eb9c7733403777e...refs/remotes/origin/main -- [1ms]
2026-01-06 11:48:52.425 [info] > git log --format=%H%n%aN%n%aE%n%at%n%ct%n%P%n%D%n%B -z --shortstat --diff-merges=first-parent -n50 --skip=0 --topo-order --decorate=full --stdin [89ms]
2026-01-06 11:48:52.446 [info] > git merge-base main origin/main [1ms]
2026-01-06 11:48:55.489 [info] > git log --oneline --cherry main...main@{upstream} -- [9ms]
2026-01-06 11:48:55.499 [info] > git ls-tree -l HEAD -- routes/web/administrators.php [9ms]
2026-01-06 11:48:56.625 [info] > git pull --tags origin main [1130ms]
2026-01-06 11:48:56.625 [info] /.codespaces/bin/gitcredential_github.sh get: line 1: /.codespaces/bin/gitcredential_github.sh: No such file or directory
/.codespaces/bin/gitcredential_github.sh store: line 1: /.codespaces/bin/gitcredential_github.sh: No such file or directory
From https://github.com/dccp-developers/DccpAdminV3
 * branch            main       -> FETCH_HEAD
2026-01-06 11:48:56.693 [info] > git ls-tree -l HEAD -- routes/web/administrators.php [1ms]
2026-01-06 11:48:56.702 [info] > git show --textconv HEAD:routes/web/administrators.php [2ms]
2026-01-06 11:48:57.809 [info] > git ls-tree -l HEAD -- routes/web/administrators.php [1ms]
2026-01-06 11:48:57.816 [info] > git show --textconv HEAD:routes/web/administrators.php [1ms]
2026-01-06 11:48:59.749 [info] > git push origin main:main [3119ms]
2026-01-06 11:48:59.749 [info] /.codespaces/bin/gitcredential_github.sh get: line 1: /.codespaces/bin/gitcredential_github.sh: No such file or directory
/.codespaces/bin/gitcredential_github.sh store: line 1: /.codespaces/bin/gitcredential_github.sh: No such file or directory
/.codespaces/bin/gitcredential_github.sh get: line 1: /.codespaces/bin/gitcredential_github.sh: No such file or directory
/.codespaces/bin/gitcredential_github.sh store: line 1: /.codespaces/bin/gitcredential_github.sh: No such file or directory
remote: 
remote: GitHub found 9 vulnerabilities on dccp-developers/DccpAdminV3's default branch (2 high, 1 moderate, 6 low). To find out more, visit:        
remote:      https://github.com/dccp-developers/DccpAdminV3/security/dependabot        
remote: 
To https://github.com/dccp-developers/DccpAdminV3.git
   a369ffb..0ba5b7d  main -> main
2026-01-06 11:48:59.763 [info] > git config --get commit.template [7ms]
2026-01-06 11:48:59.763 [info] > git for-each-ref --format=%(refname)%00%(upstream:short)%00%(objectname)%00%(upstream:track)%00%(upstream:remotename)%00%(upstream:remoteref) refs/heads/main refs/remotes/main [1ms]
2026-01-06 11:48:59.777 [info] > git for-each-ref --sort -committerdate --format %(refname)%00%(objectname)%00%(*objectname) [2ms]
2026-01-06 11:48:59.780 [info] > git status -z -uall [11ms]
2026-01-06 11:48:59.791 [info] > git merge-base refs/heads/main refs/remotes/origin/main [2ms]
2026-01-06 11:48:59.802 [info] > git diff --name-status -z --diff-filter=ADMR --find-renames=50% 0ba5b7d395d67690d5f98473d4f3068b63c2080b...refs/remotes/origin/main -- [5ms]
2026-01-06 11:48:59.886 [info] > git log --format=%H%n%aN%n%aE%n%at%n%ct%n%P%n%D%n%B -z --shortstat --diff-merges=first-parent -n50 --skip=0 --topo-order --decorate=full --stdin [84ms]
2026-01-06 11:48:59.910 [info] > git merge-base main origin/main [2ms]
2026-01-06 11:49:00.836 [info] > git config --get commit.template [6ms]
2026-01-06 11:49:00.837 [info] > git for-each-ref --format=%(refname)%00%(upstream:short)%00%(objectname)%00%(upstream:track)%00%(upstream:remotename)%00%(upstream:remoteref) refs/heads/main refs/remotes/main [1ms]
2026-01-06 11:49:00.849 [info] > git status -z -uall [8ms]
2026-01-06 11:49:00.851 [info] > git for-each-ref --sort -committerdate --format %(refname)%00%(objectname)%00%(*objectname) [2ms]
2026-01-06 11:49:00.939 [info] > git ls-tree -l HEAD -- routes/web/administrators.php [1ms]
2026-01-06 11:49:00.948 [info] > git show --textconv HEAD:routes/web/administrators.php [2ms]
2026-01-06 11:49:05.731 [info] > git fetch [1059ms]
2026-01-06 11:49:05.731 [info] /.codespaces/bin/gitcredential_github.sh get: line 1: /.codespaces/bin/gitcredential_github.sh: No such file or directory
/.codespaces/bin/gitcredential_github.sh store: line 1: /.codespaces/bin/gitcredential_github.sh: No such file or directory
2026-01-06 11:49:05.742 [info] > git config --get commit.template [5ms]
2026-01-06 11:49:05.742 [info] > git for-each-ref --format=%(refname)%00%(upstream:short)%00%(objectname)%00%(upstream:track)%00%(upstream:remotename)%00%(upstream:remoteref) refs/heads/main refs/remotes/main [1ms]
2026-01-06 11:49:05.754 [info] > git status -z -uall [7ms]
2026-01-06 11:49:05.754 [info] > git for-each-ref --sort -committerdate --format %(refname)%00%(objectname)%00%(*objectname) [2ms]
