2026-01-07 09:24:37.683 [info] [main] Log level: Info
2026-01-07 09:24:37.683 [info] [main] Validating found git in: "git"
2026-01-07 09:24:37.683 [info] [main] Using git "2.52.0" from "git"
2026-01-07 09:24:37.683 [info] [Model][doInitialScan] Initial repository scan started
2026-01-07 09:24:37.683 [info] > git rev-parse --show-toplevel [51ms]
2026-01-07 09:24:37.683 [info] > git rev-parse --git-dir --git-common-dir --show-superproject-working-tree [205ms]
2026-01-07 09:24:37.683 [info] [Model][openRepository] Opened repository (path): /home/admin/Documents/GitHub/DccpAdminV3
2026-01-07 09:24:37.683 [info] [Model][openRepository] Opened repository (real path): /home/admin/Documents/GitHub/DccpAdminV3
2026-01-07 09:24:37.683 [info] [Model][openRepository] Opened repository (kind): repository
2026-01-07 09:24:38.019 [info] > git config --get commit.template [477ms]
2026-01-07 09:24:38.258 [info] > git check-ignore -v -z --stdin [167ms]
2026-01-07 09:24:38.409 [info] > git for-each-ref --format=%(refname)%00%(upstream:short)%00%(objectname)%00%(upstream:track)%00%(upstream:remotename)%00%(upstream:remoteref) refs/heads/main refs/remotes/main [160ms]
2026-01-07 09:24:38.485 [info] > git status -z -uall [20ms]
2026-01-07 09:24:38.545 [info] > git for-each-ref --sort -committerdate --format %(refname)%00%(objectname)%00%(*objectname) [70ms]
2026-01-07 09:24:38.590 [info] > git for-each-ref --format=%(refname)%00%(upstream:short)%00%(objectname)%00%(upstream:track)%00%(upstream:remotename)%00%(upstream:remoteref) refs/heads/main refs/remotes/main [19ms]
2026-01-07 09:24:38.609 [info] > git config --get --local branch.main.vscode-merge-base [10ms]
2026-01-07 09:24:38.618 [info] > git config --get commit.template [29ms]
2026-01-07 09:24:38.851 [info] > git for-each-ref --format=%(refname)%00%(upstream:short)%00%(objectname)%00%(upstream:track)%00%(upstream:remotename)%00%(upstream:remoteref) refs/heads/origin/main refs/remotes/origin/main [234ms]
2026-01-07 09:24:38.959 [info] > git check-ignore -v -z --stdin [86ms]
2026-01-07 09:24:38.960 [info] > git merge-base refs/heads/main refs/remotes/origin/main [100ms]
2026-01-07 09:24:39.004 [info] > git diff --name-status -z --diff-filter=ADMR --find-renames=50% 197b3dd430817b6e637feef9c967c7fcfa272ae1...refs/remotes/origin/main -- [34ms]
2026-01-07 09:24:39.005 [info] > git for-each-ref --format=%(refname)%00%(upstream:short)%00%(objectname)%00%(upstream:track)%00%(upstream:remotename)%00%(upstream:remoteref) refs/heads/main refs/remotes/main [49ms]
2026-01-07 09:24:39.135 [info] > git rev-parse --show-toplevel [27ms]
2026-01-07 09:24:39.144 [info] > git for-each-ref --sort -committerdate --format %(refname)%00%(objectname)%00%(*objectname) [10ms]
2026-01-07 09:24:39.146 [info] > git status -z -uall [20ms]
2026-01-07 09:24:39.147 [info] > git fetch [1646ms]
2026-01-07 09:24:39.153 [info] > git rev-parse --show-toplevel [10ms]
2026-01-07 09:24:39.173 [info] > git rev-parse --show-toplevel [3ms]
2026-01-07 09:24:39.173 [info] > git config --get commit.template [11ms]
2026-01-07 09:24:39.200 [info] > git rev-parse --show-toplevel [11ms]
2026-01-07 09:24:39.208 [info] > git for-each-ref --format=%(refname)%00%(upstream:short)%00%(objectname)%00%(upstream:track)%00%(upstream:remotename)%00%(upstream:remoteref) refs/heads/main refs/remotes/main [10ms]
2026-01-07 09:24:39.234 [info] > git status -z -uall [15ms]
2026-01-07 09:24:39.237 [info] > git rev-parse --show-toplevel [30ms]
2026-01-07 09:24:39.246 [info] > git for-each-ref --sort -committerdate --format %(refname)%00%(objectname)%00%(*objectname) [19ms]
2026-01-07 09:24:39.253 [info] > git rev-parse --show-toplevel [8ms]
2026-01-07 09:24:39.263 [info] > git rev-parse --show-toplevel [1ms]
2026-01-07 09:24:39.272 [info] > git rev-parse --show-toplevel [2ms]
2026-01-07 09:24:39.283 [info] > git rev-parse --show-toplevel [3ms]
2026-01-07 09:24:39.293 [info] > git rev-parse --show-toplevel [2ms]
2026-01-07 09:24:39.302 [info] > git rev-parse --show-toplevel [2ms]
2026-01-07 09:24:39.309 [info] > git rev-parse --show-toplevel [1ms]
2026-01-07 09:24:39.328 [info] > git rev-parse --show-toplevel [12ms]
2026-01-07 09:24:39.339 [info] > git rev-parse --show-toplevel [4ms]
2026-01-07 09:24:39.351 [info] > git rev-parse --show-toplevel [5ms]
2026-01-07 09:24:39.380 [info] > git rev-parse --show-toplevel [21ms]
2026-01-07 09:24:39.393 [info] > git rev-parse --show-toplevel [4ms]
2026-01-07 09:24:39.402 [info] > git rev-parse --show-toplevel [2ms]
2026-01-07 09:24:39.411 [info] > git rev-parse --show-toplevel [1ms]
2026-01-07 09:24:39.419 [info] > git rev-parse --show-toplevel [2ms]
2026-01-07 09:24:39.426 [info] > git rev-parse --show-toplevel [2ms]
2026-01-07 09:24:39.434 [info] > git rev-parse --show-toplevel [1ms]
2026-01-07 09:24:39.444 [info] > git rev-parse --show-toplevel [3ms]
2026-01-07 09:24:39.454 [info] > git rev-parse --show-toplevel [3ms]
2026-01-07 09:24:39.462 [info] > git rev-parse --show-toplevel [1ms]
2026-01-07 09:24:39.468 [info] [Model][doInitialScan] Initial repository scan completed - repositories (1), closed repositories (0), parent repositories (0), unsafe repositories (0)
2026-01-07 09:24:39.489 [info] > git show --textconv HEAD:routes/web/administrators.php [12ms]
2026-01-07 09:24:39.489 [info] > git ls-tree -l HEAD -- routes/web/administrators.php [4ms]
2026-01-07 09:24:39.817 [info] > git ls-tree -l HEAD -- routes/web/administrators.php [16ms]
2026-01-07 09:24:40.465 [info] > git check-ignore -v -z --stdin [41ms]
2026-01-07 09:24:40.493 [info] > git show --textconv :app/Providers/Filament/AdminPanelProvider.php [19ms]
2026-01-07 09:24:40.493 [info] > git ls-files --stage -- app/Providers/Filament/AdminPanelProvider.php [10ms]
2026-01-07 09:24:40.509 [info] > git cat-file -s b5255936c0160695be5b5bbbee4dcc83573cd0a5 [8ms]
2026-01-07 09:24:40.796 [info] > git config --get commit.template [32ms]
2026-01-07 09:24:40.819 [info] > git for-each-ref --format=%(refname)%00%(upstream:short)%00%(objectname)%00%(upstream:track)%00%(upstream:remotename)%00%(upstream:remoteref) refs/heads/main refs/remotes/main [3ms]
2026-01-07 09:24:40.866 [info] > git status -z -uall [22ms]
2026-01-07 09:24:40.868 [info] > git for-each-ref --sort -committerdate --format %(refname)%00%(objectname)%00%(*objectname) [16ms]
2026-01-07 09:24:40.953 [info] > git check-ignore -v -z --stdin [5ms]
2026-01-07 09:24:51.888 [info] > git blame --root --incremental 197b3dd430817b6e637feef9c967c7fcfa272ae1 -- app/Providers/Filament/AdminPanelProvider.php [66ms]
2026-01-07 09:28:01.244 [info] > git ls-tree -l HEAD -- routes/web/administrators.php [13ms]
2026-01-07 09:28:01.246 [info] > git ls-files --stage -- app/Providers/Filament/AdminPanelProvider.php [3ms]
2026-01-07 09:28:01.257 [info] > git cat-file -s b5255936c0160695be5b5bbbee4dcc83573cd0a5 [2ms]
2026-01-07 09:28:01.286 [info] > git show --textconv HEAD:routes/web/administrators.php [9ms]
2026-01-07 09:28:01.288 [info] > git show --textconv :app/Providers/Filament/AdminPanelProvider.php [3ms]
2026-01-07 09:28:01.716 [info] > git fetch [1705ms]
2026-01-07 09:28:01.742 [info] > git config --get commit.template [13ms]
2026-01-07 09:28:01.744 [info] > git for-each-ref --format=%(refname)%00%(upstream:short)%00%(objectname)%00%(upstream:track)%00%(upstream:remotename)%00%(upstream:remoteref) refs/heads/main refs/remotes/main [3ms]
2026-01-07 09:28:01.776 [info] > git for-each-ref --sort -committerdate --format %(refname)%00%(objectname)%00%(*objectname) [7ms]
2026-01-07 09:28:01.778 [info] > git status -z -uall [22ms]
2026-01-07 09:28:03.075 [info] > git ls-tree -l HEAD -- routes/web/administrators.php [15ms]
2026-01-07 09:28:03.076 [info] > git config --get commit.template [38ms]
2026-01-07 09:28:03.089 [info] > git ls-files --stage -- app/Providers/Filament/AdminPanelProvider.php [16ms]
2026-01-07 09:28:03.107 [info] > git cat-file -s b5255936c0160695be5b5bbbee4dcc83573cd0a5 [11ms]
2026-01-07 09:28:03.107 [info] > git for-each-ref --format=%(refname)%00%(upstream:short)%00%(objectname)%00%(upstream:track)%00%(upstream:remotename)%00%(upstream:remoteref) refs/heads/main refs/remotes/main [19ms]
2026-01-07 09:28:03.109 [info] > git show --textconv HEAD:routes/web/administrators.php [3ms]
2026-01-07 09:28:03.143 [info] > git status -z -uall [23ms]
2026-01-07 09:28:03.144 [info] > git for-each-ref --sort -committerdate --format %(refname)%00%(objectname)%00%(*objectname) [14ms]
2026-01-07 09:28:03.149 [info] > git show --textconv :app/Providers/Filament/AdminPanelProvider.php [8ms]
2026-01-07 10:06:57.658 [info] > git ls-tree -l HEAD -- routes/web/administrators.php [11ms]
2026-01-07 10:06:57.660 [info] > git config --get commit.template [39ms]
2026-01-07 10:06:57.677 [info] > git ls-files --stage -- app/Providers/Filament/AdminPanelProvider.php [21ms]
2026-01-07 10:06:57.707 [info] > git show --textconv HEAD:routes/web/administrators.php [11ms]
2026-01-07 10:06:57.707 [info] > git cat-file -s b5255936c0160695be5b5bbbee4dcc83573cd0a5 [20ms]
2026-01-07 10:06:57.711 [info] > git for-each-ref --format=%(refname)%00%(upstream:short)%00%(objectname)%00%(upstream:track)%00%(upstream:remotename)%00%(upstream:remoteref) refs/heads/main refs/remotes/main [5ms]
2026-01-07 10:06:57.739 [info] > git show --textconv :app/Providers/Filament/AdminPanelProvider.php [18ms]
2026-01-07 10:06:57.769 [info] > git status -z -uall [19ms]
2026-01-07 10:06:57.772 [info] > git for-each-ref --sort -committerdate --format %(refname)%00%(objectname)%00%(*objectname) [8ms]
2026-01-07 10:06:57.831 [info] > git merge-base refs/heads/main refs/remotes/origin/main [10ms]
2026-01-07 10:06:57.851 [info] > git diff --name-status -z --diff-filter=ADMR --find-renames=50% 09d42d2b1c11dd86473737fc9941cd7219703197...refs/remotes/origin/main -- [5ms]
2026-01-07 10:06:57.874 [info] > git blame --root --incremental 09d42d2b1c11dd86473737fc9941cd7219703197 -- app/Providers/Filament/AdminPanelProvider.php [70ms]
2026-01-07 10:06:59.774 [info] > git fetch [2165ms]
2026-01-07 10:06:59.795 [info] > git config --get commit.template [11ms]
2026-01-07 10:06:59.797 [info] > git for-each-ref --format=%(refname)%00%(upstream:short)%00%(objectname)%00%(upstream:track)%00%(upstream:remotename)%00%(upstream:remoteref) refs/heads/main refs/remotes/main [3ms]
2026-01-07 10:06:59.818 [info] > git status -z -uall [13ms]
2026-01-07 10:06:59.819 [info] > git for-each-ref --sort -committerdate --format %(refname)%00%(objectname)%00%(*objectname) [5ms]
2026-01-07 10:07:53.383 [info] > git ls-tree -l HEAD -- routes/web/administrators.php [14ms]
2026-01-07 10:07:53.384 [info] > git config --get commit.template [42ms]
2026-01-07 10:07:53.400 [info] > git ls-files --stage -- app/Providers/Filament/AdminPanelProvider.php [21ms]
2026-01-07 10:07:53.424 [info] > git cat-file -s b5255936c0160695be5b5bbbee4dcc83573cd0a5 [13ms]
2026-01-07 10:07:53.426 [info] > git for-each-ref --format=%(refname)%00%(upstream:short)%00%(objectname)%00%(upstream:track)%00%(upstream:remotename)%00%(upstream:remoteref) refs/heads/main refs/remotes/main [27ms]
2026-01-07 10:07:53.428 [info] > git show --textconv HEAD:routes/web/administrators.php [4ms]
2026-01-07 10:07:53.463 [info] > git status -z -uall [23ms]
2026-01-07 10:07:53.464 [info] > git for-each-ref --sort -committerdate --format %(refname)%00%(objectname)%00%(*objectname) [15ms]
2026-01-07 10:07:53.472 [info] > git show --textconv :app/Providers/Filament/AdminPanelProvider.php [10ms]
2026-01-07 10:54:56.145 [info] > git ls-tree -l HEAD -- routes/web/administrators.php [12ms]
2026-01-07 10:54:56.149 [info] > git config --get commit.template [35ms]
2026-01-07 10:54:56.169 [info] > git ls-files --stage -- app/Providers/Filament/AdminPanelProvider.php [26ms]
2026-01-07 10:54:56.210 [info] > git show --textconv HEAD:routes/web/administrators.php [15ms]
2026-01-07 10:54:56.210 [info] > git cat-file -s b5255936c0160695be5b5bbbee4dcc83573cd0a5 [30ms]
2026-01-07 10:54:56.215 [info] > git for-each-ref --format=%(refname)%00%(upstream:short)%00%(objectname)%00%(upstream:track)%00%(upstream:remotename)%00%(upstream:remoteref) refs/heads/main refs/remotes/main [8ms]
2026-01-07 10:54:56.258 [info] > git show --textconv :app/Providers/Filament/AdminPanelProvider.php [24ms]
2026-01-07 10:54:56.263 [info] > git status -z -uall [19ms]
2026-01-07 10:54:56.271 [info] > git for-each-ref --sort -committerdate --format %(refname)%00%(objectname)%00%(*objectname) [14ms]
2026-01-07 10:54:56.319 [info] > git merge-base refs/heads/main refs/remotes/origin/main [6ms]
2026-01-07 10:54:56.338 [info] > git diff --name-status -z --diff-filter=ADMR --find-renames=50% 09d42d2b1c11dd86473737fc9941cd7219703197...refs/remotes/origin/main -- [5ms]
2026-01-07 10:54:56.361 [info] > git blame --root --incremental bb12f3b3a6f1e503b08599a45ad440df59f5f14e -- app/Providers/Filament/AdminPanelProvider.php [67ms]
2026-01-07 10:54:57.350 [info] > git ls-tree -l HEAD -- routes/web/administrators.php [12ms]
2026-01-07 10:54:57.362 [info] > git ls-files --stage -- app/Providers/Filament/AdminPanelProvider.php [13ms]
2026-01-07 10:54:57.374 [info] > git show --textconv HEAD:routes/web/administrators.php [12ms]
2026-01-07 10:54:57.377 [info] > git cat-file -s b5255936c0160695be5b5bbbee4dcc83573cd0a5 [4ms]
2026-01-07 10:54:57.395 [info] > git show --textconv :app/Providers/Filament/AdminPanelProvider.php [5ms]
2026-01-07 10:54:57.969 [info] > git fetch [1870ms]
2026-01-07 10:54:57.969 [info] From https://github.com/dccp-developers/DccpAdminV3
 + a816e2f...8ca82f3 main            -> origin/main  (forced update)
 * [new tag]         v1.49.0-dev.4.0 -> v1.49.0-dev.4.0
 * [new tag]         v1.49.0-dev.5.0 -> v1.49.0-dev.5.0
2026-01-07 10:54:57.989 [info] > git config --get commit.template [11ms]
2026-01-07 10:54:57.991 [info] > git for-each-ref --format=%(refname)%00%(upstream:short)%00%(objectname)%00%(upstream:track)%00%(upstream:remotename)%00%(upstream:remoteref) refs/heads/main refs/remotes/main [3ms]
2026-01-07 10:54:58.028 [info] > git status -z -uall [25ms]
2026-01-07 10:54:58.029 [info] > git for-each-ref --sort -committerdate --format %(refname)%00%(objectname)%00%(*objectname) [10ms]
2026-01-07 10:54:58.046 [info] > git merge-base refs/heads/main refs/remotes/origin/main [3ms]
2026-01-07 10:54:58.064 [info] > git diff --name-status -z --diff-filter=ADMR --find-renames=50% bb12f3b3a6f1e503b08599a45ad440df59f5f14e...refs/remotes/origin/main -- [4ms]
2026-01-07 10:54:59.202 [info] > git ls-tree -l HEAD -- routes/web/administrators.php [14ms]
2026-01-07 10:54:59.204 [info] > git ls-files --stage -- app/Providers/Filament/AdminPanelProvider.php [5ms]
2026-01-07 10:54:59.223 [info] > git cat-file -s b5255936c0160695be5b5bbbee4dcc83573cd0a5 [10ms]
2026-01-07 10:54:59.234 [info] > git show --textconv HEAD:routes/web/administrators.php [11ms]
2026-01-07 10:54:59.239 [info] > git show --textconv :app/Providers/Filament/AdminPanelProvider.php [5ms]
2026-01-07 10:54:59.536 [info] > git check-ignore -v -z --stdin [7ms]
2026-01-07 10:55:01.340 [info] > git config --get commit.template [11ms]
2026-01-07 10:55:01.343 [info] > git for-each-ref --format=%(refname)%00%(upstream:short)%00%(objectname)%00%(upstream:track)%00%(upstream:remotename)%00%(upstream:remoteref) refs/heads/main refs/remotes/main [4ms]
2026-01-07 10:55:01.369 [info] > git for-each-ref --sort -committerdate --format %(refname)%00%(objectname)%00%(*objectname) [6ms]
2026-01-07 10:55:01.371 [info] > git status -z -uall [18ms]
2026-01-07 10:55:14.679 [info] > git check-ignore -v -z --stdin [4ms]
2026-01-07 10:55:16.738 [info] > git check-ignore -v -z --stdin [4ms]
2026-01-07 10:55:18.962 [info] > git check-ignore -v -z --stdin [4ms]
2026-01-07 10:55:19.850 [info] > git check-ignore -v -z --stdin [4ms]
2026-01-07 10:55:20.603 [info] > git check-ignore -v -z --stdin [3ms]
2026-01-07 10:56:33.954 [info] > git show --textconv :resources/css/themes/nature.css [11ms]
2026-01-07 10:56:33.964 [info] > git ls-files --stage -- resources/css/themes/nature.css [11ms]
2026-01-07 10:56:33.976 [info] > git hash-object -t tree /dev/null [13ms]
2026-01-07 10:56:33.977 [warning] [GitFileSystemProvider][readFile] File not found - git:/home/admin/Documents/GitHub/DccpAdminV3/resources/css/themes/nature.css.git?%7B%22path%22%3A%22%2Fhome%2Fadmin%2FDocuments%2FGitHub%2FDccpAdminV3%2Fresources%2Fcss%2Fthemes%2Fnature.css%22%2C%22ref%22%3A%22%22%7D
2026-01-07 10:56:33.978 [info] > git hash-object -t tree /dev/null [5ms]
2026-01-07 10:56:33.978 [warning] [GitFileSystemProvider][stat] File not found - git:/home/admin/Documents/GitHub/DccpAdminV3/resources/css/themes/nature.css.git?%7B%22path%22%3A%22%2Fhome%2Fadmin%2FDocuments%2FGitHub%2FDccpAdminV3%2Fresources%2Fcss%2Fthemes%2Fnature.css%22%2C%22ref%22%3A%22%22%7D
2026-01-07 10:56:34.077 [info] > git check-ignore -v -z --stdin [4ms]
2026-01-07 10:56:34.601 [info] > git config --get commit.template [11ms]
2026-01-07 10:56:34.603 [info] > git for-each-ref --format=%(refname)%00%(upstream:short)%00%(objectname)%00%(upstream:track)%00%(upstream:remotename)%00%(upstream:remoteref) refs/heads/main refs/remotes/main [3ms]
2026-01-07 10:56:34.632 [info] > git for-each-ref --sort -committerdate --format %(refname)%00%(objectname)%00%(*objectname) [7ms]
2026-01-07 10:56:34.660 [info] > git status -z -uall [46ms]
2026-01-07 10:56:36.777 [info] > git show --textconv :resources/css/themes/amber-minimal.css [16ms]
2026-01-07 10:56:36.778 [info] > git ls-files --stage -- resources/css/themes/amber-minimal.css [4ms]
2026-01-07 10:56:36.809 [info] > git cat-file -s 17a954779bffd3c4cad642f36c1c6790de543c95 [19ms]
2026-01-07 10:56:39.694 [info] > git config --get commit.template [14ms]
2026-01-07 10:56:39.695 [info] > git for-each-ref --format=%(refname)%00%(upstream:short)%00%(objectname)%00%(upstream:track)%00%(upstream:remotename)%00%(upstream:remoteref) refs/heads/main refs/remotes/main [2ms]
2026-01-07 10:56:39.723 [info] > git for-each-ref --sort -committerdate --format %(refname)%00%(objectname)%00%(*objectname) [6ms]
2026-01-07 10:56:39.726 [info] > git status -z -uall [21ms]
2026-01-07 10:56:42.179 [info] > git show --textconv :resources/css/themes/amber-minimal.css [15ms]
2026-01-07 10:56:42.181 [info] > git ls-files --stage -- resources/css/themes/amber-minimal.css [3ms]
2026-01-07 10:56:42.195 [info] > git cat-file -s 17a954779bffd3c4cad642f36c1c6790de543c95 [3ms]
2026-01-07 10:56:44.469 [info] > git blame --root --incremental bb12f3b3a6f1e503b08599a45ad440df59f5f14e -- resources/css/themes/amber-minimal.css [31ms]
2026-01-07 10:56:49.406 [info] > git show --textconv :resources/css/themes/graphite.css [14ms]
2026-01-07 10:56:49.409 [info] > git ls-files --stage -- resources/css/themes/graphite.css [4ms]
2026-01-07 10:56:49.422 [info] > git cat-file -s ba74765c12f479e9175608fb3e8812afc31ca8f9 [3ms]
2026-01-07 10:56:53.797 [info] > git show --textconv :resources/css/themes/graphite.css [15ms]
2026-01-07 10:56:53.799 [info] > git ls-files --stage -- resources/css/themes/graphite.css [4ms]
2026-01-07 10:56:53.815 [info] > git cat-file -s ba74765c12f479e9175608fb3e8812afc31ca8f9 [3ms]
2026-01-07 10:57:08.804 [info] > git show --textconv :resources/css/themes/graphite.css [15ms]
2026-01-07 10:57:08.806 [info] > git ls-files --stage -- resources/css/themes/graphite.css [3ms]
2026-01-07 10:57:08.820 [info] > git cat-file -s ba74765c12f479e9175608fb3e8812afc31ca8f9 [2ms]
2026-01-07 10:57:12.867 [info] > git show --textconv :resources/css/themes/graphite.css [13ms]
2026-01-07 10:57:12.870 [info] > git ls-files --stage -- resources/css/themes/graphite.css [4ms]
2026-01-07 10:57:12.882 [info] > git cat-file -s ba74765c12f479e9175608fb3e8812afc31ca8f9 [2ms]
2026-01-07 10:57:32.739 [info] > git for-each-ref --format=%(refname)%00%(upstream:short)%00%(objectname)%00%(upstream:track)%00%(upstream:remotename)%00%(upstream:remoteref) refs/heads/main refs/remotes/main [3ms]
2026-01-07 10:57:32.739 [info] > git config --get commit.template [16ms]
2026-01-07 10:57:32.774 [info] > git for-each-ref --sort -committerdate --format %(refname)%00%(objectname)%00%(*objectname) [7ms]
2026-01-07 10:57:32.776 [info] > git status -z -uall [20ms]
2026-01-07 10:57:33.170 [info] > git show --textconv :resources/css/themes/graphite.css [15ms]
2026-01-07 10:57:33.172 [info] > git ls-files --stage -- resources/css/themes/graphite.css [4ms]
2026-01-07 10:57:33.186 [info] > git cat-file -s ba74765c12f479e9175608fb3e8812afc31ca8f9 [3ms]
2026-01-07 10:57:37.414 [info] > git show --textconv :resources/css/themes/graphite.css [13ms]
2026-01-07 10:57:37.417 [info] > git ls-files --stage -- resources/css/themes/graphite.css [4ms]
2026-01-07 10:57:37.432 [info] > git cat-file -s ba74765c12f479e9175608fb3e8812afc31ca8f9 [2ms]
2026-01-07 10:57:49.392 [info] > git config --get commit.template [13ms]
2026-01-07 10:57:49.395 [info] > git for-each-ref --format=%(refname)%00%(upstream:short)%00%(objectname)%00%(upstream:track)%00%(upstream:remotename)%00%(upstream:remoteref) refs/heads/main refs/remotes/main [4ms]
2026-01-07 10:57:49.426 [info] > git for-each-ref --sort -committerdate --format %(refname)%00%(objectname)%00%(*objectname) [8ms]
2026-01-07 10:57:49.427 [info] > git status -z -uall [19ms]
2026-01-07 10:57:54.456 [info] > git config --get commit.template [12ms]
2026-01-07 10:57:54.458 [info] > git for-each-ref --format=%(refname)%00%(upstream:short)%00%(objectname)%00%(upstream:track)%00%(upstream:remotename)%00%(upstream:remoteref) refs/heads/main refs/remotes/main [3ms]
2026-01-07 10:57:54.488 [info] > git for-each-ref --sort -committerdate --format %(refname)%00%(objectname)%00%(*objectname) [7ms]
2026-01-07 10:57:54.489 [info] > git status -z -uall [19ms]
2026-01-07 10:57:59.465 [info] > git fetch [1405ms]
2026-01-07 10:57:59.487 [info] > git config --get commit.template [12ms]
2026-01-07 10:57:59.489 [info] > git for-each-ref --format=%(refname)%00%(upstream:short)%00%(objectname)%00%(upstream:track)%00%(upstream:remotename)%00%(upstream:remoteref) refs/heads/main refs/remotes/main [3ms]
2026-01-07 10:57:59.516 [info] > git for-each-ref --sort -committerdate --format %(refname)%00%(objectname)%00%(*objectname) [6ms]
2026-01-07 10:57:59.518 [info] > git status -z -uall [19ms]
2026-01-07 10:58:00.555 [info] > git config --get commit.template [15ms]
2026-01-07 10:58:00.558 [info] > git for-each-ref --format=%(refname)%00%(upstream:short)%00%(objectname)%00%(upstream:track)%00%(upstream:remotename)%00%(upstream:remoteref) refs/heads/main refs/remotes/main [5ms]
2026-01-07 10:58:00.588 [info] > git status -z -uall [19ms]
2026-01-07 10:58:00.590 [info] > git for-each-ref --sort -committerdate --format %(refname)%00%(objectname)%00%(*objectname) [7ms]
2026-01-07 10:58:00.902 [info] > git check-ignore -v -z --stdin [17ms]
2026-01-07 10:58:00.969 [info] > git show --textconv :resources/js/hooks/use-theme.tsx [13ms]
2026-01-07 10:58:00.972 [info] > git ls-files --stage -- resources/js/hooks/use-theme.tsx [4ms]
2026-01-07 10:58:00.982 [info] > git cat-file -s bc563b1f17da242eccdd4059d3317ac47a07b6b6 [2ms]
2026-01-07 10:58:01.455 [info] > git check-ignore -v -z --stdin [6ms]
2026-01-07 10:58:05.622 [info] > git config --get commit.template [11ms]
2026-01-07 10:58:05.622 [info] > git for-each-ref --format=%(refname)%00%(upstream:short)%00%(objectname)%00%(upstream:track)%00%(upstream:remotename)%00%(upstream:remoteref) refs/heads/main refs/remotes/main [2ms]
2026-01-07 10:58:05.648 [info] > git status -z -uall [16ms]
2026-01-07 10:58:05.653 [info] > git for-each-ref --sort -committerdate --format %(refname)%00%(objectname)%00%(*objectname) [9ms]
2026-01-07 10:58:30.654 [info] > git check-ignore -v -z --stdin [4ms]
2026-01-07 10:58:31.319 [info] > git show --textconv :resources/js/Context/ThemeContext.tsx [13ms]
2026-01-07 10:58:31.321 [info] > git ls-files --stage -- resources/js/Context/ThemeContext.tsx [3ms]
2026-01-07 10:58:31.334 [info] > git cat-file -s 33586a4bffac526ff5b471a1742085b0bb3e2c57 [3ms]
2026-01-07 10:58:33.874 [info] > git check-ignore -v -z --stdin [2ms]
2026-01-07 10:58:34.753 [info] > git show --textconv :resources/js/conf/themes.ts [14ms]
2026-01-07 10:58:34.754 [info] > git ls-files --stage -- resources/js/conf/themes.ts [2ms]
2026-01-07 10:58:34.769 [info] > git cat-file -s 8ed0c3dcdfe61486d0b0e723c4e49ac556b1eb09 [3ms]
2026-01-07 10:58:53.722 [info] > git blame --root --incremental bb12f3b3a6f1e503b08599a45ad440df59f5f14e -- resources/js/conf/themes.ts [45ms]
2026-01-07 10:59:26.234 [info] > git config --get commit.template [16ms]
2026-01-07 10:59:26.237 [info] > git for-each-ref --format=%(refname)%00%(upstream:short)%00%(objectname)%00%(upstream:track)%00%(upstream:remotename)%00%(upstream:remoteref) refs/heads/main refs/remotes/main [4ms]
2026-01-07 10:59:26.272 [info] > git status -z -uall [20ms]
2026-01-07 10:59:26.273 [info] > git for-each-ref --sort -committerdate --format %(refname)%00%(objectname)%00%(*objectname) [8ms]
2026-01-07 10:59:31.134 [info] > git show --textconv :resources/js/hooks/use-theme.tsx [34ms]
2026-01-07 10:59:31.146 [info] > git ls-files --stage -- resources/js/hooks/use-theme.tsx [19ms]
2026-01-07 10:59:31.160 [info] > git cat-file -s bc563b1f17da242eccdd4059d3317ac47a07b6b6 [3ms]
2026-01-07 10:59:31.321 [info] > git config --get commit.template [18ms]
2026-01-07 10:59:31.323 [info] > git for-each-ref --format=%(refname)%00%(upstream:short)%00%(objectname)%00%(upstream:track)%00%(upstream:remotename)%00%(upstream:remoteref) refs/heads/main refs/remotes/main [8ms]
2026-01-07 10:59:31.351 [info] > git for-each-ref --sort -committerdate --format %(refname)%00%(objectname)%00%(*objectname) [5ms]
2026-01-07 10:59:31.356 [info] > git status -z -uall [21ms]
2026-01-07 10:59:34.404 [info] > git show --textconv :resources/js/conf/themes.ts [16ms]
2026-01-07 10:59:34.410 [info] > git ls-files --stage -- resources/js/conf/themes.ts [8ms]
2026-01-07 10:59:34.424 [info] > git cat-file -s 8ed0c3dcdfe61486d0b0e723c4e49ac556b1eb09 [3ms]
2026-01-07 10:59:34.734 [info] > git check-ignore -v -z --stdin [5ms]
2026-01-07 10:59:38.703 [info] > git show --textconv :resources/js/conf/themes.ts [15ms]
2026-01-07 10:59:38.706 [info] > git ls-files --stage -- resources/js/conf/themes.ts [4ms]
2026-01-07 10:59:38.724 [info] > git cat-file -s 8ed0c3dcdfe61486d0b0e723c4e49ac556b1eb09 [4ms]
2026-01-07 10:59:42.006 [info] > git show --textconv :resources/js/conf/themes.ts [15ms]
2026-01-07 10:59:42.008 [info] > git ls-files --stage -- resources/js/conf/themes.ts [3ms]
2026-01-07 10:59:42.034 [info] > git cat-file -s 8ed0c3dcdfe61486d0b0e723c4e49ac556b1eb09 [12ms]
2026-01-07 10:59:48.612 [info] > git show --textconv :resources/js/conf/themes.ts [17ms]
2026-01-07 10:59:48.615 [info] > git ls-files --stage -- resources/js/conf/themes.ts [4ms]
2026-01-07 10:59:48.630 [info] > git cat-file -s 8ed0c3dcdfe61486d0b0e723c4e49ac556b1eb09 [3ms]
2026-01-07 11:00:05.156 [info] > git show --textconv :resources/js/conf/themes.ts [17ms]
2026-01-07 11:00:05.159 [info] > git ls-files --stage -- resources/js/conf/themes.ts [5ms]
2026-01-07 11:00:05.174 [info] > git cat-file -s 8ed0c3dcdfe61486d0b0e723c4e49ac556b1eb09 [4ms]
2026-01-07 11:00:18.751 [info] > git show --textconv :resources/js/conf/themes.ts [14ms]
2026-01-07 11:00:18.754 [info] > git ls-files --stage -- resources/js/conf/themes.ts [4ms]
2026-01-07 11:00:18.770 [info] > git cat-file -s 8ed0c3dcdfe61486d0b0e723c4e49ac556b1eb09 [3ms]
2026-01-07 11:00:26.438 [info] > git show --textconv :resources/js/conf/themes.ts [15ms]
2026-01-07 11:00:26.440 [info] > git ls-files --stage -- resources/js/conf/themes.ts [4ms]
2026-01-07 11:00:26.456 [info] > git cat-file -s 8ed0c3dcdfe61486d0b0e723c4e49ac556b1eb09 [3ms]
2026-01-07 11:00:32.448 [info] > git show --textconv :resources/js/conf/themes.ts [16ms]
2026-01-07 11:00:32.453 [info] > git ls-files --stage -- resources/js/conf/themes.ts [8ms]
2026-01-07 11:00:32.470 [info] > git cat-file -s 8ed0c3dcdfe61486d0b0e723c4e49ac556b1eb09 [3ms]
2026-01-07 11:00:36.982 [info] > git config --get commit.template [16ms]
2026-01-07 11:00:36.988 [info] > git for-each-ref --format=%(refname)%00%(upstream:short)%00%(objectname)%00%(upstream:track)%00%(upstream:remotename)%00%(upstream:remoteref) refs/heads/main refs/remotes/main [8ms]
2026-01-07 11:00:37.028 [info] > git for-each-ref --sort -committerdate --format %(refname)%00%(objectname)%00%(*objectname) [12ms]
2026-01-07 11:00:37.030 [info] > git status -z -uall [27ms]
2026-01-07 11:00:41.447 [info] > git check-ignore -v -z --stdin [3ms]
2026-01-07 11:00:42.050 [info] > git config --get commit.template [8ms]
2026-01-07 11:00:42.051 [info] > git for-each-ref --format=%(refname)%00%(upstream:short)%00%(objectname)%00%(upstream:track)%00%(upstream:remotename)%00%(upstream:remoteref) refs/heads/main refs/remotes/main [2ms]
2026-01-07 11:00:42.068 [info] > git for-each-ref --sort -committerdate --format %(refname)%00%(objectname)%00%(*objectname) [4ms]
2026-01-07 11:00:42.070 [info] > git status -z -uall [11ms]
2026-01-07 11:01:00.769 [info] > git ls-files --stage -- resources/js/conf/themes.ts [3ms]
2026-01-07 11:01:00.784 [info] > git cat-file -s 8ed0c3dcdfe61486d0b0e723c4e49ac556b1eb09 [3ms]
2026-01-07 11:01:00.805 [info] > git show --textconv :resources/js/conf/themes.ts [5ms]
2026-01-07 11:01:01.252 [info] > git fetch [1712ms]
2026-01-07 11:01:01.280 [info] > git config --get commit.template [13ms]
2026-01-07 11:01:01.282 [info] > git for-each-ref --format=%(refname)%00%(upstream:short)%00%(objectname)%00%(upstream:track)%00%(upstream:remotename)%00%(upstream:remoteref) refs/heads/main refs/remotes/main [3ms]
2026-01-07 11:01:01.317 [info] > git for-each-ref --sort -committerdate --format %(refname)%00%(objectname)%00%(*objectname) [6ms]
2026-01-07 11:01:01.326 [info] > git status -z -uall [28ms]
2026-01-07 11:01:02.573 [info] > git show --textconv :resources/css/app.css [16ms]
2026-01-07 11:01:02.576 [info] > git ls-files --stage -- resources/css/app.css [4ms]
2026-01-07 11:01:02.602 [info] > git cat-file -s a1f5c1765ddc5917b5257330f1a258605c117e7e [3ms]
2026-01-07 11:01:03.494 [info] > git config --get commit.template [12ms]
2026-01-07 11:01:03.497 [info] > git for-each-ref --format=%(refname)%00%(upstream:short)%00%(objectname)%00%(upstream:track)%00%(upstream:remotename)%00%(upstream:remoteref) refs/heads/main refs/remotes/main [3ms]
2026-01-07 11:01:03.530 [info] > git status -z -uall [21ms]
2026-01-07 11:01:03.532 [info] > git for-each-ref --sort -committerdate --format %(refname)%00%(objectname)%00%(*objectname) [12ms]
2026-01-07 11:01:03.642 [info] > git blame --root --incremental bb12f3b3a6f1e503b08599a45ad440df59f5f14e -- resources/css/app.css [93ms]
2026-01-07 11:01:11.598 [info] > git config --get commit.template [14ms]
2026-01-07 11:01:11.600 [info] > git for-each-ref --format=%(refname)%00%(upstream:short)%00%(objectname)%00%(upstream:track)%00%(upstream:remotename)%00%(upstream:remoteref) refs/heads/main refs/remotes/main [3ms]
2026-01-07 11:01:11.638 [info] > git status -z -uall [25ms]
2026-01-07 11:01:11.641 [info] > git for-each-ref --sort -committerdate --format %(refname)%00%(objectname)%00%(*objectname) [12ms]
2026-01-07 11:01:26.822 [info] > git config --get commit.template [23ms]
2026-01-07 11:01:26.828 [info] > git for-each-ref --format=%(refname)%00%(upstream:short)%00%(objectname)%00%(upstream:track)%00%(upstream:remotename)%00%(upstream:remoteref) refs/heads/main refs/remotes/main [8ms]
2026-01-07 11:01:26.867 [info] > git status -z -uall [20ms]
2026-01-07 11:01:26.875 [info] > git for-each-ref --sort -committerdate --format %(refname)%00%(objectname)%00%(*objectname) [14ms]
2026-01-07 11:01:46.550 [info] > git config --get commit.template [2ms]
2026-01-07 11:01:46.574 [info] > git for-each-ref --format=%(refname)%00%(upstream:short)%00%(objectname)%00%(upstream:track)%00%(upstream:remotename)%00%(upstream:remoteref) refs/heads/main refs/remotes/main [5ms]
2026-01-07 11:01:46.606 [info] > git status -z -uall [19ms]
2026-01-07 11:01:46.617 [info] > git for-each-ref --sort -committerdate --format %(refname)%00%(objectname)%00%(*objectname) [12ms]
2026-01-07 11:02:14.154 [info] > git config --get commit.template [14ms]
2026-01-07 11:02:14.178 [info] > git for-each-ref --format=%(refname)%00%(upstream:short)%00%(objectname)%00%(upstream:track)%00%(upstream:remotename)%00%(upstream:remoteref) refs/heads/main refs/remotes/main [6ms]
2026-01-07 11:02:14.212 [info] > git status -z -uall [22ms]
2026-01-07 11:02:14.218 [info] > git for-each-ref --sort -committerdate --format %(refname)%00%(objectname)%00%(*objectname) [15ms]
2026-01-07 11:06:53.182 [info] > git config --get commit.template [29ms]
2026-01-07 11:06:53.206 [info] > git for-each-ref --format=%(refname)%00%(upstream:short)%00%(objectname)%00%(upstream:track)%00%(upstream:remotename)%00%(upstream:remoteref) refs/heads/main refs/remotes/main [5ms]
2026-01-07 11:06:53.244 [info] > git status -z -uall [25ms]
2026-01-07 11:06:53.272 [info] > git for-each-ref --sort -committerdate --format %(refname)%00%(objectname)%00%(*objectname) [40ms]
2026-01-07 11:06:54.368 [info] > git ls-files --stage -- resources/css/app.css [3ms]
2026-01-07 11:06:54.387 [info] > git cat-file -s a1f5c1765ddc5917b5257330f1a258605c117e7e [6ms]
2026-01-07 11:06:54.408 [info] > git show --textconv :resources/css/app.css [5ms]
2026-01-07 11:06:54.924 [info] > git fetch [1788ms]
2026-01-07 11:06:54.952 [info] > git config --get commit.template [15ms]
2026-01-07 11:06:54.957 [info] > git for-each-ref --format=%(refname)%00%(upstream:short)%00%(objectname)%00%(upstream:track)%00%(upstream:remotename)%00%(upstream:remoteref) refs/heads/main refs/remotes/main [6ms]
2026-01-07 11:06:55.005 [info] > git for-each-ref --sort -committerdate --format %(refname)%00%(objectname)%00%(*objectname) [16ms]
2026-01-07 11:06:55.010 [info] > git status -z -uall [37ms]
2026-01-07 11:06:56.132 [info] > git ls-files --stage -- resources/css/app.css [4ms]
2026-01-07 11:06:56.147 [info] > git cat-file -s a1f5c1765ddc5917b5257330f1a258605c117e7e [3ms]
2026-01-07 11:06:56.167 [info] > git show --textconv :resources/css/app.css [5ms]
2026-01-07 11:06:58.313 [info] > git config --get commit.template [14ms]
2026-01-07 11:06:58.316 [info] > git for-each-ref --format=%(refname)%00%(upstream:short)%00%(objectname)%00%(upstream:track)%00%(upstream:remotename)%00%(upstream:remoteref) refs/heads/main refs/remotes/main [4ms]
2026-01-07 11:06:58.351 [info] > git for-each-ref --sort -committerdate --format %(refname)%00%(objectname)%00%(*objectname) [11ms]
2026-01-07 11:06:58.354 [info] > git status -z -uall [26ms]
2026-01-07 11:06:59.942 [info] > git show --textconv :resources/js/Context/ThemeContext.tsx [13ms]
2026-01-07 11:06:59.944 [info] > git ls-files --stage -- resources/js/Context/ThemeContext.tsx [3ms]
2026-01-07 11:06:59.958 [info] > git cat-file -s 33586a4bffac526ff5b471a1742085b0bb3e2c57 [2ms]
2026-01-07 11:07:04.849 [info] > git show --textconv :resources/js/conf/themes.ts [11ms]
2026-01-07 11:07:04.851 [info] > git ls-files --stage -- resources/js/conf/themes.ts [3ms]
2026-01-07 11:07:04.865 [info] > git cat-file -s 8ed0c3dcdfe61486d0b0e723c4e49ac556b1eb09 [4ms]
2026-01-07 11:07:25.335 [info] > git config --get commit.template [13ms]
2026-01-07 11:07:25.338 [info] > git for-each-ref --format=%(refname)%00%(upstream:short)%00%(objectname)%00%(upstream:track)%00%(upstream:remotename)%00%(upstream:remoteref) refs/heads/main refs/remotes/main [4ms]
2026-01-07 11:07:25.376 [info] > git status -z -uall [24ms]
2026-01-07 11:07:25.393 [info] > git for-each-ref --sort -committerdate --format %(refname)%00%(objectname)%00%(*objectname) [27ms]
2026-01-07 11:08:19.467 [info] > git show --textconv :resources/js/Context/ThemeContext.tsx [15ms]
2026-01-07 11:08:19.469 [info] > git ls-files --stage -- resources/js/Context/ThemeContext.tsx [4ms]
2026-01-07 11:08:19.483 [info] > git cat-file -s 33586a4bffac526ff5b471a1742085b0bb3e2c57 [4ms]
2026-01-07 11:08:20.788 [info] > git show --textconv :resources/js/hooks/use-theme.tsx [17ms]
2026-01-07 11:08:20.790 [info] > git ls-files --stage -- resources/js/hooks/use-theme.tsx [3ms]
2026-01-07 11:08:20.806 [info] > git cat-file -s bc563b1f17da242eccdd4059d3317ac47a07b6b6 [3ms]
2026-01-07 11:08:54.123 [info] > git blame --root --incremental bb12f3b3a6f1e503b08599a45ad440df59f5f14e -- resources/js/hooks/use-theme.tsx [110ms]
2026-01-07 11:09:56.246 [info] > git ls-files --stage -- resources/js/hooks/use-theme.tsx [3ms]
2026-01-07 11:09:56.260 [info] > git cat-file -s bc563b1f17da242eccdd4059d3317ac47a07b6b6 [2ms]
2026-01-07 11:09:56.279 [info] > git show --textconv :resources/js/hooks/use-theme.tsx [4ms]
2026-01-07 11:09:56.477 [info] > git fetch [1445ms]
2026-01-07 11:09:56.504 [info] > git config --get commit.template [12ms]
2026-01-07 11:09:56.506 [info] > git for-each-ref --format=%(refname)%00%(upstream:short)%00%(objectname)%00%(upstream:track)%00%(upstream:remotename)%00%(upstream:remoteref) refs/heads/main refs/remotes/main [3ms]
2026-01-07 11:09:56.538 [info] > git for-each-ref --sort -committerdate --format %(refname)%00%(objectname)%00%(*objectname) [8ms]
2026-01-07 11:09:56.541 [info] > git status -z -uall [23ms]
2026-01-07 11:09:57.574 [info] > git config --get commit.template [12ms]
2026-01-07 11:09:57.577 [info] > git for-each-ref --format=%(refname)%00%(upstream:short)%00%(objectname)%00%(upstream:track)%00%(upstream:remotename)%00%(upstream:remoteref) refs/heads/main refs/remotes/main [4ms]
2026-01-07 11:09:57.611 [info] > git status -z -uall [22ms]
2026-01-07 11:09:57.611 [info] > git for-each-ref --sort -committerdate --format %(refname)%00%(objectname)%00%(*objectname) [11ms]
2026-01-07 11:09:57.676 [info] > git ls-files --stage -- resources/js/hooks/use-theme.tsx [4ms]
2026-01-07 11:09:57.690 [info] > git cat-file -s bc563b1f17da242eccdd4059d3317ac47a07b6b6 [3ms]
2026-01-07 11:09:57.709 [info] > git show --textconv :resources/js/hooks/use-theme.tsx [4ms]
2026-01-07 11:10:02.641 [info] > git config --get commit.template [12ms]
2026-01-07 11:10:02.643 [info] > git for-each-ref --format=%(refname)%00%(upstream:short)%00%(objectname)%00%(upstream:track)%00%(upstream:remotename)%00%(upstream:remoteref) refs/heads/main refs/remotes/main [3ms]
2026-01-07 11:10:02.675 [info] > git for-each-ref --sort -committerdate --format %(refname)%00%(objectname)%00%(*objectname) [6ms]
2026-01-07 11:10:02.679 [info] > git status -z -uall [23ms]
2026-01-07 11:10:20.860 [info] > git check-ignore -v -z --stdin [2ms]
2026-01-07 11:10:21.534 [info] > git check-ignore -v -z --stdin [4ms]
2026-01-07 11:10:41.049 [info] > git show --textconv :resources/js/Wrappers/ThemeWrapper.tsx [14ms]
2026-01-07 11:10:41.051 [info] > git ls-files --stage -- resources/js/Wrappers/ThemeWrapper.tsx [3ms]
2026-01-07 11:10:41.066 [info] > git cat-file -s 053f16ba54ec66bca9fdc459ca93d9be82c2e942 [2ms]
2026-01-07 11:10:41.598 [info] > git check-ignore -v -z --stdin [3ms]
2026-01-07 11:11:01.093 [info] > git show --textconv :resources/css/themes/graphite.css [14ms]
2026-01-07 11:11:01.094 [info] > git ls-files --stage -- resources/css/themes/graphite.css [2ms]
2026-01-07 11:11:01.109 [info] > git cat-file -s ba74765c12f479e9175608fb3e8812afc31ca8f9 [3ms]
2026-01-07 11:25:49.448 [info] > git config --get commit.template [9ms]
2026-01-07 11:25:49.475 [info] > git for-each-ref --format=%(refname)%00%(upstream:short)%00%(objectname)%00%(upstream:track)%00%(upstream:remotename)%00%(upstream:remoteref) refs/heads/main refs/remotes/main [11ms]
2026-01-07 11:25:49.515 [info] > git status -z -uall [24ms]
2026-01-07 11:25:49.515 [info] > git for-each-ref --sort -committerdate --format %(refname)%00%(objectname)%00%(*objectname) [11ms]
2026-01-07 11:25:51.052 [info] > git fetch [1627ms]
2026-01-07 11:25:51.069 [info] > git config --get commit.template [4ms]
2026-01-07 11:25:51.085 [info] > git for-each-ref --format=%(refname)%00%(upstream:short)%00%(objectname)%00%(upstream:track)%00%(upstream:remotename)%00%(upstream:remoteref) refs/heads/main refs/remotes/main [4ms]
2026-01-07 11:25:51.118 [info] > git for-each-ref --sort -committerdate --format %(refname)%00%(objectname)%00%(*objectname) [7ms]
2026-01-07 11:25:51.125 [info] > git status -z -uall [28ms]
2026-01-07 11:25:54.539 [info] > git config --get commit.template [3ms]
2026-01-07 11:25:54.554 [info] > git for-each-ref --format=%(refname)%00%(upstream:short)%00%(objectname)%00%(upstream:track)%00%(upstream:remotename)%00%(upstream:remoteref) refs/heads/main refs/remotes/main [4ms]
2026-01-07 11:25:54.587 [info] > git for-each-ref --sort -committerdate --format %(refname)%00%(objectname)%00%(*objectname) [8ms]
2026-01-07 11:25:54.589 [info] > git status -z -uall [22ms]
2026-01-07 11:25:59.622 [info] > git config --get commit.template [12ms]
2026-01-07 11:25:59.624 [info] > git for-each-ref --format=%(refname)%00%(upstream:short)%00%(objectname)%00%(upstream:track)%00%(upstream:remotename)%00%(upstream:remoteref) refs/heads/main refs/remotes/main [3ms]
2026-01-07 11:25:59.654 [info] > git for-each-ref --sort -committerdate --format %(refname)%00%(objectname)%00%(*objectname) [7ms]
2026-01-07 11:25:59.657 [info] > git status -z -uall [22ms]
2026-01-07 11:26:04.682 [info] > git config --get commit.template [9ms]
2026-01-07 11:26:04.683 [info] > git for-each-ref --format=%(refname)%00%(upstream:short)%00%(objectname)%00%(upstream:track)%00%(upstream:remotename)%00%(upstream:remoteref) refs/heads/main refs/remotes/main [2ms]
2026-01-07 11:26:04.705 [info] > git for-each-ref --sort -committerdate --format %(refname)%00%(objectname)%00%(*objectname) [5ms]
2026-01-07 11:26:04.709 [info] > git status -z -uall [18ms]
2026-01-07 11:26:25.424 [info] > git config --get commit.template [10ms]
2026-01-07 11:26:25.427 [info] > git for-each-ref --format=%(refname)%00%(upstream:short)%00%(objectname)%00%(upstream:track)%00%(upstream:remotename)%00%(upstream:remoteref) refs/heads/main refs/remotes/main [3ms]
2026-01-07 11:26:25.459 [info] > git for-each-ref --sort -committerdate --format %(refname)%00%(objectname)%00%(*objectname) [7ms]
2026-01-07 11:26:25.467 [info] > git status -z -uall [27ms]
