2026-01-05 08:46:55.788 [info] Getting Manifest... laravel.vscode-laravel
2026-01-05 08:46:55.792 [info] Getting Manifest... n2ns.antigravity-panel
2026-01-05 08:46:55.915 [info] Installing extension: laravel.vscode-laravel {"productVersion":{"version":"1.107.1","date":"2025-12-17T14:15:14.850Z"},"pinned":false,"operation":3,"isApplicationScoped":false,"profileLocation":{"$mid":1,"external":"vscode-userdata:/home/admin/.vscode/extensions/extensions.json","path":"/home/admin/.vscode/extensions/extensions.json","scheme":"vscode-userdata"}}
2026-01-05 08:46:55.958 [info] Installing extension: n2ns.antigravity-panel {"productVersion":{"version":"1.107.1","date":"2025-12-17T14:15:14.850Z"},"pinned":false,"operation":3,"isApplicationScoped":false,"profileLocation":{"$mid":1,"external":"vscode-userdata:/home/admin/.vscode/extensions/extensions.json","path":"/home/admin/.vscode/extensions/extensions.json","scheme":"vscode-userdata"}}
2026-01-05 08:47:00.419 [info] Extension signature verification result for laravel.vscode-laravel: Success. Internal Code: 0. Executed: true. Duration: 2517ms.
2026-01-05 08:47:00.465 [info] Extension signature verification result for n2ns.antigravity-panel: Success. Internal Code: 0. Executed: true. Duration: 2500ms.
2026-01-05 08:47:00.469 [info] Extracted extension to file:///home/admin/.vscode/extensions/laravel.vscode-laravel-1.3.1: laravel.vscode-laravel
2026-01-05 08:47:00.473 [info] Renamed to /home/admin/.vscode/extensions/laravel.vscode-laravel-1.3.1
2026-01-05 08:47:00.491 [info] Marked extension as removed laravel.vscode-laravel-1.2.3
2026-01-05 08:47:00.502 [info] Extension installed successfully: laravel.vscode-laravel vscode-userdata:/home/admin/.vscode/extensions/extensions.json
2026-01-05 08:47:00.620 [info] Extracted extension to file:///home/admin/.vscode/extensions/n2ns.antigravity-panel-2.4.2: n2ns.antigravity-panel
2026-01-05 08:47:00.628 [info] Renamed to /home/admin/.vscode/extensions/n2ns.antigravity-panel-2.4.2
2026-01-05 08:47:00.658 [info] Marked extension as removed n2ns.antigravity-panel-2.2.2
2026-01-05 08:47:00.668 [info] Extension installed successfully: n2ns.antigravity-panel vscode-userdata:/home/admin/.vscode/extensions/extensions.json
2026-01-05 08:53:38.413 [info] Getting Manifest... alexdauenhauer.catppuccin-noctis
2026-01-05 08:53:38.480 [info] Installing extension: alexdauenhauer.catppuccin-noctis {"isMachineScoped":false,"installPreReleaseVersion":false,"pinned":false,"profileLocation":{"$mid":1,"external":"vscode-userdata:/home/admin/.vscode/extensions/extensions.json","path":"/home/admin/.vscode/extensions/extensions.json","scheme":"vscode-userdata"},"isApplicationScoped":false,"productVersion":{"version":"1.107.1","date":"2025-12-17T14:15:14.850Z"}}
2026-01-05 08:53:42.094 [info] Getting Manifest... alexdauenhauer.catppuccin-noctis-icons
2026-01-05 08:53:42.268 [info] Installing extension: alexdauenhauer.catppuccin-noctis-icons {"isMachineScoped":false,"installPreReleaseVersion":false,"pinned":false,"profileLocation":{"$mid":1,"external":"vscode-userdata:/home/admin/.vscode/extensions/extensions.json","path":"/home/admin/.vscode/extensions/extensions.json","scheme":"vscode-userdata"},"isApplicationScoped":false,"productVersion":{"version":"1.107.1","date":"2025-12-17T14:15:14.850Z"}}
2026-01-05 08:53:43.471 [info] Extension signature verification result for alexdauenhauer.catppuccin-noctis: Success. Internal Code: 0. Executed: true. Duration: 1137ms.
2026-01-05 08:53:43.646 [info] Extracted extension to file:///home/admin/.vscode/extensions/alexdauenhauer.catppuccin-noctis-3.1.9: alexdauenhauer.catppuccin-noctis
2026-01-05 08:53:43.652 [info] Renamed to /home/admin/.vscode/extensions/alexdauenhauer.catppuccin-noctis-3.1.9
2026-01-05 08:53:43.700 [info] Extension installed successfully: alexdauenhauer.catppuccin-noctis vscode-userdata:/home/admin/.vscode/extensions/extensions.json
2026-01-05 08:53:44.859 [info] Extension signature verification result for alexdauenhauer.catppuccin-noctis-icons: Success. Internal Code: 0. Executed: true. Duration: 953ms.
2026-01-05 08:53:45.570 [info] Extracted extension to file:///home/admin/.vscode/extensions/alexdauenhauer.catppuccin-noctis-icons-0.3.0: alexdauenhauer.catppuccin-noctis-icons
2026-01-05 08:53:45.610 [info] Renamed to /home/admin/.vscode/extensions/alexdauenhauer.catppuccin-noctis-icons-0.3.0
2026-01-05 08:53:45.643 [info] Extension installed successfully: alexdauenhauer.catppuccin-noctis-icons vscode-userdata:/home/admin/.vscode/extensions/extensions.json
