2026-01-06 10:48:52.287 [info] Reading sessions from keychain...
2026-01-06 10:48:52.287 [info] Getting sessions for all scopes...
2026-01-06 10:48:52.287 [info] Got stored sessions!
2026-01-06 10:48:52.287 [info] Got 1 verified sessions.
2026-01-06 10:48:52.287 [info] Got 1 sessions for ...
2026-01-06 10:48:52.287 [info] Getting sessions for all scopes...
2026-01-06 10:48:52.287 [info] Got 1 sessions for ...
2026-01-06 10:48:52.287 [info] Getting sessions for all scopes...
2026-01-06 10:48:52.287 [info] Got 1 sessions for ...
2026-01-06 10:48:52.287 [info] Getting sessions for all scopes...
2026-01-06 10:48:52.287 [info] Got 1 sessions for ...
2026-01-06 10:48:52.287 [info] Getting sessions for all scopes...
2026-01-06 10:48:52.287 [info] Got 1 sessions for ...
2026-01-06 10:48:52.287 [info] Getting sessions for all scopes...
2026-01-06 10:48:52.287 [info] Got 1 sessions for ...
2026-01-06 10:48:52.287 [info] Getting sessions for all scopes...
2026-01-06 10:48:52.287 [info] Got 1 sessions for ...
2026-01-06 10:48:52.287 [info] Getting sessions for all scopes...
2026-01-06 10:48:52.287 [info] Got 1 sessions for ...
2026-01-06 10:48:52.287 [info] Getting sessions for all scopes...
2026-01-06 10:48:52.287 [info] Got 1 sessions for ...
2026-01-06 10:48:52.287 [info] Getting sessions for all scopes...
2026-01-06 10:48:52.287 [info] Got 1 sessions for ...
2026-01-06 10:48:52.287 [info] Getting sessions for all scopes...
2026-01-06 10:48:52.287 [info] Got 1 sessions for ...
2026-01-06 10:48:52.287 [info] Getting sessions for all scopes...
2026-01-06 10:48:52.287 [info] Got 1 sessions for ...
2026-01-06 10:48:52.287 [info] Getting sessions for all scopes...
2026-01-06 10:48:52.287 [info] Got 1 sessions for ...
2026-01-06 10:48:52.287 [info] Getting sessions for all scopes...
2026-01-06 10:48:52.287 [info] Got 1 sessions for ...
2026-01-06 10:48:52.287 [info] Getting sessions for all scopes...
2026-01-06 10:48:52.287 [info] Got 1 sessions for ...
2026-01-06 10:48:52.287 [info] Getting sessions for all scopes...
2026-01-06 10:48:52.287 [info] Got 1 sessions for ...
2026-01-06 10:48:52.287 [info] Getting sessions for all scopes...
2026-01-06 10:48:52.287 [info] Got 1 sessions for ...
2026-01-06 10:48:52.287 [info] Getting sessions for all scopes...
2026-01-06 10:48:52.287 [info] Got 1 sessions for ...
2026-01-06 10:48:52.287 [info] Getting sessions for all scopes...
2026-01-06 10:48:52.287 [info] Got 1 sessions for ...
2026-01-06 10:48:52.287 [info] Getting sessions for read:user,repo,user:email,workflow...
2026-01-06 10:48:52.287 [info] Got 1 sessions for read:user,repo,user:email,workflow...
2026-01-06 10:48:53.605 [info] FetcherService: Electron fetch failed with status: 429 
2026-01-06 10:48:54.319 [info] Getting sessions for all scopes...
2026-01-06 10:48:54.319 [info] Got 1 sessions for ...
2026-01-06 10:48:54.320 [info] Getting sessions for all scopes...
2026-01-06 10:48:54.320 [info] Got 1 sessions for ...
2026-01-06 10:48:54.534 [info] Getting sessions for all scopes...
2026-01-06 10:48:54.534 [info] Got 1 sessions for ...
2026-01-06 10:48:55.046 [info] Getting sessions for read:user,repo,user:email,workflow...
2026-01-06 10:48:55.046 [info] Got 1 sessions for read:user,repo,user:email,workflow...
2026-01-06 10:48:55.260 [info] Getting sessions for read:user,repo,user:email,workflow...
2026-01-06 10:48:55.260 [info] Got 1 sessions for read:user,repo,user:email,workflow...
2026-01-06 10:48:55.766 [info] FetcherService: Node fetch failed with status: 429 Too Many Requests
2026-01-06 10:48:56.303 [info] Getting sessions for all scopes...
2026-01-06 10:48:56.303 [info] Got 1 sessions for ...
2026-01-06 10:48:56.304 [info] Getting sessions for all scopes...
2026-01-06 10:48:56.304 [info] Got 1 sessions for ...
2026-01-06 10:48:56.562 [info] Getting sessions for read:user,repo,user:email,workflow...
2026-01-06 10:48:56.562 [info] Got 1 sessions for read:user,repo,user:email,workflow...
2026-01-06 10:48:56.725 [info] Getting sessions for all scopes...
2026-01-06 10:48:56.725 [info] Got 1 sessions for ...
2026-01-06 10:48:56.748 [info] Getting sessions for all scopes...
2026-01-06 10:48:56.748 [info] Got 1 sessions for ...
2026-01-06 10:48:56.749 [info] Getting sessions for all scopes...
2026-01-06 10:48:56.749 [info] Got 1 sessions for ...
2026-01-06 10:48:56.752 [info] Getting sessions for all scopes...
2026-01-06 10:48:56.752 [info] Got 1 sessions for ...
2026-01-06 10:48:56.789 [info] FetcherService: Node http/s failed with status: 429 Too Many Requests
2026-01-06 10:48:56.889 [info] Getting sessions for read:user,repo,user:email,workflow...
2026-01-06 10:48:56.889 [info] Got 1 sessions for read:user,repo,user:email,workflow...
2026-01-06 10:48:57.149 [info] Getting sessions for all scopes...
2026-01-06 10:48:57.149 [info] Got 1 sessions for ...
2026-01-06 10:48:57.149 [info] Getting sessions for all scopes...
2026-01-06 10:48:57.149 [info] Got 1 sessions for ...
2026-01-06 10:48:57.150 [info] Getting sessions for all scopes...
2026-01-06 10:48:57.150 [info] Got 1 sessions for ...
2026-01-06 10:48:57.298 [info] Getting sessions for all scopes...
2026-01-06 10:48:57.298 [info] Got 1 sessions for ...
2026-01-06 10:48:57.298 [info] Getting sessions for read:user,repo,user:email,workflow...
2026-01-06 10:48:57.299 [info] Got 1 sessions for read:user,repo,user:email,workflow...
2026-01-06 10:51:44.011 [info] Getting sessions for all scopes...
2026-01-06 10:51:44.011 [info] Got 1 sessions for ...
2026-01-06 10:51:44.028 [info] Getting sessions for read:user,repo,user:email,workflow...
2026-01-06 10:51:44.028 [info] Got 1 sessions for read:user,repo,user:email,workflow...
2026-01-06 10:51:49.724 [info] Getting sessions for read:user,repo,user:email,workflow...
2026-01-06 10:51:49.724 [info] Got 1 sessions for read:user,repo,user:email,workflow...
