2026-01-06 11:48:32.033 [info] Reading sessions from keychain...
2026-01-06 11:48:32.033 [info] Getting sessions for all scopes...
2026-01-06 11:48:32.033 [info] Got stored sessions!
2026-01-06 11:48:32.033 [info] Got 1 verified sessions.
2026-01-06 11:48:32.033 [info] Got 1 sessions for ...
2026-01-06 11:48:32.033 [info] Getting sessions for all scopes...
2026-01-06 11:48:32.033 [info] Got 1 sessions for ...
2026-01-06 11:48:32.033 [info] Getting sessions for all scopes...
2026-01-06 11:48:32.033 [info] Got 1 sessions for ...
2026-01-06 11:48:32.033 [info] Getting sessions for all scopes...
2026-01-06 11:48:32.033 [info] Got 1 sessions for ...
2026-01-06 11:48:32.033 [info] Getting sessions for all scopes...
2026-01-06 11:48:32.033 [info] Got 1 sessions for ...
2026-01-06 11:48:32.033 [info] Getting sessions for all scopes...
2026-01-06 11:48:32.033 [info] Got 1 sessions for ...
2026-01-06 11:48:32.033 [info] Getting sessions for all scopes...
2026-01-06 11:48:32.033 [info] Got 1 sessions for ...
2026-01-06 11:48:32.033 [info] Getting sessions for all scopes...
2026-01-06 11:48:32.033 [info] Got 1 sessions for ...
2026-01-06 11:48:32.033 [info] Getting sessions for all scopes...
2026-01-06 11:48:32.033 [info] Got 1 sessions for ...
2026-01-06 11:48:32.033 [info] Getting sessions for all scopes...
2026-01-06 11:48:32.033 [info] Got 1 sessions for ...
2026-01-06 11:48:32.033 [info] Getting sessions for all scopes...
2026-01-06 11:48:32.033 [info] Got 1 sessions for ...
2026-01-06 11:48:32.033 [info] Getting sessions for all scopes...
2026-01-06 11:48:32.033 [info] Got 1 sessions for ...
2026-01-06 11:48:32.033 [info] Getting sessions for all scopes...
2026-01-06 11:48:32.033 [info] Got 1 sessions for ...
2026-01-06 11:48:32.033 [info] Getting sessions for all scopes...
2026-01-06 11:48:32.033 [info] Got 1 sessions for ...
2026-01-06 11:48:32.033 [info] Getting sessions for all scopes...
2026-01-06 11:48:32.033 [info] Got 1 sessions for ...
2026-01-06 11:48:32.033 [info] Getting sessions for all scopes...
2026-01-06 11:48:32.033 [info] Got 1 sessions for ...
2026-01-06 11:48:32.033 [info] Getting sessions for all scopes...
2026-01-06 11:48:32.033 [info] Got 1 sessions for ...
2026-01-06 11:48:32.033 [info] Getting sessions for all scopes...
2026-01-06 11:48:32.033 [info] Got 1 sessions for ...
2026-01-06 11:48:32.033 [info] Getting sessions for all scopes...
2026-01-06 11:48:32.033 [info] Got 1 sessions for ...
2026-01-06 11:48:32.033 [info] Getting sessions for read:user,repo,user:email,workflow...
2026-01-06 11:48:32.033 [info] Got 1 sessions for read:user,repo,user:email,workflow...
2026-01-06 11:48:32.546 [info] Getting sessions for all scopes...
2026-01-06 11:48:32.546 [info] Got 1 sessions for ...
2026-01-06 11:48:32.547 [info] Getting sessions for all scopes...
2026-01-06 11:48:32.547 [info] Got 1 sessions for ...
2026-01-06 11:48:32.605 [info] Getting sessions for all scopes...
2026-01-06 11:48:32.605 [info] Got 1 sessions for ...
2026-01-06 11:48:32.696 [info] Getting sessions for read:user,repo,user:email,workflow...
2026-01-06 11:48:32.696 [info] Got 1 sessions for read:user,repo,user:email,workflow...
2026-01-06 11:48:33.219 [info] Getting sessions for read:user,repo,user:email,workflow...
2026-01-06 11:48:33.219 [info] Got 1 sessions for read:user,repo,user:email,workflow...
2026-01-06 11:48:33.277 [info] FetcherService: Electron fetch failed with status: 429 
2026-01-06 11:48:33.679 [info] Getting sessions for all scopes...
2026-01-06 11:48:33.679 [info] Got 1 sessions for ...
2026-01-06 11:48:33.927 [info] Getting sessions for all scopes...
2026-01-06 11:48:33.927 [info] Got 1 sessions for ...
2026-01-06 11:48:33.927 [info] Getting sessions for all scopes...
2026-01-06 11:48:33.927 [info] Got 1 sessions for ...
2026-01-06 11:48:34.013 [info] Getting sessions for read:user,repo,user:email,workflow...
2026-01-06 11:48:34.013 [info] Got 1 sessions for read:user,repo,user:email,workflow...
2026-01-06 11:48:34.111 [info] Getting sessions for all scopes...
2026-01-06 11:48:34.111 [info] Got 1 sessions for ...
2026-01-06 11:48:34.130 [info] Getting sessions for all scopes...
2026-01-06 11:48:34.131 [info] Got 1 sessions for ...
2026-01-06 11:48:34.131 [info] Getting sessions for all scopes...
2026-01-06 11:48:34.131 [info] Got 1 sessions for ...
2026-01-06 11:48:34.132 [info] Getting sessions for all scopes...
2026-01-06 11:48:34.132 [info] Got 1 sessions for ...
2026-01-06 11:48:34.214 [info] Getting sessions for read:user,repo,user:email,workflow...
2026-01-06 11:48:34.214 [info] Got 1 sessions for read:user,repo,user:email,workflow...
2026-01-06 11:48:34.245 [info] Getting sessions for all scopes...
2026-01-06 11:48:34.245 [info] Got 1 sessions for ...
2026-01-06 11:48:34.245 [info] Getting sessions for all scopes...
2026-01-06 11:48:34.245 [info] Got 1 sessions for ...
2026-01-06 11:48:34.245 [info] Getting sessions for all scopes...
2026-01-06 11:48:34.245 [info] Got 1 sessions for ...
2026-01-06 11:48:34.260 [info] Getting sessions for read:user,repo,user:email,workflow...
2026-01-06 11:48:34.260 [info] Got 1 sessions for read:user,repo,user:email,workflow...
2026-01-06 11:48:34.456 [info] FetcherService: Node fetch failed with status: 429 Too Many Requests
2026-01-06 11:48:34.479 [info] Getting sessions for all scopes...
2026-01-06 11:48:34.480 [info] Got 1 sessions for ...
2026-01-06 11:48:34.507 [info] Getting sessions for read:user,repo,user:email,workflow...
2026-01-06 11:48:34.507 [info] Got 1 sessions for read:user,repo,user:email,workflow...
2026-01-06 11:48:35.155 [info] FetcherService: Node http/s failed with status: 429 Too Many Requests
2026-01-06 11:48:45.901 [info] Getting sessions for read:user,repo,user:email,workflow...
2026-01-06 11:48:45.901 [info] Got 1 sessions for read:user,repo,user:email,workflow...
