2025-12-24 15:56:21.548 [info] Using Cloud Code URL: https://daily-cloudcode-pa.googleapis.com
2025-12-24 15:56:21.557 [info] [BrowserOnboardingClientMainService] Starting browser onboarding server
2025-12-24 15:56:21.566 [info] [BrowserOnboardingClientServer] Browser onboarding server started on http://localhost:36863
2025-12-24 15:56:21.568 [info] [CascadeMonitoringServer] Monitoring server started on http://localhost:9102/antigravity
2025-12-24 15:56:21.689 [info] update#setState idle
2025-12-24 15:56:23.280 [info] AntigravityAuthMainService initialized
2025-12-24 15:56:35.033 [info] [AgentClientServer] Cascade initializing for worksapce file:///home/admin/Documents/GitHub/DccpAdminV3
2025-12-24 15:56:35.035 [info] [AgentClientServer] Starting server
2025-12-24 15:56:35.105 [info] [AgentClientServer] Read HTML file, length: 127
2025-12-24 15:56:35.113 [info] [AgentClientServer] Cascade server started on http://localhost:9091
2025-12-24 15:56:35.113 [info] [AgentClientServer] Cascade server started on port 9091
2025-12-24 15:56:41.299 [info] Extension host with pid 177866 exited with code: 0, signal: unknown.
2025-12-24 15:56:42.299 [error] Extension host with pid 177866 still exists, forcefully killing it...
2025-12-24 15:56:51.692 [info] update#setState checking for updates
2025-12-24 15:56:52.218 [info] update#setState idle
2025-12-24 16:56:51.711 [info] update#setState checking for updates
2025-12-24 16:56:52.376 [info] update#setState idle
2025-12-24 17:56:51.759 [info] update#setState checking for updates
2025-12-24 17:56:51.872 [error] #4: https://antigravity-auto-updater-974169037036.us-central1.run.app/api/update/linux-x64/stable/94f91bc110994badc7c086033db813077a5226af/c412bcec3e4b1dbef056f40aa6fb9ed639c0d54c7a903280dbaa9aff0d23fc09?bg=true - error undefined net::ERR_NAME_NOT_RESOLVED
2025-12-24 17:56:51.875 [error] Error: net::ERR_NAME_NOT_RESOLVED
    at SimpleURLLoaderWrapper.<anonymous> (node:electron/js2c/browser_init:2:123921)
    at SimpleURLLoaderWrapper.emit (node:events:518:28)
2025-12-24 17:56:51.876 [info] update#setState idle
2025-12-24 18:56:51.786 [info] update#setState checking for updates
2025-12-24 18:56:51.811 [error] #5: https://antigravity-auto-updater-974169037036.us-central1.run.app/api/update/linux-x64/stable/94f91bc110994badc7c086033db813077a5226af/c412bcec3e4b1dbef056f40aa6fb9ed639c0d54c7a903280dbaa9aff0d23fc09?bg=true - error undefined net::ERR_NAME_NOT_RESOLVED
2025-12-24 18:56:51.811 [error] Error: net::ERR_NAME_NOT_RESOLVED
    at SimpleURLLoaderWrapper.<anonymous> (node:electron/js2c/browser_init:2:123921)
    at SimpleURLLoaderWrapper.emit (node:events:518:28)
2025-12-24 18:56:51.812 [info] update#setState idle
2025-12-24 19:56:51.793 [info] update#setState checking for updates
2025-12-24 19:56:51.816 [error] #6: https://antigravity-auto-updater-974169037036.us-central1.run.app/api/update/linux-x64/stable/94f91bc110994badc7c086033db813077a5226af/c412bcec3e4b1dbef056f40aa6fb9ed639c0d54c7a903280dbaa9aff0d23fc09?bg=true - error undefined net::ERR_NAME_NOT_RESOLVED
2025-12-24 19:56:51.816 [error] Error: net::ERR_NAME_NOT_RESOLVED
    at SimpleURLLoaderWrapper.<anonymous> (node:electron/js2c/browser_init:2:123921)
    at SimpleURLLoaderWrapper.emit (node:events:518:28)
2025-12-24 19:56:51.816 [info] update#setState idle
2025-12-24 20:56:51.800 [info] update#setState checking for updates
2025-12-24 20:56:51.815 [error] #7: https://antigravity-auto-updater-974169037036.us-central1.run.app/api/update/linux-x64/stable/94f91bc110994badc7c086033db813077a5226af/c412bcec3e4b1dbef056f40aa6fb9ed639c0d54c7a903280dbaa9aff0d23fc09?bg=true - error undefined net::ERR_NAME_NOT_RESOLVED
2025-12-24 20:56:51.815 [error] Error: net::ERR_NAME_NOT_RESOLVED
    at SimpleURLLoaderWrapper.<anonymous> (node:electron/js2c/browser_init:2:123921)
    at SimpleURLLoaderWrapper.emit (node:events:518:28)
2025-12-24 20:56:51.815 [info] update#setState idle
2025-12-24 21:56:51.806 [info] update#setState checking for updates
2025-12-24 21:56:51.821 [error] #8: https://antigravity-auto-updater-974169037036.us-central1.run.app/api/update/linux-x64/stable/94f91bc110994badc7c086033db813077a5226af/c412bcec3e4b1dbef056f40aa6fb9ed639c0d54c7a903280dbaa9aff0d23fc09?bg=true - error undefined net::ERR_NAME_NOT_RESOLVED
2025-12-24 21:56:51.821 [error] Error: net::ERR_NAME_NOT_RESOLVED
    at SimpleURLLoaderWrapper.<anonymous> (node:electron/js2c/browser_init:2:123921)
    at SimpleURLLoaderWrapper.emit (node:events:518:28)
2025-12-24 21:56:51.821 [info] update#setState idle
2025-12-24 22:56:51.811 [info] update#setState checking for updates
2025-12-24 22:56:51.824 [error] #9: https://antigravity-auto-updater-974169037036.us-central1.run.app/api/update/linux-x64/stable/94f91bc110994badc7c086033db813077a5226af/c412bcec3e4b1dbef056f40aa6fb9ed639c0d54c7a903280dbaa9aff0d23fc09?bg=true - error undefined net::ERR_NAME_NOT_RESOLVED
2025-12-24 22:56:51.824 [error] Error: net::ERR_NAME_NOT_RESOLVED
    at SimpleURLLoaderWrapper.<anonymous> (node:electron/js2c/browser_init:2:123921)
    at SimpleURLLoaderWrapper.emit (node:events:518:28)
2025-12-24 22:56:51.825 [info] update#setState idle
2025-12-24 23:39:50.784 [error] [uncaught exception in main]: TypeError: fetch failed
2025-12-24 23:39:50.785 [error] TypeError: fetch failed
    at node:internal/deps/undici/undici:13510:13
    at process.processTicksAndRejections (node:internal/process/task_queues:105:5)
    at async GJe.u (file:///opt/Antigravity/resources/app/out/main.js:238:214689)
    at async GJe.loadCodeAssist (file:///opt/Antigravity/resources/app/out/main.js:238:215457)
    at async Promise.all (index 0)
    at async aJe.refreshUserStatus (file:///opt/Antigravity/resources/app/out/main.js:237:11354)
2025-12-24 23:56:29.091 [warning] No ptyHost heartbeat after 6 seconds
2025-12-24 23:56:29.206 [error] [UtilityProcess type: ptyHost, pid: 177842]: crashed with code 15 and reason 'killed'
