2026-01-05 08:46:57.823 [info] Reading sessions from keychain...
2026-01-05 08:46:57.823 [info] Getting sessions for all scopes...
2026-01-05 08:46:57.823 [info] Got stored sessions!
2026-01-05 08:46:57.823 [info] Got 1 verified sessions.
2026-01-05 08:46:57.823 [info] Got 1 sessions for ...
2026-01-05 08:46:57.823 [info] Getting sessions for all scopes...
2026-01-05 08:46:57.823 [info] Got 1 sessions for ...
2026-01-05 08:46:57.823 [info] Getting sessions for all scopes...
2026-01-05 08:46:57.823 [info] Got 1 sessions for ...
2026-01-05 08:46:57.823 [info] Getting sessions for all scopes...
2026-01-05 08:46:57.823 [info] Got 1 sessions for ...
2026-01-05 08:46:57.823 [info] Getting sessions for all scopes...
2026-01-05 08:46:57.823 [info] Got 1 sessions for ...
2026-01-05 08:46:57.823 [info] Getting sessions for all scopes...
2026-01-05 08:46:57.823 [info] Got 1 sessions for ...
2026-01-05 08:46:57.823 [info] Getting sessions for all scopes...
2026-01-05 08:46:57.823 [info] Got 1 sessions for ...
2026-01-05 08:46:57.823 [info] Getting sessions for all scopes...
2026-01-05 08:46:57.823 [info] Got 1 sessions for ...
2026-01-05 08:46:57.823 [info] Getting sessions for all scopes...
2026-01-05 08:46:57.823 [info] Got 1 sessions for ...
2026-01-05 08:46:57.823 [info] Getting sessions for all scopes...
2026-01-05 08:46:57.823 [info] Got 1 sessions for ...
2026-01-05 08:46:57.823 [info] Getting sessions for all scopes...
2026-01-05 08:46:57.823 [info] Got 1 sessions for ...
2026-01-05 08:46:57.823 [info] Getting sessions for all scopes...
2026-01-05 08:46:57.823 [info] Got 1 sessions for ...
2026-01-05 08:46:57.823 [info] Getting sessions for all scopes...
2026-01-05 08:46:57.823 [info] Got 1 sessions for ...
2026-01-05 08:46:57.823 [info] Getting sessions for all scopes...
2026-01-05 08:46:57.823 [info] Got 1 sessions for ...
2026-01-05 08:46:57.823 [info] Getting sessions for all scopes...
2026-01-05 08:46:57.823 [info] Got 1 sessions for ...
2026-01-05 08:46:57.823 [info] Getting sessions for all scopes...
2026-01-05 08:46:57.823 [info] Got 1 sessions for ...
2026-01-05 08:46:57.823 [info] Getting sessions for all scopes...
2026-01-05 08:46:57.823 [info] Got 1 sessions for ...
2026-01-05 08:46:57.823 [info] Getting sessions for all scopes...
2026-01-05 08:46:57.823 [info] Got 1 sessions for ...
2026-01-05 08:46:57.823 [info] Getting sessions for all scopes...
2026-01-05 08:46:57.823 [info] Got 1 sessions for ...
2026-01-05 08:46:57.823 [info] Getting sessions for read:user,repo,user:email,workflow...
2026-01-05 08:46:57.823 [info] Got 1 sessions for read:user,repo,user:email,workflow...
2026-01-05 08:46:58.548 [info] FetcherService: Electron fetch failed with status: 429 
2026-01-05 08:46:58.950 [info] Getting sessions for all scopes...
2026-01-05 08:46:58.950 [info] Got 1 sessions for ...
2026-01-05 08:46:58.989 [info] Getting sessions for all scopes...
2026-01-05 08:46:58.989 [info] Got 1 sessions for ...
2026-01-05 08:46:58.989 [info] Getting sessions for all scopes...
2026-01-05 08:46:58.989 [info] Got 1 sessions for ...
2026-01-05 08:46:59.482 [info] Getting sessions for read:user,repo,user:email,workflow...
2026-01-05 08:46:59.482 [info] Got 1 sessions for read:user,repo,user:email,workflow...
2026-01-05 08:47:00.196 [info] FetcherService: Node fetch failed with status: 429 Too Many Requests
2026-01-05 08:47:00.673 [info] Getting sessions for read:user,repo,user:email,workflow...
2026-01-05 08:47:00.673 [info] Got 1 sessions for read:user,repo,user:email,workflow...
2026-01-05 08:47:00.945 [info] Getting sessions for all scopes...
2026-01-05 08:47:00.945 [info] Got 1 sessions for ...
2026-01-05 08:47:00.945 [info] Getting sessions for all scopes...
2026-01-05 08:47:00.945 [info] Got 1 sessions for ...
2026-01-05 08:47:01.072 [info] Getting sessions for read:user,repo,user:email,workflow...
2026-01-05 08:47:01.072 [info] Got 1 sessions for read:user,repo,user:email,workflow...
2026-01-05 08:47:01.249 [info] Getting sessions for all scopes...
2026-01-05 08:47:01.249 [info] Got 1 sessions for ...
2026-01-05 08:47:01.270 [info] Getting sessions for all scopes...
2026-01-05 08:47:01.270 [info] Got 1 sessions for ...
2026-01-05 08:47:01.272 [info] FetcherService: Node http/s failed with status: 429 Too Many Requests
2026-01-05 08:47:01.281 [info] Getting sessions for all scopes...
2026-01-05 08:47:01.281 [info] Got 1 sessions for ...
2026-01-05 08:47:01.284 [info] Getting sessions for all scopes...
2026-01-05 08:47:01.284 [info] Got 1 sessions for ...
2026-01-05 08:47:02.417 [info] Getting sessions for read:user,repo,user:email,workflow...
2026-01-05 08:47:02.417 [info] Got 1 sessions for read:user,repo,user:email,workflow...
2026-01-05 08:47:02.708 [info] Getting sessions for all scopes...
2026-01-05 08:47:02.708 [info] Got 1 sessions for ...
2026-01-05 08:47:02.708 [info] Getting sessions for all scopes...
2026-01-05 08:47:02.708 [info] Got 1 sessions for ...
2026-01-05 08:47:02.709 [info] Getting sessions for all scopes...
2026-01-05 08:47:02.709 [info] Got 1 sessions for ...
2026-01-05 08:47:02.728 [info] Getting sessions for read:user,repo,user:email,workflow...
2026-01-05 08:47:02.728 [info] Got 1 sessions for read:user,repo,user:email,workflow...
2026-01-05 08:47:02.804 [info] Getting sessions for all scopes...
2026-01-05 08:47:02.804 [info] Got 1 sessions for ...
2026-01-05 08:47:02.807 [info] Getting sessions for read:user,repo,user:email,workflow...
2026-01-05 08:47:02.807 [info] Got 1 sessions for read:user,repo,user:email,workflow...
2026-01-05 08:49:09.070 [info] Getting sessions for all scopes...
2026-01-05 08:49:09.070 [info] Got 1 sessions for ...
2026-01-05 08:49:09.074 [info] Getting sessions for read:user,repo,user:email,workflow...
2026-01-05 08:49:09.074 [info] Got 1 sessions for read:user,repo,user:email,workflow...
2026-01-05 08:54:25.515 [info] Getting sessions for all scopes...
2026-01-05 08:54:25.515 [info] Got 1 sessions for ...
2026-01-05 08:54:25.521 [info] Getting sessions for all scopes...
2026-01-05 08:54:25.521 [info] Got 1 sessions for ...
2026-01-05 09:15:13.935 [info] Getting sessions for all scopes...
2026-01-05 09:15:13.936 [info] Got 1 sessions for ...
2026-01-05 09:15:13.960 [info] Getting sessions for read:user,repo,user:email,workflow...
2026-01-05 09:15:13.960 [info] Got 1 sessions for read:user,repo,user:email,workflow...
