[Info  - 12:05:21 PM] Initialising intelephense 1.16.3
[Info  - 12:05:21 PM] Reading state from /home/admin/.config/Code/User/workspaceStorage/2c39dfd38ffe2b5cd849525e6e2706ef/bmewburn.vscode-intelephense-client/3293e334.
[Info  - 12:05:23 PM] Initialised in 2193 ms
[Info  - 12:05:23 PM] Searching file:///home/admin/.vscode/extensions/bmewburn.vscode-intelephense-client-1.16.3/node_modules/intelephense/lib/stub for files to index.
[Info  - 12:05:23 PM] Searching file:///home/admin/Documents/GitHub/DccpAdminV3 for files to index.
[Warn  - 12:05:24 PM] file:///home/admin/Documents/GitHub/DccpAdminV3/.phpstorm.meta.php is over the maximum file size of 1000000 bytes.
[Warn  - 12:05:24 PM] file:///home/admin/Documents/GitHub/DccpAdminV3/_ide_helper.php is over the maximum file size of 1000000 bytes.
[Warn  - 12:05:24 PM] file:///home/admin/Documents/GitHub/DccpAdminV3/vendor/_laravel_ide/_model_helpers.php is over the maximum file size of 1000000 bytes.
[Warn  - 12:05:24 PM] file:///home/admin/Documents/GitHub/DccpAdminV3/vendor/composer/autoload_classmap.php is over the maximum file size of 1000000 bytes.
[Warn  - 12:05:24 PM] file:///home/admin/Documents/GitHub/DccpAdminV3/vendor/composer/autoload_static.php is over the maximum file size of 1000000 bytes.
[Warn  - 12:05:24 PM] file:///home/admin/Documents/GitHub/DccpAdminV3/vendor/aws/aws-sdk-php/src/data/ec2/2016-11-15/api-2.json.php is over the maximum file size of 1000000 bytes.
[Warn  - 12:05:24 PM] file:///home/admin/Documents/GitHub/DccpAdminV3/vendor/fakerphp/faker/src/Faker/Provider/nl_BE/Text.php is over the maximum file size of 1000000 bytes.
[Info  - 12:05:24 PM] Indexing started.
[Info  - 12:05:24 PM] Indexing ended. 225 files indexed in 0s.
[Info  - 12:05:24 PM] Writing state to /home/admin/.config/Code/User/workspaceStorage/2c39dfd38ffe2b5cd849525e6e2706ef/bmewburn.vscode-intelephense-client/3293e334.
[Info  - 12:05:25 PM] Wrote state in 0.7s.
[Info  - 12:50:10 PM] Indexing started.
[Info  - 12:50:10 PM] Indexing ended. 2 files indexed in 0s.
[Info  - 12:57:33 PM] Indexing started.
[Info  - 12:57:33 PM] Indexing ended. 1 files indexed in 0s.
