2026-01-06 14:00:21.670 [info] [main] Log level: Info
2026-01-06 14:00:21.670 [info] [main] Validating found git in: "git"
2026-01-06 14:00:21.670 [info] [main] Using git "2.52.0" from "git"
2026-01-06 14:00:21.670 [info] [Model][doInitialScan] Initial repository scan started
2026-01-06 14:00:21.670 [info] > git rev-parse --show-toplevel [184ms]
2026-01-06 14:00:21.670 [info] > git rev-parse --git-dir --git-common-dir --show-superproject-working-tree [18ms]
2026-01-06 14:00:21.670 [info] [Model][openRepository] Opened repository (path): /home/admin/Documents/GitHub/DccpAdminV3
2026-01-06 14:00:21.670 [info] [Model][openRepository] Opened repository (real path): /home/admin/Documents/GitHub/DccpAdminV3
2026-01-06 14:00:21.670 [info] [Model][openRepository] Opened repository (kind): repository
2026-01-06 14:00:22.430 [info] > git config --get commit.template [712ms]
2026-01-06 14:00:22.594 [info] > git for-each-ref --format=%(refname)%00%(upstream:short)%00%(objectname)%00%(upstream:track)%00%(upstream:remotename)%00%(upstream:remoteref) refs/heads/main refs/remotes/main [45ms]
2026-01-06 14:00:22.907 [info] > git rev-parse --show-toplevel [3ms]
2026-01-06 14:00:22.913 [info] > git status -z -uall [52ms]
2026-01-06 14:00:22.924 [info] > git for-each-ref --sort -committerdate --format %(refname)%00%(objectname)%00%(*objectname) [42ms]
2026-01-06 14:00:23.010 [info] > git rev-parse --show-toplevel [87ms]
2026-01-06 14:00:23.016 [info] > git config --get commit.template [27ms]
2026-01-06 14:00:23.017 [info] > git for-each-ref --format=%(refname)%00%(upstream:short)%00%(objectname)%00%(upstream:track)%00%(upstream:remotename)%00%(upstream:remoteref) refs/heads/main refs/remotes/main [53ms]
2026-01-06 14:00:23.104 [info] > git rev-parse --show-toplevel [23ms]
2026-01-06 14:00:23.104 [info] > git config --get --local branch.main.vscode-merge-base [70ms]
2026-01-06 14:00:23.316 [info] > git for-each-ref --format=%(refname)%00%(upstream:short)%00%(objectname)%00%(upstream:track)%00%(upstream:remotename)%00%(upstream:remoteref) refs/heads/origin/main refs/remotes/origin/main [199ms]
2026-01-06 14:00:23.355 [info] > git for-each-ref --format=%(refname)%00%(upstream:short)%00%(objectname)%00%(upstream:track)%00%(upstream:remotename)%00%(upstream:remoteref) refs/heads/main refs/remotes/main [255ms]
2026-01-06 14:00:23.393 [info] > git merge-base refs/heads/main refs/remotes/origin/main [41ms]
2026-01-06 14:00:23.406 [info] > git rev-parse --show-toplevel [93ms]
2026-01-06 14:00:23.430 [info] > git diff --name-status -z --diff-filter=ADMR --find-renames=50% 0ba5b7d395d67690d5f98473d4f3068b63c2080b...refs/remotes/origin/main -- [24ms]
2026-01-06 14:00:23.433 [info] > git fetch [1813ms]
2026-01-06 14:00:23.433 [info] /.codespaces/bin/gitcredential_github.sh get: line 1: /.codespaces/bin/gitcredential_github.sh: No such file or directory
Missing or invalid credentials.
Skip silent fetch commands
Missing or invalid credentials.
Skip silent fetch commands
/.codespaces/bin/gitcredential_github.sh erase: line 1: /.codespaces/bin/gitcredential_github.sh: No such file or directory
remote: Repository not found.
fatal: Authentication failed for 'https://github.com/dccp-developers/DccpAdminV3.git/'
2026-01-06 14:00:23.503 [info] > git rev-parse --show-toplevel [78ms]
2026-01-06 14:00:23.628 [info] > git config --get commit.template [126ms]
2026-01-06 14:00:23.669 [info] > git rev-parse --show-toplevel [45ms]
2026-01-06 14:00:23.705 [info] > git rev-parse --show-toplevel [6ms]
2026-01-06 14:00:23.705 [info] > git for-each-ref --format=%(refname)%00%(upstream:short)%00%(objectname)%00%(upstream:track)%00%(upstream:remotename)%00%(upstream:remoteref) refs/heads/main refs/remotes/main [15ms]
2026-01-06 14:00:23.719 [info] > git rev-parse --show-toplevel [4ms]
2026-01-06 14:00:23.747 [info] > git status -z -uall [20ms]
2026-01-06 14:00:23.748 [info] > git for-each-ref --sort -committerdate --format %(refname)%00%(objectname)%00%(*objectname) [13ms]
2026-01-06 14:00:23.763 [info] > git rev-parse --show-toplevel [19ms]
2026-01-06 14:00:23.835 [info] > git rev-parse --show-toplevel [55ms]
2026-01-06 14:00:23.848 [info] > git rev-parse --show-toplevel [4ms]
2026-01-06 14:00:23.860 [info] > git rev-parse --show-toplevel [4ms]
2026-01-06 14:00:23.895 [info] > git check-ignore -v -z --stdin [18ms]
2026-01-06 14:00:23.897 [info] > git rev-parse --show-toplevel [29ms]
2026-01-06 14:00:23.915 [info] > git rev-parse --show-toplevel [9ms]
2026-01-06 14:00:23.927 [info] > git rev-parse --show-toplevel [3ms]
2026-01-06 14:00:23.938 [info] > git rev-parse --show-toplevel [2ms]
2026-01-06 14:00:23.951 [info] > git rev-parse --show-toplevel [3ms]
2026-01-06 14:00:24.669 [info] > git log --format=%H%n%aN%n%aE%n%at%n%ct%n%P%n%D%n%B -z --shortstat --diff-merges=first-parent -n50 --skip=0 --topo-order --decorate=full --stdin [1033ms]
2026-01-06 14:00:24.770 [info] > git rev-parse --show-toplevel [497ms]
2026-01-06 14:00:25.215 [info] > git rev-parse --show-toplevel [432ms]
2026-01-06 14:00:25.499 [info] > git rev-parse --show-toplevel [212ms]
2026-01-06 14:00:25.531 [info] > git rev-parse --show-toplevel [19ms]
2026-01-06 14:00:25.543 [info] > git rev-parse --show-toplevel [3ms]
2026-01-06 14:00:25.552 [info] > git rev-parse --show-toplevel [2ms]
2026-01-06 14:00:25.561 [info] > git rev-parse --show-toplevel [3ms]
2026-01-06 14:00:25.569 [info] > git rev-parse --show-toplevel [2ms]
2026-01-06 14:00:25.572 [info] [Model][doInitialScan] Initial repository scan completed - repositories (1), closed repositories (0), parent repositories (0), unsafe repositories (0)
2026-01-06 14:00:25.606 [info] > git show --textconv HEAD:routes/web/administrators.php [25ms]
2026-01-06 14:00:25.606 [info] > git ls-tree -l HEAD -- routes/web/administrators.php [16ms]
2026-01-06 14:00:25.741 [info] > git ls-tree -l HEAD -- routes/web/administrators.php [9ms]
2026-01-06 14:00:25.742 [info] > git config --get commit.template [22ms]
2026-01-06 14:00:25.788 [info] > git for-each-ref --format=%(refname)%00%(upstream:short)%00%(objectname)%00%(upstream:track)%00%(upstream:remotename)%00%(upstream:remoteref) refs/heads/main refs/remotes/main [24ms]
2026-01-06 14:00:25.829 [info] > git status -z -uall [29ms]
2026-01-06 14:00:25.830 [info] > git for-each-ref --sort -committerdate --format %(refname)%00%(objectname)%00%(*objectname) [21ms]
2026-01-06 14:00:26.231 [info] > git blame --root --incremental 66a89669c90aa06afae9081525082bd2df742d11 -- routes/web/administrators.php [8ms]
2026-01-06 14:00:26.405 [info] > git merge-base main origin/main [6ms]
2026-01-06 14:00:42.587 [info] > git log --oneline --cherry main...main@{upstream} -- [16ms]
2026-01-06 14:00:42.602 [info] > git ls-tree -l HEAD -- routes/web/administrators.php [16ms]
2026-01-06 14:00:43.821 [info] > git ls-tree -l HEAD -- routes/web/administrators.php [2ms]
2026-01-06 14:00:43.835 [info] > git show --textconv HEAD:routes/web/administrators.php [3ms]
2026-01-06 14:00:44.685 [info] > git pull --tags origin main [2085ms]
2026-01-06 14:00:44.685 [info] /.codespaces/bin/gitcredential_github.sh get: line 1: /.codespaces/bin/gitcredential_github.sh: No such file or directory
/.codespaces/bin/gitcredential_github.sh store: line 1: /.codespaces/bin/gitcredential_github.sh: No such file or directory
From https://github.com/dccp-developers/DccpAdminV3
 * branch            main            -> FETCH_HEAD
 * [new tag]         v1.49.0-dev.3.0 -> v1.49.0-dev.3.0
   0ba5b7d..a4844c3  main            -> origin/main
2026-01-06 14:00:45.946 [info] > git ls-tree -l HEAD -- routes/web/administrators.php [3ms]
2026-01-06 14:00:45.963 [info] > git show --textconv HEAD:routes/web/administrators.php [3ms]
2026-01-06 14:00:48.003 [info] > git push origin main:main [3306ms]
2026-01-06 14:00:48.003 [info] /.codespaces/bin/gitcredential_github.sh get: line 1: /.codespaces/bin/gitcredential_github.sh: No such file or directory
/.codespaces/bin/gitcredential_github.sh store: line 1: /.codespaces/bin/gitcredential_github.sh: No such file or directory
/.codespaces/bin/gitcredential_github.sh get: line 1: /.codespaces/bin/gitcredential_github.sh: No such file or directory
/.codespaces/bin/gitcredential_github.sh store: line 1: /.codespaces/bin/gitcredential_github.sh: No such file or directory
remote: 
remote: GitHub found 9 vulnerabilities on dccp-developers/DccpAdminV3's default branch (2 high, 1 moderate, 6 low). To find out more, visit:        
remote:      https://github.com/dccp-developers/DccpAdminV3/security/dependabot        
remote: 
To https://github.com/dccp-developers/DccpAdminV3.git
   a4844c3..42dacb5  main -> main
2026-01-06 14:00:48.031 [info] > git config --get commit.template [14ms]
2026-01-06 14:00:48.032 [info] > git for-each-ref --format=%(refname)%00%(upstream:short)%00%(objectname)%00%(upstream:track)%00%(upstream:remotename)%00%(upstream:remoteref) refs/heads/main refs/remotes/main [2ms]
2026-01-06 14:00:48.064 [info] > git for-each-ref --sort -committerdate --format %(refname)%00%(objectname)%00%(*objectname) [6ms]
2026-01-06 14:00:48.066 [info] > git status -z -uall [22ms]
2026-01-06 14:00:48.120 [info] > git merge-base refs/heads/main refs/remotes/origin/main [7ms]
2026-01-06 14:00:48.134 [info] > git blame --root --incremental 42dacb55368605a645b052e26bac0607af62416e -- routes/web/administrators.php [47ms]
2026-01-06 14:00:48.144 [info] > git diff --name-status -z --diff-filter=ADMR --find-renames=50% 42dacb55368605a645b052e26bac0607af62416e...refs/remotes/origin/main -- [10ms]
2026-01-06 14:00:48.535 [info] > git log --format=%H%n%aN%n%aE%n%at%n%ct%n%P%n%D%n%B -z --shortstat --diff-merges=first-parent -n50 --skip=0 --topo-order --decorate=full --stdin [375ms]
2026-01-06 14:00:48.610 [info] > git merge-base main origin/main [3ms]
2026-01-06 14:00:49.162 [info] > git config --get commit.template [10ms]
2026-01-06 14:00:49.163 [info] > git for-each-ref --format=%(refname)%00%(upstream:short)%00%(objectname)%00%(upstream:track)%00%(upstream:remotename)%00%(upstream:remoteref) refs/heads/main refs/remotes/main [2ms]
2026-01-06 14:00:49.183 [info] > git status -z -uall [11ms]
2026-01-06 14:00:49.185 [info] > git for-each-ref --sort -committerdate --format %(refname)%00%(objectname)%00%(*objectname) [4ms]
2026-01-06 14:00:49.275 [info] > git ls-tree -l HEAD -- routes/web/administrators.php [5ms]
2026-01-06 14:00:49.296 [info] > git show --textconv HEAD:routes/web/administrators.php [5ms]
2026-01-06 14:00:54.208 [info] > git config --get commit.template [9ms]
2026-01-06 14:00:54.209 [info] > git for-each-ref --format=%(refname)%00%(upstream:short)%00%(objectname)%00%(upstream:track)%00%(upstream:remotename)%00%(upstream:remoteref) refs/heads/main refs/remotes/main [2ms]
2026-01-06 14:00:54.237 [info] > git for-each-ref --sort -committerdate --format %(refname)%00%(objectname)%00%(*objectname) [7ms]
2026-01-06 14:00:54.240 [info] > git status -z -uall [18ms]
