2025-12-24 15:56:30.881 [info] [main] Log level: Info
2025-12-24 15:56:30.881 [info] [main] Validating found git in: "git"
2025-12-24 15:56:30.881 [info] [main] Using git "2.52.0" from "git"
2025-12-24 15:56:30.881 [info] [Model][doInitialScan] Initial repository scan started
2025-12-24 15:56:30.881 [info] > git rev-parse --show-toplevel [21ms]
2025-12-24 15:56:30.881 [info] > git rev-parse --git-dir --git-common-dir --show-superproject-working-tree [16ms]
2025-12-24 15:56:30.881 [info] [Model][openRepository] Opened repository (path): /home/admin/Documents/GitHub/DccpAdminV3
2025-12-24 15:56:30.881 [info] [Model][openRepository] Opened repository (real path): /home/admin/Documents/GitHub/DccpAdminV3
2025-12-24 15:56:30.881 [info] [Model][openRepository] Opened repository (kind): repository
2025-12-24 15:56:30.881 [info] > git config --get commit.template [97ms]
2025-12-24 15:56:30.908 [info] > git for-each-ref --format=%(refname)%00%(upstream:short)%00%(objectname)%00%(upstream:track)%00%(upstream:remotename)%00%(upstream:remoteref) refs/heads/main refs/remotes/main [29ms]
2025-12-24 15:56:30.939 [info] > git status -z -uall [19ms]
2025-12-24 15:56:30.941 [info] > git rev-parse --show-toplevel [5ms]
2025-12-24 15:56:30.947 [info] > git for-each-ref --sort -committerdate --format %(refname)%00%(objectname)%00%(*objectname) [20ms]
2025-12-24 15:56:30.976 [info] > git for-each-ref --format=%(refname)%00%(upstream:short)%00%(objectname)%00%(upstream:track)%00%(upstream:remotename)%00%(upstream:remoteref) refs/heads/main refs/remotes/main [11ms]
2025-12-24 15:56:30.983 [info] > git rev-parse --show-toplevel [37ms]
2025-12-24 15:56:31.051 [info] > git config --get --local branch.main.vscode-merge-base [69ms]
2025-12-24 15:56:31.059 [info] > git config --get commit.template [85ms]
2025-12-24 15:56:31.092 [info] > git for-each-ref --format=%(refname)%00%(upstream:short)%00%(objectname)%00%(upstream:track)%00%(upstream:remotename)%00%(upstream:remoteref) refs/heads/origin/main refs/remotes/origin/main [34ms]
2025-12-24 15:56:31.102 [info] > git rev-parse --show-toplevel [52ms]
2025-12-24 15:56:31.201 [info] > git merge-base refs/heads/main refs/remotes/origin/main [100ms]
2025-12-24 15:56:31.262 [info] > git check-ignore -v -z --stdin [34ms]
2025-12-24 15:56:31.263 [info] > git diff --name-status -z --diff-filter=ADMR 26383af7d230cc5e2fceaa3b1584019b4b91d23b...refs/remotes/origin/main [45ms]
2025-12-24 15:56:31.264 [info] > git rev-parse --show-toplevel [128ms]
2025-12-24 15:56:31.264 [info] > git for-each-ref --format=%(refname)%00%(upstream:short)%00%(objectname)%00%(upstream:track)%00%(upstream:remotename)%00%(upstream:remoteref) refs/heads/main refs/remotes/main [137ms]
2025-12-24 15:56:31.291 [info] > git rev-parse --show-toplevel [4ms]
2025-12-24 15:56:31.333 [info] > git rev-parse --show-toplevel [29ms]
2025-12-24 15:56:31.349 [info] > git status -z -uall [32ms]
2025-12-24 15:56:31.350 [info] > git for-each-ref --sort -committerdate --format %(refname)%00%(objectname)%00%(*objectname) [19ms]
2025-12-24 15:56:31.359 [info] > git rev-parse --show-toplevel [11ms]
2025-12-24 15:56:31.381 [info] > git rev-parse --show-toplevel [14ms]
2025-12-24 15:56:31.513 [info] > git rev-parse --show-toplevel [59ms]
2025-12-24 15:56:31.527 [info] > git rev-parse --show-toplevel [3ms]
2025-12-24 15:56:31.538 [info] > git rev-parse --show-toplevel [2ms]
2025-12-24 15:56:31.550 [info] > git rev-parse --show-toplevel [3ms]
2025-12-24 15:56:31.559 [info] > git rev-parse --show-toplevel [2ms]
2025-12-24 15:56:31.568 [info] > git rev-parse --show-toplevel [2ms]
2025-12-24 15:56:31.576 [info] > git rev-parse --show-toplevel [2ms]
2025-12-24 15:56:31.583 [info] > git rev-parse --show-toplevel [2ms]
2025-12-24 15:56:31.591 [info] > git rev-parse --show-toplevel [2ms]
2025-12-24 15:56:31.600 [info] > git rev-parse --show-toplevel [2ms]
2025-12-24 15:56:31.607 [info] > git rev-parse --show-toplevel [2ms]
2025-12-24 15:56:31.614 [info] > git rev-parse --show-toplevel [2ms]
2025-12-24 15:56:31.621 [info] > git rev-parse --show-toplevel [2ms]
2025-12-24 15:56:31.629 [info] > git rev-parse --show-toplevel [2ms]
2025-12-24 15:56:31.636 [info] > git rev-parse --show-toplevel [2ms]
2025-12-24 15:56:31.644 [info] > git rev-parse --show-toplevel [2ms]
2025-12-24 15:56:31.652 [info] > git rev-parse --show-toplevel [2ms]
2025-12-24 15:56:31.654 [info] [Model][doInitialScan] Initial repository scan completed - repositories (1), closed repositories (0), parent repositories (0), unsafe repositories (0)
