2025-12-24 12:13:14.586 [info] read schema from vscode: vscode://schemas/color-theme
2025-12-24 12:13:14.679 [info] read schema from vscode: vscode://schemas/token-styling
2025-12-24 12:13:14.679 [info] read schema from vscode: vscode://schemas/textmate-colors
2025-12-24 12:13:14.680 [info] read schema from vscode: vscode://schemas/workbench-colors
2025-12-24 12:13:14.763 [info] schema change detected vscode://schemas/workbench-colors
2025-12-24 12:13:14.770 [info] read schema from vscode: vscode://schemas/color-theme
2025-12-24 12:13:14.780 [info] read schema from vscode: vscode://schemas/workbench-colors
2025-12-24 12:13:18.601 [info] schema change detected vscode://schemas/workbench-colors
2025-12-24 12:13:18.604 [info] read schema from vscode: vscode://schemas/color-theme
2025-12-24 12:13:18.614 [info] read schema from vscode: vscode://schemas/workbench-colors
2025-12-24 12:13:19.360 [info] schema change detected vscode://schemas/workbench-colors
2025-12-24 12:13:19.363 [info] read schema from vscode: vscode://schemas/color-theme
2025-12-24 12:13:19.368 [info] read schema from vscode: vscode://schemas/workbench-colors
2025-12-24 12:13:19.790 [info] schema change detected vscode://schemas/workbench-colors
2025-12-24 12:13:19.793 [info] read schema from vscode: vscode://schemas/color-theme
2025-12-24 12:13:19.795 [info] read schema from vscode: vscode://schemas/workbench-colors
2025-12-24 12:13:20.076 [info] schema change detected vscode://schemas/workbench-colors
2025-12-24 12:13:20.078 [info] read schema from vscode: vscode://schemas/color-theme
2025-12-24 12:13:20.093 [info] read schema from vscode: vscode://schemas/workbench-colors
2025-12-24 12:13:20.526 [info] schema change detected vscode://schemas/workbench-colors
2025-12-24 12:13:20.529 [info] read schema from vscode: vscode://schemas/color-theme
2025-12-24 12:13:20.535 [info] read schema from vscode: vscode://schemas/workbench-colors
2025-12-24 12:13:21.393 [info] schema change detected vscode://schemas/workbench-colors
2025-12-24 12:13:21.395 [info] read schema from vscode: vscode://schemas/color-theme
2025-12-24 12:13:21.397 [info] read schema from vscode: vscode://schemas/workbench-colors
2025-12-24 12:13:23.813 [info] schema change detected vscode://schemas/workbench-colors
2025-12-24 12:13:23.814 [info] read schema from vscode: vscode://schemas/color-theme
2025-12-24 12:13:23.815 [info] read schema from vscode: vscode://schemas/workbench-colors
2025-12-24 12:13:24.516 [info] schema change detected vscode://schemas/workbench-colors
2025-12-24 12:13:24.517 [info] read schema from vscode: vscode://schemas/color-theme
2025-12-24 12:13:24.518 [info] read schema from vscode: vscode://schemas/workbench-colors
