2025-12-30T11:54:15.117Z - warn: [ui] Alive web socket request failed: TypeError: Failed to fetch
2025-12-30T11:54:15.407Z - error: [ui] Could not get Alive web socket URL for 'yukazakiri'
TypeError: Failed to fetch
    at Ot (/home/admin/webpack:/app/src/lib/http.ts:152:10)
    at Yn.request (/home/admin/webpack:/app/src/lib/api.ts:1749:28)
    at Yn.getAliveWebSocketURL (/home/admin/webpack:/app/src/lib/api.ts:838:30)
    at Object.createSessionForAccount (/home/admin/webpack:/app/src/lib/stores/alive-store.ts:170:32)
    at Object.subscribeToAccount (/home/admin/webpack:/app/src/lib/stores/alive-store.ts:227:40)
    at Object._subscribeToAccounts (/home/admin/webpack:/app/src/lib/stores/alive-store.ts:147:20)
    at subscribeToAccounts (/home/admin/webpack:/app/src/lib/stores/alive-store.ts:126:44)
2025-12-30T11:54:15.412Z - warn: [ui] Alive channel request failed: TypeError: Failed to fetch
2025-12-30T11:54:15.414Z - info: [ui] [AppStore] loading 3 repositories from store
2025-12-30T11:54:15.414Z - info: [ui] [AppStore] found account: yukazakiri (Yuka)
2025-12-30T11:54:15.430Z - warn: [ui] Alive web socket request failed: TypeError: Failed to fetch
2025-12-30T11:54:15.431Z - error: [ui] Could not get Alive web socket URL for 'yukazakiri'
TypeError: Failed to fetch
    at Ot (/home/admin/webpack:/app/src/lib/http.ts:152:10)
    at Yn.request (/home/admin/webpack:/app/src/lib/api.ts:1749:28)
    at Yn.getAliveWebSocketURL (/home/admin/webpack:/app/src/lib/api.ts:838:30)
    at Object.createSessionForAccount (/home/admin/webpack:/app/src/lib/stores/alive-store.ts:170:32)
    at Object.subscribeToAccount (/home/admin/webpack:/app/src/lib/stores/alive-store.ts:227:40)
    at Object._subscribeToAccounts (/home/admin/webpack:/app/src/lib/stores/alive-store.ts:147:20)
    at Object.subscribeToAccounts (/home/admin/webpack:/app/src/lib/stores/alive-store.ts:126:44)
2025-12-30T11:54:15.431Z - info: [ui] [fetchProtectedBranches] unable to list protected branches
TypeError: Failed to fetch
    at Ot (/home/admin/webpack:/app/src/lib/http.ts:152:10)
    at Yn.request (/home/admin/webpack:/app/src/lib/api.ts:1749:28)
    at Yn.fetchProtectedBranches (/home/admin/webpack:/app/src/lib/api.ts:1627:35)
    at Op.updateBranchProtectionsFromAPI (/home/admin/webpack:/app/src/lib/stores/app-store.ts:4268:32)
    at Op._selectRepository (/home/admin/webpack:/app/src/lib/stores/app-store.ts:1884:10)
2025-12-30T11:54:15.434Z - warn: [ui] Alive channel request failed: TypeError: Failed to fetch
2025-12-30T11:54:15.448Z - warn: [ui] fetchIssues: failed for repository dccp-developers/DccpAdminV3
TypeError: Failed to fetch
    at Ot (/home/admin/webpack:/app/src/lib/http.ts:152:10)
    at Yn.request (/home/admin/webpack:/app/src/lib/api.ts:1749:28)
    at Yn.fetchAll (/home/admin/webpack:/app/src/lib/api.ts:1719:45)
    at Yn.fetchIssues (/home/admin/webpack:/app/src/lib/api.ts:1126:33)
    at JU.constructor.refreshIssues (/home/admin/webpack:/app/src/lib/stores/issues-store.ts:81:30)
    at Op._refreshIssues (/home/admin/webpack:/app/src/lib/stores/app-store.ts:1999:5)
2025-12-30T11:54:15.449Z - warn: [ui] Unable to fetch issues for dccp-developers/DccpAdminV3
TypeError: Failed to fetch
    at Ot (/home/admin/webpack:/app/src/lib/http.ts:152:10)
    at Yn.request (/home/admin/webpack:/app/src/lib/api.ts:1749:28)
    at Yn.fetchAll (/home/admin/webpack:/app/src/lib/api.ts:1719:45)
    at Yn.fetchIssues (/home/admin/webpack:/app/src/lib/api.ts:1126:33)
    at JU.constructor.refreshIssues (/home/admin/webpack:/app/src/lib/stores/issues-store.ts:81:30)
    at Op._refreshIssues (/home/admin/webpack:/app/src/lib/stores/app-store.ts:1999:5)
2025-12-30T11:54:15.452Z - warn: [ui] fetchMentionables: failed for dccp-developers/DccpAdminV3
TypeError: Failed to fetch
    at Ot (/home/admin/webpack:/app/src/lib/http.ts:152:10)
    at Yn.request (/home/admin/webpack:/app/src/lib/api.ts:1749:28)
    at Yn.fetchMentionables (/home/admin/webpack:/app/src/lib/api.ts:1817:35)
    at XU.constructor.updateMentionables (/home/admin/webpack:/app/src/lib/stores/github-user-store.ts:90:32)
2025-12-30T11:54:15.455Z - warn: [ui] fetchRepository: an error occurred for 'dccp-developers/DccpAdminV3'
TypeError: Failed to fetch
    at Ot (/home/admin/webpack:/app/src/lib/http.ts:152:10)
    at Yn.request (/home/admin/webpack:/app/src/lib/api.ts:1749:28)
    at Yn.fetchRepository (/home/admin/webpack:/app/src/lib/api.ts:929:35)
    at Op.repositoryWithRefreshedGitHubRepository (/home/admin/webpack:/app/src/lib/stores/app-store.ts:4224:31)
    at processTicksAndRejections (node:internal/process/task_queues:95:5)
2025-12-30T11:54:15.521Z - warn: [ui] fetchAccount: failed with endpoint https://api.github.com
TypeError: Failed to fetch
    at Ot (/home/admin/webpack:/app/src/lib/http.ts:152:10)
    at Yn.request (/home/admin/webpack:/app/src/lib/api.ts:1749:28)
    at Yn.fetchAccount (/home/admin/webpack:/app/src/lib/api.ts:1022:35)
    at Xn (/home/admin/webpack:/app/src/lib/api.ts:1889:28)
    at /home/admin/webpack:/app/src/lib/stores/accounts-store.ts:253:10
    at Op.tryUpdateAccount (/home/admin/webpack:/app/src/lib/stores/accounts-store.ts:136:20)
    at /home/admin/webpack:/app/src/lib/stores/accounts-store.ts:116:37
    at Array.map (<anonymous>)
    at Op.refresh (/home/admin/webpack:/app/src/lib/stores/accounts-store.ts:116:21)
    at Op.loadInitialState (/home/admin/webpack:/app/src/lib/stores/app-store.ts:2309:24)
2025-12-30T11:54:15.521Z - warn: [ui] fetchUser: failed with endpoint https://api.github.com
TypeError: Failed to fetch
    at Ot (/home/admin/webpack:/app/src/lib/http.ts:152:10)
    at Yn.request (/home/admin/webpack:/app/src/lib/api.ts:1749:28)
    at Yn.fetchAccount (/home/admin/webpack:/app/src/lib/api.ts:1022:35)
    at Xn (/home/admin/webpack:/app/src/lib/api.ts:1889:28)
    at /home/admin/webpack:/app/src/lib/stores/accounts-store.ts:253:10
    at Op.tryUpdateAccount (/home/admin/webpack:/app/src/lib/stores/accounts-store.ts:136:20)
    at /home/admin/webpack:/app/src/lib/stores/accounts-store.ts:116:37
    at Array.map (<anonymous>)
    at Op.refresh (/home/admin/webpack:/app/src/lib/stores/accounts-store.ts:116:21)
    at Op.loadInitialState (/home/admin/webpack:/app/src/lib/stores/app-store.ts:2309:24)
2025-12-30T11:54:15.521Z - warn: [ui] Error refreshing account 'yukazakiri'
TypeError: Failed to fetch
    at Ot (/home/admin/webpack:/app/src/lib/http.ts:152:10)
    at Yn.request (/home/admin/webpack:/app/src/lib/api.ts:1749:28)
    at Yn.fetchAccount (/home/admin/webpack:/app/src/lib/api.ts:1022:35)
    at Xn (/home/admin/webpack:/app/src/lib/api.ts:1889:28)
    at /home/admin/webpack:/app/src/lib/stores/accounts-store.ts:253:10
    at Op.tryUpdateAccount (/home/admin/webpack:/app/src/lib/stores/accounts-store.ts:136:20)
    at /home/admin/webpack:/app/src/lib/stores/accounts-store.ts:116:37
    at Array.map (<anonymous>)
    at Op.refresh (/home/admin/webpack:/app/src/lib/stores/accounts-store.ts:116:21)
    at Op.loadInitialState (/home/admin/webpack:/app/src/lib/stores/app-store.ts:2309:24)
2025-12-30T11:54:15.530Z - warn: [ui] Alive web socket request failed: TypeError: Failed to fetch
2025-12-30T11:54:15.531Z - error: [ui] Could not get Alive web socket URL for 'yukazakiri'
TypeError: Failed to fetch
    at Ot (/home/admin/webpack:/app/src/lib/http.ts:152:10)
    at Yn.request (/home/admin/webpack:/app/src/lib/api.ts:1749:28)
    at Yn.getAliveWebSocketURL (/home/admin/webpack:/app/src/lib/api.ts:838:30)
    at Object.createSessionForAccount (/home/admin/webpack:/app/src/lib/stores/alive-store.ts:170:32)
    at Object.subscribeToAccount (/home/admin/webpack:/app/src/lib/stores/alive-store.ts:227:40)
    at Object._subscribeToAccounts (/home/admin/webpack:/app/src/lib/stores/alive-store.ts:147:20)
    at subscribeToAccounts (/home/admin/webpack:/app/src/lib/stores/alive-store.ts:126:44)
2025-12-30T11:54:15.531Z - warn: [ui] Alive web socket request failed: TypeError: Failed to fetch
2025-12-30T11:54:15.532Z - error: [ui] Could not get Alive web socket URL for 'yukazakiri'
TypeError: Failed to fetch
    at Ot (/home/admin/webpack:/app/src/lib/http.ts:152:10)
    at Yn.request (/home/admin/webpack:/app/src/lib/api.ts:1749:28)
    at Yn.getAliveWebSocketURL (/home/admin/webpack:/app/src/lib/api.ts:838:30)
    at Object.createSessionForAccount (/home/admin/webpack:/app/src/lib/stores/alive-store.ts:170:32)
    at Object.subscribeToAccount (/home/admin/webpack:/app/src/lib/stores/alive-store.ts:227:40)
    at Object._subscribeToAccounts (/home/admin/webpack:/app/src/lib/stores/alive-store.ts:147:20)
    at subscribeToAccounts (/home/admin/webpack:/app/src/lib/stores/alive-store.ts:126:44)
2025-12-30T11:54:15.536Z - warn: [ui] Alive channel request failed: TypeError: Failed to fetch
2025-12-30T11:54:15.536Z - warn: [ui] Alive channel request failed: TypeError: Failed to fetch
2025-12-30T11:54:15.763Z - info: [ui] launching: 3.4.13-linux1 (Linux 6.18.2-arch2-1)
2025-12-30T11:54:15.763Z - info: [ui] execPath: '/opt/github-desktop/github-desktop'
2025-12-30T11:54:15.776Z - warn: [ui] failed fetching open PRs for repository dccp-developers/DccpAdminV3
TypeError: Failed to fetch
    at Ot (/home/admin/webpack:/app/src/lib/http.ts:152:10)
    at Yn.request (/home/admin/webpack:/app/src/lib/api.ts:1749:28)
    at Yn.fetchAll (/home/admin/webpack:/app/src/lib/api.ts:1719:45)
    at Yn.fetchAllOpenPullRequests (/home/admin/webpack:/app/src/lib/api.ts:1142:25)
    at sZ.constructor.fetchAndStoreOpenPullRequests (/home/admin/webpack:/app/src/lib/stores/pull-request-store.ts:110:28)
    at sZ.constructor.fetchAndStorePullRequests (/home/admin/webpack:/app/src/lib/stores/pull-request-store.ts:99:19)
    at Object.refreshPullRequests (/home/admin/webpack:/app/src/lib/stores/pull-request-coordinator.ts:158:45)
2025-12-30T11:54:15.776Z - error: [ui] Error refreshing pull requests for 'dccp-developers/DccpAdminV3'
TypeError: Failed to fetch
    at Ot (/home/admin/webpack:/app/src/lib/http.ts:152:10)
    at Yn.request (/home/admin/webpack:/app/src/lib/api.ts:1749:28)
    at Yn.fetchAll (/home/admin/webpack:/app/src/lib/api.ts:1719:45)
    at Yn.fetchAllOpenPullRequests (/home/admin/webpack:/app/src/lib/api.ts:1142:25)
    at sZ.constructor.fetchAndStoreOpenPullRequests (/home/admin/webpack:/app/src/lib/stores/pull-request-store.ts:110:28)
    at sZ.constructor.fetchAndStorePullRequests (/home/admin/webpack:/app/src/lib/stores/pull-request-store.ts:99:19)
    at Object.refreshPullRequests (/home/admin/webpack:/app/src/lib/stores/pull-request-coordinator.ts:158:45)
2025-12-30T11:54:15.856Z - error: [ui] Error reporting stats:
TypeError: Failed to fetch
    at eZ.constructor.sA [as post] (/home/admin/webpack:/app/src/lib/stats/stats-store.ts:426:3)
    at eZ.constructor.reportStats (/home/admin/webpack:/app/src/lib/stats/stats-store.ts:503:35)
2025-12-30T11:54:40.504Z - error: [ui] `git fetch --progress --prune --recurse-submodules=on-demand origin` exited with an unexpected code: 128.
fatal: unable to access 'https://github.com/dccp-developers/DccpAdminV3.git/': Could not resolve host: github.com

2025-12-30T11:54:40.531Z - info: [ui] [fetchPushControl] unable to check if branch is potentially pushable
TypeError: Failed to fetch
    at Ot (/home/admin/webpack:/app/src/lib/http.ts:152:10)
    at Yn.request (/home/admin/webpack:/app/src/lib/api.ts:1749:28)
    at Yn.fetchPushControl (/home/admin/webpack:/app/src/lib/api.ts:1599:35)
    at Op.refreshBranchProtectionState (/home/admin/webpack:/app/src/lib/stores/app-store.ts:1243:37)
    at /home/admin/webpack:/app/src/lib/stores/app-store.ts:5221:20
    at processTicksAndRejections (node:internal/process/task_queues:95:5)
    at Op.withPushPullFetch (/home/admin/webpack:/app/src/lib/stores/app-store.ts:4707:5)
    at Op.performFetch (/home/admin/webpack:/app/src/lib/stores/app-store.ts:5173:5)
    at Cw.performAndScheduleFetch (/home/admin/webpack:/app/src/lib/stores/helpers/background-fetcher.ts:92:7)
2025-12-30T11:54:40.534Z - info: [ui] [fetchAllRepoRulesets] unable to fetch all repo rulesets | repos/dccp-developers/DccpAdminV3/rulesets
TypeError: Failed to fetch
    at Ot (/home/admin/webpack:/app/src/lib/http.ts:152:10)
    at Yn.request (/home/admin/webpack:/app/src/lib/api.ts:1749:28)
    at Yn.fetchAllRepoRulesets (/home/admin/webpack:/app/src/lib/api.ts:1671:35)
    at Op.refreshBranchProtectionState (/home/admin/webpack:/app/src/lib/stores/app-store.ts:1248:40)
    at /home/admin/webpack:/app/src/lib/stores/app-store.ts:5216:32
    at Op.withPushPullFetch (/home/admin/webpack:/app/src/lib/stores/app-store.ts:4707:5)
    at Op.performFetch (/home/admin/webpack:/app/src/lib/stores/app-store.ts:5173:5)
    at Cw.performAndScheduleFetch (/home/admin/webpack:/app/src/lib/stores/helpers/background-fetcher.ts:92:7)
2025-12-30T11:54:40.536Z - info: [ui] [fetchRepoRulesForBranch] unable to fetch repo rules for branch: main | repos/dccp-developers/DccpAdminV3/rules/branches/main
TypeError: Failed to fetch
    at Ot (/home/admin/webpack:/app/src/lib/http.ts:152:10)
    at Yn.request (/home/admin/webpack:/app/src/lib/api.ts:1749:28)
    at Yn.fetchRepoRulesForBranch (/home/admin/webpack:/app/src/lib/api.ts:1650:35)
    at Op.refreshBranchProtectionState (/home/admin/webpack:/app/src/lib/stores/app-store.ts:1269:39)
    at /home/admin/webpack:/app/src/lib/stores/app-store.ts:5216:32
    at Op.withPushPullFetch (/home/admin/webpack:/app/src/lib/stores/app-store.ts:4707:5)
    at Op.performFetch (/home/admin/webpack:/app/src/lib/stores/app-store.ts:5173:5)
    at Cw.performAndScheduleFetch (/home/admin/webpack:/app/src/lib/stores/helpers/background-fetcher.ts:92:7)
2025-12-30T11:54:40.625Z - warn: [ui] getFetchPollInterval: failed for dccp-developers/DccpAdminV3
TypeError: Failed to fetch
    at Ot (/home/admin/webpack:/app/src/lib/http.ts:152:10)
    at Yn.request (/home/admin/webpack:/app/src/lib/api.ts:1749:28)
    at Yn.getFetchPollInterval (/home/admin/webpack:/app/src/lib/api.ts:1787:35)
    at Cw.getFetchInterval (/home/admin/webpack:/app/src/lib/stores/helpers/background-fetcher.ts:133:40)
    at processTicksAndRejections (node:internal/process/task_queues:95:5)
    at Cw.performAndScheduleFetch (/home/admin/webpack:/app/src/lib/stores/helpers/background-fetcher.ts:107:11)
