2025-12-27T10:38:30.324Z - info: [ui] [AppStore] loading 3 repositories from store
2025-12-27T10:38:30.326Z - info: [ui] [AppStore] found account: yukazakiri (Yuka)
2025-12-27T10:38:30.673Z - info: [ui] launching: 3.4.13-linux1 (Linux 6.18.2-arch2-1)
2025-12-27T10:38:30.673Z - info: [ui] execPath: '/opt/github-desktop/github-desktop'
2025-12-27T10:38:31.789Z - info: [ui] Stats reported.
2025-12-27T10:38:31.795Z - info: [ui] Subscribed 'yukazakiri' to Alive channel
2025-12-27T10:38:32.131Z - info: [ui] [fetchAllRepoRulesets] unable to fetch all repo rulesets | repos/dccp-developers/DccpAdminV3/rulesets
Error: Upgrade to GitHub Pro or make this repository public to enable this feature.
    at Nt (/home/admin/webpack:/app/src/lib/http.ts:178:11)
    at Yn.fetchAllRepoRulesets (/home/admin/webpack:/app/src/lib/api.ts:1672:7)
    at Op.refreshBranchProtectionState (/home/admin/webpack:/app/src/lib/stores/app-store.ts:1248:15)
    at Op.repositoryWithRefreshedGitHubRepository (/home/admin/webpack:/app/src/lib/stores/app-store.ts:4247:5)
2025-12-27T10:38:32.613Z - info: [ui] [fetchRepoRulesForBranch] unable to fetch repo rules for branch: main | repos/dccp-developers/DccpAdminV3/rules/branches/main
Error: Upgrade to GitHub Pro or make this repository public to enable this feature.
    at Nt (/home/admin/webpack:/app/src/lib/http.ts:178:11)
    at Yn.fetchRepoRulesForBranch (/home/admin/webpack:/app/src/lib/api.ts:1651:7)
    at Op.refreshBranchProtectionState (/home/admin/webpack:/app/src/lib/stores/app-store.ts:1269:15)
    at Op.repositoryWithRefreshedGitHubRepository (/home/admin/webpack:/app/src/lib/stores/app-store.ts:4247:5)
2025-12-27T10:38:46.426Z - info: [ui] credential-helper: found GitHub credential for https://github.com/ in store
2025-12-27T10:38:47.260Z - info: [ui] Executing fetch: git fetch --progress --prune --recurse-submodules=on-demand origin (took 1.320s)
2025-12-27T10:38:47.645Z - info: [ui] credential-helper: found GitHub credential for https://github.com/ in store
2025-12-27T10:38:48.364Z - info: [ui] Executing updateRemoteHEAD: git remote set-head -a origin (took 1.101s)
2025-12-27T10:38:48.990Z - info: [ui] [fetchAllRepoRulesets] unable to fetch all repo rulesets | repos/dccp-developers/DccpAdminV3/rulesets
Error: Upgrade to GitHub Pro or make this repository public to enable this feature.
    at Nt (/home/admin/webpack:/app/src/lib/http.ts:178:11)
    at Yn.fetchAllRepoRulesets (/home/admin/webpack:/app/src/lib/api.ts:1672:7)
    at Op.refreshBranchProtectionState (/home/admin/webpack:/app/src/lib/stores/app-store.ts:1248:15)
    at /home/admin/webpack:/app/src/lib/stores/app-store.ts:5216:32
    at Op.withPushPullFetch (/home/admin/webpack:/app/src/lib/stores/app-store.ts:4707:5)
    at Op.performFetch (/home/admin/webpack:/app/src/lib/stores/app-store.ts:5173:5)
    at Cw.performAndScheduleFetch (/home/admin/webpack:/app/src/lib/stores/helpers/background-fetcher.ts:92:7)
2025-12-27T10:38:49.447Z - info: [ui] [fetchRepoRulesForBranch] unable to fetch repo rules for branch: main | repos/dccp-developers/DccpAdminV3/rules/branches/main
Error: Upgrade to GitHub Pro or make this repository public to enable this feature.
    at Nt (/home/admin/webpack:/app/src/lib/http.ts:178:11)
    at Yn.fetchRepoRulesForBranch (/home/admin/webpack:/app/src/lib/api.ts:1651:7)
    at Op.refreshBranchProtectionState (/home/admin/webpack:/app/src/lib/stores/app-store.ts:1269:15)
    at /home/admin/webpack:/app/src/lib/stores/app-store.ts:5216:32
    at Op.withPushPullFetch (/home/admin/webpack:/app/src/lib/stores/app-store.ts:4707:5)
    at Op.performFetch (/home/admin/webpack:/app/src/lib/stores/app-store.ts:5173:5)
    at Cw.performAndScheduleFetch (/home/admin/webpack:/app/src/lib/stores/helpers/background-fetcher.ts:92:7)
2025-12-27T10:38:59.252Z - info: [ui] [Timing] Action 'create commit' for 'dccp-developers/DccpAdminV3' took 0.439s
2025-12-27T10:39:01.063Z - info: [ui] credential-helper: found GitHub credential for https://github.com/ in store
2025-12-27T10:39:01.986Z - info: [ui] credential-helper: found GitHub credential for https://github.com/ in store
2025-12-27T10:39:02.933Z - info: [ui] credential-helper: found GitHub credential for https://github.com/ in store
2025-12-27T10:39:04.591Z - info: [ui] Executing push: git push origin main:main --progress (took 3.997s)
2025-12-27T10:39:05.058Z - info: [ui] credential-helper: found GitHub credential for https://github.com/ in store
2025-12-27T10:39:05.886Z - info: [ui] Executing fetch: git fetch --progress --prune --recurse-submodules=on-demand origin (took 1.285s)
2025-12-27T10:39:06.286Z - info: [ui] credential-helper: found GitHub credential for https://github.com/ in store
2025-12-27T10:39:07.138Z - info: [ui] Executing updateRemoteHEAD: git remote set-head -a origin (took 1.249s)
2025-12-27T10:39:07.613Z - info: [ui] [fetchAllRepoRulesets] unable to fetch all repo rulesets | repos/dccp-developers/DccpAdminV3/rulesets
Error: Upgrade to GitHub Pro or make this repository public to enable this feature.
    at Nt (/home/admin/webpack:/app/src/lib/http.ts:178:11)
    at Yn.fetchAllRepoRulesets (/home/admin/webpack:/app/src/lib/api.ts:1672:7)
    at Op.refreshBranchProtectionState (/home/admin/webpack:/app/src/lib/stores/app-store.ts:1248:15)
    at h.performFailableOperation.retryAction (/home/admin/webpack:/app/src/lib/stores/app-store.ts:4640:43)
    at Gw.performFailableOperation (/home/admin/webpack:/app/src/lib/stores/git-store.ts:908:7)
    at /home/admin/webpack:/app/src/lib/stores/app-store.ts:4596:47
    at Op.withPushPullFetch (/home/admin/webpack:/app/src/lib/stores/app-store.ts:4707:5)
2025-12-27T10:39:08.023Z - info: [ui] [fetchRepoRulesForBranch] unable to fetch repo rules for branch: main | repos/dccp-developers/DccpAdminV3/rules/branches/main
Error: Upgrade to GitHub Pro or make this repository public to enable this feature.
    at Nt (/home/admin/webpack:/app/src/lib/http.ts:178:11)
    at Yn.fetchRepoRulesForBranch (/home/admin/webpack:/app/src/lib/api.ts:1651:7)
    at Op.refreshBranchProtectionState (/home/admin/webpack:/app/src/lib/stores/app-store.ts:1269:15)
    at h.performFailableOperation.retryAction (/home/admin/webpack:/app/src/lib/stores/app-store.ts:4640:43)
    at Gw.performFailableOperation (/home/admin/webpack:/app/src/lib/stores/git-store.ts:908:7)
    at /home/admin/webpack:/app/src/lib/stores/app-store.ts:4596:47
    at Op.withPushPullFetch (/home/admin/webpack:/app/src/lib/stores/app-store.ts:4707:5)
2025-12-27T10:40:37.417Z - info: [ui] [RepositoryIndicatorUpdater]: Refreshing sidebar indicators for 2 repositories took 1.6s of which 0.0s paused, total 1.6s
2025-12-27T10:55:42.521Z - info: [ui] [RepositoryIndicatorUpdater]: Refreshing sidebar indicators for 2 repositories took 1.3s of which 0.0s paused, total 1.3s
2025-12-27T11:10:28.076Z - info: [ui] credential-helper: found GitHub credential for https://github.com/ in store
2025-12-27T11:10:28.941Z - info: [ui] Executing fetch: git fetch --progress --prune --recurse-submodules=on-demand origin (took 1.329s)
2025-12-27T11:10:29.407Z - info: [ui] credential-helper: found GitHub credential for https://github.com/ in store
2025-12-27T11:10:30.261Z - info: [ui] Executing updateRemoteHEAD: git remote set-head -a origin (took 1.318s)
2025-12-27T11:10:31.349Z - info: [ui] [fetchAllRepoRulesets] unable to fetch all repo rulesets | repos/dccp-developers/DccpAdminV3/rulesets
Error: Upgrade to GitHub Pro or make this repository public to enable this feature.
    at Nt (/home/admin/webpack:/app/src/lib/http.ts:178:11)
    at Yn.fetchAllRepoRulesets (/home/admin/webpack:/app/src/lib/api.ts:1672:7)
    at Op.refreshBranchProtectionState (/home/admin/webpack:/app/src/lib/stores/app-store.ts:1248:15)
    at /home/admin/webpack:/app/src/lib/stores/app-store.ts:5216:32
    at Op.withPushPullFetch (/home/admin/webpack:/app/src/lib/stores/app-store.ts:4707:5)
    at Op.performFetch (/home/admin/webpack:/app/src/lib/stores/app-store.ts:5173:5)
    at Cw.performAndScheduleFetch (/home/admin/webpack:/app/src/lib/stores/helpers/background-fetcher.ts:92:7)
2025-12-27T11:10:31.759Z - info: [ui] [fetchRepoRulesForBranch] unable to fetch repo rules for branch: main | repos/dccp-developers/DccpAdminV3/rules/branches/main
Error: Upgrade to GitHub Pro or make this repository public to enable this feature.
    at Nt (/home/admin/webpack:/app/src/lib/http.ts:178:11)
    at Yn.fetchRepoRulesForBranch (/home/admin/webpack:/app/src/lib/api.ts:1651:7)
    at Op.refreshBranchProtectionState (/home/admin/webpack:/app/src/lib/stores/app-store.ts:1269:15)
    at /home/admin/webpack:/app/src/lib/stores/app-store.ts:5216:32
    at Op.withPushPullFetch (/home/admin/webpack:/app/src/lib/stores/app-store.ts:4707:5)
    at Op.performFetch (/home/admin/webpack:/app/src/lib/stores/app-store.ts:5173:5)
    at Cw.performAndScheduleFetch (/home/admin/webpack:/app/src/lib/stores/helpers/background-fetcher.ts:92:7)
2025-12-27T11:42:09.661Z - info: [ui] credential-helper: found GitHub credential for https://github.com/ in store
2025-12-27T11:42:10.433Z - info: [ui] Executing fetch: git fetch --progress --prune --recurse-submodules=on-demand origin (took 1.258s)
2025-12-27T11:42:10.891Z - info: [ui] credential-helper: found GitHub credential for https://github.com/ in store
2025-12-27T11:42:11.605Z - info: [ui] Executing updateRemoteHEAD: git remote set-head -a origin (took 1.170s)
2025-12-27T11:42:12.625Z - info: [ui] [fetchAllRepoRulesets] unable to fetch all repo rulesets | repos/dccp-developers/DccpAdminV3/rulesets
Error: Upgrade to GitHub Pro or make this repository public to enable this feature.
    at Nt (/home/admin/webpack:/app/src/lib/http.ts:178:11)
    at Yn.fetchAllRepoRulesets (/home/admin/webpack:/app/src/lib/api.ts:1672:7)
    at Op.refreshBranchProtectionState (/home/admin/webpack:/app/src/lib/stores/app-store.ts:1248:15)
    at /home/admin/webpack:/app/src/lib/stores/app-store.ts:5216:32
    at Op.withPushPullFetch (/home/admin/webpack:/app/src/lib/stores/app-store.ts:4707:5)
    at Op.performFetch (/home/admin/webpack:/app/src/lib/stores/app-store.ts:5173:5)
    at Cw.performAndScheduleFetch (/home/admin/webpack:/app/src/lib/stores/helpers/background-fetcher.ts:92:7)
2025-12-27T11:42:12.989Z - info: [ui] [fetchRepoRulesForBranch] unable to fetch repo rules for branch: main | repos/dccp-developers/DccpAdminV3/rules/branches/main
Error: Upgrade to GitHub Pro or make this repository public to enable this feature.
    at Nt (/home/admin/webpack:/app/src/lib/http.ts:178:11)
    at Yn.fetchRepoRulesForBranch (/home/admin/webpack:/app/src/lib/api.ts:1651:7)
    at Op.refreshBranchProtectionState (/home/admin/webpack:/app/src/lib/stores/app-store.ts:1269:15)
    at /home/admin/webpack:/app/src/lib/stores/app-store.ts:5216:32
    at Op.withPushPullFetch (/home/admin/webpack:/app/src/lib/stores/app-store.ts:4707:5)
    at Op.performFetch (/home/admin/webpack:/app/src/lib/stores/app-store.ts:5173:5)
    at Cw.performAndScheduleFetch (/home/admin/webpack:/app/src/lib/stores/helpers/background-fetcher.ts:92:7)
2025-12-27T11:52:03.277Z - info: [ui] [RepositoryIndicatorUpdater]: Refreshing sidebar indicators for 2 repositories took 1.4s of which 0.0s paused, total 1.4s
2025-12-27T11:52:45.400Z - warn: [ui] getFetchPollInterval: failed for dccp-developers/DccpAdminV3
TypeError: Failed to fetch
    at Ot (/home/admin/webpack:/app/src/lib/http.ts:152:10)
    at Yn.request (/home/admin/webpack:/app/src/lib/api.ts:1749:28)
    at Yn.getFetchPollInterval (/home/admin/webpack:/app/src/lib/api.ts:1787:35)
    at Cw.getFetchInterval (/home/admin/webpack:/app/src/lib/stores/helpers/background-fetcher.ts:133:40)
    at Cw.performAndScheduleFetch (/home/admin/webpack:/app/src/lib/stores/helpers/background-fetcher.ts:107:11)
2025-12-27T11:57:09.275Z - info: [ui] [AppStore] loading 3 repositories from store
2025-12-27T11:57:09.280Z - info: [ui] [AppStore] found account: yukazakiri (Yuka)
2025-12-27T11:57:09.328Z - info: [ui] [BranchPruner] Last prune took place 1 hour ago - skipping
2025-12-27T11:57:10.150Z - info: [ui] launching: 3.4.13-linux1 (Linux 6.18.2-arch2-1)
2025-12-27T11:57:10.151Z - info: [ui] execPath: '/opt/github-desktop/github-desktop'
2025-12-27T11:57:10.220Z - info: [ui] Subscribed 'yukazakiri' to Alive channel
2025-12-27T11:57:11.896Z - info: [ui] [fetchAllRepoRulesets] unable to fetch all repo rulesets | repos/dccp-developers/DccpAdminV3/rulesets
Error: Upgrade to GitHub Pro or make this repository public to enable this feature.
    at Nt (/home/admin/webpack:/app/src/lib/http.ts:178:11)
    at Yn.fetchAllRepoRulesets (/home/admin/webpack:/app/src/lib/api.ts:1672:7)
    at Op.refreshBranchProtectionState (/home/admin/webpack:/app/src/lib/stores/app-store.ts:1248:15)
    at Op.repositoryWithRefreshedGitHubRepository (/home/admin/webpack:/app/src/lib/stores/app-store.ts:4247:5)
2025-12-27T11:57:12.267Z - info: [ui] [fetchRepoRulesForBranch] unable to fetch repo rules for branch: main | repos/dccp-developers/DccpAdminV3/rules/branches/main
Error: Upgrade to GitHub Pro or make this repository public to enable this feature.
    at Nt (/home/admin/webpack:/app/src/lib/http.ts:178:11)
    at Yn.fetchRepoRulesForBranch (/home/admin/webpack:/app/src/lib/api.ts:1651:7)
    at Op.refreshBranchProtectionState (/home/admin/webpack:/app/src/lib/stores/app-store.ts:1269:15)
    at Op.repositoryWithRefreshedGitHubRepository (/home/admin/webpack:/app/src/lib/stores/app-store.ts:4247:5)
2025-12-27T11:57:12.345Z - info: [ui] credential-helper: found GitHub credential for https://github.com/ in store
2025-12-27T11:57:13.141Z - info: [ui] credential-helper: found GitHub credential for https://github.com/ in store
2025-12-27T11:57:13.870Z - info: [ui] credential-helper: found GitHub credential for https://github.com/ in store
2025-12-27T11:57:15.091Z - info: [ui] Executing push: git push origin main:main --progress (took 3.161s)
2025-12-27T11:57:15.486Z - info: [ui] credential-helper: found GitHub credential for https://github.com/ in store
2025-12-27T11:57:16.378Z - info: [ui] Executing fetch: git fetch --progress --prune --recurse-submodules=on-demand origin (took 1.283s)
2025-12-27T11:57:16.957Z - info: [ui] credential-helper: found GitHub credential for https://github.com/ in store
2025-12-27T11:57:17.889Z - info: [ui] Executing updateRemoteHEAD: git remote set-head -a origin (took 1.508s)
2025-12-27T11:57:18.285Z - info: [ui] [fetchAllRepoRulesets] unable to fetch all repo rulesets | repos/dccp-developers/DccpAdminV3/rulesets
Error: Upgrade to GitHub Pro or make this repository public to enable this feature.
    at Nt (/home/admin/webpack:/app/src/lib/http.ts:178:11)
    at Yn.fetchAllRepoRulesets (/home/admin/webpack:/app/src/lib/api.ts:1672:7)
    at Op.refreshBranchProtectionState (/home/admin/webpack:/app/src/lib/stores/app-store.ts:1248:15)
    at h.performFailableOperation.retryAction (/home/admin/webpack:/app/src/lib/stores/app-store.ts:4640:43)
    at Gw.performFailableOperation (/home/admin/webpack:/app/src/lib/stores/git-store.ts:908:7)
    at /home/admin/webpack:/app/src/lib/stores/app-store.ts:4596:47
    at Op.withPushPullFetch (/home/admin/webpack:/app/src/lib/stores/app-store.ts:4707:5)
2025-12-27T11:57:18.666Z - info: [ui] [fetchRepoRulesForBranch] unable to fetch repo rules for branch: main | repos/dccp-developers/DccpAdminV3/rules/branches/main
Error: Upgrade to GitHub Pro or make this repository public to enable this feature.
    at Nt (/home/admin/webpack:/app/src/lib/http.ts:178:11)
    at Yn.fetchRepoRulesForBranch (/home/admin/webpack:/app/src/lib/api.ts:1651:7)
    at Op.refreshBranchProtectionState (/home/admin/webpack:/app/src/lib/stores/app-store.ts:1269:15)
    at h.performFailableOperation.retryAction (/home/admin/webpack:/app/src/lib/stores/app-store.ts:4640:43)
    at Gw.performFailableOperation (/home/admin/webpack:/app/src/lib/stores/git-store.ts:908:7)
    at /home/admin/webpack:/app/src/lib/stores/app-store.ts:4596:47
    at Op.withPushPullFetch (/home/admin/webpack:/app/src/lib/stores/app-store.ts:4707:5)
2025-12-27T11:59:35.131Z - info: [ui] [RepositoryIndicatorUpdater]: Refreshing sidebar indicators for 2 repositories took 1.2s of which 0.0s paused, total 1.2s
2025-12-27T12:15:00.416Z - info: [ui] [RepositoryIndicatorUpdater]: Refreshing sidebar indicators for 2 repositories took 1.8s of which 0.0s paused, total 1.8s
2025-12-27T12:28:36.597Z - info: [ui] credential-helper: found GitHub credential for https://github.com/ in store
2025-12-27T12:28:37.751Z - info: [ui] Executing fetch: git fetch --progress --prune --recurse-submodules=on-demand origin (took 1.583s)
2025-12-27T12:28:38.232Z - info: [ui] credential-helper: found GitHub credential for https://github.com/ in store
2025-12-27T12:28:38.906Z - info: [ui] Executing updateRemoteHEAD: git remote set-head -a origin (took 1.152s)
2025-12-27T12:28:39.867Z - info: [ui] [fetchAllRepoRulesets] unable to fetch all repo rulesets | repos/dccp-developers/DccpAdminV3/rulesets
Error: Upgrade to GitHub Pro or make this repository public to enable this feature.
    at Nt (/home/admin/webpack:/app/src/lib/http.ts:178:11)
    at Yn.fetchAllRepoRulesets (/home/admin/webpack:/app/src/lib/api.ts:1672:7)
    at Op.refreshBranchProtectionState (/home/admin/webpack:/app/src/lib/stores/app-store.ts:1248:15)
    at /home/admin/webpack:/app/src/lib/stores/app-store.ts:5216:32
    at Op.withPushPullFetch (/home/admin/webpack:/app/src/lib/stores/app-store.ts:4707:5)
    at Op.performFetch (/home/admin/webpack:/app/src/lib/stores/app-store.ts:5173:5)
    at Cw.performAndScheduleFetch (/home/admin/webpack:/app/src/lib/stores/helpers/background-fetcher.ts:92:7)
2025-12-27T12:28:40.278Z - info: [ui] [fetchRepoRulesForBranch] unable to fetch repo rules for branch: main | repos/dccp-developers/DccpAdminV3/rules/branches/main
Error: Upgrade to GitHub Pro or make this repository public to enable this feature.
    at Nt (/home/admin/webpack:/app/src/lib/http.ts:178:11)
    at Yn.fetchRepoRulesForBranch (/home/admin/webpack:/app/src/lib/api.ts:1651:7)
    at Op.refreshBranchProtectionState (/home/admin/webpack:/app/src/lib/stores/app-store.ts:1269:15)
    at /home/admin/webpack:/app/src/lib/stores/app-store.ts:5216:32
    at Op.withPushPullFetch (/home/admin/webpack:/app/src/lib/stores/app-store.ts:4707:5)
    at Op.performFetch (/home/admin/webpack:/app/src/lib/stores/app-store.ts:5173:5)
    at Cw.performAndScheduleFetch (/home/admin/webpack:/app/src/lib/stores/helpers/background-fetcher.ts:92:7)
2025-12-27T12:30:24.625Z - info: [ui] [RepositoryIndicatorUpdater]: Refreshing sidebar indicators for 2 repositories took 1.3s of which 0.0s paused, total 1.3s
2025-12-27T12:33:52.774Z - warn: [ui] getFetchPollInterval: failed for dccp-developers/DccpAdminV3
TypeError: Failed to fetch
    at Ot (/home/admin/webpack:/app/src/lib/http.ts:152:10)
    at Yn.request (/home/admin/webpack:/app/src/lib/api.ts:1749:28)
    at Yn.getFetchPollInterval (/home/admin/webpack:/app/src/lib/api.ts:1787:35)
    at Cw.getFetchInterval (/home/admin/webpack:/app/src/lib/stores/helpers/background-fetcher.ts:133:40)
    at Cw.performAndScheduleFetch (/home/admin/webpack:/app/src/lib/stores/helpers/background-fetcher.ts:107:11)
2025-12-27T12:45:49.202Z - info: [ui] [RepositoryIndicatorUpdater]: Refreshing sidebar indicators for 2 repositories took 1.2s of which 0.0s paused, total 1.2s
2025-12-27T13:01:14.492Z - info: [ui] [RepositoryIndicatorUpdater]: Refreshing sidebar indicators for 2 repositories took 1.8s of which 0.0s paused, total 1.8s
2025-12-27T13:16:39.065Z - info: [ui] [RepositoryIndicatorUpdater]: Refreshing sidebar indicators for 2 repositories took 1.7s of which 0.0s paused, total 1.7s
2025-12-27T13:32:03.225Z - info: [ui] [RepositoryIndicatorUpdater]: Refreshing sidebar indicators for 2 repositories took 1.2s of which 0.0s paused, total 1.2s
2025-12-27T13:34:05.170Z - info: [ui] credential-helper: found GitHub credential for https://github.com/ in store
2025-12-27T13:34:06.025Z - info: [ui] Executing fetch: git fetch --progress --prune --recurse-submodules=on-demand origin (took 1.382s)
2025-12-27T13:34:06.420Z - info: [ui] credential-helper: found GitHub credential for https://github.com/ in store
2025-12-27T13:34:07.159Z - info: [ui] Executing updateRemoteHEAD: git remote set-head -a origin (took 1.131s)
2025-12-27T13:34:08.874Z - info: [ui] [fetchAllRepoRulesets] unable to fetch all repo rulesets | repos/dccp-developers/DccpAdminV3/rulesets
Error: Upgrade to GitHub Pro or make this repository public to enable this feature.
    at Nt (/home/admin/webpack:/app/src/lib/http.ts:178:11)
    at Yn.fetchAllRepoRulesets (/home/admin/webpack:/app/src/lib/api.ts:1672:7)
    at Op.refreshBranchProtectionState (/home/admin/webpack:/app/src/lib/stores/app-store.ts:1248:15)
    at /home/admin/webpack:/app/src/lib/stores/app-store.ts:5216:32
    at Op.withPushPullFetch (/home/admin/webpack:/app/src/lib/stores/app-store.ts:4707:5)
    at Op.performFetch (/home/admin/webpack:/app/src/lib/stores/app-store.ts:5173:5)
    at Cw.performAndScheduleFetch (/home/admin/webpack:/app/src/lib/stores/helpers/background-fetcher.ts:92:7)
2025-12-27T13:34:09.283Z - info: [ui] [fetchRepoRulesForBranch] unable to fetch repo rules for branch: main | repos/dccp-developers/DccpAdminV3/rules/branches/main
Error: Upgrade to GitHub Pro or make this repository public to enable this feature.
    at Nt (/home/admin/webpack:/app/src/lib/http.ts:178:11)
    at Yn.fetchRepoRulesForBranch (/home/admin/webpack:/app/src/lib/api.ts:1651:7)
    at Op.refreshBranchProtectionState (/home/admin/webpack:/app/src/lib/stores/app-store.ts:1269:15)
    at /home/admin/webpack:/app/src/lib/stores/app-store.ts:5216:32
    at Op.withPushPullFetch (/home/admin/webpack:/app/src/lib/stores/app-store.ts:4707:5)
    at Op.performFetch (/home/admin/webpack:/app/src/lib/stores/app-store.ts:5173:5)
    at Cw.performAndScheduleFetch (/home/admin/webpack:/app/src/lib/stores/helpers/background-fetcher.ts:92:7)
2025-12-27T13:47:28.419Z - info: [ui] [RepositoryIndicatorUpdater]: Refreshing sidebar indicators for 2 repositories took 1.7s of which 0.0s paused, total 1.7s
2025-12-27T14:02:53.412Z - info: [ui] [RepositoryIndicatorUpdater]: Refreshing sidebar indicators for 2 repositories took 2.0s of which 0.0s paused, total 2.0s
2025-12-27T14:05:24.749Z - info: [ui] credential-helper: found GitHub credential for https://github.com/ in store
2025-12-27T14:05:25.507Z - info: [ui] Executing fetch: git fetch --progress --prune --recurse-submodules=on-demand origin (took 1.318s)
2025-12-27T14:05:25.980Z - info: [ui] credential-helper: found GitHub credential for https://github.com/ in store
2025-12-27T14:05:27.055Z - info: [ui] Executing updateRemoteHEAD: git remote set-head -a origin (took 1.546s)
2025-12-27T14:05:28.639Z - info: [ui] [fetchAllRepoRulesets] unable to fetch all repo rulesets | repos/dccp-developers/DccpAdminV3/rulesets
Error: Upgrade to GitHub Pro or make this repository public to enable this feature.
    at Nt (/home/admin/webpack:/app/src/lib/http.ts:178:11)
    at Yn.fetchAllRepoRulesets (/home/admin/webpack:/app/src/lib/api.ts:1672:7)
    at Op.refreshBranchProtectionState (/home/admin/webpack:/app/src/lib/stores/app-store.ts:1248:15)
    at /home/admin/webpack:/app/src/lib/stores/app-store.ts:5216:32
    at Op.withPushPullFetch (/home/admin/webpack:/app/src/lib/stores/app-store.ts:4707:5)
    at Op.performFetch (/home/admin/webpack:/app/src/lib/stores/app-store.ts:5173:5)
    at Cw.performAndScheduleFetch (/home/admin/webpack:/app/src/lib/stores/helpers/background-fetcher.ts:92:7)
2025-12-27T14:05:29.151Z - info: [ui] [fetchRepoRulesForBranch] unable to fetch repo rules for branch: main | repos/dccp-developers/DccpAdminV3/rules/branches/main
Error: Upgrade to GitHub Pro or make this repository public to enable this feature.
    at Nt (/home/admin/webpack:/app/src/lib/http.ts:178:11)
    at Yn.fetchRepoRulesForBranch (/home/admin/webpack:/app/src/lib/api.ts:1651:7)
    at Op.refreshBranchProtectionState (/home/admin/webpack:/app/src/lib/stores/app-store.ts:1269:15)
    at /home/admin/webpack:/app/src/lib/stores/app-store.ts:5216:32
    at Op.withPushPullFetch (/home/admin/webpack:/app/src/lib/stores/app-store.ts:4707:5)
    at Op.performFetch (/home/admin/webpack:/app/src/lib/stores/app-store.ts:5173:5)
    at Cw.performAndScheduleFetch (/home/admin/webpack:/app/src/lib/stores/helpers/background-fetcher.ts:92:7)
