2025-12-21T10:28:40.852Z - info: [ui] [AppStore] loading 0 repositories from store
2025-12-21T10:28:40.874Z - info: [ui] [Welcome] no sign in step found. ignoring...
2025-12-21T10:28:40.997Z - info: [ui] [Welcome] no sign in step found. ignoring...
2025-12-21T10:28:40.999Z - info: [ui] launching: 3.4.13-linux1 (Linux 6.18.2-arch2-1)
2025-12-21T10:28:41.000Z - info: [ui] execPath: '/opt/github-desktop/github-desktop'
2025-12-21T10:28:41.013Z - info: [ui] [Welcome] no sign in step found. ignoring...
2025-12-21T10:28:41.030Z - info: [ui] [Welcome] no sign in step found. ignoring...
2025-12-21T10:28:41.738Z - info: [ui] Opt in reported.
2025-12-21T10:28:42.842Z - info: [ui] [Welcome] advancing to step: SignInToDotComWithBrowser
2025-12-21T10:28:42.846Z - info: [ui] [SignInStore] initializing OAuth flow
2025-12-21T10:28:42.847Z - info: [main] opening in browser: https://github.com/login/oauth/authorize?client_id=3a723b10ac5575cc5bb9&scope=repo%20user%20workflow&state=dc16c3a7-d028-498c-88d8-9071149e990f
2025-12-21T10:28:42.847Z - info: [ui] [Welcome] current sign in state not found. ignoring...
2025-12-21T10:28:46.816Z - info: [ui] [Welcome] kind Authentication is the same as Authentication. ignoring...
2025-12-21T10:28:47.299Z - info: [ui] [Welcome] kind Authentication is the same as Authentication. ignoring...
2025-12-21T10:28:48.434Z - info: [ui] [Welcome] kind Authentication is the same as Authentication. ignoring...
2025-12-21T10:28:48.515Z - info: [ui] [Welcome] kind Authentication is the same as Authentication. ignoring...
2025-12-21T10:28:49.017Z - info: [ui] [Welcome] kind Authentication is the same as Authentication. ignoring...
2025-12-21T10:28:50.056Z - info: [ui] [Welcome] kind Authentication is the same as Authentication. ignoring...
2025-12-21T10:28:50.539Z - info: [ui] [Welcome] kind Authentication is the same as Authentication. ignoring...
2025-12-21T10:28:53.255Z - info: [ui] [Welcome] kind Authentication is the same as Authentication. ignoring...
2025-12-21T10:28:53.371Z - info: [ui] [Welcome] kind Authentication is the same as Authentication. ignoring...
2025-12-21T10:28:54.023Z - info: [ui] [Welcome] kind Authentication is the same as Authentication. ignoring...
2025-12-21T10:29:08.334Z - info: [ui] [Welcome] kind Authentication is the same as Authentication. ignoring...
2025-12-21T10:29:10.650Z - info: [ui] [Welcome] kind Authentication is the same as Authentication. ignoring...
2025-12-21T10:29:11.617Z - info: [ui] [Welcome] kind Authentication is the same as Authentication. ignoring...
2025-12-21T10:29:14.717Z - info: [ui] [Welcome] kind Authentication is the same as Authentication. ignoring...
2025-12-21T10:29:15.133Z - info: [ui] [Welcome] kind Authentication is the same as Authentication. ignoring...
2025-12-21T10:29:16.199Z - info: [ui] [Welcome] kind Authentication is the same as Authentication. ignoring...
2025-12-21T10:29:16.249Z - info: [ui] [Welcome] kind Authentication is the same as Authentication. ignoring...
2025-12-21T10:29:16.866Z - info: [ui] [Welcome] kind Authentication is the same as Authentication. ignoring...
2025-12-21T10:29:17.499Z - info: [ui] [Welcome] kind Authentication is the same as Authentication. ignoring...
2025-12-21T10:29:20.015Z - info: [ui] [Welcome] kind Authentication is the same as Authentication. ignoring...
2025-12-21T10:29:20.882Z - info: [ui] [Welcome] kind Authentication is the same as Authentication. ignoring...
2025-12-21T10:29:29.599Z - info: [ui] [Welcome] kind Authentication is the same as Authentication. ignoring...
2025-12-21T10:29:30.271Z - info: [ui] [Welcome] kind Authentication is the same as Authentication. ignoring...
2025-12-21T10:29:44.421Z - info: [ui] [Welcome] kind Authentication is the same as Authentication. ignoring...
2025-12-21T10:29:44.456Z - info: [ui] [Welcome] kind Authentication is the same as Authentication. ignoring...
2025-12-21T10:29:44.922Z - info: [ui] [Welcome] kind Authentication is the same as Authentication. ignoring...
2025-12-21T10:29:45.422Z - info: [ui] [Welcome] kind Authentication is the same as Authentication. ignoring...
2025-12-21T10:29:45.487Z - info: [ui] [Welcome] kind Authentication is the same as Authentication. ignoring...
2025-12-21T10:29:47.003Z - info: [ui] [Welcome] kind Authentication is the same as Authentication. ignoring...
2025-12-21T10:29:47.019Z - info: [ui] [Welcome] kind Authentication is the same as Authentication. ignoring...
2025-12-21T10:29:48.803Z - info: [ui] [Welcome] kind Authentication is the same as Authentication. ignoring...
2025-12-21T10:29:48.969Z - info: [ui] [Welcome] kind Authentication is the same as Authentication. ignoring...
2025-12-21T10:29:54.463Z - info: [ui] [Welcome] kind Authentication is the same as Authentication. ignoring...
2025-12-21T10:29:54.562Z - info: [ui] [Welcome] kind Authentication is the same as Authentication. ignoring...
2025-12-21T10:29:55.210Z - info: [ui] [Welcome] kind Authentication is the same as Authentication. ignoring...
2025-12-21T10:29:55.890Z - info: [ui] [Welcome] kind Authentication is the same as Authentication. ignoring...
2025-12-21T10:29:57.672Z - info: [ui] [Welcome] kind Authentication is the same as Authentication. ignoring...
2025-12-21T10:29:57.711Z - info: [ui] [Welcome] kind Authentication is the same as Authentication. ignoring...
2025-12-21T10:29:58.189Z - info: [ui] [Welcome] kind Authentication is the same as Authentication. ignoring...
2025-12-21T10:29:58.574Z - info: [ui] [Welcome] kind Authentication is the same as Authentication. ignoring...
2025-12-21T10:29:58.706Z - info: [ui] [Welcome] kind Authentication is the same as Authentication. ignoring...
2025-12-21T10:40:42.422Z - info: [ui] [Welcome] kind Authentication is the same as Authentication. ignoring...
2025-12-21T10:45:42.710Z - info: [ui] [Welcome] kind Authentication is the same as Authentication. ignoring...
2025-12-21T10:45:47.920Z - info: [ui] [Welcome] kind Authentication is the same as Authentication. ignoring...
2025-12-21T10:59:33.487Z - info: [ui] [AppStore] loading 0 repositories from store
2025-12-21T10:59:33.510Z - info: [ui] [Welcome] no sign in step found. ignoring...
2025-12-21T10:59:33.523Z - info: [ui] [Welcome] no sign in step found. ignoring...
2025-12-21T10:59:33.525Z - info: [ui] launching: 3.4.13-linux1 (Linux 6.18.2-arch2-1)
2025-12-21T10:59:33.525Z - info: [ui] execPath: '/opt/github-desktop/github-desktop'
2025-12-21T10:59:33.544Z - info: [ui] [Welcome] no sign in step found. ignoring...
2025-12-21T10:59:33.589Z - info: [ui] [Welcome] no sign in step found. ignoring...
2025-12-21T10:59:35.800Z - info: [ui] [Welcome] advancing to step: SignInToDotComWithBrowser
2025-12-21T10:59:35.800Z - info: [ui] [SignInStore] initializing OAuth flow
2025-12-21T10:59:35.804Z - info: [main] opening in browser: https://github.com/login/oauth/authorize?client_id=3a723b10ac5575cc5bb9&scope=repo%20user%20workflow&state=4366cf36-0214-4a62-a80f-cf3a09ac052e
2025-12-21T10:59:35.805Z - info: [ui] [Welcome] current sign in state not found. ignoring...
2025-12-21T10:59:48.671Z - info: [ui] [AppStore] loading 0 repositories from store
2025-12-21T10:59:48.691Z - info: [ui] [Welcome] no sign in step found. ignoring...
2025-12-21T10:59:48.705Z - info: [ui] [Welcome] no sign in step found. ignoring...
2025-12-21T10:59:48.707Z - info: [ui] launching: 3.4.13-linux1 (Linux 6.18.2-arch2-1)
2025-12-21T10:59:48.707Z - info: [ui] execPath: '/opt/github-desktop/github-desktop'
2025-12-21T10:59:48.741Z - info: [ui] [Welcome] no sign in step found. ignoring...
2025-12-21T10:59:48.755Z - info: [ui] [Welcome] no sign in step found. ignoring...
2025-12-21T10:59:49.698Z - info: [ui] [Welcome] advancing to step: SignInToDotComWithBrowser
2025-12-21T10:59:49.699Z - info: [ui] [SignInStore] initializing OAuth flow
2025-12-21T10:59:49.703Z - info: [main] opening in browser: https://github.com/login/oauth/authorize?client_id=3a723b10ac5575cc5bb9&scope=repo%20user%20workflow&state=550619f5-ac7d-4783-b3bf-880bebb2ab95
2025-12-21T10:59:49.704Z - info: [ui] [Welcome] current sign in state not found. ignoring...
2025-12-21T15:38:20.662Z - info: [ui] [AppStore] loading 0 repositories from store
2025-12-21T15:38:20.686Z - info: [ui] [Welcome] no sign in step found. ignoring...
2025-12-21T15:38:20.703Z - info: [ui] [Welcome] no sign in step found. ignoring...
2025-12-21T15:38:20.706Z - info: [ui] launching: 3.4.13-linux1 (Linux 6.18.2-arch2-1)
2025-12-21T15:38:20.706Z - info: [ui] execPath: '/opt/github-desktop/github-desktop'
2025-12-21T15:38:20.722Z - info: [ui] [Welcome] no sign in step found. ignoring...
2025-12-21T15:38:20.770Z - info: [ui] [Welcome] no sign in step found. ignoring...
2025-12-21T15:38:22.085Z - info: [ui] [Welcome] advancing to step: SignInToDotComWithBrowser
2025-12-21T15:38:22.086Z - info: [ui] [SignInStore] initializing OAuth flow
2025-12-21T15:38:22.091Z - info: [main] opening in browser: https://github.com/login/oauth/authorize?client_id=3a723b10ac5575cc5bb9&scope=repo%20user%20workflow&state=4725523a-ca43-40cf-9571-452eb4cfe4fe
2025-12-21T15:38:22.092Z - info: [ui] [Welcome] current sign in state not found. ignoring...
2025-12-21T15:38:23.908Z - info: [ui] [Welcome] kind Authentication is the same as Authentication. ignoring...
2025-12-21T15:38:27.124Z - info: [ui] [Welcome] kind Authentication is the same as Authentication. ignoring...
2025-12-21T15:38:28.440Z - info: [ui] [Welcome] kind Authentication is the same as Authentication. ignoring...
2025-12-21T15:38:30.224Z - info: [ui] [Welcome] kind Authentication is the same as Authentication. ignoring...
2025-12-21T15:38:30.439Z - info: [ui] [Welcome] kind Authentication is the same as Authentication. ignoring...
2025-12-21T15:38:34.356Z - info: [ui] [Welcome] kind Authentication is the same as Authentication. ignoring...
2025-12-21T15:38:34.722Z - info: [ui] [Welcome] kind Authentication is the same as Authentication. ignoring...
2025-12-21T15:38:35.855Z - info: [ui] [Welcome] kind Authentication is the same as Authentication. ignoring...
2025-12-21T15:38:36.321Z - info: [ui] [Welcome] kind Authentication is the same as Authentication. ignoring...
2025-12-21T15:39:13.919Z - info: [ui] [Welcome] kind Authentication is the same as Authentication. ignoring...
2025-12-21T15:39:14.236Z - info: [ui] [Welcome] kind Authentication is the same as Authentication. ignoring...
2025-12-21T15:41:38.902Z - info: [ui] [Welcome] kind Authentication is the same as Authentication. ignoring...
2025-12-21T15:41:44.330Z - info: [ui] [AppStore] loading 0 repositories from store
2025-12-21T15:41:44.351Z - info: [ui] [Welcome] no sign in step found. ignoring...
2025-12-21T15:41:44.362Z - info: [ui] [Welcome] no sign in step found. ignoring...
2025-12-21T15:41:44.364Z - info: [ui] launching: 3.4.13-linux1 (Linux 6.18.2-arch2-1)
2025-12-21T15:41:44.364Z - info: [ui] execPath: '/opt/github-desktop/github-desktop'
2025-12-21T15:41:44.380Z - info: [ui] [Welcome] no sign in step found. ignoring...
2025-12-21T15:41:44.395Z - info: [ui] [Welcome] no sign in step found. ignoring...
2025-12-21T15:41:44.412Z - info: [ui] [Welcome] no sign in step found. ignoring...
2025-12-21T15:41:46.229Z - info: [ui] [Welcome] advancing to step: SignInToDotComWithBrowser
2025-12-21T15:41:46.230Z - info: [ui] [SignInStore] initializing OAuth flow
2025-12-21T15:41:46.234Z - info: [main] opening in browser: https://github.com/login/oauth/authorize?client_id=3a723b10ac5575cc5bb9&scope=repo%20user%20workflow&state=9001db72-8b6b-4195-96f6-6662d3a89fcb
2025-12-21T15:41:46.234Z - info: [ui] [Welcome] current sign in state not found. ignoring...
2025-12-21T15:42:39.559Z - info: [ui] [AppStore] loading 0 repositories from store
2025-12-21T15:42:39.581Z - info: [ui] [Welcome] no sign in step found. ignoring...
2025-12-21T15:42:39.627Z - info: [ui] [Welcome] no sign in step found. ignoring...
2025-12-21T15:42:39.628Z - info: [ui] launching: 3.4.13-linux1 (Linux 6.18.2-arch2-1)
2025-12-21T15:42:39.628Z - info: [ui] execPath: '/opt/github-desktop/github-desktop'
2025-12-21T15:42:39.645Z - info: [ui] [Welcome] no sign in step found. ignoring...
2025-12-21T15:42:39.660Z - info: [ui] [Welcome] no sign in step found. ignoring...
2025-12-21T15:42:40.733Z - info: [ui] [Welcome] advancing to step: SignInToDotComWithBrowser
2025-12-21T15:42:40.734Z - info: [ui] [SignInStore] initializing OAuth flow
2025-12-21T15:42:40.740Z - info: [main] opening in browser: https://github.com/login/oauth/authorize?client_id=3a723b10ac5575cc5bb9&scope=repo%20user%20workflow&state=b5f26d65-6b90-4ec0-8ead-716576701f09
2025-12-21T15:42:40.740Z - info: [ui] [Welcome] current sign in state not found. ignoring...
2025-12-21T15:42:47.207Z - info: [main] Received possible protocol arguments: 4
2025-12-21T15:42:47.207Z - info: [main] Processing protocol url
2025-12-21T15:42:47.214Z - info: [ui] [Welcome] kind Authentication is the same as Authentication. ignoring...
2025-12-21T15:42:47.321Z - info: [main] Received possible protocol arguments: 2
2025-12-21T15:42:47.326Z - info: [main] Processing protocol url
2025-12-21T15:42:48.652Z - info: [ui] [SignInStore] account resolved
2025-12-21T15:42:48.653Z - info: [ui] [AppStore] adding account yukazakiri (Yuka) to store
2025-12-21T15:42:48.665Z - info: [ui] [Welcome] advancing to step: ConfigureGit
2025-12-21T15:42:48.709Z - info: [ui] [Welcome] no sign in step found. ignoring...
2025-12-21T15:42:49.426Z - info: [ui] Subscribed 'yukazakiri' to Alive channel
2025-12-21T15:43:07.706Z - info: [ui] credential-helper: found GitHub credential for https://github.com/ in store
2025-12-21T15:43:14.062Z - info: [ui] credential-helper: found GitHub credential for https://github.com/ in store
2025-12-21T15:43:25.884Z - info: [ui] Executing clone: git -c init.defaultBranch=main clone --recursive --progress -- https://github.com/dccp-developers/DccpAdminV3.git /home/admin/Documents/GitHub/DccpAdminV3 (took 18.589s)
2025-12-21T15:43:25.911Z - info: [ui] [AppStore] adding repository at /home/admin/Documents/GitHub/DccpAdminV3 to store
2025-12-21T15:43:45.736Z - info: [ui] [AppStore] loading 1 repositories from store
2025-12-21T15:43:45.738Z - info: [ui] [AppStore] found account: yukazakiri (Yuka)
2025-12-21T15:43:45.760Z - info: [ui] [BranchPruner] Last prune took place 20 seconds ago - skipping
2025-12-21T15:43:45.760Z - info: [ui] Subscribed 'yukazakiri' to Alive channel
2025-12-21T15:43:45.845Z - info: [ui] launching: 3.4.13-linux1 (Linux 6.18.2-arch2-1)
2025-12-21T15:43:45.845Z - info: [ui] execPath: '/opt/github-desktop/github-desktop'
2025-12-21T15:43:46.713Z - info: [ui] Stats reported.
2025-12-21T15:44:01.269Z - error: [ui] Failed to validate path: f
Error: ENOENT: no such file or directory, lstat 'f'
2025-12-21T15:44:06.606Z - info: [ui] credential-helper: found GitHub credential for https://github.com/ in store
2025-12-21T15:44:07.487Z - info: [ui] Executing fetch: git fetch --progress --prune --recurse-submodules=on-demand origin (took 1.300s)
2025-12-21T15:44:08.016Z - info: [ui] credential-helper: found GitHub credential for https://github.com/ in store
2025-12-21T15:44:08.740Z - info: [ui] Executing updateRemoteHEAD: git remote set-head -a origin (took 1.252s)
2025-12-21T15:44:10.459Z - info: [ui] [fetchAllRepoRulesets] unable to fetch all repo rulesets | repos/dccp-developers/DccpAdminV3/rulesets
Error: Upgrade to GitHub Pro or make this repository public to enable this feature.
    at Nt (/home/admin/webpack:/app/src/lib/http.ts:178:11)
    at Yn.fetchAllRepoRulesets (/home/admin/webpack:/app/src/lib/api.ts:1672:7)
    at Op.refreshBranchProtectionState (/home/admin/webpack:/app/src/lib/stores/app-store.ts:1248:15)
    at /home/admin/webpack:/app/src/lib/stores/app-store.ts:5216:32
    at Op.withPushPullFetch (/home/admin/webpack:/app/src/lib/stores/app-store.ts:4707:5)
    at Op.performFetch (/home/admin/webpack:/app/src/lib/stores/app-store.ts:5173:5)
    at Cw.performAndScheduleFetch (/home/admin/webpack:/app/src/lib/stores/helpers/background-fetcher.ts:92:7)
2025-12-21T15:44:11.264Z - info: [ui] [fetchRepoRulesForBranch] unable to fetch repo rules for branch: main | repos/dccp-developers/DccpAdminV3/rules/branches/main
Error: Upgrade to GitHub Pro or make this repository public to enable this feature.
    at Nt (/home/admin/webpack:/app/src/lib/http.ts:178:11)
    at Yn.fetchRepoRulesForBranch (/home/admin/webpack:/app/src/lib/api.ts:1651:7)
    at Op.refreshBranchProtectionState (/home/admin/webpack:/app/src/lib/stores/app-store.ts:1269:15)
    at /home/admin/webpack:/app/src/lib/stores/app-store.ts:5216:32
    at Op.withPushPullFetch (/home/admin/webpack:/app/src/lib/stores/app-store.ts:4707:5)
    at Op.performFetch (/home/admin/webpack:/app/src/lib/stores/app-store.ts:5173:5)
    at Cw.performAndScheduleFetch (/home/admin/webpack:/app/src/lib/stores/helpers/background-fetcher.ts:92:7)
