2025-12-25 13:59:48.111 [info] [main] Log level: Info
2025-12-25 13:59:48.111 [info] [main] Validating found git in: "git"
2025-12-25 13:59:48.111 [info] [main] Using git "2.52.0" from "git"
2025-12-25 13:59:48.111 [info] [Model][doInitialScan] Initial repository scan started
2025-12-25 13:59:48.111 [info] > git rev-parse --show-toplevel [18ms]
2025-12-25 13:59:48.111 [info] > git rev-parse --git-dir --git-common-dir --show-superproject-working-tree [6ms]
2025-12-25 13:59:48.111 [info] [Model][openRepository] Opened repository (path): /home/admin/Documents/GitHub/PhilexScholarV2
2025-12-25 13:59:48.111 [info] [Model][openRepository] Opened repository (real path): /home/admin/Documents/GitHub/PhilexScholarV2
2025-12-25 13:59:48.111 [info] [Model][openRepository] Opened repository (kind): repository
2025-12-25 13:59:48.111 [info] > git rev-parse --show-toplevel [20ms]
2025-12-25 13:59:48.111 [info] > git config --get commit.template [24ms]
2025-12-25 13:59:48.118 [info] > git rev-parse --show-toplevel [153ms]
2025-12-25 13:59:48.168 [info] > git for-each-ref --format=%(refname)%00%(upstream:short)%00%(objectname)%00%(upstream:track)%00%(upstream:remotename)%00%(upstream:remoteref) refs/heads/main refs/remotes/main [58ms]
2025-12-25 13:59:48.175 [warning] [Git][revParse] Unable to read file: ENOENT: no such file or directory, open '/home/admin/Documents/GitHub/PhilexScholarV2/.git/refs/remotes/origin/main'
2025-12-25 13:59:48.175 [info] > git rev-parse --show-toplevel [8ms]
2025-12-25 13:59:48.181 [info] > git rev-parse refs/remotes/origin/main [7ms]
2025-12-25 13:59:48.197 [info] > git for-each-ref --sort -committerdate --format %(refname)%00%(objectname)%00%(*objectname) [5ms]
2025-12-25 13:59:48.198 [info] > git rev-parse --show-toplevel [18ms]
2025-12-25 13:59:48.204 [info] > git rev-parse --show-toplevel [1ms]
2025-12-25 13:59:48.250 [info] > git rev-parse --show-toplevel [42ms]
2025-12-25 13:59:48.261 [info] > git status -z -uall [74ms]
2025-12-25 13:59:48.261 [info] > git rev-parse --show-toplevel [7ms]
2025-12-25 13:59:48.284 [info] > git for-each-ref --format=%(refname)%00%(upstream:short)%00%(objectname)%00%(upstream:track)%00%(upstream:remotename)%00%(upstream:remoteref) refs/heads/main refs/remotes/main [14ms]
2025-12-25 13:59:48.312 [info] > git config --get commit.template [29ms]
2025-12-25 13:59:48.312 [info] > git rev-parse --show-toplevel [34ms]
2025-12-25 13:59:48.325 [info] > git config --get --local branch.main.vscode-merge-base [36ms]
2025-12-25 13:59:48.340 [info] > git rev-parse --show-toplevel [20ms]
2025-12-25 13:59:48.372 [info] > git for-each-ref --format=%(refname)%00%(upstream:short)%00%(objectname)%00%(upstream:track)%00%(upstream:remotename)%00%(upstream:remoteref) refs/heads/main refs/remotes/main [34ms]
2025-12-25 13:59:48.372 [info] > git for-each-ref --format=%(refname)%00%(upstream:short)%00%(objectname)%00%(upstream:track)%00%(upstream:remotename)%00%(upstream:remoteref) refs/heads/origin/main refs/remotes/origin/main [38ms]
2025-12-25 13:59:48.386 [warning] [Git][revParse] Unable to read file: ENOENT: no such file or directory, open '/home/admin/Documents/GitHub/PhilexScholarV2/.git/refs/remotes/origin/main'
2025-12-25 13:59:48.388 [info] > git merge-base refs/heads/main refs/remotes/origin/main [11ms]
2025-12-25 13:59:48.393 [info] > git rev-parse --show-toplevel [26ms]
2025-12-25 13:59:48.400 [info] > git diff --name-status -z --diff-filter=ADMR --find-renames=50% 17e433e7cde4868bcd0f74eac4214b9ab8bac786...refs/remotes/origin/main -- [7ms]
2025-12-25 13:59:48.400 [info] > git rev-parse refs/remotes/origin/main [14ms]
2025-12-25 13:59:48.410 [info] > git rev-parse --show-toplevel [12ms]
2025-12-25 13:59:48.416 [info] > git for-each-ref --sort -committerdate --format %(refname)%00%(objectname)%00%(*objectname) [8ms]
2025-12-25 13:59:48.419 [info] > git rev-parse --show-toplevel [4ms]
2025-12-25 13:59:48.424 [info] > git rev-parse --show-toplevel [1ms]
2025-12-25 13:59:48.430 [info] > git rev-parse --show-toplevel [1ms]
2025-12-25 13:59:48.431 [info] [Model][doInitialScan] Initial repository scan completed - repositories (1), closed repositories (0), parent repositories (0), unsafe repositories (0)
2025-12-25 13:59:48.440 [info] > git status -z -uall [36ms]
2025-12-25 13:59:48.441 [info] > git show --textconv :database/seeders/DatabaseSeeder.php [4ms]
2025-12-25 13:59:48.443 [info] > git ls-files --stage -- database/seeders/DatabaseSeeder.php [3ms]
2025-12-25 13:59:48.450 [info] > git cat-file -s 5dd5969d40a2063dde6978863e3127fe62d2c60f [2ms]
2025-12-25 13:59:48.472 [info] > git check-ignore -v -z --stdin [2ms]
2025-12-25 13:59:48.535 [info] > git blame --root --incremental 17e433e7cde4868bcd0f74eac4214b9ab8bac786 -- database/seeders/DatabaseSeeder.php [4ms]
2025-12-25 13:59:49.670 [info] > git config --get commit.template [10ms]
2025-12-25 13:59:49.703 [info] > git for-each-ref --format=%(refname)%00%(upstream:short)%00%(objectname)%00%(upstream:track)%00%(upstream:remotename)%00%(upstream:remoteref) refs/heads/main refs/remotes/main [6ms]
2025-12-25 13:59:49.718 [warning] [Git][revParse] Unable to read file: ENOENT: no such file or directory, open '/home/admin/Documents/GitHub/PhilexScholarV2/.git/refs/remotes/origin/main'
2025-12-25 13:59:49.719 [info] > git rev-parse refs/remotes/origin/main [1ms]
2025-12-25 13:59:49.730 [info] > git for-each-ref --sort -committerdate --format %(refname)%00%(objectname)%00%(*objectname) [2ms]
2025-12-25 13:59:49.777 [info] > git status -z -uall [54ms]
2025-12-25 13:59:57.002 [info] [main] Log level: Info
2025-12-25 13:59:57.002 [info] [main] Validating found git in: "git"
2025-12-25 13:59:57.002 [info] [main] Using git "2.52.0" from "git"
2025-12-25 13:59:57.002 [info] [Model][doInitialScan] Initial repository scan started
2025-12-25 13:59:57.002 [info] > git rev-parse --show-toplevel [54ms]
2025-12-25 13:59:57.002 [info] > git rev-parse --git-dir --git-common-dir --show-superproject-working-tree [181ms]
2025-12-25 13:59:57.002 [info] [Model][openRepository] Opened repository (path): /home/admin/Documents/GitHub/DccpAdminV3
2025-12-25 13:59:57.002 [info] [Model][openRepository] Opened repository (real path): /home/admin/Documents/GitHub/DccpAdminV3
2025-12-25 13:59:57.002 [info] [Model][openRepository] Opened repository (kind): repository
2025-12-25 13:59:57.010 [info] > git rev-parse --show-toplevel [69ms]
2025-12-25 13:59:57.011 [info] > git config --get commit.template [87ms]
2025-12-25 13:59:57.351 [info] > git for-each-ref --format=%(refname)%00%(upstream:short)%00%(objectname)%00%(upstream:track)%00%(upstream:remotename)%00%(upstream:remoteref) refs/heads/main refs/remotes/main [39ms]
2025-12-25 13:59:57.442 [info] > git status -z -uall [24ms]
2025-12-25 13:59:57.442 [info] > git rev-parse --show-toplevel [2ms]
2025-12-25 13:59:57.443 [info] > git for-each-ref --sort -committerdate --format %(refname)%00%(objectname)%00%(*objectname) [19ms]
2025-12-25 13:59:57.490 [info] > git for-each-ref --format=%(refname)%00%(upstream:short)%00%(objectname)%00%(upstream:track)%00%(upstream:remotename)%00%(upstream:remoteref) refs/heads/main refs/remotes/main [27ms]
2025-12-25 13:59:57.520 [info] > git check-ignore -v -z --stdin [11ms]
2025-12-25 13:59:57.521 [info] > git config --get --local branch.main.vscode-merge-base [24ms]
2025-12-25 13:59:57.527 [info] > git config --get commit.template [41ms]
2025-12-25 13:59:57.527 [info] > git rev-parse --show-toplevel [48ms]
2025-12-25 13:59:57.633 [info] > git for-each-ref --format=%(refname)%00%(upstream:short)%00%(objectname)%00%(upstream:track)%00%(upstream:remotename)%00%(upstream:remoteref) refs/heads/origin/main refs/remotes/origin/main [107ms]
2025-12-25 13:59:57.680 [info] > git merge-base refs/heads/main refs/remotes/origin/main [40ms]
2025-12-25 13:59:57.685 [info] > git rev-parse --show-toplevel [56ms]
2025-12-25 13:59:57.695 [info] > git diff --name-status -z --diff-filter=ADMR --find-renames=50% 75b4abe2622aa4954739be88bbf2a0208d4abd14...refs/remotes/origin/main -- [10ms]
2025-12-25 13:59:57.696 [info] > git for-each-ref --format=%(refname)%00%(upstream:short)%00%(objectname)%00%(upstream:track)%00%(upstream:remotename)%00%(upstream:remoteref) refs/heads/main refs/remotes/main [17ms]
2025-12-25 13:59:57.700 [info] > git rev-parse --show-toplevel [6ms]
2025-12-25 13:59:57.734 [info] > git rev-parse --show-toplevel [13ms]
2025-12-25 13:59:57.932 [info] > git status -z -uall [176ms]
2025-12-25 13:59:57.932 [info] > git rev-parse --show-toplevel [163ms]
2025-12-25 13:59:57.933 [info] > git for-each-ref --sort -committerdate --format %(refname)%00%(objectname)%00%(*objectname) [170ms]
2025-12-25 13:59:58.191 [info] > git rev-parse --show-toplevel [242ms]
2025-12-25 13:59:58.217 [info] > git rev-parse --show-toplevel [15ms]
2025-12-25 13:59:58.246 [info] > git rev-parse --show-toplevel [24ms]
2025-12-25 13:59:58.253 [info] > git rev-parse --show-toplevel [2ms]
2025-12-25 13:59:58.261 [info] > git rev-parse --show-toplevel [2ms]
2025-12-25 13:59:58.814 [info] > git rev-parse --show-toplevel [548ms]
2025-12-25 13:59:58.820 [info] > git rev-parse --show-toplevel [1ms]
2025-12-25 13:59:58.826 [info] > git rev-parse --show-toplevel [1ms]
2025-12-25 13:59:58.831 [info] > git rev-parse --show-toplevel [1ms]
2025-12-25 13:59:58.836 [info] > git rev-parse --show-toplevel [1ms]
2025-12-25 13:59:58.842 [info] > git rev-parse --show-toplevel [1ms]
2025-12-25 13:59:58.847 [info] > git rev-parse --show-toplevel [1ms]
2025-12-25 13:59:58.856 [info] > git rev-parse --show-toplevel [5ms]
2025-12-25 13:59:58.862 [info] > git rev-parse --show-toplevel [1ms]
2025-12-25 13:59:58.868 [info] > git rev-parse --show-toplevel [1ms]
2025-12-25 13:59:58.876 [info] > git rev-parse --show-toplevel [3ms]
2025-12-25 13:59:58.882 [info] > git rev-parse --show-toplevel [1ms]
2025-12-25 13:59:58.888 [info] > git rev-parse --show-toplevel [1ms]
2025-12-25 13:59:58.895 [info] > git rev-parse --show-toplevel [1ms]
2025-12-25 13:59:58.896 [info] [Model][doInitialScan] Initial repository scan completed - repositories (1), closed repositories (0), parent repositories (0), unsafe repositories (0)
2025-12-25 13:59:58.910 [info] > git show --textconv :routes/web.php [8ms]
2025-12-25 13:59:58.910 [info] > git ls-files --stage -- routes/web.php [2ms]
2025-12-25 13:59:58.916 [info] > git cat-file -s 9306a7198d12343d3ca4d4a94d1f7fd23264ed71 [2ms]
2025-12-25 13:59:58.969 [info] > git blame --root --incremental 75b4abe2622aa4954739be88bbf2a0208d4abd14 -- routes/web.php [22ms]
2025-12-25 14:00:00.619 [info] > git config --get commit.template [6ms]
2025-12-25 14:00:00.655 [info] > git for-each-ref --format=%(refname)%00%(upstream:short)%00%(objectname)%00%(upstream:track)%00%(upstream:remotename)%00%(upstream:remoteref) refs/heads/main refs/remotes/main [8ms]
2025-12-25 14:00:00.687 [info] > git status -z -uall [26ms]
2025-12-25 14:00:00.687 [info] > git for-each-ref --sort -committerdate --format %(refname)%00%(objectname)%00%(*objectname) [22ms]
2025-12-25 14:01:02.275 [info] > git check-ignore -v -z --stdin [3ms]
2025-12-25 14:01:03.630 [info] > git config --get commit.template [1ms]
2025-12-25 14:01:03.638 [info] > git for-each-ref --format=%(refname)%00%(upstream:short)%00%(objectname)%00%(upstream:track)%00%(upstream:remotename)%00%(upstream:remoteref) refs/heads/main refs/remotes/main [1ms]
2025-12-25 14:01:03.657 [info] > git status -z -uall [11ms]
2025-12-25 14:01:03.665 [info] > git for-each-ref --sort -committerdate --format %(refname)%00%(objectname)%00%(*objectname) [10ms]
2025-12-25 14:01:10.380 [info] > git check-ignore -v -z --stdin [3ms]
2025-12-25 14:01:10.483 [info] > git show --textconv :resources/js/components/login-form.tsx [17ms]
2025-12-25 14:01:10.485 [info] > git ls-files --stage -- resources/js/components/login-form.tsx [6ms]
2025-12-25 14:01:10.500 [info] > git cat-file -s 30843bd4b9fa3b695d5e7acb3c0507a5a71cd9b7 [4ms]
2025-12-25 14:01:11.049 [info] > git check-ignore -v -z --stdin [6ms]
2025-12-25 14:01:15.410 [info] > git blame --root --incremental 75b4abe2622aa4954739be88bbf2a0208d4abd14 -- resources/js/components/login-form.tsx [17ms]
2025-12-25 14:01:22.933 [info] > git show --textconv :resources/js/components/ui/button.tsx [13ms]
2025-12-25 14:01:22.935 [info] > git ls-files --stage -- resources/js/components/ui/button.tsx [3ms]
2025-12-25 14:01:22.947 [info] > git cat-file -s 37a7d4b9a22718634d65c1559824f987a122eb68 [3ms]
2025-12-25 14:01:23.055 [info] > git blame --root --incremental 75b4abe2622aa4954739be88bbf2a0208d4abd14 -- resources/js/components/ui/button.tsx [14ms]
2025-12-25 14:01:23.485 [info] > git check-ignore -v -z --stdin [6ms]
2025-12-25 14:01:42.683 [info] > git config --get commit.template [8ms]
2025-12-25 14:01:42.683 [info] > git for-each-ref --format=%(refname)%00%(upstream:short)%00%(objectname)%00%(upstream:track)%00%(upstream:remotename)%00%(upstream:remoteref) refs/heads/main refs/remotes/main [1ms]
2025-12-25 14:01:42.699 [info] > git status -z -uall [9ms]
2025-12-25 14:01:42.700 [info] > git for-each-ref --sort -committerdate --format %(refname)%00%(objectname)%00%(*objectname) [4ms]
2025-12-25 14:01:47.715 [info] > git config --get commit.template [2ms]
2025-12-25 14:01:47.729 [info] > git for-each-ref --format=%(refname)%00%(upstream:short)%00%(objectname)%00%(upstream:track)%00%(upstream:remotename)%00%(upstream:remoteref) refs/heads/main refs/remotes/main [2ms]
2025-12-25 14:01:47.752 [info] > git status -z -uall [13ms]
2025-12-25 14:01:47.752 [info] > git for-each-ref --sort -committerdate --format %(refname)%00%(objectname)%00%(*objectname) [4ms]
2025-12-25 14:01:48.314 [info] > git show --textconv :resources/js/components/login-form.tsx [15ms]
2025-12-25 14:01:48.316 [info] > git ls-files --stage -- resources/js/components/login-form.tsx [3ms]
2025-12-25 14:01:48.330 [info] > git cat-file -s 30843bd4b9fa3b695d5e7acb3c0507a5a71cd9b7 [4ms]
2025-12-25 14:01:48.682 [info] > git check-ignore -v -z --stdin [2ms]
2025-12-25 14:01:49.975 [info] > git show --textconv :resources/js/components/ui/button.tsx [11ms]
2025-12-25 14:01:49.978 [info] > git ls-files --stage -- resources/js/components/ui/button.tsx [3ms]
2025-12-25 14:01:49.990 [info] > git cat-file -s 37a7d4b9a22718634d65c1559824f987a122eb68 [2ms]
2025-12-25 14:01:50.341 [info] > git check-ignore -v -z --stdin [4ms]
2025-12-25 14:02:01.891 [info] > git config --get commit.template [7ms]
2025-12-25 14:02:01.891 [info] > git for-each-ref --format=%(refname)%00%(upstream:short)%00%(objectname)%00%(upstream:track)%00%(upstream:remotename)%00%(upstream:remoteref) refs/heads/main refs/remotes/main [1ms]
2025-12-25 14:02:01.906 [info] > git status -z -uall [7ms]
2025-12-25 14:02:01.907 [info] > git for-each-ref --sort -committerdate --format %(refname)%00%(objectname)%00%(*objectname) [2ms]
2025-12-25 14:02:06.931 [info] > git config --get commit.template [9ms]
2025-12-25 14:02:06.932 [info] > git for-each-ref --format=%(refname)%00%(upstream:short)%00%(objectname)%00%(upstream:track)%00%(upstream:remotename)%00%(upstream:remoteref) refs/heads/main refs/remotes/main [2ms]
2025-12-25 14:02:06.955 [info] > git status -z -uall [13ms]
2025-12-25 14:02:06.956 [info] > git for-each-ref --sort -committerdate --format %(refname)%00%(objectname)%00%(*objectname) [4ms]
2025-12-25 14:02:37.122 [info] > git config --get commit.template [7ms]
2025-12-25 14:02:37.122 [info] > git for-each-ref --format=%(refname)%00%(upstream:short)%00%(objectname)%00%(upstream:track)%00%(upstream:remotename)%00%(upstream:remoteref) refs/heads/main refs/remotes/main [1ms]
2025-12-25 14:02:37.137 [info] > git status -z -uall [7ms]
2025-12-25 14:02:37.139 [info] > git for-each-ref --sort -committerdate --format %(refname)%00%(objectname)%00%(*objectname) [3ms]
2025-12-25 14:02:42.151 [info] > git config --get commit.template [1ms]
2025-12-25 14:02:42.159 [info] > git for-each-ref --format=%(refname)%00%(upstream:short)%00%(objectname)%00%(upstream:track)%00%(upstream:remotename)%00%(upstream:remoteref) refs/heads/main refs/remotes/main [1ms]
2025-12-25 14:02:42.173 [info] > git for-each-ref --sort -committerdate --format %(refname)%00%(objectname)%00%(*objectname) [2ms]
2025-12-25 14:02:42.174 [info] > git status -z -uall [8ms]
2025-12-25 14:02:47.200 [info] > git config --get commit.template [11ms]
2025-12-25 14:02:47.202 [info] > git for-each-ref --format=%(refname)%00%(upstream:short)%00%(objectname)%00%(upstream:track)%00%(upstream:remotename)%00%(upstream:remoteref) refs/heads/main refs/remotes/main [3ms]
2025-12-25 14:02:47.224 [info] > git status -z -uall [13ms]
2025-12-25 14:02:47.224 [info] > git for-each-ref --sort -committerdate --format %(refname)%00%(objectname)%00%(*objectname) [4ms]
2025-12-25 14:02:53.109 [info] > git config --get commit.template [2ms]
2025-12-25 14:02:53.126 [info] > git for-each-ref --format=%(refname)%00%(upstream:short)%00%(objectname)%00%(upstream:track)%00%(upstream:remotename)%00%(upstream:remoteref) refs/heads/main refs/remotes/main [3ms]
2025-12-25 14:02:53.154 [info] > git status -z -uall [16ms]
2025-12-25 14:02:53.154 [info] > git for-each-ref --sort -committerdate --format %(refname)%00%(objectname)%00%(*objectname) [5ms]
2025-12-25 14:02:58.174 [info] > git config --get commit.template [3ms]
2025-12-25 14:02:58.185 [info] > git for-each-ref --format=%(refname)%00%(upstream:short)%00%(objectname)%00%(upstream:track)%00%(upstream:remotename)%00%(upstream:remoteref) refs/heads/main refs/remotes/main [2ms]
2025-12-25 14:02:58.208 [info] > git status -z -uall [12ms]
2025-12-25 14:02:58.209 [info] > git for-each-ref --sort -committerdate --format %(refname)%00%(objectname)%00%(*objectname) [4ms]
2025-12-25 14:03:35.388 [info] > git config --get commit.template [10ms]
2025-12-25 14:03:35.389 [info] > git for-each-ref --format=%(refname)%00%(upstream:short)%00%(objectname)%00%(upstream:track)%00%(upstream:remotename)%00%(upstream:remoteref) refs/heads/main refs/remotes/main [2ms]
2025-12-25 14:03:35.411 [info] > git status -z -uall [13ms]
2025-12-25 14:03:35.413 [info] > git for-each-ref --sort -committerdate --format %(refname)%00%(objectname)%00%(*objectname) [5ms]
2025-12-25 14:03:38.869 [info] > git show --textconv :resources/js/components/ui/animated-theme-toggler.tsx [10ms]
2025-12-25 14:03:38.871 [info] > git ls-files --stage -- resources/js/components/ui/animated-theme-toggler.tsx [3ms]
2025-12-25 14:03:38.884 [info] > git cat-file -s 226c9b5331dc83bf73c0529b421e8238e7f175a7 [2ms]
2025-12-25 14:03:40.441 [info] > git config --get commit.template [11ms]
2025-12-25 14:03:40.443 [info] > git for-each-ref --format=%(refname)%00%(upstream:short)%00%(objectname)%00%(upstream:track)%00%(upstream:remotename)%00%(upstream:remoteref) refs/heads/main refs/remotes/main [3ms]
2025-12-25 14:03:40.466 [info] > git for-each-ref --sort -committerdate --format %(refname)%00%(objectname)%00%(*objectname) [3ms]
2025-12-25 14:03:40.471 [info] > git status -z -uall [18ms]
2025-12-25 14:03:47.453 [info] > git blame --root --incremental 75b4abe2622aa4954739be88bbf2a0208d4abd14 -- resources/js/components/ui/animated-theme-toggler.tsx [7ms]
2025-12-25 14:03:55.425 [info] > git show --textconv :resources/js/components/ui/animated-background.tsx [10ms]
2025-12-25 14:03:55.426 [info] > git ls-files --stage -- resources/js/components/ui/animated-background.tsx [2ms]
2025-12-25 14:03:55.439 [info] > git cat-file -s 6693a5792430b68a022b788b610926dc229525fd [2ms]
2025-12-25 14:03:58.981 [info] > git show --textconv :resources/js/components/ui/animated-theme-toggler.tsx [13ms]
2025-12-25 14:03:58.983 [info] > git ls-files --stage -- resources/js/components/ui/animated-theme-toggler.tsx [3ms]
2025-12-25 14:03:58.994 [info] > git cat-file -s 226c9b5331dc83bf73c0529b421e8238e7f175a7 [2ms]
2025-12-25 14:04:58.234 [info] > git config --get commit.template [42ms]
2025-12-25 14:04:58.271 [info] > git for-each-ref --format=%(refname)%00%(upstream:short)%00%(objectname)%00%(upstream:track)%00%(upstream:remotename)%00%(upstream:remoteref) refs/heads/main refs/remotes/main [65ms]
2025-12-25 14:04:58.290 [info] > git status -z -uall [9ms]
2025-12-25 14:04:58.290 [info] > git for-each-ref --sort -committerdate --format %(refname)%00%(objectname)%00%(*objectname) [2ms]
2025-12-25 14:05:06.295 [info] > git config --get commit.template [13ms]
2025-12-25 14:05:06.296 [info] > git for-each-ref --format=%(refname)%00%(upstream:short)%00%(objectname)%00%(upstream:track)%00%(upstream:remotename)%00%(upstream:remoteref) refs/heads/main refs/remotes/main [2ms]
2025-12-25 14:05:06.319 [info] > git status -z -uall [13ms]
2025-12-25 14:05:06.321 [info] > git for-each-ref --sort -committerdate --format %(refname)%00%(objectname)%00%(*objectname) [4ms]
2025-12-25 14:05:12.547 [info] > git show --textconv :app/Http/Controllers/EnrollmentRegistrationController.php [13ms]
2025-12-25 14:05:12.548 [info] > git ls-files --stage -- app/Http/Controllers/EnrollmentRegistrationController.php [2ms]
2025-12-25 14:05:12.560 [info] > git cat-file -s 8b2017c8725df9d9f79c06ffa6039465a3988df4 [3ms]
2025-12-25 14:05:13.111 [info] > git check-ignore -v -z --stdin [4ms]
2025-12-25 14:05:20.070 [info] > git show --textconv :routes/web/enrollment.php [11ms]
2025-12-25 14:05:20.073 [info] > git ls-files --stage -- routes/web/enrollment.php [4ms]
2025-12-25 14:05:20.087 [info] > git cat-file -s 12e37be3a2af2b0162bc3323c9b229703a9f8c76 [2ms]
2025-12-25 14:05:20.537 [info] > git check-ignore -v -z --stdin [4ms]
2025-12-25 14:05:24.519 [info] > git show --textconv :routes/web/administrators.php [15ms]
2025-12-25 14:05:24.521 [info] > git ls-files --stage -- routes/web/administrators.php [4ms]
2025-12-25 14:05:24.536 [info] > git cat-file -s c6d50d5715d1a8754cb56bc9f17ca92289c0cd68 [3ms]
2025-12-25 14:05:53.270 [info] > git blame --root --incremental 75b4abe2622aa4954739be88bbf2a0208d4abd14 -- routes/web/administrators.php [11ms]
2025-12-25 14:06:53.392 [info] > git show --textconv :app/Http/Controllers/AdministratorEnrollmentManagementController.php [7ms]
2025-12-25 14:06:53.393 [info] > git ls-files --stage -- app/Http/Controllers/AdministratorEnrollmentManagementController.php [2ms]
2025-12-25 14:06:53.400 [info] > git cat-file -s 468ce2dd7104f379c307dda9f497d37259d0c0d5 [1ms]
2025-12-25 14:06:53.421 [info] > git blame --root --incremental 75b4abe2622aa4954739be88bbf2a0208d4abd14 -- app/Http/Controllers/AdministratorEnrollmentManagementController.php [9ms]
2025-12-25 14:06:53.745 [info] > git check-ignore -v -z --stdin [2ms]
2025-12-25 14:07:22.698 [info] > git config --get commit.template [3ms]
2025-12-25 14:07:22.709 [info] > git for-each-ref --format=%(refname)%00%(upstream:short)%00%(objectname)%00%(upstream:track)%00%(upstream:remotename)%00%(upstream:remoteref) refs/heads/main refs/remotes/main [1ms]
2025-12-25 14:07:22.741 [info] > git status -z -uall [22ms]
2025-12-25 14:07:22.741 [info] > git for-each-ref --sort -committerdate --format %(refname)%00%(objectname)%00%(*objectname) [13ms]
2025-12-25 14:07:41.021 [info] > git config --get commit.template [11ms]
2025-12-25 14:07:41.030 [info] > git for-each-ref --format=%(refname)%00%(upstream:short)%00%(objectname)%00%(upstream:track)%00%(upstream:remotename)%00%(upstream:remoteref) refs/heads/main refs/remotes/main [10ms]
2025-12-25 14:07:41.050 [info] > git for-each-ref --sort -committerdate --format %(refname)%00%(objectname)%00%(*objectname) [3ms]
2025-12-25 14:07:41.051 [info] > git status -z -uall [12ms]
2025-12-25 14:07:46.249 [info] > git config --get commit.template [8ms]
2025-12-25 14:07:46.250 [info] > git for-each-ref --format=%(refname)%00%(upstream:short)%00%(objectname)%00%(upstream:track)%00%(upstream:remotename)%00%(upstream:remoteref) refs/heads/main refs/remotes/main [1ms]
2025-12-25 14:07:46.264 [info] > git status -z -uall [7ms]
2025-12-25 14:07:46.266 [info] > git for-each-ref --sort -committerdate --format %(refname)%00%(objectname)%00%(*objectname) [2ms]
2025-12-25 14:07:55.919 [info] > git config --get commit.template [6ms]
2025-12-25 14:07:55.920 [info] > git for-each-ref --format=%(refname)%00%(upstream:short)%00%(objectname)%00%(upstream:track)%00%(upstream:remotename)%00%(upstream:remoteref) refs/heads/main refs/remotes/main [1ms]
2025-12-25 14:07:55.933 [info] > git status -z -uall [8ms]
2025-12-25 14:07:55.933 [info] > git for-each-ref --sort -committerdate --format %(refname)%00%(objectname)%00%(*objectname) [2ms]
2025-12-25 14:08:01.304 [info] > git config --get commit.template [10ms]
2025-12-25 14:08:01.305 [info] > git for-each-ref --format=%(refname)%00%(upstream:short)%00%(objectname)%00%(upstream:track)%00%(upstream:remotename)%00%(upstream:remoteref) refs/heads/main refs/remotes/main [2ms]
2025-12-25 14:08:01.331 [info] > git status -z -uall [15ms]
2025-12-25 14:08:01.332 [info] > git for-each-ref --sort -committerdate --format %(refname)%00%(objectname)%00%(*objectname) [5ms]
2025-12-25 14:08:16.868 [info] > git config --get commit.template [13ms]
2025-12-25 14:08:16.869 [info] > git for-each-ref --format=%(refname)%00%(upstream:short)%00%(objectname)%00%(upstream:track)%00%(upstream:remotename)%00%(upstream:remoteref) refs/heads/main refs/remotes/main [2ms]
2025-12-25 14:08:16.893 [info] > git status -z -uall [13ms]
2025-12-25 14:08:16.897 [info] > git for-each-ref --sort -committerdate --format %(refname)%00%(objectname)%00%(*objectname) [5ms]
2025-12-25 14:08:21.906 [info] > git config --get commit.template [0ms]
2025-12-25 14:08:21.912 [info] > git for-each-ref --format=%(refname)%00%(upstream:short)%00%(objectname)%00%(upstream:track)%00%(upstream:remotename)%00%(upstream:remoteref) refs/heads/main refs/remotes/main [1ms]
2025-12-25 14:08:21.924 [info] > git for-each-ref --sort -committerdate --format %(refname)%00%(objectname)%00%(*objectname) [1ms]
2025-12-25 14:08:21.925 [info] > git status -z -uall [7ms]
2025-12-25 14:08:34.929 [info] > git config --get commit.template [2ms]
2025-12-25 14:08:34.941 [info] > git for-each-ref --format=%(refname)%00%(upstream:short)%00%(objectname)%00%(upstream:track)%00%(upstream:remotename)%00%(upstream:remoteref) refs/heads/main refs/remotes/main [2ms]
2025-12-25 14:08:34.962 [info] > git status -z -uall [13ms]
2025-12-25 14:08:34.964 [info] > git for-each-ref --sort -committerdate --format %(refname)%00%(objectname)%00%(*objectname) [3ms]
2025-12-25 14:08:43.689 [info] > git config --get commit.template [12ms]
2025-12-25 14:08:43.691 [info] > git for-each-ref --format=%(refname)%00%(upstream:short)%00%(objectname)%00%(upstream:track)%00%(upstream:remotename)%00%(upstream:remoteref) refs/heads/main refs/remotes/main [2ms]
2025-12-25 14:08:43.717 [info] > git for-each-ref --sort -committerdate --format %(refname)%00%(objectname)%00%(*objectname) [3ms]
2025-12-25 14:08:43.719 [info] > git status -z -uall [17ms]
2025-12-25 14:08:49.179 [info] > git config --get commit.template [12ms]
2025-12-25 14:08:49.180 [info] > git for-each-ref --format=%(refname)%00%(upstream:short)%00%(objectname)%00%(upstream:track)%00%(upstream:remotename)%00%(upstream:remoteref) refs/heads/main refs/remotes/main [2ms]
2025-12-25 14:08:49.204 [info] > git status -z -uall [13ms]
2025-12-25 14:08:49.205 [info] > git for-each-ref --sort -committerdate --format %(refname)%00%(objectname)%00%(*objectname) [3ms]
2025-12-25 14:08:54.835 [info] > git config --get commit.template [10ms]
2025-12-25 14:08:54.836 [info] > git for-each-ref --format=%(refname)%00%(upstream:short)%00%(objectname)%00%(upstream:track)%00%(upstream:remotename)%00%(upstream:remoteref) refs/heads/main refs/remotes/main [2ms]
2025-12-25 14:08:54.860 [info] > git status -z -uall [12ms]
2025-12-25 14:08:54.862 [info] > git for-each-ref --sort -committerdate --format %(refname)%00%(objectname)%00%(*objectname) [5ms]
2025-12-25 14:09:01.668 [info] > git config --get commit.template [0ms]
2025-12-25 14:09:01.676 [info] > git for-each-ref --format=%(refname)%00%(upstream:short)%00%(objectname)%00%(upstream:track)%00%(upstream:remotename)%00%(upstream:remoteref) refs/heads/main refs/remotes/main [2ms]
2025-12-25 14:09:01.690 [info] > git for-each-ref --sort -committerdate --format %(refname)%00%(objectname)%00%(*objectname) [2ms]
2025-12-25 14:09:01.691 [info] > git status -z -uall [9ms]
2025-12-25 14:09:10.034 [info] > git config --get commit.template [1ms]
2025-12-25 14:09:10.040 [info] > git for-each-ref --format=%(refname)%00%(upstream:short)%00%(objectname)%00%(upstream:track)%00%(upstream:remotename)%00%(upstream:remoteref) refs/heads/main refs/remotes/main [1ms]
2025-12-25 14:09:10.053 [info] > git for-each-ref --sort -committerdate --format %(refname)%00%(objectname)%00%(*objectname) [2ms]
2025-12-25 14:09:10.053 [info] > git status -z -uall [7ms]
2025-12-25 14:09:17.555 [info] > git config --get commit.template [14ms]
2025-12-25 14:09:17.557 [info] > git for-each-ref --format=%(refname)%00%(upstream:short)%00%(objectname)%00%(upstream:track)%00%(upstream:remotename)%00%(upstream:remoteref) refs/heads/main refs/remotes/main [4ms]
2025-12-25 14:09:17.585 [info] > git for-each-ref --sort -committerdate --format %(refname)%00%(objectname)%00%(*objectname) [4ms]
2025-12-25 14:09:17.594 [info] > git status -z -uall [23ms]
2025-12-25 14:10:20.654 [info] > git config --get commit.template [2ms]
2025-12-25 14:10:20.673 [info] > git for-each-ref --format=%(refname)%00%(upstream:short)%00%(objectname)%00%(upstream:track)%00%(upstream:remotename)%00%(upstream:remoteref) refs/heads/main refs/remotes/main [2ms]
2025-12-25 14:10:20.697 [info] > git status -z -uall [12ms]
2025-12-25 14:10:20.702 [info] > git for-each-ref --sort -committerdate --format %(refname)%00%(objectname)%00%(*objectname) [6ms]
2025-12-25 14:10:25.741 [info] > git config --get commit.template [13ms]
2025-12-25 14:10:25.743 [info] > git for-each-ref --format=%(refname)%00%(upstream:short)%00%(objectname)%00%(upstream:track)%00%(upstream:remotename)%00%(upstream:remoteref) refs/heads/main refs/remotes/main [3ms]
2025-12-25 14:10:25.798 [info] > git status -z -uall [13ms]
2025-12-25 14:10:25.800 [info] > git for-each-ref --sort -committerdate --format %(refname)%00%(objectname)%00%(*objectname) [5ms]
2025-12-25 14:14:16.239 [info] > git config --get commit.template [12ms]
2025-12-25 14:14:16.241 [info] > git for-each-ref --format=%(refname)%00%(upstream:short)%00%(objectname)%00%(upstream:track)%00%(upstream:remotename)%00%(upstream:remoteref) refs/heads/main refs/remotes/main [3ms]
2025-12-25 14:14:16.265 [info] > git for-each-ref --sort -committerdate --format %(refname)%00%(objectname)%00%(*objectname) [4ms]
2025-12-25 14:14:16.267 [info] > git status -z -uall [14ms]
2025-12-25 14:16:46.454 [info] > git config --get commit.template [9ms]
2025-12-25 14:16:46.456 [info] > git for-each-ref --format=%(refname)%00%(upstream:short)%00%(objectname)%00%(upstream:track)%00%(upstream:remotename)%00%(upstream:remoteref) refs/heads/main refs/remotes/main [5ms]
2025-12-25 14:16:46.478 [info] > git status -z -uall [14ms]
2025-12-25 14:16:46.484 [info] > git for-each-ref --sort -committerdate --format %(refname)%00%(objectname)%00%(*objectname) [13ms]
2025-12-25 14:16:51.509 [info] > git config --get commit.template [9ms]
2025-12-25 14:16:51.511 [info] > git for-each-ref --format=%(refname)%00%(upstream:short)%00%(objectname)%00%(upstream:track)%00%(upstream:remotename)%00%(upstream:remoteref) refs/heads/main refs/remotes/main [3ms]
2025-12-25 14:16:51.530 [info] > git for-each-ref --sort -committerdate --format %(refname)%00%(objectname)%00%(*objectname) [4ms]
2025-12-25 14:16:51.560 [info] > git status -z -uall [41ms]
2025-12-25 14:30:58.699 [info] > git config --get commit.template [9ms]
2025-12-25 14:30:58.701 [info] > git for-each-ref --format=%(refname)%00%(upstream:short)%00%(objectname)%00%(upstream:track)%00%(upstream:remotename)%00%(upstream:remoteref) refs/heads/main refs/remotes/main [5ms]
2025-12-25 14:30:58.720 [info] > git status -z -uall [11ms]
2025-12-25 14:30:58.730 [info] > git for-each-ref --sort -committerdate --format %(refname)%00%(objectname)%00%(*objectname) [14ms]
2025-12-25 14:37:44.010 [info] > git config --get commit.template [19ms]
2025-12-25 14:37:44.015 [info] > git for-each-ref --format=%(refname)%00%(upstream:short)%00%(objectname)%00%(upstream:track)%00%(upstream:remotename)%00%(upstream:remoteref) refs/heads/main refs/remotes/main [15ms]
2025-12-25 14:37:44.059 [info] > git status -z -uall [29ms]
2025-12-25 14:37:44.070 [info] > git for-each-ref --sort -committerdate --format %(refname)%00%(objectname)%00%(*objectname) [26ms]
2025-12-25 14:40:04.385 [info] > git config --get commit.template [7ms]
2025-12-25 14:40:04.388 [info] > git for-each-ref --format=%(refname)%00%(upstream:short)%00%(objectname)%00%(upstream:track)%00%(upstream:remotename)%00%(upstream:remoteref) refs/heads/main refs/remotes/main [4ms]
2025-12-25 14:40:04.404 [info] > git status -z -uall [9ms]
2025-12-25 14:40:04.409 [info] > git for-each-ref --sort -committerdate --format %(refname)%00%(objectname)%00%(*objectname) [6ms]
2025-12-25 14:42:48.321 [info] > git config --get commit.template [10ms]
2025-12-25 14:42:48.323 [info] > git for-each-ref --format=%(refname)%00%(upstream:short)%00%(objectname)%00%(upstream:track)%00%(upstream:remotename)%00%(upstream:remoteref) refs/heads/main refs/remotes/main [5ms]
2025-12-25 14:42:48.343 [info] > git status -z -uall [11ms]
2025-12-25 14:42:48.351 [info] > git for-each-ref --sort -committerdate --format %(refname)%00%(objectname)%00%(*objectname) [12ms]
2025-12-25 14:47:53.690 [info] > git config --get commit.template [7ms]
2025-12-25 14:47:53.704 [info] > git for-each-ref --format=%(refname)%00%(upstream:short)%00%(objectname)%00%(upstream:track)%00%(upstream:remotename)%00%(upstream:remoteref) refs/heads/main refs/remotes/main [5ms]
2025-12-25 14:47:53.726 [info] > git status -z -uall [16ms]
2025-12-25 14:47:53.733 [info] > git for-each-ref --sort -committerdate --format %(refname)%00%(objectname)%00%(*objectname) [16ms]
2025-12-25 15:11:55.139 [info] > git config --get commit.template [15ms]
2025-12-25 15:11:55.147 [info] > git for-each-ref --format=%(refname)%00%(upstream:short)%00%(objectname)%00%(upstream:track)%00%(upstream:remotename)%00%(upstream:remoteref) refs/heads/main refs/remotes/main [11ms]
2025-12-25 15:11:55.203 [info] > git status -z -uall [42ms]
2025-12-25 15:11:55.217 [info] > git for-each-ref --sort -committerdate --format %(refname)%00%(objectname)%00%(*objectname) [38ms]
2025-12-25 15:12:00.258 [info] > git config --get commit.template [15ms]
2025-12-25 15:12:00.258 [info] > git for-each-ref --format=%(refname)%00%(upstream:short)%00%(objectname)%00%(upstream:track)%00%(upstream:remotename)%00%(upstream:remoteref) refs/heads/main refs/remotes/main [3ms]
2025-12-25 15:12:00.280 [info] > git status -z -uall [11ms]
2025-12-25 15:12:00.281 [info] > git for-each-ref --sort -committerdate --format %(refname)%00%(objectname)%00%(*objectname) [3ms]
2025-12-25 15:12:10.451 [info] > git config --get commit.template [40ms]
2025-12-25 15:12:10.469 [info] > git for-each-ref --format=%(refname)%00%(upstream:short)%00%(objectname)%00%(upstream:track)%00%(upstream:remotename)%00%(upstream:remoteref) refs/heads/main refs/remotes/main [4ms]
2025-12-25 15:12:10.494 [info] > git status -z -uall [14ms]
2025-12-25 15:12:10.497 [info] > git for-each-ref --sort -committerdate --format %(refname)%00%(objectname)%00%(*objectname) [5ms]
2025-12-25 15:12:20.728 [info] > git config --get commit.template [17ms]
2025-12-25 15:12:20.742 [info] > git for-each-ref --format=%(refname)%00%(upstream:short)%00%(objectname)%00%(upstream:track)%00%(upstream:remotename)%00%(upstream:remoteref) refs/heads/main refs/remotes/main [4ms]
2025-12-25 15:12:20.766 [info] > git for-each-ref --sort -committerdate --format %(refname)%00%(objectname)%00%(*objectname) [4ms]
2025-12-25 15:12:20.772 [info] > git status -z -uall [19ms]
