2025-12-25 13:59:47.901 [info] Reading sessions from keychain...
2025-12-25 13:59:47.901 [info] Got stored sessions!
2025-12-25 13:59:47.901 [info] Got 1 verified sessions.
2025-12-25 13:59:47.901 [info] Getting sessions for all scopes...
2025-12-25 13:59:47.901 [info] Got 1 sessions for ...
2025-12-25 13:59:47.901 [info] Getting sessions for all scopes...
2025-12-25 13:59:47.901 [info] Got 1 sessions for ...
2025-12-25 13:59:47.901 [info] Getting sessions for all scopes...
2025-12-25 13:59:47.901 [info] Got 1 sessions for ...
2025-12-25 13:59:47.901 [info] Getting sessions for all scopes...
2025-12-25 13:59:47.901 [info] Got 1 sessions for ...
2025-12-25 13:59:47.901 [info] Getting sessions for all scopes...
2025-12-25 13:59:47.901 [info] Got 1 sessions for ...
2025-12-25 13:59:47.901 [info] Getting sessions for all scopes...
2025-12-25 13:59:47.901 [info] Got 1 sessions for ...
2025-12-25 13:59:47.901 [info] Getting sessions for all scopes...
2025-12-25 13:59:47.901 [info] Got 1 sessions for ...
2025-12-25 13:59:47.901 [info] Getting sessions for all scopes...
2025-12-25 13:59:47.901 [info] Got 1 sessions for ...
2025-12-25 13:59:47.901 [info] Getting sessions for all scopes...
2025-12-25 13:59:47.901 [info] Got 1 sessions for ...
2025-12-25 13:59:47.901 [info] Getting sessions for all scopes...
2025-12-25 13:59:47.901 [info] Got 1 sessions for ...
2025-12-25 13:59:47.901 [info] Getting sessions for all scopes...
2025-12-25 13:59:47.901 [info] Got 1 sessions for ...
2025-12-25 13:59:47.901 [info] Getting sessions for all scopes...
2025-12-25 13:59:47.901 [info] Got 1 sessions for ...
2025-12-25 13:59:47.901 [info] Getting sessions for all scopes...
2025-12-25 13:59:47.901 [info] Got 1 sessions for ...
2025-12-25 13:59:47.901 [info] Getting sessions for all scopes...
2025-12-25 13:59:47.901 [info] Got 1 sessions for ...
2025-12-25 13:59:47.901 [info] Getting sessions for all scopes...
2025-12-25 13:59:47.901 [info] Got 1 sessions for ...
2025-12-25 13:59:47.901 [info] Getting sessions for all scopes...
2025-12-25 13:59:47.901 [info] Got 1 sessions for ...
2025-12-25 13:59:47.901 [info] Getting sessions for all scopes...
2025-12-25 13:59:47.901 [info] Got 1 sessions for ...
2025-12-25 13:59:47.901 [info] Getting sessions for all scopes...
2025-12-25 13:59:47.901 [info] Got 1 sessions for ...
2025-12-25 13:59:47.901 [info] Getting sessions for read:user,repo,user:email,workflow...
2025-12-25 13:59:47.901 [info] Got 1 sessions for read:user,repo,user:email,workflow...
2025-12-25 13:59:48.209 [info] Getting sessions for all scopes...
2025-12-25 13:59:48.209 [info] Got 1 sessions for ...
2025-12-25 13:59:48.314 [info] Getting sessions for read:user,repo,user:email,workflow...
2025-12-25 13:59:48.314 [info] Got 1 sessions for read:user,repo,user:email,workflow...
2025-12-25 13:59:48.471 [info] Getting sessions for read:user,repo,user:email,workflow...
2025-12-25 13:59:48.471 [info] Got 1 sessions for read:user,repo,user:email,workflow...
2025-12-25 13:59:48.569 [info] Getting sessions for all scopes...
2025-12-25 13:59:48.569 [info] Got 1 sessions for ...
2025-12-25 13:59:49.115 [info] Getting sessions for all scopes...
2025-12-25 13:59:49.115 [info] Got 1 sessions for ...
2025-12-25 13:59:49.115 [info] Getting sessions for all scopes...
2025-12-25 13:59:49.115 [info] Got 1 sessions for ...
2025-12-25 13:59:49.115 [info] Getting sessions for all scopes...
2025-12-25 13:59:49.115 [info] Got 1 sessions for ...
2025-12-25 13:59:49.117 [info] Getting sessions for all scopes...
2025-12-25 13:59:49.117 [info] Got 1 sessions for ...
2025-12-25 13:59:49.117 [info] Getting sessions for all scopes...
2025-12-25 13:59:49.117 [info] Got 1 sessions for ...
2025-12-25 13:59:49.118 [info] Getting sessions for read:user,repo,user:email,workflow...
2025-12-25 13:59:49.118 [info] Got 1 sessions for read:user,repo,user:email,workflow...
2025-12-25 13:59:49.598 [info] Getting sessions for all scopes...
2025-12-25 13:59:49.598 [info] Got 1 sessions for ...
2025-12-25 13:59:49.598 [info] Getting sessions for all scopes...
2025-12-25 13:59:49.598 [info] Got 1 sessions for ...
2025-12-25 13:59:49.604 [info] Getting sessions for read:user,repo,user:email,workflow...
2025-12-25 13:59:49.604 [info] Got 1 sessions for read:user,repo,user:email,workflow...
2025-12-25 13:59:49.661 [info] FetcherService: Electron fetch failed with status: 429 
2025-12-25 13:59:49.669 [info] Getting sessions for all scopes...
2025-12-25 13:59:49.669 [info] Got 1 sessions for ...
2025-12-25 13:59:49.687 [info] Getting sessions for all scopes...
2025-12-25 13:59:49.687 [info] Got 1 sessions for ...
2025-12-25 13:59:49.687 [info] Getting sessions for all scopes...
2025-12-25 13:59:49.687 [info] Got 1 sessions for ...
2025-12-25 13:59:49.691 [info] Getting sessions for all scopes...
2025-12-25 13:59:49.691 [info] Got 1 sessions for ...
2025-12-25 13:59:49.719 [info] Getting sessions for read:user,repo,user:email,workflow...
2025-12-25 13:59:49.719 [info] Got 1 sessions for read:user,repo,user:email,workflow...
2025-12-25 13:59:49.785 [info] Getting sessions for all scopes...
2025-12-25 13:59:49.785 [info] Got 1 sessions for ...
2025-12-25 13:59:49.785 [info] Getting sessions for read:user,repo,user:email,workflow...
2025-12-25 13:59:49.785 [info] Got 1 sessions for read:user,repo,user:email,workflow...
2025-12-25 13:59:50.566 [info] FetcherService: Node fetch failed with status: 429 Too Many Requests
2025-12-25 13:59:51.409 [info] FetcherService: Node http/s failed with status: 429 Too Many Requests
2025-12-25 13:59:56.395 [info] Reading sessions from keychain...
2025-12-25 13:59:56.395 [info] Got stored sessions!
2025-12-25 13:59:56.395 [info] Got 1 verified sessions.
2025-12-25 13:59:56.395 [info] Getting sessions for all scopes...
2025-12-25 13:59:56.395 [info] Got 1 sessions for ...
2025-12-25 13:59:56.395 [info] Getting sessions for all scopes...
2025-12-25 13:59:56.395 [info] Got 1 sessions for ...
2025-12-25 13:59:56.395 [info] Getting sessions for all scopes...
2025-12-25 13:59:56.395 [info] Got 1 sessions for ...
2025-12-25 13:59:56.395 [info] Getting sessions for all scopes...
2025-12-25 13:59:56.395 [info] Got 1 sessions for ...
2025-12-25 13:59:56.395 [info] Getting sessions for all scopes...
2025-12-25 13:59:56.395 [info] Got 1 sessions for ...
2025-12-25 13:59:56.395 [info] Getting sessions for all scopes...
2025-12-25 13:59:56.395 [info] Got 1 sessions for ...
2025-12-25 13:59:56.395 [info] Getting sessions for all scopes...
2025-12-25 13:59:56.395 [info] Got 1 sessions for ...
2025-12-25 13:59:56.395 [info] Getting sessions for all scopes...
2025-12-25 13:59:56.395 [info] Got 1 sessions for ...
2025-12-25 13:59:56.395 [info] Getting sessions for all scopes...
2025-12-25 13:59:56.395 [info] Got 1 sessions for ...
2025-12-25 13:59:56.395 [info] Getting sessions for all scopes...
2025-12-25 13:59:56.395 [info] Got 1 sessions for ...
2025-12-25 13:59:56.395 [info] Getting sessions for all scopes...
2025-12-25 13:59:56.395 [info] Got 1 sessions for ...
2025-12-25 13:59:56.395 [info] Getting sessions for all scopes...
2025-12-25 13:59:56.395 [info] Got 1 sessions for ...
2025-12-25 13:59:56.395 [info] Getting sessions for all scopes...
2025-12-25 13:59:56.395 [info] Got 1 sessions for ...
2025-12-25 13:59:56.395 [info] Getting sessions for all scopes...
2025-12-25 13:59:56.395 [info] Got 1 sessions for ...
2025-12-25 13:59:56.395 [info] Getting sessions for all scopes...
2025-12-25 13:59:56.395 [info] Got 1 sessions for ...
2025-12-25 13:59:56.395 [info] Getting sessions for all scopes...
2025-12-25 13:59:56.395 [info] Got 1 sessions for ...
2025-12-25 13:59:56.395 [info] Getting sessions for all scopes...
2025-12-25 13:59:56.395 [info] Got 1 sessions for ...
2025-12-25 13:59:56.395 [info] Getting sessions for all scopes...
2025-12-25 13:59:56.395 [info] Got 1 sessions for ...
2025-12-25 13:59:56.395 [info] Getting sessions for all scopes...
2025-12-25 13:59:56.395 [info] Got 1 sessions for ...
2025-12-25 13:59:56.568 [info] Getting sessions for read:user,repo,user:email,workflow...
2025-12-25 13:59:56.568 [info] Got 1 sessions for read:user,repo,user:email,workflow...
2025-12-25 13:59:57.304 [info] FetcherService: Electron fetch failed with status: 429 
2025-12-25 13:59:57.370 [info] Getting sessions for all scopes...
2025-12-25 13:59:57.370 [info] Got 1 sessions for ...
2025-12-25 13:59:57.371 [info] Getting sessions for all scopes...
2025-12-25 13:59:57.371 [info] Got 1 sessions for ...
2025-12-25 13:59:57.371 [info] Getting sessions for all scopes...
2025-12-25 13:59:57.371 [info] Got 1 sessions for ...
2025-12-25 13:59:57.428 [info] Getting sessions for read:user,repo,user:email,workflow...
2025-12-25 13:59:57.428 [info] Got 1 sessions for read:user,repo,user:email,workflow...
2025-12-25 13:59:57.623 [info] Getting sessions for read:user,repo,user:email,workflow...
2025-12-25 13:59:57.623 [info] Got 1 sessions for read:user,repo,user:email,workflow...
2025-12-25 13:59:58.804 [info] FetcherService: Node fetch failed with status: 429 Too Many Requests
2025-12-25 13:59:58.916 [info] Getting sessions for all scopes...
2025-12-25 13:59:58.916 [info] Got 1 sessions for ...
2025-12-25 13:59:58.917 [info] Getting sessions for all scopes...
2025-12-25 13:59:58.917 [info] Got 1 sessions for ...
2025-12-25 13:59:58.917 [info] Getting sessions for all scopes...
2025-12-25 13:59:58.917 [info] Got 1 sessions for ...
2025-12-25 13:59:58.921 [info] Getting sessions for read:user,repo,user:email,workflow...
2025-12-25 13:59:58.921 [info] Got 1 sessions for read:user,repo,user:email,workflow...
2025-12-25 14:00:00.544 [info] Getting sessions for all scopes...
2025-12-25 14:00:00.544 [info] Got 1 sessions for ...
2025-12-25 14:00:00.544 [info] Getting sessions for all scopes...
2025-12-25 14:00:00.544 [info] Got 1 sessions for ...
2025-12-25 14:00:00.552 [info] Getting sessions for read:user,repo,user:email,workflow...
2025-12-25 14:00:00.552 [info] Got 1 sessions for read:user,repo,user:email,workflow...
2025-12-25 14:00:00.620 [info] Getting sessions for all scopes...
2025-12-25 14:00:00.620 [info] Got 1 sessions for ...
2025-12-25 14:00:00.641 [info] Getting sessions for all scopes...
2025-12-25 14:00:00.641 [info] Got 1 sessions for ...
2025-12-25 14:00:00.641 [info] Getting sessions for all scopes...
2025-12-25 14:00:00.641 [info] Got 1 sessions for ...
2025-12-25 14:00:00.642 [info] Getting sessions for all scopes...
2025-12-25 14:00:00.642 [info] Got 1 sessions for ...
2025-12-25 14:00:00.691 [info] Getting sessions for all scopes...
2025-12-25 14:00:00.691 [info] Got 1 sessions for ...
2025-12-25 14:00:00.692 [info] Getting sessions for read:user,repo,user:email,workflow...
2025-12-25 14:00:00.692 [info] Got 1 sessions for read:user,repo,user:email,workflow...
2025-12-25 14:00:06.672 [info] FetcherService: Electron fetch failed with status: 429 
2025-12-25 14:00:06.672 [info] FetcherService: using Node http/s from now on
2025-12-25 14:01:37.508 [info] Getting sessions for all scopes...
2025-12-25 14:01:37.508 [info] Got 1 sessions for ...
2025-12-25 14:01:37.516 [info] Getting sessions for all scopes...
2025-12-25 14:01:37.516 [info] Got 1 sessions for ...
2025-12-25 14:09:59.699 [info] Getting sessions for all scopes...
2025-12-25 14:09:59.701 [info] Got 1 sessions for ...
2025-12-25 14:09:59.703 [info] Getting sessions for read:user,repo,user:email,workflow...
2025-12-25 14:09:59.703 [info] Got 1 sessions for read:user,repo,user:email,workflow...
2025-12-25 14:55:02.010 [info] Getting sessions for all scopes...
2025-12-25 14:55:02.012 [info] Got 1 sessions for ...
2025-12-25 14:55:02.018 [info] Getting sessions for read:user,repo,user:email,workflow...
2025-12-25 14:55:02.018 [info] Got 1 sessions for read:user,repo,user:email,workflow...
2025-12-25 14:55:03.515 [info] Getting sessions for all scopes...
2025-12-25 14:55:03.515 [info] Got 1 sessions for ...
2025-12-25 14:55:03.518 [info] Getting sessions for all scopes...
2025-12-25 14:55:03.518 [info] Got 1 sessions for ...
2025-12-25 14:55:03.524 [info] Getting sessions for read:user,repo,user:email,workflow...
2025-12-25 14:55:03.524 [info] Got 1 sessions for read:user,repo,user:email,workflow...
2025-12-25 14:55:03.545 [info] Getting sessions for all scopes...
2025-12-25 14:55:03.546 [info] Got 1 sessions for ...
2025-12-25 14:55:03.548 [info] Getting sessions for read:user,repo,user:email,workflow...
2025-12-25 14:55:03.548 [info] Got 1 sessions for read:user,repo,user:email,workflow...
2025-12-25 14:55:04.241 [info] Getting sessions for all scopes...
2025-12-25 14:55:04.241 [info] Got 1 sessions for ...
2025-12-25 14:55:04.244 [info] Getting sessions for read:user,repo,user:email,workflow...
2025-12-25 14:55:04.244 [info] Got 1 sessions for read:user,repo,user:email,workflow...
