2025-12-31 13:20:22.046 [info] [main] Log level: Info
2025-12-31 13:20:22.046 [info] [main] Validating found git in: "git"
2025-12-31 13:20:22.046 [info] [main] Using git "2.52.0" from "git"
2025-12-31 13:20:22.046 [info] [Model][doInitialScan] Initial repository scan started
2025-12-31 13:20:22.046 [info] > git rev-parse --show-toplevel [75ms]
2025-12-31 13:20:22.046 [info] > git rev-parse --git-dir --git-common-dir --show-superproject-working-tree [153ms]
2025-12-31 13:20:22.046 [info] [Model][openRepository] Opened repository (path): /home/admin/Documents/GitHub/DccpAdminV3
2025-12-31 13:20:22.046 [info] [Model][openRepository] Opened repository (real path): /home/admin/Documents/GitHub/DccpAdminV3
2025-12-31 13:20:22.046 [info] [Model][openRepository] Opened repository (kind): repository
2025-12-31 13:20:22.059 [info] > git rev-parse --show-toplevel [108ms]
2025-12-31 13:20:22.060 [info] > git config --get commit.template [116ms]
2025-12-31 13:20:22.185 [info] > git for-each-ref --format=%(refname)%00%(upstream:short)%00%(objectname)%00%(upstream:track)%00%(upstream:remotename)%00%(upstream:remoteref) refs/heads/main refs/remotes/main [8ms]
2025-12-31 13:20:22.215 [info] > git for-each-ref --sort -committerdate --format %(refname)%00%(objectname)%00%(*objectname) [7ms]
2025-12-31 13:20:22.243 [info] > git status -z -uall [44ms]
2025-12-31 13:20:22.273 [info] > git for-each-ref --format=%(refname)%00%(upstream:short)%00%(objectname)%00%(upstream:track)%00%(upstream:remotename)%00%(upstream:remoteref) refs/heads/main refs/remotes/main [9ms]
2025-12-31 13:20:22.281 [info] > git config --get --local branch.main.vscode-merge-base [2ms]
2025-12-31 13:20:22.288 [info] > git config --get commit.template [15ms]
2025-12-31 13:20:22.290 [info] > git for-each-ref --format=%(refname)%00%(upstream:short)%00%(objectname)%00%(upstream:track)%00%(upstream:remotename)%00%(upstream:remoteref) refs/heads/origin/main refs/remotes/origin/main [3ms]
2025-12-31 13:20:22.350 [info] > git merge-base refs/heads/main refs/remotes/origin/main [54ms]
2025-12-31 13:20:22.392 [info] > git diff --name-status -z --diff-filter=ADMR --find-renames=50% d349a8a476c61d171f5a50483a817442048b48c5...refs/remotes/origin/main -- [37ms]
2025-12-31 13:20:22.393 [info] > git for-each-ref --format=%(refname)%00%(upstream:short)%00%(objectname)%00%(upstream:track)%00%(upstream:remotename)%00%(upstream:remoteref) refs/heads/main refs/remotes/main [60ms]
2025-12-31 13:20:22.567 [info] > git status -z -uall [148ms]
2025-12-31 13:20:22.568 [info] > git for-each-ref --sort -committerdate --format %(refname)%00%(objectname)%00%(*objectname) [144ms]
2025-12-31 13:20:22.644 [info] > git rev-parse --show-toplevel [77ms]
2025-12-31 13:20:22.685 [info] > git check-ignore -v -z --stdin [33ms]
2025-12-31 13:20:22.758 [info] > git rev-parse --show-toplevel [86ms]
2025-12-31 13:20:22.843 [info] > git rev-parse --show-toplevel [32ms]
2025-12-31 13:20:22.853 [info] > git rev-parse --show-toplevel [3ms]
2025-12-31 13:20:22.861 [info] > git rev-parse --show-toplevel [2ms]
2025-12-31 13:20:22.868 [info] > git rev-parse --show-toplevel [1ms]
2025-12-31 13:20:22.877 [info] > git rev-parse --show-toplevel [2ms]
2025-12-31 13:20:22.885 [info] > git rev-parse --show-toplevel [2ms]
2025-12-31 13:20:22.893 [info] > git rev-parse --show-toplevel [2ms]
2025-12-31 13:20:22.901 [info] > git rev-parse --show-toplevel [2ms]
2025-12-31 13:20:22.910 [info] > git rev-parse --show-toplevel [2ms]
2025-12-31 13:20:22.917 [info] > git rev-parse --show-toplevel [1ms]
2025-12-31 13:20:22.925 [info] > git rev-parse --show-toplevel [1ms]
2025-12-31 13:20:22.933 [info] > git rev-parse --show-toplevel [1ms]
2025-12-31 13:20:22.942 [info] > git rev-parse --show-toplevel [2ms]
2025-12-31 13:20:22.951 [info] > git rev-parse --show-toplevel [2ms]
2025-12-31 13:20:22.960 [info] > git rev-parse --show-toplevel [3ms]
2025-12-31 13:20:22.969 [info] > git rev-parse --show-toplevel [1ms]
2025-12-31 13:20:22.978 [info] > git rev-parse --show-toplevel [2ms]
2025-12-31 13:20:22.986 [info] > git rev-parse --show-toplevel [2ms]
2025-12-31 13:20:22.995 [info] > git rev-parse --show-toplevel [1ms]
2025-12-31 13:20:23.003 [info] > git rev-parse --show-toplevel [2ms]
2025-12-31 13:20:23.011 [info] > git rev-parse --show-toplevel [2ms]
2025-12-31 13:20:23.025 [info] > git rev-parse --show-toplevel [3ms]
2025-12-31 13:20:23.042 [info] > git rev-parse --show-toplevel [11ms]
2025-12-31 13:20:23.045 [info] [Model][doInitialScan] Initial repository scan completed - repositories (1), closed repositories (0), parent repositories (0), unsafe repositories (0)
2025-12-31 13:20:23.061 [info] > git show --textconv :app/Http/Controllers/AdministratorEnrollmentManagementController.php [8ms]
2025-12-31 13:20:23.068 [info] > git ls-files --stage -- app/Http/Controllers/AdministratorEnrollmentManagementController.php [8ms]
2025-12-31 13:20:23.090 [info] > git cat-file -s 6eb66faeea2a469df4132701e96f8349f8b90dc4 [16ms]
2025-12-31 13:20:23.293 [info] > git blame --root --incremental d349a8a476c61d171f5a50483a817442048b48c5 -- app/Http/Controllers/AdministratorEnrollmentManagementController.php [81ms]
2025-12-31 13:20:26.352 [info] > git config --get commit.template [9ms]
2025-12-31 13:20:26.383 [info] > git for-each-ref --format=%(refname)%00%(upstream:short)%00%(objectname)%00%(upstream:track)%00%(upstream:remotename)%00%(upstream:remoteref) refs/heads/main refs/remotes/main [12ms]
2025-12-31 13:20:26.434 [info] > git status -z -uall [41ms]
2025-12-31 13:20:26.434 [info] > git for-each-ref --sort -committerdate --format %(refname)%00%(objectname)%00%(*objectname) [34ms]
2025-12-31 13:23:46.363 [info] > git config --get commit.template [15ms]
2025-12-31 13:23:46.365 [info] > git for-each-ref --format=%(refname)%00%(upstream:short)%00%(objectname)%00%(upstream:track)%00%(upstream:remotename)%00%(upstream:remoteref) refs/heads/main refs/remotes/main [5ms]
2025-12-31 13:23:46.401 [info] > git for-each-ref --sort -committerdate --format %(refname)%00%(objectname)%00%(*objectname) [11ms]
2025-12-31 13:23:46.416 [info] > git status -z -uall [38ms]
2025-12-31 13:23:51.448 [info] > git config --get commit.template [12ms]
2025-12-31 13:23:51.449 [info] > git for-each-ref --format=%(refname)%00%(upstream:short)%00%(objectname)%00%(upstream:track)%00%(upstream:remotename)%00%(upstream:remoteref) refs/heads/main refs/remotes/main [3ms]
2025-12-31 13:23:51.517 [info] > git for-each-ref --sort -committerdate --format %(refname)%00%(objectname)%00%(*objectname) [6ms]
2025-12-31 13:23:51.533 [info] > git status -z -uall [33ms]
2025-12-31 13:34:47.955 [info] > git config --get commit.template [8ms]
2025-12-31 13:34:47.957 [info] > git for-each-ref --format=%(refname)%00%(upstream:short)%00%(objectname)%00%(upstream:track)%00%(upstream:remotename)%00%(upstream:remoteref) refs/heads/main refs/remotes/main [4ms]
2025-12-31 13:34:47.992 [info] > git for-each-ref --sort -committerdate --format %(refname)%00%(objectname)%00%(*objectname) [20ms]
2025-12-31 13:34:47.995 [info] > git status -z -uall [30ms]
2025-12-31 13:35:43.975 [info] > git config --get commit.template [22ms]
2025-12-31 13:35:43.981 [info] > git for-each-ref --format=%(refname)%00%(upstream:short)%00%(objectname)%00%(upstream:track)%00%(upstream:remotename)%00%(upstream:remoteref) refs/heads/main refs/remotes/main [8ms]
2025-12-31 13:35:44.019 [info] > git for-each-ref --sort -committerdate --format %(refname)%00%(objectname)%00%(*objectname) [11ms]
2025-12-31 13:35:44.033 [info] > git status -z -uall [39ms]
2025-12-31 13:39:17.652 [info] > git config --get commit.template [14ms]
2025-12-31 13:39:17.656 [info] > git for-each-ref --format=%(refname)%00%(upstream:short)%00%(objectname)%00%(upstream:track)%00%(upstream:remotename)%00%(upstream:remoteref) refs/heads/main refs/remotes/main [6ms]
2025-12-31 13:39:17.690 [info] > git for-each-ref --sort -committerdate --format %(refname)%00%(objectname)%00%(*objectname) [12ms]
2025-12-31 13:39:17.704 [info] > git status -z -uall [37ms]
2025-12-31 14:07:58.603 [info] > git config --get commit.template [14ms]
2025-12-31 14:07:58.607 [info] > git for-each-ref --format=%(refname)%00%(upstream:short)%00%(objectname)%00%(upstream:track)%00%(upstream:remotename)%00%(upstream:remoteref) refs/heads/main refs/remotes/main [7ms]
2025-12-31 14:07:58.647 [info] > git for-each-ref --sort -committerdate --format %(refname)%00%(objectname)%00%(*objectname) [20ms]
2025-12-31 14:07:58.660 [info] > git status -z -uall [43ms]
2025-12-31 14:19:00.447 [info] > git check-ignore -v -z --stdin [4ms]
