2026-01-06 10:48:53.981 [info] [main] Log level: Info
2026-01-06 10:48:53.981 [info] [main] Validating found git in: "git"
2026-01-06 10:48:53.981 [info] [main] Using git "2.52.0" from "git"
2026-01-06 10:48:53.981 [info] [Model][doInitialScan] Initial repository scan started
2026-01-06 10:48:53.981 [info] > git rev-parse --show-toplevel [36ms]
2026-01-06 10:48:53.981 [info] > git rev-parse --git-dir --git-common-dir --show-superproject-working-tree [689ms]
2026-01-06 10:48:53.981 [info] [Model][openRepository] Opened repository (path): /home/admin/Documents/GitHub/DccpAdminV3
2026-01-06 10:48:53.981 [info] [Model][openRepository] Opened repository (real path): /home/admin/Documents/GitHub/DccpAdminV3
2026-01-06 10:48:53.981 [info] [Model][openRepository] Opened repository (kind): repository
2026-01-06 10:48:54.015 [info] > git rev-parse --show-toplevel [371ms]
2026-01-06 10:48:54.022 [info] > git config --get commit.template [388ms]
2026-01-06 10:48:54.688 [info] > git for-each-ref --format=%(refname)%00%(upstream:short)%00%(objectname)%00%(upstream:track)%00%(upstream:remotename)%00%(upstream:remoteref) refs/heads/main refs/remotes/main [105ms]
2026-01-06 10:48:55.024 [info] > git check-ignore -v -z --stdin [314ms]
2026-01-06 10:48:55.169 [info] > git status -z -uall [80ms]
2026-01-06 10:48:55.169 [info] > git for-each-ref --sort -committerdate --format %(refname)%00%(objectname)%00%(*objectname) [73ms]
2026-01-06 10:48:55.211 [info] > git for-each-ref --format=%(refname)%00%(upstream:short)%00%(objectname)%00%(upstream:track)%00%(upstream:remotename)%00%(upstream:remoteref) refs/heads/main refs/remotes/main [22ms]
2026-01-06 10:48:55.238 [info] > git config --get --local branch.main.vscode-merge-base [19ms]
2026-01-06 10:48:55.245 [info] > git config --get commit.template [47ms]
2026-01-06 10:48:55.250 [info] > git for-each-ref --format=%(refname)%00%(upstream:short)%00%(objectname)%00%(upstream:track)%00%(upstream:remotename)%00%(upstream:remoteref) refs/heads/origin/main refs/remotes/origin/main [5ms]
2026-01-06 10:48:55.269 [info] > git merge-base refs/heads/main refs/remotes/origin/main [11ms]
2026-01-06 10:48:55.296 [info] > git diff --name-status -z --diff-filter=ADMR --find-renames=50% b07276d6b3d745f0c72fe97573a4ed4b06243a17...refs/remotes/origin/main -- [18ms]
2026-01-06 10:48:55.297 [info] > git for-each-ref --format=%(refname)%00%(upstream:short)%00%(objectname)%00%(upstream:track)%00%(upstream:remotename)%00%(upstream:remoteref) refs/heads/main refs/remotes/main [29ms]
2026-01-06 10:48:55.341 [info] > git status -z -uall [20ms]
2026-01-06 10:48:55.342 [info] > git for-each-ref --sort -committerdate --format %(refname)%00%(objectname)%00%(*objectname) [13ms]
2026-01-06 10:48:55.352 [info] > git rev-parse --show-toplevel [12ms]
2026-01-06 10:48:55.366 [info] > git rev-parse --show-toplevel [4ms]
2026-01-06 10:48:55.376 [info] > git rev-parse --show-toplevel [1ms]
2026-01-06 10:48:55.386 [info] > git rev-parse --show-toplevel [2ms]
2026-01-06 10:48:55.740 [info] > git rev-parse --show-toplevel [345ms]
2026-01-06 10:48:55.793 [info] > git log --format=%H%n%aN%n%aE%n%at%n%ct%n%P%n%D%n%B -z --shortstat --diff-merges=first-parent -n50 --skip=0 --topo-order --decorate=full --stdin [500ms]
2026-01-06 10:48:56.216 [info] > git rev-parse --show-toplevel [452ms]
2026-01-06 10:48:56.299 [info] > git check-ignore -v -z --stdin [72ms]
2026-01-06 10:48:56.302 [info] > git rev-parse --show-toplevel [35ms]
2026-01-06 10:48:56.534 [info] > git rev-parse --show-toplevel [177ms]
2026-01-06 10:48:56.547 [info] > git rev-parse --show-toplevel [5ms]
2026-01-06 10:48:56.555 [info] > git rev-parse --show-toplevel [2ms]
2026-01-06 10:48:56.563 [info] > git rev-parse --show-toplevel [1ms]
2026-01-06 10:48:56.664 [info] > git rev-parse --show-toplevel [93ms]
2026-01-06 10:48:56.709 [info] > git rev-parse --show-toplevel [20ms]
2026-01-06 10:48:56.726 [info] > git rev-parse --show-toplevel [3ms]
2026-01-06 10:48:56.751 [info] > git rev-parse --show-toplevel [15ms]
2026-01-06 10:48:56.777 [info] > git diff -- app/Http/Controllers/AdministratorEnrollmentManagementController.php [29ms]
2026-01-06 10:48:56.802 [info] > git rev-parse --show-toplevel [30ms]
2026-01-06 10:48:56.825 [info] > git diff -- app/Http/Controllers/AdministratorSchedulingAnalyticsController.php [38ms]
2026-01-06 10:48:56.872 [info] > git diff -- app/Http/Controllers/ProfileController.php [39ms]
2026-01-06 10:48:56.880 [info] > git rev-parse --show-toplevel [60ms]
2026-01-06 10:48:56.897 [info] > git diff -- app/Models/StudentEnrollment.php [17ms]
2026-01-06 10:48:56.908 [info] > git rev-parse --show-toplevel [12ms]
2026-01-06 10:48:56.918 [info] > git diff -- app/Models/Transaction.php [12ms]
2026-01-06 10:48:56.930 [info] > git rev-parse --show-toplevel [12ms]
2026-01-06 10:48:56.940 [info] > git diff -- app/Models/User.php [13ms]
2026-01-06 10:48:56.950 [info] > git rev-parse --show-toplevel [12ms]
2026-01-06 10:48:56.985 [info] > git rev-parse --show-toplevel [21ms]
2026-01-06 10:48:56.996 [info] > git rev-parse --show-toplevel [2ms]
2026-01-06 10:48:56.997 [info] > git diff -- public/build/manifest.json [48ms]
2026-01-06 10:48:57.019 [info] > git rev-parse --show-toplevel [3ms]
2026-01-06 10:48:57.019 [info] > git diff -- resources/js/components/ui/button.tsx [13ms]
2026-01-06 10:48:57.045 [info] > git diff -- resources/js/pages/administrators/enrollments/columns.tsx [18ms]
2026-01-06 10:48:57.057 [info] > git rev-parse --show-toplevel [18ms]
2026-01-06 10:48:57.072 [info] > git rev-parse --show-toplevel [2ms]
2026-01-06 10:48:57.074 [info] [Model][doInitialScan] Initial repository scan completed - repositories (1), closed repositories (0), parent repositories (0), unsafe repositories (0)
2026-01-06 10:48:57.096 [info] > git diff -- resources/js/pages/administrators/enrollments/data-table.tsx [40ms]
2026-01-06 10:48:57.122 [info] > git show --textconv :app/Http/Controllers/AdministratorEnrollmentManagementController.php [37ms]
2026-01-06 10:48:57.122 [info] > git ls-files --stage -- app/Http/Controllers/AdministratorEnrollmentManagementController.php [28ms]
2026-01-06 10:48:57.137 [info] > git cat-file -s 08459dd8ffc276aa4afa573ec41694b1b9e0b543 [8ms]
2026-01-06 10:48:57.138 [info] > git config --get commit.template [18ms]
2026-01-06 10:48:57.138 [info] > git diff -- resources/js/pages/administrators/enrollments/index.tsx [32ms]
2026-01-06 10:48:57.163 [info] > git diff -- resources/js/pages/administrators/enrollments/show.tsx [15ms]
2026-01-06 10:48:57.175 [info] > git for-each-ref --format=%(refname)%00%(upstream:short)%00%(objectname)%00%(upstream:track)%00%(upstream:remotename)%00%(upstream:remoteref) refs/heads/main refs/remotes/main [15ms]
2026-01-06 10:48:57.201 [info] > git diff -- resources/js/pages/administrators/scheduling-analytics.tsx [27ms]
2026-01-06 10:48:57.212 [info] > git status -z -uall [24ms]
2026-01-06 10:48:57.213 [info] > git for-each-ref --sort -committerdate --format %(refname)%00%(objectname)%00%(*objectname) [15ms]
2026-01-06 10:48:57.227 [info] > git diff -- resources/js/pages/administrators/students/show.tsx [15ms]
2026-01-06 10:48:57.263 [info] > git check-ignore -v -z --stdin [17ms]
2026-01-06 10:48:57.264 [info] > git diff -- resources/js/pages/student/classes/index.tsx [28ms]
2026-01-06 10:48:57.289 [info] > git diff -- routes/web/administrators.php [14ms]
2026-01-06 10:48:57.306 [info] > git diff -- tests/Feature/SchedulingAnalyticsTest.php [8ms]
2026-01-06 10:48:57.336 [info] > git blame --root --incremental ad070dda6bf750e3bd534c73eb2fee656dfa5235 -- app/Http/Controllers/AdministratorEnrollmentManagementController.php [11ms]
2026-01-06 10:48:57.394 [info] > git log --format=%H%n%aN%n%aE%n%at%n%ct%n%P%n%D%n%B -z -n5 [5ms]
2026-01-06 10:48:57.408 [info] > git config --get --local user.name [1ms]
2026-01-06 10:48:57.408 [warning] [Git][config] git config failed: Failed to execute git
2026-01-06 10:48:57.423 [info] > git log --format=%H%n%aN%n%aE%n%at%n%ct%n%P%n%D%n%B -z -n5 [4ms]
2026-01-06 10:48:58.028 [info] > git merge-base main origin/main [3ms]
2026-01-06 10:51:44.255 [info] > git show --textconv HEAD:routes/web/administrators.php [18ms]
2026-01-06 10:51:44.255 [info] > git ls-tree -l HEAD -- routes/web/administrators.php [4ms]
2026-01-06 10:51:44.694 [info] > git blame --root --incremental ad070dda6bf750e3bd534c73eb2fee656dfa5235 -- routes/web/administrators.php [19ms]
2026-01-06 10:51:44.772 [info] > git check-ignore -v -z --stdin [5ms]
2026-01-06 10:51:46.417 [info] > git add -A -- . [134ms]
2026-01-06 10:51:46.586 [info] > git -c user.useConfigOnly=true commit --quiet --allow-empty-message --file - [157ms]
2026-01-06 10:51:46.604 [info] > git config --get commit.template [2ms]
2026-01-06 10:51:46.637 [info] > git config --get commit.template [17ms]
2026-01-06 10:51:46.637 [info] > git for-each-ref --format=%(refname)%00%(upstream:short)%00%(objectname)%00%(upstream:track)%00%(upstream:remotename)%00%(upstream:remoteref) refs/heads/main refs/remotes/main [4ms]
2026-01-06 10:51:46.665 [info] > git status -z -uall [16ms]
2026-01-06 10:51:46.670 [info] > git for-each-ref --sort -committerdate --format %(refname)%00%(objectname)%00%(*objectname) [8ms]
2026-01-06 10:51:46.718 [info] > git merge-base refs/heads/main refs/remotes/origin/main [17ms]
2026-01-06 10:51:46.732 [info] > git blame --root --incremental f71467edfb281acaf6b8b5d407869b24a1ee4559 -- routes/web/administrators.php [45ms]
2026-01-06 10:51:46.736 [info] > git show -s --decorate=full --shortstat --format=%H%n%aN%n%aE%n%at%n%ct%n%P%n%D%n%B -z f71467edfb281acaf6b8b5d407869b24a1ee4559 -- [23ms]
2026-01-06 10:51:46.751 [info] > git diff --name-status -z --diff-filter=ADMR --find-renames=50% b07276d6b3d745f0c72fe97573a4ed4b06243a17...refs/remotes/origin/main -- [20ms]
2026-01-06 10:51:46.794 [info] > git config --get commit.template [2ms]
2026-01-06 10:51:46.810 [info] > git for-each-ref --format=%(refname)%00%(upstream:short)%00%(objectname)%00%(upstream:track)%00%(upstream:remotename)%00%(upstream:remoteref) refs/heads/main refs/remotes/main [2ms]
2026-01-06 10:51:46.843 [info] > git for-each-ref --sort -committerdate --format %(refname)%00%(objectname)%00%(*objectname) [4ms]
2026-01-06 10:51:46.847 [info] > git status -z -uall [22ms]
2026-01-06 10:51:47.031 [info] > git log --format=%H%n%aN%n%aE%n%at%n%ct%n%P%n%D%n%B -z --shortstat --diff-merges=first-parent -n50 --skip=0 --topo-order --decorate=full --stdin [282ms]
2026-01-06 10:51:47.098 [info] > git merge-base main origin/main [4ms]
2026-01-06 10:51:47.719 [info] > git ls-tree -l HEAD -- routes/web/administrators.php [4ms]
2026-01-06 10:51:47.743 [info] > git show --textconv HEAD:routes/web/administrators.php [5ms]
2026-01-06 10:51:49.022 [info] > git log --oneline --cherry main...main@{upstream} -- [5ms]
2026-01-06 10:51:49.062 [info] > git ls-tree -l HEAD -- routes/web/administrators.php [6ms]
2026-01-06 10:51:50.261 [info] > git ls-tree -l HEAD -- routes/web/administrators.php [3ms]
2026-01-06 10:51:50.280 [info] > git show --textconv HEAD:routes/web/administrators.php [3ms]
2026-01-06 10:51:51.186 [info] > git pull --tags origin main [2152ms]
2026-01-06 10:51:51.186 [info] /.codespaces/bin/gitcredential_github.sh get: line 1: /.codespaces/bin/gitcredential_github.sh: No such file or directory
/.codespaces/bin/gitcredential_github.sh store: line 1: /.codespaces/bin/gitcredential_github.sh: No such file or directory
From https://github.com/dccp-developers/DccpAdminV3
 * branch            main            -> FETCH_HEAD
 * [new tag]         v1.49.0-dev.2.1 -> v1.49.0-dev.2.1
   b07276d..f2ad95b  main            -> origin/main
2026-01-06 10:51:52.448 [info] > git ls-tree -l HEAD -- routes/web/administrators.php [3ms]
2026-01-06 10:51:52.468 [info] > git show --textconv HEAD:routes/web/administrators.php [4ms]
2026-01-06 10:51:54.975 [info] > git push origin main:main [3776ms]
2026-01-06 10:51:54.975 [info] /.codespaces/bin/gitcredential_github.sh get: line 1: /.codespaces/bin/gitcredential_github.sh: No such file or directory
/.codespaces/bin/gitcredential_github.sh store: line 1: /.codespaces/bin/gitcredential_github.sh: No such file or directory
/.codespaces/bin/gitcredential_github.sh get: line 1: /.codespaces/bin/gitcredential_github.sh: No such file or directory
/.codespaces/bin/gitcredential_github.sh store: line 1: /.codespaces/bin/gitcredential_github.sh: No such file or directory
remote: 
remote: GitHub found 9 vulnerabilities on dccp-developers/DccpAdminV3's default branch (2 high, 1 moderate, 6 low). To find out more, visit:        
remote:      https://github.com/dccp-developers/DccpAdminV3/security/dependabot        
remote: 
To https://github.com/dccp-developers/DccpAdminV3.git
   f2ad95b..4ddd5f0  main -> main
2026-01-06 10:51:55.002 [info] > git config --get commit.template [15ms]
2026-01-06 10:51:55.004 [info] > git for-each-ref --format=%(refname)%00%(upstream:short)%00%(objectname)%00%(upstream:track)%00%(upstream:remotename)%00%(upstream:remoteref) refs/heads/main refs/remotes/main [3ms]
2026-01-06 10:51:55.036 [info] > git for-each-ref --sort -committerdate --format %(refname)%00%(objectname)%00%(*objectname) [6ms]
2026-01-06 10:51:55.045 [info] > git status -z -uall [29ms]
2026-01-06 10:51:55.103 [info] > git merge-base refs/heads/main refs/remotes/origin/main [20ms]
2026-01-06 10:51:55.118 [info] > git blame --root --incremental 4ddd5f0947c8982035bec3e938367c27491ed56c -- routes/web/administrators.php [53ms]
2026-01-06 10:51:55.122 [info] > git diff --name-status -z --diff-filter=ADMR --find-renames=50% 4ddd5f0947c8982035bec3e938367c27491ed56c...refs/remotes/origin/main -- [5ms]
2026-01-06 10:51:55.123 [info] > git config --get commit.template [21ms]
2026-01-06 10:51:55.152 [info] > git for-each-ref --format=%(refname)%00%(upstream:short)%00%(objectname)%00%(upstream:track)%00%(upstream:remotename)%00%(upstream:remoteref) refs/heads/main refs/remotes/main [2ms]
2026-01-06 10:51:55.182 [info] > git status -z -uall [19ms]
2026-01-06 10:51:55.183 [info] > git for-each-ref --sort -committerdate --format %(refname)%00%(objectname)%00%(*objectname) [6ms]
2026-01-06 10:51:55.438 [info] > git log --format=%H%n%aN%n%aE%n%at%n%ct%n%P%n%D%n%B -z --shortstat --diff-merges=first-parent -n50 --skip=0 --topo-order --decorate=full --stdin [303ms]
2026-01-06 10:51:55.527 [info] > git merge-base main origin/main [12ms]
2026-01-06 10:51:56.238 [info] > git ls-tree -l HEAD -- routes/web/administrators.php [14ms]
2026-01-06 10:51:56.257 [info] > git show --textconv HEAD:routes/web/administrators.php [4ms]
2026-01-06 10:52:00.227 [info] > git config --get commit.template [19ms]
2026-01-06 10:52:00.230 [info] > git for-each-ref --format=%(refname)%00%(upstream:short)%00%(objectname)%00%(upstream:track)%00%(upstream:remotename)%00%(upstream:remoteref) refs/heads/main refs/remotes/main [5ms]
2026-01-06 10:52:00.262 [info] > git status -z -uall [18ms]
2026-01-06 10:52:00.264 [info] > git for-each-ref --sort -committerdate --format %(refname)%00%(objectname)%00%(*objectname) [5ms]
