2025-12-25 15:20:37.063 [info] Reading sessions from keychain...
2025-12-25 15:20:37.063 [info] Getting sessions for all scopes...
2025-12-25 15:20:37.063 [info] Got 0 sessions for ...
2025-12-25 15:20:37.063 [info] Getting sessions for all scopes...
2025-12-25 15:20:37.063 [info] Got 0 sessions for ...
2025-12-25 15:20:37.063 [info] Getting sessions for all scopes...
2025-12-25 15:20:37.063 [info] Got 0 sessions for ...
2025-12-25 15:20:37.063 [info] Getting sessions for read:user,repo,user:email,workflow...
2025-12-25 15:20:37.063 [info] Got 0 sessions for read:user,repo,user:email,workflow...
2025-12-25 15:20:37.594 [info] Getting sessions for all scopes...
2025-12-25 15:20:37.594 [info] Got 0 sessions for ...
2025-12-25 15:20:38.007 [info] Getting sessions for all scopes...
2025-12-25 15:20:38.007 [info] Got 0 sessions for ...
2025-12-25 15:20:38.162 [info] Getting sessions for all scopes...
2025-12-25 15:20:38.162 [info] Got 0 sessions for ...
2025-12-25 15:20:38.206 [info] Getting sessions for all scopes...
2025-12-25 15:20:38.206 [info] Got 0 sessions for ...
2025-12-25 15:20:38.207 [info] Getting sessions for all scopes...
2025-12-25 15:20:38.207 [info] Got 0 sessions for ...
2025-12-25 15:20:38.213 [info] Getting sessions for all scopes...
2025-12-25 15:20:38.213 [info] Got 0 sessions for ...
