2026-01-05 14:31:21.173 [info] Reading sessions from keychain...
2026-01-05 14:31:21.173 [info] Getting sessions for all scopes...
2026-01-05 14:31:21.173 [info] Got stored sessions!
2026-01-05 14:31:21.173 [info] Got 1 verified sessions.
2026-01-05 14:31:21.173 [info] Got 1 sessions for ...
2026-01-05 14:31:21.173 [info] Getting sessions for all scopes...
2026-01-05 14:31:21.173 [info] Got 1 sessions for ...
2026-01-05 14:31:21.173 [info] Getting sessions for all scopes...
2026-01-05 14:31:21.173 [info] Got 1 sessions for ...
2026-01-05 14:31:21.173 [info] Getting sessions for all scopes...
2026-01-05 14:31:21.173 [info] Got 1 sessions for ...
2026-01-05 14:31:21.173 [info] Getting sessions for all scopes...
2026-01-05 14:31:21.173 [info] Got 1 sessions for ...
2026-01-05 14:31:21.173 [info] Getting sessions for all scopes...
2026-01-05 14:31:21.173 [info] Got 1 sessions for ...
2026-01-05 14:31:21.173 [info] Getting sessions for all scopes...
2026-01-05 14:31:21.173 [info] Got 1 sessions for ...
2026-01-05 14:31:21.173 [info] Getting sessions for all scopes...
2026-01-05 14:31:21.173 [info] Got 1 sessions for ...
2026-01-05 14:31:21.173 [info] Getting sessions for all scopes...
2026-01-05 14:31:21.173 [info] Got 1 sessions for ...
2026-01-05 14:31:21.173 [info] Getting sessions for all scopes...
2026-01-05 14:31:21.173 [info] Got 1 sessions for ...
2026-01-05 14:31:21.173 [info] Getting sessions for all scopes...
2026-01-05 14:31:21.173 [info] Got 1 sessions for ...
2026-01-05 14:31:21.173 [info] Getting sessions for all scopes...
2026-01-05 14:31:21.173 [info] Got 1 sessions for ...
2026-01-05 14:31:21.173 [info] Getting sessions for all scopes...
2026-01-05 14:31:21.173 [info] Got 1 sessions for ...
2026-01-05 14:31:21.173 [info] Getting sessions for all scopes...
2026-01-05 14:31:21.173 [info] Got 1 sessions for ...
2026-01-05 14:31:21.173 [info] Getting sessions for all scopes...
2026-01-05 14:31:21.173 [info] Got 1 sessions for ...
2026-01-05 14:31:21.173 [info] Getting sessions for all scopes...
2026-01-05 14:31:21.173 [info] Got 1 sessions for ...
2026-01-05 14:31:21.173 [info] Getting sessions for all scopes...
2026-01-05 14:31:21.173 [info] Got 1 sessions for ...
2026-01-05 14:31:21.173 [info] Getting sessions for all scopes...
2026-01-05 14:31:21.173 [info] Got 1 sessions for ...
2026-01-05 14:31:21.173 [info] Getting sessions for all scopes...
2026-01-05 14:31:21.173 [info] Got 1 sessions for ...
2026-01-05 14:31:21.173 [info] Getting sessions for read:user,repo,user:email,workflow...
2026-01-05 14:31:21.173 [info] Got 1 sessions for read:user,repo,user:email,workflow...
2026-01-05 14:31:21.523 [info] Getting sessions for all scopes...
2026-01-05 14:31:21.523 [info] Got 1 sessions for ...
2026-01-05 14:31:21.523 [info] Getting sessions for all scopes...
2026-01-05 14:31:21.523 [info] Got 1 sessions for ...
2026-01-05 14:31:21.544 [info] Getting sessions for all scopes...
2026-01-05 14:31:21.544 [info] Got 1 sessions for ...
2026-01-05 14:31:21.859 [info] Getting sessions for read:user,repo,user:email,workflow...
2026-01-05 14:31:21.859 [info] Got 1 sessions for read:user,repo,user:email,workflow...
2026-01-05 14:31:22.144 [info] Getting sessions for read:user,repo,user:email,workflow...
2026-01-05 14:31:22.144 [info] Got 1 sessions for read:user,repo,user:email,workflow...
2026-01-05 14:31:22.590 [info] FetcherService: Electron fetch failed with status: 429 
2026-01-05 14:31:22.597 [info] Getting sessions for all scopes...
2026-01-05 14:31:22.597 [info] Got 1 sessions for ...
2026-01-05 14:31:22.597 [info] Getting sessions for all scopes...
2026-01-05 14:31:22.597 [info] Got 1 sessions for ...
2026-01-05 14:31:22.597 [info] Getting sessions for all scopes...
2026-01-05 14:31:22.597 [info] Got 1 sessions for ...
2026-01-05 14:31:22.612 [info] Getting sessions for read:user,repo,user:email,workflow...
2026-01-05 14:31:22.612 [info] Got 1 sessions for read:user,repo,user:email,workflow...
2026-01-05 14:31:22.936 [info] Getting sessions for all scopes...
2026-01-05 14:31:22.936 [info] Got 1 sessions for ...
2026-01-05 14:31:22.936 [info] Getting sessions for all scopes...
2026-01-05 14:31:22.936 [info] Got 1 sessions for ...
2026-01-05 14:31:22.945 [info] Getting sessions for read:user,repo,user:email,workflow...
2026-01-05 14:31:22.945 [info] Got 1 sessions for read:user,repo,user:email,workflow...
2026-01-05 14:31:23.037 [info] Getting sessions for all scopes...
2026-01-05 14:31:23.037 [info] Got 1 sessions for ...
2026-01-05 14:31:23.043 [info] Getting sessions for all scopes...
2026-01-05 14:31:23.043 [info] Got 1 sessions for ...
2026-01-05 14:31:23.043 [info] Getting sessions for all scopes...
2026-01-05 14:31:23.043 [info] Got 1 sessions for ...
2026-01-05 14:31:23.056 [info] Getting sessions for all scopes...
2026-01-05 14:31:23.056 [info] Got 1 sessions for ...
2026-01-05 14:31:23.122 [info] Getting sessions for read:user,repo,user:email,workflow...
2026-01-05 14:31:23.122 [info] Got 1 sessions for read:user,repo,user:email,workflow...
2026-01-05 14:31:23.298 [info] FetcherService: Node fetch failed with status: 429 Too Many Requests
2026-01-05 14:31:23.993 [info] FetcherService: Node http/s failed with status: 429 Too Many Requests
2026-01-05 14:31:34.360 [info] Getting sessions for read:user,repo,user:email,workflow...
2026-01-05 14:31:34.360 [info] Got 1 sessions for read:user,repo,user:email,workflow...
2026-01-05 14:39:34.477 [info] Getting sessions for all scopes...
2026-01-05 14:39:34.477 [info] Got 1 sessions for ...
2026-01-05 14:39:34.495 [info] Getting sessions for read:user,repo,user:email,workflow...
2026-01-05 14:39:34.495 [info] Got 1 sessions for read:user,repo,user:email,workflow...
