2026-01-05 08:46:59.148 [info] [main] Log level: Info
2026-01-05 08:46:59.148 [info] [main] Validating found git in: "git"
2026-01-05 08:46:59.148 [info] [main] Using git "2.52.0" from "git"
2026-01-05 08:46:59.148 [info] [Model][doInitialScan] Initial repository scan started
2026-01-05 08:46:59.148 [info] > git rev-parse --show-toplevel [110ms]
2026-01-05 08:46:59.148 [info] > git rev-parse --git-dir --git-common-dir --show-superproject-working-tree [144ms]
2026-01-05 08:46:59.148 [info] [Model][openRepository] Opened repository (path): /home/admin/Documents/GitHub/DccpAdminV3
2026-01-05 08:46:59.148 [info] [Model][openRepository] Opened repository (real path): /home/admin/Documents/GitHub/DccpAdminV3
2026-01-05 08:46:59.148 [info] [Model][openRepository] Opened repository (kind): repository
2026-01-05 08:46:59.160 [info] > git rev-parse --show-toplevel [177ms]
2026-01-05 08:46:59.162 [info] > git config --get commit.template [188ms]
2026-01-05 08:46:59.478 [info] > git for-each-ref --format=%(refname)%00%(upstream:short)%00%(objectname)%00%(upstream:track)%00%(upstream:remotename)%00%(upstream:remoteref) refs/heads/main refs/remotes/main [64ms]
2026-01-05 08:46:59.556 [info] > git for-each-ref --sort -committerdate --format %(refname)%00%(objectname)%00%(*objectname) [50ms]
2026-01-05 08:46:59.592 [info] > git rev-parse --show-toplevel [8ms]
2026-01-05 08:46:59.603 [info] > git rev-parse --show-toplevel [3ms]
2026-01-05 08:46:59.615 [info] > git rev-parse --show-toplevel [2ms]
2026-01-05 08:46:59.628 [info] > git status -z -uall [131ms]
2026-01-05 08:46:59.954 [info] > git for-each-ref --format=%(refname)%00%(upstream:short)%00%(objectname)%00%(upstream:track)%00%(upstream:remotename)%00%(upstream:remoteref) refs/heads/main refs/remotes/main [299ms]
2026-01-05 08:46:59.963 [info] > git rev-parse --show-toplevel [338ms]
2026-01-05 08:47:00.216 [info] > git check-ignore -v -z --stdin [239ms]
2026-01-05 08:47:00.218 [info] > git config --get --local branch.main.vscode-merge-base [256ms]
2026-01-05 08:47:00.227 [info] > git config --get commit.template [561ms]
2026-01-05 08:47:00.645 [info] > git for-each-ref --format=%(refname)%00%(upstream:short)%00%(objectname)%00%(upstream:track)%00%(upstream:remotename)%00%(upstream:remoteref) refs/heads/origin/main refs/remotes/origin/main [419ms]
2026-01-05 08:47:00.653 [info] > git rev-parse --show-toplevel [460ms]
2026-01-05 08:47:00.723 [info] > git merge-base refs/heads/main refs/remotes/origin/main [72ms]
2026-01-05 08:47:00.771 [info] > git diff --name-status -z --diff-filter=ADMR --find-renames=50% 147a0134bc65d22cce3d5bef8228f42e8c7714e0...refs/remotes/origin/main -- [41ms]
2026-01-05 08:47:00.772 [info] > git rev-parse --show-toplevel [76ms]
2026-01-05 08:47:00.772 [info] > git for-each-ref --format=%(refname)%00%(upstream:short)%00%(objectname)%00%(upstream:track)%00%(upstream:remotename)%00%(upstream:remoteref) refs/heads/main refs/remotes/main [86ms]
2026-01-05 08:47:00.877 [info] > git rev-parse --show-toplevel [62ms]
2026-01-05 08:47:01.003 [info] > git rev-parse --show-toplevel [116ms]
2026-01-05 08:47:01.029 [info] > git for-each-ref --sort -committerdate --format %(refname)%00%(objectname)%00%(*objectname) [52ms]
2026-01-05 08:47:01.057 [info] > git status -z -uall [89ms]
2026-01-05 08:47:01.058 [info] > git rev-parse --show-toplevel [33ms]
2026-01-05 08:47:01.075 [info] > git rev-parse --show-toplevel [4ms]
2026-01-05 08:47:01.219 [info] > git rev-parse --show-toplevel [137ms]
2026-01-05 08:47:01.279 [info] > git rev-parse --show-toplevel [33ms]
2026-01-05 08:47:01.312 [info] > git rev-parse --show-toplevel [18ms]
2026-01-05 08:47:01.384 [info] > git rev-parse --show-toplevel [65ms]
2026-01-05 08:47:02.440 [info] > git rev-parse --show-toplevel [40ms]
2026-01-05 08:47:02.486 [info] > git rev-parse --show-toplevel [12ms]
2026-01-05 08:47:02.529 [info] > git rev-parse --show-toplevel [3ms]
2026-01-05 08:47:02.539 [info] > git rev-parse --show-toplevel [2ms]
2026-01-05 08:47:02.552 [info] > git rev-parse --show-toplevel [4ms]
2026-01-05 08:47:02.584 [info] > git rev-parse --show-toplevel [23ms]
2026-01-05 08:47:02.593 [info] > git rev-parse --show-toplevel [1ms]
2026-01-05 08:47:02.604 [info] > git rev-parse --show-toplevel [2ms]
2026-01-05 08:47:02.614 [info] > git rev-parse --show-toplevel [2ms]
2026-01-05 08:47:02.625 [info] > git rev-parse --show-toplevel [2ms]
2026-01-05 08:47:02.636 [info] > git rev-parse --show-toplevel [2ms]
2026-01-05 08:47:02.640 [info] [Model][doInitialScan] Initial repository scan completed - repositories (1), closed repositories (0), parent repositories (0), unsafe repositories (0)
2026-01-05 08:47:02.674 [info] > git show --textconv :app/Http/Controllers/AdministratorEnrollmentManagementController.php [24ms]
2026-01-05 08:47:02.674 [info] > git ls-files --stage -- app/Http/Controllers/AdministratorEnrollmentManagementController.php [15ms]
2026-01-05 08:47:02.693 [info] > git cat-file -s 6eb66faeea2a469df4132701e96f8349f8b90dc4 [11ms]
2026-01-05 08:47:02.694 [info] > git config --get commit.template [21ms]
2026-01-05 08:47:02.707 [info] > git for-each-ref --format=%(refname)%00%(upstream:short)%00%(objectname)%00%(upstream:track)%00%(upstream:remotename)%00%(upstream:remoteref) refs/heads/main refs/remotes/main [4ms]
2026-01-05 08:47:02.733 [info] > git for-each-ref --sort -committerdate --format %(refname)%00%(objectname)%00%(*objectname) [6ms]
2026-01-05 08:47:02.792 [info] > git status -z -uall [74ms]
2026-01-05 08:47:02.827 [info] > git blame --root --incremental 147a0134bc65d22cce3d5bef8228f42e8c7714e0 -- app/Http/Controllers/AdministratorEnrollmentManagementController.php [36ms]
2026-01-05 08:49:06.795 [info] > git config --get commit.template [11ms]
2026-01-05 08:49:06.795 [info] > git for-each-ref --format=%(refname)%00%(upstream:short)%00%(objectname)%00%(upstream:track)%00%(upstream:remotename)%00%(upstream:remoteref) refs/heads/main refs/remotes/main [2ms]
2026-01-05 08:49:06.825 [info] > git for-each-ref --sort -committerdate --format %(refname)%00%(objectname)%00%(*objectname) [9ms]
2026-01-05 08:49:06.934 [info] > git status -z -uall [129ms]
2026-01-05 08:49:11.039 [info] > git check-ignore -v -z --stdin [5ms]
2026-01-05 08:49:11.959 [info] > git config --get commit.template [9ms]
2026-01-05 08:49:11.959 [info] > git for-each-ref --format=%(refname)%00%(upstream:short)%00%(objectname)%00%(upstream:track)%00%(upstream:remotename)%00%(upstream:remoteref) refs/heads/main refs/remotes/main [1ms]
2026-01-05 08:49:11.982 [info] > git for-each-ref --sort -committerdate --format %(refname)%00%(objectname)%00%(*objectname) [6ms]
2026-01-05 08:49:12.043 [info] > git status -z -uall [74ms]
2026-01-05 08:53:53.690 [info] > git show --textconv :app/Http/Controllers/AdministratorEnrollmentManagementController.php [11ms]
2026-01-05 08:53:53.693 [info] > git ls-files --stage -- app/Http/Controllers/AdministratorEnrollmentManagementController.php [4ms]
2026-01-05 08:53:53.702 [info] > git cat-file -s 6eb66faeea2a469df4132701e96f8349f8b90dc4 [2ms]
2026-01-05 09:02:06.510 [info] > git config --get commit.template [12ms]
2026-01-05 09:02:06.525 [info] > git for-each-ref --format=%(refname)%00%(upstream:short)%00%(objectname)%00%(upstream:track)%00%(upstream:remotename)%00%(upstream:remoteref) refs/heads/main refs/remotes/main [3ms]
2026-01-05 09:02:06.554 [info] > git for-each-ref --sort -committerdate --format %(refname)%00%(objectname)%00%(*objectname) [7ms]
2026-01-05 09:02:06.652 [info] > git status -z -uall [115ms]
2026-01-05 09:02:11.683 [info] > git config --get commit.template [10ms]
2026-01-05 09:02:11.684 [info] > git for-each-ref --format=%(refname)%00%(upstream:short)%00%(objectname)%00%(upstream:track)%00%(upstream:remotename)%00%(upstream:remoteref) refs/heads/main refs/remotes/main [3ms]
2026-01-05 09:02:11.709 [info] > git for-each-ref --sort -committerdate --format %(refname)%00%(objectname)%00%(*objectname) [7ms]
2026-01-05 09:02:11.767 [info] > git status -z -uall [74ms]
2026-01-05 09:15:02.764 [info] > git config --get commit.template [16ms]
2026-01-05 09:15:02.785 [info] > git for-each-ref --format=%(refname)%00%(upstream:short)%00%(objectname)%00%(upstream:track)%00%(upstream:remotename)%00%(upstream:remoteref) refs/heads/main refs/remotes/main [23ms]
2026-01-05 09:15:02.839 [info] > git for-each-ref --sort -committerdate --format %(refname)%00%(objectname)%00%(*objectname) [29ms]
2026-01-05 09:15:02.954 [info] > git status -z -uall [154ms]
2026-01-05 09:15:09.396 [info] > git config --get commit.template [13ms]
2026-01-05 09:15:09.398 [info] > git for-each-ref --format=%(refname)%00%(upstream:short)%00%(objectname)%00%(upstream:track)%00%(upstream:remotename)%00%(upstream:remoteref) refs/heads/main refs/remotes/main [3ms]
2026-01-05 09:15:09.434 [info] > git for-each-ref --sort -committerdate --format %(refname)%00%(objectname)%00%(*objectname) [6ms]
2026-01-05 09:15:09.514 [info] > git status -z -uall [98ms]
2026-01-05 09:15:14.933 [info] > git log --format=%H%n%aN%n%aE%n%at%n%ct%n%P%n%D%n%B -z --shortstat --diff-merges=first-parent -n50 --skip=0 --topo-order --decorate=full --stdin [409ms]
2026-01-05 09:15:15.234 [info] > git check-ignore -v -z --stdin [4ms]
2026-01-05 09:15:16.313 [info] > git merge-base main origin/main [2ms]
2026-01-05 09:16:13.969 [info] > git config --get commit.template [13ms]
2026-01-05 09:16:13.977 [info] > git for-each-ref --format=%(refname)%00%(upstream:short)%00%(objectname)%00%(upstream:track)%00%(upstream:remotename)%00%(upstream:remoteref) refs/heads/main refs/remotes/main [9ms]
2026-01-05 09:16:14.015 [info] > git for-each-ref --sort -committerdate --format %(refname)%00%(objectname)%00%(*objectname) [12ms]
2026-01-05 09:16:14.164 [info] > git status -z -uall [174ms]
2026-01-05 09:16:19.463 [info] > git config --get commit.template [14ms]
2026-01-05 09:16:19.468 [info] > git for-each-ref --format=%(refname)%00%(upstream:short)%00%(objectname)%00%(upstream:track)%00%(upstream:remotename)%00%(upstream:remoteref) refs/heads/main refs/remotes/main [6ms]
2026-01-05 09:16:19.500 [info] > git for-each-ref --sort -committerdate --format %(refname)%00%(objectname)%00%(*objectname) [8ms]
2026-01-05 09:16:19.606 [info] > git status -z -uall [126ms]
2026-01-05 09:16:36.063 [info] > git config --get commit.template [12ms]
2026-01-05 09:16:36.067 [info] > git for-each-ref --format=%(refname)%00%(upstream:short)%00%(objectname)%00%(upstream:track)%00%(upstream:remotename)%00%(upstream:remoteref) refs/heads/main refs/remotes/main [6ms]
2026-01-05 09:16:36.098 [info] > git for-each-ref --sort -committerdate --format %(refname)%00%(objectname)%00%(*objectname) [9ms]
2026-01-05 09:16:36.176 [info] > git status -z -uall [98ms]
2026-01-05 09:16:36.832 [info] > git check-ignore -v -z --stdin [5ms]
2026-01-05 09:16:56.731 [info] > git config --get commit.template [25ms]
2026-01-05 09:16:56.739 [info] > git for-each-ref --format=%(refname)%00%(upstream:short)%00%(objectname)%00%(upstream:track)%00%(upstream:remotename)%00%(upstream:remoteref) refs/heads/main refs/remotes/main [12ms]
2026-01-05 09:16:56.814 [info] > git for-each-ref --sort -committerdate --format %(refname)%00%(objectname)%00%(*objectname) [44ms]
2026-01-05 09:16:56.975 [info] > git status -z -uall [214ms]
2026-01-05 09:17:19.647 [info] > git config --get commit.template [11ms]
2026-01-05 09:17:19.654 [info] > git for-each-ref --format=%(refname)%00%(upstream:short)%00%(objectname)%00%(upstream:track)%00%(upstream:remotename)%00%(upstream:remoteref) refs/heads/main refs/remotes/main [9ms]
2026-01-05 09:17:19.684 [info] > git for-each-ref --sort -committerdate --format %(refname)%00%(objectname)%00%(*objectname) [12ms]
2026-01-05 09:17:19.806 [info] > git status -z -uall [143ms]
2026-01-05 09:17:20.510 [info] > git check-ignore -v -z --stdin [2ms]
2026-01-05 09:21:03.621 [info] > git config --get commit.template [17ms]
2026-01-05 09:21:03.689 [info] > git for-each-ref --format=%(refname)%00%(upstream:short)%00%(objectname)%00%(upstream:track)%00%(upstream:remotename)%00%(upstream:remoteref) refs/heads/main refs/remotes/main [8ms]
2026-01-05 09:21:03.737 [info] > git for-each-ref --sort -committerdate --format %(refname)%00%(objectname)%00%(*objectname) [26ms]
2026-01-05 09:21:03.850 [info] > git status -z -uall [149ms]
