2026-01-05 12:05:20.770 [info] [main] Log level: Info
2026-01-05 12:05:20.770 [info] [main] Validating found git in: "git"
2026-01-05 12:05:20.770 [info] [main] Using git "2.52.0" from "git"
2026-01-05 12:05:20.770 [info] [Model][doInitialScan] Initial repository scan started
2026-01-05 12:05:20.770 [info] > git rev-parse --show-toplevel [12ms]
2026-01-05 12:05:20.770 [info] > git rev-parse --git-dir --git-common-dir --show-superproject-working-tree [175ms]
2026-01-05 12:05:20.770 [info] [Model][openRepository] Opened repository (path): /home/admin/Documents/GitHub/DccpAdminV3
2026-01-05 12:05:20.770 [info] [Model][openRepository] Opened repository (real path): /home/admin/Documents/GitHub/DccpAdminV3
2026-01-05 12:05:20.770 [info] [Model][openRepository] Opened repository (kind): repository
2026-01-05 12:05:20.927 [info] > git rev-parse --show-toplevel [124ms]
2026-01-05 12:05:20.928 [info] > git config --get commit.template [136ms]
2026-01-05 12:05:21.697 [info] > git for-each-ref --format=%(refname)%00%(upstream:short)%00%(objectname)%00%(upstream:track)%00%(upstream:remotename)%00%(upstream:remoteref) refs/heads/main refs/remotes/main [305ms]
2026-01-05 12:05:22.296 [info] > git status -z -uall [322ms]
2026-01-05 12:05:22.297 [info] > git for-each-ref --sort -committerdate --format %(refname)%00%(objectname)%00%(*objectname) [311ms]
2026-01-05 12:05:22.435 [info] > git check-ignore -v -z --stdin [84ms]
2026-01-05 12:05:22.437 [info] > git for-each-ref --format=%(refname)%00%(upstream:short)%00%(objectname)%00%(upstream:track)%00%(upstream:remotename)%00%(upstream:remoteref) refs/heads/main refs/remotes/main [104ms]
2026-01-05 12:05:22.508 [info] > git config --get --local branch.main.vscode-merge-base [62ms]
2026-01-05 12:05:22.522 [info] > git config --get commit.template [86ms]
2026-01-05 12:05:22.528 [info] > git for-each-ref --format=%(refname)%00%(upstream:short)%00%(objectname)%00%(upstream:track)%00%(upstream:remotename)%00%(upstream:remoteref) refs/heads/origin/main refs/remotes/origin/main [9ms]
2026-01-05 12:05:22.598 [info] > git merge-base refs/heads/main refs/remotes/origin/main [61ms]
2026-01-05 12:05:22.651 [info] > git diff --name-status -z --diff-filter=ADMR --find-renames=50% 147a0134bc65d22cce3d5bef8228f42e8c7714e0...refs/remotes/origin/main -- [42ms]
2026-01-05 12:05:22.652 [info] > git for-each-ref --format=%(refname)%00%(upstream:short)%00%(objectname)%00%(upstream:track)%00%(upstream:remotename)%00%(upstream:remoteref) refs/heads/main refs/remotes/main [93ms]
2026-01-05 12:05:22.688 [info] > git for-each-ref --sort -committerdate --format %(refname)%00%(objectname)%00%(*objectname) [12ms]
2026-01-05 12:05:22.691 [info] > git rev-parse --show-toplevel [6ms]
2026-01-05 12:05:22.706 [info] > git status -z -uall [38ms]
2026-01-05 12:05:22.716 [info] > git rev-parse --show-toplevel [13ms]
2026-01-05 12:05:22.727 [info] > git rev-parse --show-toplevel [2ms]
2026-01-05 12:05:22.737 [info] > git rev-parse --show-toplevel [1ms]
2026-01-05 12:05:22.787 [info] > git rev-parse --show-toplevel [38ms]
2026-01-05 12:05:22.815 [info] > git rev-parse --show-toplevel [13ms]
2026-01-05 12:05:22.851 [info] > git rev-parse --show-toplevel [5ms]
2026-01-05 12:05:22.862 [info] > git rev-parse --show-toplevel [3ms]
2026-01-05 12:05:22.872 [info] > git rev-parse --show-toplevel [2ms]
2026-01-05 12:05:22.884 [info] > git rev-parse --show-toplevel [1ms]
2026-01-05 12:05:22.896 [info] > git rev-parse --show-toplevel [1ms]
2026-01-05 12:05:22.908 [info] > git rev-parse --show-toplevel [2ms]
2026-01-05 12:05:22.919 [info] > git rev-parse --show-toplevel [2ms]
2026-01-05 12:05:22.933 [info] > git rev-parse --show-toplevel [4ms]
2026-01-05 12:05:23.164 [info] > git check-ignore -v -z --stdin [19ms]
2026-01-05 12:05:23.173 [info] > git rev-parse --show-toplevel [232ms]
2026-01-05 12:05:23.173 [info] > git log --format=%H%n%aN%n%aE%n%at%n%ct%n%P%n%D%n%B -z --shortstat --diff-merges=first-parent -n50 --skip=0 --topo-order --decorate=full --stdin [542ms]
2026-01-05 12:05:23.455 [info] > git rev-parse --show-toplevel [263ms]
2026-01-05 12:05:23.495 [info] > git rev-parse --show-toplevel [8ms]
2026-01-05 12:05:23.523 [info] > git rev-parse --show-toplevel [19ms]
2026-01-05 12:05:23.543 [info] > git rev-parse --show-toplevel [13ms]
2026-01-05 12:05:23.558 [info] > git rev-parse --show-toplevel [7ms]
2026-01-05 12:05:23.566 [info] > git rev-parse --show-toplevel [1ms]
2026-01-05 12:05:23.699 [info] > git rev-parse --show-toplevel [29ms]
2026-01-05 12:05:23.735 [info] > git rev-parse --show-toplevel [8ms]
2026-01-05 12:05:23.745 [info] > git rev-parse --show-toplevel [2ms]
2026-01-05 12:05:23.753 [info] > git rev-parse --show-toplevel [3ms]
2026-01-05 12:05:23.754 [info] [Model][doInitialScan] Initial repository scan completed - repositories (1), closed repositories (0), parent repositories (0), unsafe repositories (0)
2026-01-05 12:05:23.806 [info] > git show --textconv :app/Http/Controllers/AdministratorEnrollmentManagementController.php [45ms]
2026-01-05 12:05:23.806 [info] > git ls-files --stage -- app/Http/Controllers/AdministratorEnrollmentManagementController.php [39ms]
2026-01-05 12:05:23.818 [info] > git cat-file -s 6eb66faeea2a469df4132701e96f8349f8b90dc4 [6ms]
2026-01-05 12:05:23.819 [info] > git config --get commit.template [14ms]
2026-01-05 12:05:23.829 [info] > git for-each-ref --format=%(refname)%00%(upstream:short)%00%(objectname)%00%(upstream:track)%00%(upstream:remotename)%00%(upstream:remoteref) refs/heads/main refs/remotes/main [3ms]
2026-01-05 12:05:23.848 [info] > git for-each-ref --sort -committerdate --format %(refname)%00%(objectname)%00%(*objectname) [3ms]
2026-01-05 12:05:23.869 [info] > git status -z -uall [30ms]
2026-01-05 12:05:23.899 [info] > git blame --root --incremental 147a0134bc65d22cce3d5bef8228f42e8c7714e0 -- app/Http/Controllers/AdministratorEnrollmentManagementController.php [7ms]
2026-01-05 12:05:24.526 [info] > git merge-base main origin/main [8ms]
2026-01-05 12:05:26.486 [info] > git diff -- app/Filament/Resources/StudentEnrollments/Schemas/StudentEnrollmentForm.php [5ms]
2026-01-05 12:05:26.497 [info] > git diff -- app/Http/Controllers/AdministratorSchedulingAnalyticsController.php [6ms]
2026-01-05 12:05:26.506 [info] > git diff -- app/Jobs/GenerateAssessmentPdfJob.php [3ms]
2026-01-05 12:05:26.514 [info] > git diff -- app/Providers/EnrollmentServiceProvider.php [3ms]
2026-01-05 12:05:26.527 [info] > git diff -- bun.lock [7ms]
2026-01-05 12:05:26.547 [info] > git diff -- composer.lock [13ms]
2026-01-05 12:05:26.554 [info] > git diff -- package.json [2ms]
2026-01-05 12:05:26.569 [info] > git diff -- public/build/manifest.json [8ms]
2026-01-05 12:05:26.589 [info] > git diff -- public/css/filament/filament/app.css [11ms]
2026-01-05 12:05:26.599 [info] > git diff -- public/js/filament/forms/components/date-time-picker.js [4ms]
2026-01-05 12:05:26.616 [info] > git diff -- public/js/filament/forms/components/file-upload.js [11ms]
2026-01-05 12:05:26.632 [info] > git diff -- public/js/filament/forms/components/rich-editor.js [9ms]
2026-01-05 12:05:26.640 [info] > git diff -- public/js/filament/forms/components/select.js [4ms]
2026-01-05 12:05:26.658 [info] > git diff -- public/js/filament/tables/components/columns/select.js [12ms]
2026-01-05 12:05:26.666 [info] > git diff -- public/js/filament/tables/tables.js [3ms]
2026-01-05 12:05:26.680 [info] > git diff -- public/js/filament/widgets/components/chart.js [8ms]
2026-01-05 12:05:26.689 [info] > git diff -- resources/js/pages/administrators/scheduling-analytics.tsx [3ms]
2026-01-05 12:05:26.698 [info] > git diff -- resources/views/pdf/assesment-form.blade.php [3ms]
2026-01-05 12:05:26.708 [info] > git diff -- storage/framework/cache/facade-1e06026dbe325cba543b2306bd7e55d66d31e4c1.php [3ms]
2026-01-05 12:05:26.719 [info] > git log --format=%H%n%aN%n%aE%n%at%n%ct%n%P%n%D%n%B -z -n5 [3ms]
2026-01-05 12:05:26.726 [info] > git config --get --local user.name [1ms]
2026-01-05 12:05:26.726 [warning] [Git][config] git config failed: Failed to execute git
2026-01-05 12:05:26.735 [info] > git log --format=%H%n%aN%n%aE%n%at%n%ct%n%P%n%D%n%B -z -n5 [2ms]
2026-01-05 12:05:31.233 [info] > git check-ignore -v -z --stdin [2ms]
2026-01-05 12:05:37.698 [info] > git add -A -- . [77ms]
2026-01-05 12:05:37.785 [info] > git -c user.useConfigOnly=true commit --quiet --allow-empty-message --file - [81ms]
2026-01-05 12:05:37.793 [info] > git config --get commit.template [1ms]
2026-01-05 12:05:37.811 [info] > git for-each-ref --format=%(refname)%00%(upstream:short)%00%(objectname)%00%(upstream:track)%00%(upstream:remotename)%00%(upstream:remoteref) refs/heads/main refs/remotes/main [2ms]
2026-01-05 12:05:37.812 [info] > git config --get commit.template [10ms]
2026-01-05 12:05:37.827 [info] > git status -z -uall [7ms]
2026-01-05 12:05:37.829 [info] > git for-each-ref --sort -committerdate --format %(refname)%00%(objectname)%00%(*objectname) [2ms]
2026-01-05 12:05:37.860 [info] > git merge-base refs/heads/main refs/remotes/origin/main [11ms]
2026-01-05 12:05:37.868 [info] > git blame --root --incremental 014d68d58ef32edccd257a15f5237e5f856cef71 -- app/Http/Controllers/AdministratorEnrollmentManagementController.php [28ms]
2026-01-05 12:05:37.874 [info] > git diff --name-status -z --diff-filter=ADMR --find-renames=50% 147a0134bc65d22cce3d5bef8228f42e8c7714e0...refs/remotes/origin/main -- [6ms]
2026-01-05 12:05:37.884 [info] > git show -s --decorate=full --shortstat --format=%H%n%aN%n%aE%n%at%n%ct%n%P%n%D%n%B -z 014d68d58ef32edccd257a15f5237e5f856cef71 -- [27ms]
2026-01-05 12:05:37.907 [info] > git config --get commit.template [10ms]
2026-01-05 12:05:37.908 [info] > git for-each-ref --format=%(refname)%00%(upstream:short)%00%(objectname)%00%(upstream:track)%00%(upstream:remotename)%00%(upstream:remoteref) refs/heads/main refs/remotes/main [2ms]
2026-01-05 12:05:37.928 [info] > git status -z -uall [10ms]
2026-01-05 12:05:37.929 [info] > git for-each-ref --sort -committerdate --format %(refname)%00%(objectname)%00%(*objectname) [3ms]
2026-01-05 12:05:38.031 [info] > git log --format=%H%n%aN%n%aE%n%at%n%ct%n%P%n%D%n%B -z --shortstat --diff-merges=first-parent -n50 --skip=0 --topo-order --decorate=full --stdin [148ms]
2026-01-05 12:05:38.064 [info] > git merge-base main origin/main [1ms]
2026-01-05 12:05:38.983 [info] > git ls-files --stage -- app/Http/Controllers/AdministratorEnrollmentManagementController.php [2ms]
2026-01-05 12:05:38.991 [info] > git cat-file -s 6eb66faeea2a469df4132701e96f8349f8b90dc4 [2ms]
2026-01-05 12:05:39.001 [info] > git show --textconv :app/Http/Controllers/AdministratorEnrollmentManagementController.php [2ms]
2026-01-05 12:05:40.583 [info] > git log --oneline --cherry main...main@{upstream} -- [4ms]
2026-01-05 12:05:41.792 [info] > git ls-files --stage -- app/Http/Controllers/AdministratorEnrollmentManagementController.php [2ms]
2026-01-05 12:05:41.803 [info] > git cat-file -s 6eb66faeea2a469df4132701e96f8349f8b90dc4 [2ms]
2026-01-05 12:05:41.818 [info] > git show --textconv :app/Http/Controllers/AdministratorEnrollmentManagementController.php [3ms]
2026-01-05 12:05:42.201 [info] > git pull --tags origin main [1608ms]
2026-01-05 12:05:42.201 [info] /.codespaces/bin/gitcredential_github.sh get: line 1: /.codespaces/bin/gitcredential_github.sh: No such file or directory
/.codespaces/bin/gitcredential_github.sh store: line 1: /.codespaces/bin/gitcredential_github.sh: No such file or directory
From https://github.com/dccp-developers/DccpAdminV3
 * branch            main       -> FETCH_HEAD
2026-01-05 12:05:43.380 [info] > git ls-files --stage -- app/Http/Controllers/AdministratorEnrollmentManagementController.php [2ms]
2026-01-05 12:05:43.390 [info] > git cat-file -s 6eb66faeea2a469df4132701e96f8349f8b90dc4 [2ms]
2026-01-05 12:05:43.405 [info] > git show --textconv :app/Http/Controllers/AdministratorEnrollmentManagementController.php [3ms]
2026-01-05 12:05:46.377 [info] > git push origin main:main [4165ms]
2026-01-05 12:05:46.377 [info] /.codespaces/bin/gitcredential_github.sh get: line 1: /.codespaces/bin/gitcredential_github.sh: No such file or directory
/.codespaces/bin/gitcredential_github.sh store: line 1: /.codespaces/bin/gitcredential_github.sh: No such file or directory
/.codespaces/bin/gitcredential_github.sh get: line 1: /.codespaces/bin/gitcredential_github.sh: No such file or directory
/.codespaces/bin/gitcredential_github.sh store: line 1: /.codespaces/bin/gitcredential_github.sh: No such file or directory
remote: 
remote: GitHub found 9 vulnerabilities on dccp-developers/DccpAdminV3's default branch (2 high, 1 moderate, 6 low). To find out more, visit:        
remote:      https://github.com/dccp-developers/DccpAdminV3/security/dependabot        
remote: 
To https://github.com/dccp-developers/DccpAdminV3.git
   147a013..014d68d  main -> main
2026-01-05 12:05:46.401 [info] > git config --get commit.template [13ms]
2026-01-05 12:05:46.402 [info] > git for-each-ref --format=%(refname)%00%(upstream:short)%00%(objectname)%00%(upstream:track)%00%(upstream:remotename)%00%(upstream:remoteref) refs/heads/main refs/remotes/main [3ms]
2026-01-05 12:05:46.427 [info] > git status -z -uall [13ms]
2026-01-05 12:05:46.430 [info] > git for-each-ref --sort -committerdate --format %(refname)%00%(objectname)%00%(*objectname) [6ms]
2026-01-05 12:05:46.451 [info] > git merge-base refs/heads/main refs/remotes/origin/main [3ms]
2026-01-05 12:05:46.477 [info] > git diff --name-status -z --diff-filter=ADMR --find-renames=50% 014d68d58ef32edccd257a15f5237e5f856cef71...refs/remotes/origin/main -- [15ms]
2026-01-05 12:05:46.732 [info] > git log --format=%H%n%aN%n%aE%n%at%n%ct%n%P%n%D%n%B -z --shortstat --diff-merges=first-parent -n50 --skip=0 --topo-order --decorate=full --stdin [258ms]
2026-01-05 12:05:47.081 [info] > git merge-base main origin/main [4ms]
2026-01-05 12:05:47.494 [info] > git config --get commit.template [2ms]
2026-01-05 12:05:47.508 [info] > git for-each-ref --format=%(refname)%00%(upstream:short)%00%(objectname)%00%(upstream:track)%00%(upstream:remotename)%00%(upstream:remoteref) refs/heads/main refs/remotes/main [2ms]
2026-01-05 12:05:47.532 [info] > git for-each-ref --sort -committerdate --format %(refname)%00%(objectname)%00%(*objectname) [4ms]
2026-01-05 12:05:47.534 [info] > git status -z -uall [15ms]
2026-01-05 12:05:47.592 [info] > git ls-files --stage -- app/Http/Controllers/AdministratorEnrollmentManagementController.php [2ms]
2026-01-05 12:05:47.606 [info] > git cat-file -s 6eb66faeea2a469df4132701e96f8349f8b90dc4 [3ms]
2026-01-05 12:05:47.624 [info] > git show --textconv :app/Http/Controllers/AdministratorEnrollmentManagementController.php [5ms]
2026-01-05 13:04:01.826 [info] > git config --get commit.template [10ms]
2026-01-05 13:04:01.831 [info] > git for-each-ref --format=%(refname)%00%(upstream:short)%00%(objectname)%00%(upstream:track)%00%(upstream:remotename)%00%(upstream:remoteref) refs/heads/main refs/remotes/main [7ms]
2026-01-05 13:04:01.854 [info] > git status -z -uall [16ms]
2026-01-05 13:04:01.866 [info] > git for-each-ref --sort -committerdate --format %(refname)%00%(objectname)%00%(*objectname) [21ms]
2026-01-05 13:04:07.021 [info] > git config --get commit.template [8ms]
2026-01-05 13:04:07.023 [info] > git for-each-ref --format=%(refname)%00%(upstream:short)%00%(objectname)%00%(upstream:track)%00%(upstream:remotename)%00%(upstream:remoteref) refs/heads/main refs/remotes/main [2ms]
2026-01-05 13:04:07.039 [info] > git status -z -uall [8ms]
2026-01-05 13:04:07.042 [info] > git for-each-ref --sort -committerdate --format %(refname)%00%(objectname)%00%(*objectname) [4ms]
