2026-01-05 12:05:20.364 [info] Reading sessions from keychain...
2026-01-05 12:05:20.364 [info] Got stored sessions!
2026-01-05 12:05:20.364 [info] Got 1 verified sessions.
2026-01-05 12:05:20.364 [info] Getting sessions for all scopes...
2026-01-05 12:05:20.364 [info] Got 1 sessions for ...
2026-01-05 12:05:20.364 [info] Getting sessions for all scopes...
2026-01-05 12:05:20.364 [info] Got 1 sessions for ...
2026-01-05 12:05:20.364 [info] Getting sessions for all scopes...
2026-01-05 12:05:20.364 [info] Got 1 sessions for ...
2026-01-05 12:05:20.364 [info] Getting sessions for all scopes...
2026-01-05 12:05:20.364 [info] Got 1 sessions for ...
2026-01-05 12:05:20.364 [info] Getting sessions for all scopes...
2026-01-05 12:05:20.364 [info] Got 1 sessions for ...
2026-01-05 12:05:20.364 [info] Getting sessions for all scopes...
2026-01-05 12:05:20.364 [info] Got 1 sessions for ...
2026-01-05 12:05:20.364 [info] Getting sessions for all scopes...
2026-01-05 12:05:20.364 [info] Got 1 sessions for ...
2026-01-05 12:05:20.364 [info] Getting sessions for all scopes...
2026-01-05 12:05:20.364 [info] Got 1 sessions for ...
2026-01-05 12:05:20.364 [info] Getting sessions for all scopes...
2026-01-05 12:05:20.364 [info] Got 1 sessions for ...
2026-01-05 12:05:20.364 [info] Getting sessions for all scopes...
2026-01-05 12:05:20.364 [info] Got 1 sessions for ...
2026-01-05 12:05:20.364 [info] Getting sessions for all scopes...
2026-01-05 12:05:20.364 [info] Got 1 sessions for ...
2026-01-05 12:05:20.364 [info] Getting sessions for all scopes...
2026-01-05 12:05:20.364 [info] Got 1 sessions for ...
2026-01-05 12:05:20.364 [info] Getting sessions for all scopes...
2026-01-05 12:05:20.364 [info] Got 1 sessions for ...
2026-01-05 12:05:20.364 [info] Getting sessions for all scopes...
2026-01-05 12:05:20.364 [info] Got 1 sessions for ...
2026-01-05 12:05:20.364 [info] Getting sessions for all scopes...
2026-01-05 12:05:20.364 [info] Got 1 sessions for ...
2026-01-05 12:05:20.364 [info] Getting sessions for all scopes...
2026-01-05 12:05:20.364 [info] Got 1 sessions for ...
2026-01-05 12:05:20.364 [info] Getting sessions for all scopes...
2026-01-05 12:05:20.364 [info] Got 1 sessions for ...
2026-01-05 12:05:20.364 [info] Getting sessions for all scopes...
2026-01-05 12:05:20.364 [info] Got 1 sessions for ...
2026-01-05 12:05:20.364 [info] Getting sessions for all scopes...
2026-01-05 12:05:20.364 [info] Got 1 sessions for ...
2026-01-05 12:05:20.364 [info] Getting sessions for read:user,repo,user:email,workflow...
2026-01-05 12:05:20.364 [info] Got 1 sessions for read:user,repo,user:email,workflow...
2026-01-05 12:05:21.806 [info] FetcherService: Electron fetch failed with status: 429 
2026-01-05 12:05:21.945 [info] Getting sessions for all scopes...
2026-01-05 12:05:21.945 [info] Got 1 sessions for ...
2026-01-05 12:05:21.945 [info] Getting sessions for all scopes...
2026-01-05 12:05:21.945 [info] Got 1 sessions for ...
2026-01-05 12:05:21.946 [info] Getting sessions for all scopes...
2026-01-05 12:05:21.946 [info] Got 1 sessions for ...
2026-01-05 12:05:22.613 [info] Getting sessions for read:user,repo,user:email,workflow...
2026-01-05 12:05:22.614 [info] Got 1 sessions for read:user,repo,user:email,workflow...
2026-01-05 12:05:22.617 [info] Getting sessions for read:user,repo,user:email,workflow...
2026-01-05 12:05:22.617 [info] Got 1 sessions for read:user,repo,user:email,workflow...
2026-01-05 12:05:23.156 [info] FetcherService: Node fetch failed with status: 429 Too Many Requests
2026-01-05 12:05:23.531 [info] Getting sessions for all scopes...
2026-01-05 12:05:23.531 [info] Got 1 sessions for ...
2026-01-05 12:05:23.532 [info] Getting sessions for all scopes...
2026-01-05 12:05:23.532 [info] Got 1 sessions for ...
2026-01-05 12:05:23.566 [info] Getting sessions for read:user,repo,user:email,workflow...
2026-01-05 12:05:23.566 [info] Got 1 sessions for read:user,repo,user:email,workflow...
2026-01-05 12:05:23.694 [info] Getting sessions for all scopes...
2026-01-05 12:05:23.695 [info] Got 1 sessions for ...
2026-01-05 12:05:23.717 [info] Getting sessions for all scopes...
2026-01-05 12:05:23.717 [info] Got 1 sessions for ...
2026-01-05 12:05:23.717 [info] Getting sessions for all scopes...
2026-01-05 12:05:23.717 [info] Got 1 sessions for ...
2026-01-05 12:05:23.728 [info] Getting sessions for all scopes...
2026-01-05 12:05:23.728 [info] Got 1 sessions for ...
2026-01-05 12:05:23.820 [info] Getting sessions for read:user,repo,user:email,workflow...
2026-01-05 12:05:23.820 [info] Got 1 sessions for read:user,repo,user:email,workflow...
2026-01-05 12:05:23.828 [info] Getting sessions for all scopes...
2026-01-05 12:05:23.828 [info] Got 1 sessions for ...
2026-01-05 12:05:23.829 [info] Getting sessions for all scopes...
2026-01-05 12:05:23.829 [info] Got 1 sessions for ...
2026-01-05 12:05:23.829 [info] Getting sessions for all scopes...
2026-01-05 12:05:23.829 [info] Got 1 sessions for ...
2026-01-05 12:05:23.846 [info] Getting sessions for read:user,repo,user:email,workflow...
2026-01-05 12:05:23.846 [info] Got 1 sessions for read:user,repo,user:email,workflow...
2026-01-05 12:05:23.881 [info] Getting sessions for all scopes...
2026-01-05 12:05:23.881 [info] Got 1 sessions for ...
2026-01-05 12:05:23.893 [info] Getting sessions for read:user,repo,user:email,workflow...
2026-01-05 12:05:23.893 [info] Got 1 sessions for read:user,repo,user:email,workflow...
2026-01-05 12:05:23.957 [info] FetcherService: Node http/s failed with status: 429 Too Many Requests
2026-01-05 12:05:41.241 [info] Getting sessions for read:user,repo,user:email,workflow...
2026-01-05 12:05:41.241 [info] Got 1 sessions for read:user,repo,user:email,workflow...
2026-01-05 13:00:24.010 [info] Getting sessions for all scopes...
2026-01-05 13:00:24.011 [info] Got 1 sessions for ...
2026-01-05 13:00:24.015 [info] Getting sessions for read:user,repo,user:email,workflow...
2026-01-05 13:00:24.015 [info] Got 1 sessions for read:user,repo,user:email,workflow...
2026-01-05 13:00:24.891 [info] Getting sessions for all scopes...
2026-01-05 13:00:24.891 [info] Got 1 sessions for ...
2026-01-05 13:00:24.891 [info] Getting sessions for all scopes...
2026-01-05 13:00:24.892 [info] Got 1 sessions for ...
2026-01-05 13:00:24.894 [info] Getting sessions for read:user,repo,user:email,workflow...
2026-01-05 13:00:24.894 [info] Got 1 sessions for read:user,repo,user:email,workflow...
2026-01-05 13:00:24.903 [info] Getting sessions for all scopes...
2026-01-05 13:00:24.903 [info] Got 1 sessions for ...
2026-01-05 13:00:24.918 [info] Getting sessions for read:user,repo,user:email,workflow...
2026-01-05 13:00:24.918 [info] Got 1 sessions for read:user,repo,user:email,workflow...
2026-01-05 13:00:25.605 [info] Getting sessions for all scopes...
2026-01-05 13:00:25.605 [info] Got 1 sessions for ...
2026-01-05 13:00:25.606 [info] Getting sessions for read:user,repo,user:email,workflow...
2026-01-05 13:00:25.606 [info] Got 1 sessions for read:user,repo,user:email,workflow...
2026-01-05 13:04:07.720 [info] Getting sessions for all scopes...
2026-01-05 13:04:07.721 [info] Got 1 sessions for ...
2026-01-05 13:04:07.724 [info] Getting sessions for read:user,repo,user:email,workflow...
2026-01-05 13:04:07.724 [info] Got 1 sessions for read:user,repo,user:email,workflow...
