2026-01-06 14:00:21.487 [info] Reading sessions from keychain...
2026-01-06 14:00:21.487 [info] Got stored sessions!
2026-01-06 14:00:21.487 [info] Got 1 verified sessions.
2026-01-06 14:00:21.487 [info] Getting sessions for all scopes...
2026-01-06 14:00:21.487 [info] Got 1 sessions for ...
2026-01-06 14:00:21.487 [info] Getting sessions for all scopes...
2026-01-06 14:00:21.487 [info] Got 1 sessions for ...
2026-01-06 14:00:21.487 [info] Getting sessions for all scopes...
2026-01-06 14:00:21.487 [info] Got 1 sessions for ...
2026-01-06 14:00:21.487 [info] Getting sessions for all scopes...
2026-01-06 14:00:21.487 [info] Got 1 sessions for ...
2026-01-06 14:00:21.487 [info] Getting sessions for all scopes...
2026-01-06 14:00:21.487 [info] Got 1 sessions for ...
2026-01-06 14:00:21.487 [info] Getting sessions for all scopes...
2026-01-06 14:00:21.487 [info] Got 1 sessions for ...
2026-01-06 14:00:21.487 [info] Getting sessions for all scopes...
2026-01-06 14:00:21.487 [info] Got 1 sessions for ...
2026-01-06 14:00:21.487 [info] Getting sessions for all scopes...
2026-01-06 14:00:21.487 [info] Got 1 sessions for ...
2026-01-06 14:00:21.487 [info] Getting sessions for all scopes...
2026-01-06 14:00:21.487 [info] Got 1 sessions for ...
2026-01-06 14:00:21.487 [info] Getting sessions for all scopes...
2026-01-06 14:00:21.487 [info] Got 1 sessions for ...
2026-01-06 14:00:21.487 [info] Getting sessions for all scopes...
2026-01-06 14:00:21.487 [info] Got 1 sessions for ...
2026-01-06 14:00:21.487 [info] Getting sessions for all scopes...
2026-01-06 14:00:21.487 [info] Got 1 sessions for ...
2026-01-06 14:00:21.487 [info] Getting sessions for all scopes...
2026-01-06 14:00:21.487 [info] Got 1 sessions for ...
2026-01-06 14:00:21.487 [info] Getting sessions for all scopes...
2026-01-06 14:00:21.487 [info] Got 1 sessions for ...
2026-01-06 14:00:21.487 [info] Getting sessions for all scopes...
2026-01-06 14:00:21.487 [info] Got 1 sessions for ...
2026-01-06 14:00:21.487 [info] Getting sessions for all scopes...
2026-01-06 14:00:21.487 [info] Got 1 sessions for ...
2026-01-06 14:00:21.487 [info] Getting sessions for all scopes...
2026-01-06 14:00:21.487 [info] Got 1 sessions for ...
2026-01-06 14:00:21.487 [info] Getting sessions for all scopes...
2026-01-06 14:00:21.487 [info] Got 1 sessions for ...
2026-01-06 14:00:21.487 [info] Getting sessions for all scopes...
2026-01-06 14:00:21.487 [info] Got 1 sessions for ...
2026-01-06 14:00:21.487 [info] Getting sessions for read:user,repo,user:email,workflow...
2026-01-06 14:00:21.487 [info] Got 1 sessions for read:user,repo,user:email,workflow...
2026-01-06 14:00:21.838 [info] FetcherService: Electron fetch failed with status: 429 
2026-01-06 14:00:23.588 [info] Getting sessions for all scopes...
2026-01-06 14:00:23.589 [info] Got 1 sessions for ...
2026-01-06 14:00:23.637 [info] Getting sessions for read:user,repo,user:email,workflow...
2026-01-06 14:00:23.638 [info] Got 1 sessions for read:user,repo,user:email,workflow...
2026-01-06 14:00:23.765 [info] Getting sessions for all scopes...
2026-01-06 14:00:23.765 [info] Got 1 sessions for ...
2026-01-06 14:00:23.858 [info] Getting sessions for read:user,repo,user:email,workflow...
2026-01-06 14:00:23.858 [info] Got 1 sessions for read:user,repo,user:email,workflow...
2026-01-06 14:00:25.195 [info] FetcherService: Node fetch failed with status: 429 Too Many Requests
2026-01-06 14:00:25.530 [info] Getting sessions for all scopes...
2026-01-06 14:00:25.530 [info] Got 1 sessions for ...
2026-01-06 14:00:25.530 [info] Getting sessions for all scopes...
2026-01-06 14:00:25.530 [info] Got 1 sessions for ...
2026-01-06 14:00:25.542 [info] Getting sessions for all scopes...
2026-01-06 14:00:25.542 [info] Got 1 sessions for ...
2026-01-06 14:00:25.569 [info] Getting sessions for read:user,repo,user:email,workflow...
2026-01-06 14:00:25.569 [info] Got 1 sessions for read:user,repo,user:email,workflow...
2026-01-06 14:00:25.744 [info] Getting sessions for all scopes...
2026-01-06 14:00:25.744 [info] Got 1 sessions for ...
2026-01-06 14:00:25.745 [info] Getting sessions for all scopes...
2026-01-06 14:00:25.745 [info] Got 1 sessions for ...
2026-01-06 14:00:25.745 [info] Getting sessions for all scopes...
2026-01-06 14:00:25.745 [info] Got 1 sessions for ...
2026-01-06 14:00:25.746 [info] Getting sessions for all scopes...
2026-01-06 14:00:25.746 [info] Got 1 sessions for ...
2026-01-06 14:00:25.754 [info] Getting sessions for all scopes...
2026-01-06 14:00:25.754 [info] Got 1 sessions for ...
2026-01-06 14:00:25.754 [info] Getting sessions for all scopes...
2026-01-06 14:00:25.754 [info] Got 1 sessions for ...
2026-01-06 14:00:25.771 [info] Getting sessions for all scopes...
2026-01-06 14:00:25.771 [info] Got 1 sessions for ...
2026-01-06 14:00:25.980 [info] FetcherService: Node http/s failed with status: 429 Too Many Requests
2026-01-06 14:00:26.156 [info] Getting sessions for read:user,repo,user:email,workflow...
2026-01-06 14:00:26.156 [info] Got 1 sessions for read:user,repo,user:email,workflow...
2026-01-06 14:00:26.302 [info] Getting sessions for all scopes...
2026-01-06 14:00:26.302 [info] Got 1 sessions for ...
2026-01-06 14:00:26.330 [info] Getting sessions for read:user,repo,user:email,workflow...
2026-01-06 14:00:26.330 [info] Got 1 sessions for read:user,repo,user:email,workflow...
2026-01-06 14:00:43.210 [info] Getting sessions for read:user,repo,user:email,workflow...
2026-01-06 14:00:43.210 [info] Got 1 sessions for read:user,repo,user:email,workflow...
