2025-12-25 13:59:48.111 [info] [aebc6443-996d-45c2-90f0-388ff96faa56] Native Broker enabled: false
2025-12-25 13:59:48.111 [info] [getSessions] [all] starting
2025-12-25 13:59:48.111 [info] [getSessions] [all] returned 0 session(s)
2025-12-25 13:59:48.111 [info] [getSessions] [all] starting
2025-12-25 13:59:48.111 [info] [getSessions] [all] returned 0 session(s)
2025-12-25 13:59:48.111 [info] [getSessions] [all] starting
2025-12-25 13:59:48.111 [info] [getSessions] [all] returned 0 session(s)
2025-12-25 13:59:48.111 [info] [getSessions] [499b84ac-1321-427f-aa17-267ca6975798/.default offline_access] starting
2025-12-25 13:59:48.111 [info] [aebc6443-996d-45c2-90f0-388ff96faa56] Native Broker enabled: false
2025-12-25 13:59:48.170 [info] [getSessions] [499b84ac-1321-427f-aa17-267ca6975798/.default offline_access] returned 0 session(s)
2025-12-25 13:59:48.569 [info] [getSessions] [all] starting
2025-12-25 13:59:48.569 [info] [getSessions] [all] returned 0 session(s)
2025-12-25 13:59:49.598 [info] [getSessions] [499b84ac-1321-427f-aa17-267ca6975798/.default offline_access] starting
2025-12-25 13:59:49.598 [info] [getSessions] [499b84ac-1321-427f-aa17-267ca6975798/.default offline_access] returned 0 session(s)
2025-12-25 13:59:52.214 [info] Microsoft Authentication is deactivating...
2025-12-25 13:59:56.889 [info] [aebc6443-996d-45c2-90f0-388ff96faa56] Native Broker enabled: false
2025-12-25 13:59:57.345 [info] [getSessions] [all] starting
2025-12-25 13:59:57.345 [info] [getSessions] [all] returned 0 session(s)
2025-12-25 13:59:57.345 [info] [getSessions] [all] starting
2025-12-25 13:59:57.345 [info] [getSessions] [all] returned 0 session(s)
2025-12-25 13:59:57.345 [info] [getSessions] [all] starting
2025-12-25 13:59:57.345 [info] [getSessions] [all] returned 0 session(s)
2025-12-25 13:59:57.375 [info] [getSessions] [499b84ac-1321-427f-aa17-267ca6975798/.default offline_access] starting
2025-12-25 13:59:57.375 [info] [aebc6443-996d-45c2-90f0-388ff96faa56] Native Broker enabled: false
2025-12-25 13:59:57.428 [info] [getSessions] [499b84ac-1321-427f-aa17-267ca6975798/.default offline_access] returned 0 session(s)
2025-12-25 14:00:00.544 [info] [getSessions] [499b84ac-1321-427f-aa17-267ca6975798/.default offline_access] starting
2025-12-25 14:00:00.544 [info] [getSessions] [499b84ac-1321-427f-aa17-267ca6975798/.default offline_access] returned 0 session(s)
2025-12-25 14:55:03.520 [info] [getSessions] [499b84ac-1321-427f-aa17-267ca6975798/.default offline_access] starting
2025-12-25 14:55:03.522 [info] [getSessions] [499b84ac-1321-427f-aa17-267ca6975798/.default offline_access] returned 0 session(s)
2025-12-25 15:20:50.055 [info] Microsoft Authentication is deactivating...
