2025-12-24 15:25:04.669 [info] Using Cloud Code URL: https://daily-cloudcode-pa.googleapis.com
2025-12-24 15:25:04.676 [info] [BrowserOnboardingClientMainService] Starting browser onboarding server
2025-12-24 15:25:04.776 [info] update#setState idle
2025-12-24 15:25:04.785 [info] [BrowserOnboardingClientServer] Browser onboarding server started on http://localhost:40309
2025-12-24 15:25:04.788 [info] [CascadeMonitoringServer] Monitoring server started on http://localhost:9101/antigravity
2025-12-24 15:25:07.228 [info] AntigravityAuthMainService initialized
2025-12-24 15:25:12.774 [info] [AgentClientServer] Cascade initializing for worksapce 
2025-12-24 15:25:12.775 [info] [AgentClientServer] Starting server
2025-12-24 15:25:12.786 [info] [AgentClientServer] Read HTML file, length: 127
2025-12-24 15:25:12.787 [info] [AgentClientServer] Cascade server started on http://localhost:9092
2025-12-24 15:25:12.787 [info] [AgentClientServer] Cascade server started on port 9092
2025-12-24 15:25:16.163 [info] Extension host with pid 131213 exited with code: 0, signal: unknown.
2025-12-24 15:25:17.180 [error] Extension host with pid 131213 still exists, forcefully killing it...
2025-12-24 15:25:27.145 [info] [AgentClientServer] Cascade initializing for worksapce file:///home/admin/Documents/GitHub/DccpAdminV3
2025-12-24 15:25:27.148 [info] [AgentClientServer] Starting server
2025-12-24 15:25:27.205 [info] [AgentClientServer] Read HTML file, length: 127
2025-12-24 15:25:27.214 [info] [AgentClientServer] Cascade server started on http://localhost:9090
2025-12-24 15:25:27.214 [info] [AgentClientServer] Cascade server started on port 9090
2025-12-24 15:25:34.776 [info] update#setState checking for updates
2025-12-24 15:25:35.093 [info] update#setState idle
2025-12-24 15:25:52.687 [info] Extension host with pid 131864 exited with code: 0, signal: unknown.
2025-12-24 15:25:53.687 [error] Extension host with pid 131864 still exists, forcefully killing it...
2025-12-24 16:25:34.800 [info] update#setState checking for updates
2025-12-24 16:25:35.371 [info] update#setState idle
2025-12-24 17:25:34.852 [info] update#setState checking for updates
2025-12-24 17:25:35.524 [info] update#setState idle
2025-12-24 18:25:34.898 [info] update#setState checking for updates
2025-12-24 18:25:34.987 [error] #6: https://antigravity-auto-updater-974169037036.us-central1.run.app/api/update/linux-x64/stable/94f91bc110994badc7c086033db813077a5226af/c412bcec3e4b1dbef056f40aa6fb9ed639c0d54c7a903280dbaa9aff0d23fc09?bg=true - error undefined net::ERR_NAME_NOT_RESOLVED
2025-12-24 18:25:34.988 [error] Error: net::ERR_NAME_NOT_RESOLVED
    at SimpleURLLoaderWrapper.<anonymous> (node:electron/js2c/browser_init:2:123921)
    at SimpleURLLoaderWrapper.emit (node:events:518:28)
2025-12-24 18:25:34.988 [info] update#setState idle
2025-12-24 19:25:34.913 [info] update#setState checking for updates
2025-12-24 19:25:34.933 [error] #7: https://antigravity-auto-updater-974169037036.us-central1.run.app/api/update/linux-x64/stable/94f91bc110994badc7c086033db813077a5226af/c412bcec3e4b1dbef056f40aa6fb9ed639c0d54c7a903280dbaa9aff0d23fc09?bg=true - error undefined net::ERR_NAME_NOT_RESOLVED
2025-12-24 19:25:34.933 [error] Error: net::ERR_NAME_NOT_RESOLVED
    at SimpleURLLoaderWrapper.<anonymous> (node:electron/js2c/browser_init:2:123921)
    at SimpleURLLoaderWrapper.emit (node:events:518:28)
2025-12-24 19:25:34.934 [info] update#setState idle
2025-12-24 20:25:34.919 [info] update#setState checking for updates
2025-12-24 20:25:34.934 [error] #8: https://antigravity-auto-updater-974169037036.us-central1.run.app/api/update/linux-x64/stable/94f91bc110994badc7c086033db813077a5226af/c412bcec3e4b1dbef056f40aa6fb9ed639c0d54c7a903280dbaa9aff0d23fc09?bg=true - error undefined net::ERR_NAME_NOT_RESOLVED
2025-12-24 20:25:34.935 [error] Error: net::ERR_NAME_NOT_RESOLVED
    at SimpleURLLoaderWrapper.<anonymous> (node:electron/js2c/browser_init:2:123921)
    at SimpleURLLoaderWrapper.emit (node:events:518:28)
2025-12-24 20:25:34.935 [info] update#setState idle
2025-12-24 21:25:34.924 [info] update#setState checking for updates
2025-12-24 21:25:34.945 [error] #9: https://antigravity-auto-updater-974169037036.us-central1.run.app/api/update/linux-x64/stable/94f91bc110994badc7c086033db813077a5226af/c412bcec3e4b1dbef056f40aa6fb9ed639c0d54c7a903280dbaa9aff0d23fc09?bg=true - error undefined net::ERR_NAME_NOT_RESOLVED
2025-12-24 21:25:34.945 [error] Error: net::ERR_NAME_NOT_RESOLVED
    at SimpleURLLoaderWrapper.<anonymous> (node:electron/js2c/browser_init:2:123921)
    at SimpleURLLoaderWrapper.emit (node:events:518:28)
2025-12-24 21:25:34.945 [info] update#setState idle
2025-12-24 22:25:34.930 [info] update#setState checking for updates
2025-12-24 22:25:35.007 [error] #10: https://antigravity-auto-updater-974169037036.us-central1.run.app/api/update/linux-x64/stable/94f91bc110994badc7c086033db813077a5226af/c412bcec3e4b1dbef056f40aa6fb9ed639c0d54c7a903280dbaa9aff0d23fc09?bg=true - error undefined net::ERR_NAME_NOT_RESOLVED
2025-12-24 22:25:35.007 [error] Error: net::ERR_NAME_NOT_RESOLVED
    at SimpleURLLoaderWrapper.<anonymous> (node:electron/js2c/browser_init:2:123921)
    at SimpleURLLoaderWrapper.emit (node:events:518:28)
2025-12-24 22:25:35.007 [info] update#setState idle
2025-12-24 23:25:34.933 [info] update#setState checking for updates
2025-12-24 23:25:34.947 [error] #11: https://antigravity-auto-updater-974169037036.us-central1.run.app/api/update/linux-x64/stable/94f91bc110994badc7c086033db813077a5226af/c412bcec3e4b1dbef056f40aa6fb9ed639c0d54c7a903280dbaa9aff0d23fc09?bg=true - error undefined net::ERR_NAME_NOT_RESOLVED
2025-12-24 23:25:34.948 [error] Error: net::ERR_NAME_NOT_RESOLVED
    at SimpleURLLoaderWrapper.<anonymous> (node:electron/js2c/browser_init:2:123921)
    at SimpleURLLoaderWrapper.emit (node:events:518:28)
2025-12-24 23:25:34.948 [info] update#setState idle
2025-12-24 23:39:50.784 [error] [uncaught exception in main]: TypeError: fetch failed
2025-12-24 23:39:50.784 [error] TypeError: fetch failed
    at node:internal/deps/undici/undici:13510:13
    at process.processTicksAndRejections (node:internal/process/task_queues:105:5)
    at async GJe.u (file:///opt/Antigravity/resources/app/out/main.js:238:214689)
    at async GJe.getUserAccountSettings (file:///opt/Antigravity/resources/app/out/main.js:238:216313)
    at async Promise.all (index 2)
    at async aJe.refreshUserStatus (file:///opt/Antigravity/resources/app/out/main.js:237:11354)
2025-12-24 23:56:29.083 [warning] No ptyHost heartbeat after 6 seconds
2025-12-24 23:56:29.205 [error] [UtilityProcess type: ptyHost, pid: 131280]: crashed with code 15 and reason 'killed'
