2025-12-24 12:18:58.212 [info] Reading sessions from keychain...
2025-12-24 12:18:58.213 [info] Getting sessions for all scopes...
2025-12-24 12:18:58.213 [info] Got 0 sessions for ...
2025-12-24 12:18:58.213 [info] Getting sessions for all scopes...
2025-12-24 12:18:58.213 [info] Got 0 sessions for ...
2025-12-24 12:18:58.213 [info] Getting sessions for all scopes...
2025-12-24 12:18:58.213 [info] Got 0 sessions for ...
2025-12-24 12:18:58.213 [info] Getting sessions for read:user,repo,user:email,workflow...
2025-12-24 12:18:58.213 [info] Got 0 sessions for read:user,repo,user:email,workflow...
2025-12-24 12:18:58.213 [info] Getting sessions for all scopes...
2025-12-24 12:18:58.213 [info] Got 0 sessions for ...
2025-12-24 12:18:58.478 [info] Getting sessions for all scopes...
2025-12-24 12:18:58.478 [info] Got 0 sessions for ...
2025-12-24 12:18:58.486 [info] Getting sessions for all scopes...
2025-12-24 12:18:58.486 [info] Got 0 sessions for ...
2025-12-24 12:18:58.496 [info] Getting sessions for all scopes...
2025-12-24 12:18:58.496 [info] Got 0 sessions for ...
2025-12-24 12:18:58.504 [info] Getting sessions for all scopes...
2025-12-24 12:18:58.504 [info] Got 0 sessions for ...
2025-12-24 12:19:02.599 [info] Reading sessions from keychain...
2025-12-24 12:19:02.599 [info] Getting sessions for all scopes...
2025-12-24 12:19:02.599 [info] Got 0 sessions for ...
2025-12-24 12:19:02.599 [info] Getting sessions for all scopes...
2025-12-24 12:19:02.599 [info] Got 0 sessions for ...
2025-12-24 12:19:02.599 [info] Getting sessions for all scopes...
2025-12-24 12:19:02.599 [info] Got 0 sessions for ...
2025-12-24 12:19:02.599 [info] Getting sessions for read:user,repo,user:email,workflow...
2025-12-24 12:19:02.599 [info] Got 0 sessions for read:user,repo,user:email,workflow...
2025-12-24 12:19:02.599 [info] Getting sessions for all scopes...
2025-12-24 12:19:02.599 [info] Got 0 sessions for ...
2025-12-24 12:19:03.193 [info] Getting sessions for all scopes...
2025-12-24 12:19:03.193 [info] Got 0 sessions for ...
2025-12-24 12:19:03.217 [info] Getting sessions for all scopes...
2025-12-24 12:19:03.217 [info] Got 0 sessions for ...
2025-12-24 12:19:03.218 [info] Getting sessions for all scopes...
2025-12-24 12:19:03.218 [info] Got 0 sessions for ...
2025-12-24 12:19:03.222 [info] Getting sessions for all scopes...
2025-12-24 12:19:03.222 [info] Got 0 sessions for ...
2025-12-24 12:19:04.041 [info] Getting sessions for all scopes...
2025-12-24 12:19:04.041 [info] Got 0 sessions for ...
2025-12-24 12:20:33.411 [info] Getting sessions for all scopes...
2025-12-24 12:20:33.411 [info] Got 0 sessions for ...
2025-12-24 12:20:37.490 [info] Getting sessions for all scopes...
2025-12-24 12:20:37.490 [info] Got 0 sessions for ...
2025-12-24 12:20:42.304 [info] Getting sessions for all scopes...
2025-12-24 12:20:42.304 [info] Got 0 sessions for ...
