2025-12-31 13:20:22.195 [error] #2: https://mobile.events.data.microsoft.com/OneCollector/1.0?cors=true&content-type=application/x-json-stream - error POST net::ERR_NETWORK_CHANGED
2025-12-31 13:20:22.250 [error] #3: https://mobile.events.data.microsoft.com/OneCollector/1.0?cors=true&content-type=application/x-json-stream - error POST net::ERR_NAME_NOT_RESOLVED
2025-12-31 13:20:22.799 [error] #4: https://laravel.gallerycdn.vsassets.io/extensions/laravel/vscode-laravel/1.3.0/1766758431016/Microsoft.VisualStudio.Code.Manifest - error GET net::ERR_NAME_NOT_RESOLVED
2025-12-31 13:20:22.801 [error] #5: https://n2ns.gallerycdn.vsassets.io/extensions/n2ns/antigravity-panel/2.4.1/1766844080501/Microsoft.VisualStudio.Code.Manifest - error GET net::ERR_NAME_NOT_RESOLVED
2025-12-31 13:20:22.808 [error] #6: https://laravel.gallery.vsassets.io/_apis/public/gallery/publisher/laravel/extension/vscode-laravel/1.3.0/assetbyname/Microsoft.VisualStudio.Code.Manifest - error GET net::ERR_NAME_NOT_RESOLVED
2025-12-31 13:20:22.813 [error] #7: https://n2ns.gallery.vsassets.io/_apis/public/gallery/publisher/n2ns/extension/antigravity-panel/2.4.1/assetbyname/Microsoft.VisualStudio.Code.Manifest - error GET net::ERR_NAME_NOT_RESOLVED
2025-12-31 13:20:33.478 [error] #8: https://mobile.events.data.microsoft.com/OneCollector/1.0?cors=true&content-type=application/x-json-stream - error POST net::ERR_NETWORK_CHANGED
2025-12-31 13:20:33.492 [error] #9: https://mobile.events.data.microsoft.com/OneCollector/1.0?cors=true&content-type=application/x-json-stream - error POST net::ERR_NETWORK_CHANGED
2025-12-31 13:20:33.507 [error] #10: https://mobile.events.data.microsoft.com/OneCollector/1.0?cors=true&content-type=application/x-json-stream - error POST net::ERR_NETWORK_CHANGED
2025-12-31 13:20:48.177 [error] #11: https://mobile.events.data.microsoft.com/OneCollector/1.0?cors=true&content-type=application/x-json-stream - error POST net::ERR_NETWORK_CHANGED
2025-12-31 13:20:48.178 [error] #12: https://mobile.events.data.microsoft.com/OneCollector/1.0?cors=true&content-type=application/x-json-stream - error POST net::ERR_NETWORK_CHANGED
2025-12-31 13:21:00.114 [error] #13: https://mobile.events.data.microsoft.com/OneCollector/1.0?cors=true&content-type=application/x-json-stream - error POST net::ERR_NETWORK_CHANGED
2025-12-31 13:22:04.205 [error] #14: https://mobile.events.data.microsoft.com/OneCollector/1.0?cors=true&content-type=application/x-json-stream - error POST net::ERR_NETWORK_CHANGED
2025-12-31 13:25:19.037 [error] #16: https://main.vscode-cdn.net/extensions/marketplace.json - error GET net::ERR_NETWORK_CHANGED
2025-12-31 15:25:52.253 [error] #41: https://main.vscode-cdn.net/extensions/marketplace.json - error GET net::ERR_NAME_NOT_RESOLVED
2025-12-31 15:30:52.265 [error] #42: https://main.vscode-cdn.net/extensions/marketplace.json - error GET net::ERR_NAME_NOT_RESOLVED
2025-12-31 15:35:59.194 [error] #44: https://main.vscode-cdn.net/extensions/marketplace.json - error GET net::ERR_NETWORK_CHANGED
2025-12-31 15:35:59.195 [error] #43: https://mobile.events.data.microsoft.com/OneCollector/1.0?cors=true&content-type=application/x-json-stream - error POST net::ERR_NETWORK_CHANGED
2025-12-31 15:36:01.859 [error] #45: https://mobile.events.data.microsoft.com/OneCollector/1.0?cors=true&content-type=application/x-json-stream - error POST net::ERR_NAME_NOT_RESOLVED
2025-12-31 15:40:59.208 [error] #46: https://main.vscode-cdn.net/extensions/marketplace.json - error GET net::ERR_NAME_NOT_RESOLVED
2025-12-31 15:46:26.163 [error] #47: https://main.vscode-cdn.net/extensions/marketplace.json - error GET net::ERR_CONNECTION_CLOSED
2025-12-31 15:51:26.178 [error] #48: https://main.vscode-cdn.net/extensions/marketplace.json - error GET net::ERR_NAME_NOT_RESOLVED
2025-12-31 16:01:27.010 [error] #50: https://main.vscode-cdn.net/extensions/marketplace.json - error GET net::ERR_NAME_NOT_RESOLVED
2025-12-31 16:11:33.286 [error] #52: https://main.vscode-cdn.net/extensions/marketplace.json - error GET net::ERR_NETWORK_CHANGED
2025-12-31 16:16:39.832 [error] #53: https://main.vscode-cdn.net/extensions/marketplace.json - error GET net::ERR_NETWORK_CHANGED
2025-12-31 16:20:40.104 [error] #54: https://mobile.events.data.microsoft.com/OneCollector/1.0?cors=true&content-type=application/x-json-stream - error POST net::ERR_NAME_NOT_RESOLVED
2025-12-31 16:20:42.601 [error] #55: https://mobile.events.data.microsoft.com/OneCollector/1.0?cors=true&content-type=application/x-json-stream - error POST net::ERR_NAME_NOT_RESOLVED
2025-12-31 16:21:39.845 [error] #56: https://main.vscode-cdn.net/extensions/marketplace.json - error GET net::ERR_NAME_NOT_RESOLVED
2025-12-31 16:26:40.791 [error] #57: https://main.vscode-cdn.net/extensions/marketplace.json - error GET net::ERR_NAME_NOT_RESOLVED
2025-12-31 16:31:41.891 [error] #58: https://main.vscode-cdn.net/extensions/marketplace.json - error GET net::ERR_NAME_NOT_RESOLVED
2025-12-31 16:36:41.906 [error] #59: https://main.vscode-cdn.net/extensions/marketplace.json - error GET net::ERR_NAME_NOT_RESOLVED
2025-12-31 16:41:41.919 [error] #60: https://main.vscode-cdn.net/extensions/marketplace.json - error GET net::ERR_NAME_NOT_RESOLVED
2025-12-31 16:46:41.929 [error] #61: https://main.vscode-cdn.net/extensions/marketplace.json - error GET net::ERR_NAME_NOT_RESOLVED
2025-12-31 16:51:41.939 [error] #62: https://main.vscode-cdn.net/extensions/marketplace.json - error GET net::ERR_NAME_NOT_RESOLVED
2025-12-31 16:56:41.950 [error] #63: https://main.vscode-cdn.net/extensions/marketplace.json - error GET net::ERR_NAME_NOT_RESOLVED
2025-12-31 17:01:41.962 [error] #64: https://main.vscode-cdn.net/extensions/marketplace.json - error GET net::ERR_NAME_NOT_RESOLVED
2025-12-31 17:06:41.975 [error] #65: https://main.vscode-cdn.net/extensions/marketplace.json - error GET net::ERR_NAME_NOT_RESOLVED
2025-12-31 17:11:41.986 [error] #66: https://main.vscode-cdn.net/extensions/marketplace.json - error GET net::ERR_NAME_NOT_RESOLVED
2025-12-31 17:16:42.215 [error] #67: https://main.vscode-cdn.net/extensions/marketplace.json - error GET net::ERR_ADDRESS_UNREACHABLE
2025-12-31 17:20:49.036 [error] #68: https://mobile.events.data.microsoft.com/OneCollector/1.0?cors=true&content-type=application/x-json-stream - error POST net::ERR_NAME_NOT_RESOLVED
2025-12-31 17:20:51.647 [error] #69: https://mobile.events.data.microsoft.com/OneCollector/1.0?cors=true&content-type=application/x-json-stream - error POST net::ERR_NAME_NOT_RESOLVED
2025-12-31 17:21:42.229 [error] #70: https://main.vscode-cdn.net/extensions/marketplace.json - error GET net::ERR_NAME_NOT_RESOLVED
2025-12-31 17:26:42.243 [error] #71: https://main.vscode-cdn.net/extensions/marketplace.json - error GET net::ERR_NAME_NOT_RESOLVED
2025-12-31 17:31:42.270 [error] #72: https://main.vscode-cdn.net/extensions/marketplace.json - error GET net::ERR_NAME_NOT_RESOLVED
2025-12-31 17:41:41.718 [error] #73: https://main.vscode-cdn.net/extensions/marketplace.json - error GET net::ERR_NAME_NOT_RESOLVED
2025-12-31 17:46:41.732 [error] #74: https://main.vscode-cdn.net/extensions/marketplace.json - error GET net::ERR_NAME_NOT_RESOLVED
2025-12-31 17:51:41.742 [error] #75: https://main.vscode-cdn.net/extensions/marketplace.json - error GET net::ERR_NAME_NOT_RESOLVED
2025-12-31 17:56:41.754 [error] #76: https://main.vscode-cdn.net/extensions/marketplace.json - error GET net::ERR_NAME_NOT_RESOLVED
2025-12-31 18:01:41.766 [error] #77: https://main.vscode-cdn.net/extensions/marketplace.json - error GET net::ERR_NAME_NOT_RESOLVED
2025-12-31 18:11:41.110 [error] #78: https://main.vscode-cdn.net/extensions/marketplace.json - error GET net::ERR_NAME_NOT_RESOLVED
2025-12-31 18:16:41.122 [error] #79: https://main.vscode-cdn.net/extensions/marketplace.json - error GET net::ERR_NAME_NOT_RESOLVED
2025-12-31 18:20:58.463 [error] #80: https://mobile.events.data.microsoft.com/OneCollector/1.0?cors=true&content-type=application/x-json-stream - error POST net::ERR_NAME_NOT_RESOLVED
2025-12-31 18:21:01.604 [error] #81: https://mobile.events.data.microsoft.com/OneCollector/1.0?cors=true&content-type=application/x-json-stream - error POST net::ERR_NAME_NOT_RESOLVED
2025-12-31 18:21:41.135 [error] #82: https://main.vscode-cdn.net/extensions/marketplace.json - error GET net::ERR_NAME_NOT_RESOLVED
2025-12-31 19:01:44.928 [error] #90: https://main.vscode-cdn.net/extensions/marketplace.json - error GET net::ERR_NAME_NOT_RESOLVED
2025-12-31 19:41:50.410 [error] #99: https://main.vscode-cdn.net/extensions/marketplace.json - error GET net::ERR_NAME_NOT_RESOLVED
2025-12-31 20:21:53.087 [error] #107: https://main.vscode-cdn.net/extensions/marketplace.json - error GET net::ERR_NETWORK_CHANGED
2025-12-31 20:25:43.221 [error] #108: https://mobile.events.data.microsoft.com/OneCollector/1.0?cors=true&content-type=application/x-json-stream - error POST net::ERR_NETWORK_CHANGED
2025-12-31 20:27:04.198 [error] #110: https://main.vscode-cdn.net/extensions/marketplace.json - error GET net::ERR_NETWORK_CHANGED
2025-12-31 20:37:08.221 [error] #112: https://main.vscode-cdn.net/extensions/marketplace.json - error GET net::ERR_NAME_NOT_RESOLVED
