[Info  - 1:59:56 PM] Initialising intelephense 1.16.3
[Info  - 1:59:56 PM] Reading state from /home/admin/.config/Code/User/workspaceStorage/2c39dfd38ffe2b5cd849525e6e2706ef/bmewburn.vscode-intelephense-client/3293e334.
[Info  - 1:59:58 PM] Initialised in 1486 ms
[Info  - 1:59:58 PM] Searching file:///home/admin/.vscode/extensions/bmewburn.vscode-intelephense-client-1.16.3/node_modules/intelephense/lib/stub for files to index.
[Info  - 1:59:58 PM] Searching file:///home/admin/Documents/GitHub/DccpAdminV3 for files to index.
[Warn  - 1:59:58 PM] file:///home/admin/Documents/GitHub/DccpAdminV3/.phpstorm.meta.php is over the maximum file size of 1000000 bytes.
[Warn  - 1:59:58 PM] file:///home/admin/Documents/GitHub/DccpAdminV3/_ide_helper.php is over the maximum file size of 1000000 bytes.
[Warn  - 1:59:58 PM] file:///home/admin/Documents/GitHub/DccpAdminV3/vendor/_laravel_ide/_model_helpers.php is over the maximum file size of 1000000 bytes.
[Warn  - 1:59:58 PM] file:///home/admin/Documents/GitHub/DccpAdminV3/vendor/composer/autoload_classmap.php is over the maximum file size of 1000000 bytes.
[Warn  - 1:59:58 PM] file:///home/admin/Documents/GitHub/DccpAdminV3/vendor/composer/autoload_static.php is over the maximum file size of 1000000 bytes.
[Warn  - 1:59:58 PM] file:///home/admin/Documents/GitHub/DccpAdminV3/vendor/aws/aws-sdk-php/src/data/ec2/2016-11-15/api-2.json.php is over the maximum file size of 1000000 bytes.
[Warn  - 1:59:58 PM] file:///home/admin/Documents/GitHub/DccpAdminV3/vendor/fakerphp/faker/src/Faker/Provider/nl_BE/Text.php is over the maximum file size of 1000000 bytes.
[Info  - 1:59:58 PM] Indexing started.
[Info  - 1:59:59 PM] Indexing ended. 307 files indexed in 0s.
[Info  - 1:59:59 PM] Writing state to /home/admin/.config/Code/User/workspaceStorage/2c39dfd38ffe2b5cd849525e6e2706ef/bmewburn.vscode-intelephense-client/3293e334.
[Info  - 1:59:59 PM] Wrote state in 0.6s.
[Info  - 2:57:35 PM] Indexing started.
[Info  - 2:57:35 PM] Indexing ended. 1 files indexed in 0s.
[Info  - 2:57:39 PM] Indexing started.
[Info  - 2:57:40 PM] Indexing ended. 2 files indexed in 1s.
[Info  - 3:07:39 PM] Indexing started.
[Info  - 3:07:39 PM] Indexing ended. 1 files indexed in 0s.
[Info  - 3:07:42 PM] Indexing started.
[Info  - 3:07:44 PM] Indexing ended. 1 files indexed in 1s.
[Info  - 3:09:21 PM] Indexing started.
[Info  - 3:09:21 PM] Indexing ended. 1 files indexed in 0s.
[Info  - 3:09:25 PM] Indexing started.
[Info  - 3:09:26 PM] Indexing ended. 2 files indexed in 1s.
[Info  - 3:10:54 PM] Indexing started.
[Info  - 3:10:54 PM] Indexing ended. 1 files indexed in 0s.
[Info  - 3:10:57 PM] Indexing started.
[Info  - 3:10:58 PM] Indexing ended. 2 files indexed in 1s.
