2026-01-07 09:24:37.683 [info] Reading sessions from keychain...
2026-01-07 09:24:37.683 [info] Getting sessions for all scopes...
2026-01-07 09:24:37.683 [info] Got stored sessions!
2026-01-07 09:24:37.683 [info] Got 1 verified sessions.
2026-01-07 09:24:37.683 [info] Got 1 sessions for ...
2026-01-07 09:24:37.683 [info] Getting sessions for all scopes...
2026-01-07 09:24:37.683 [info] Got 1 sessions for ...
2026-01-07 09:24:37.683 [info] Getting sessions for all scopes...
2026-01-07 09:24:37.683 [info] Got 1 sessions for ...
2026-01-07 09:24:37.683 [info] Getting sessions for all scopes...
2026-01-07 09:24:37.683 [info] Got 1 sessions for ...
2026-01-07 09:24:37.683 [info] Getting sessions for all scopes...
2026-01-07 09:24:37.683 [info] Got 1 sessions for ...
2026-01-07 09:24:37.683 [info] Getting sessions for all scopes...
2026-01-07 09:24:37.683 [info] Got 1 sessions for ...
2026-01-07 09:24:37.683 [info] Getting sessions for all scopes...
2026-01-07 09:24:37.683 [info] Got 1 sessions for ...
2026-01-07 09:24:37.683 [info] Getting sessions for all scopes...
2026-01-07 09:24:37.683 [info] Got 1 sessions for ...
2026-01-07 09:24:37.683 [info] Getting sessions for all scopes...
2026-01-07 09:24:37.683 [info] Got 1 sessions for ...
2026-01-07 09:24:37.683 [info] Getting sessions for all scopes...
2026-01-07 09:24:37.683 [info] Got 1 sessions for ...
2026-01-07 09:24:37.683 [info] Getting sessions for all scopes...
2026-01-07 09:24:37.683 [info] Got 1 sessions for ...
2026-01-07 09:24:37.683 [info] Getting sessions for all scopes...
2026-01-07 09:24:37.683 [info] Got 1 sessions for ...
2026-01-07 09:24:37.683 [info] Getting sessions for all scopes...
2026-01-07 09:24:37.683 [info] Got 1 sessions for ...
2026-01-07 09:24:37.683 [info] Getting sessions for all scopes...
2026-01-07 09:24:37.683 [info] Got 1 sessions for ...
2026-01-07 09:24:37.683 [info] Getting sessions for all scopes...
2026-01-07 09:24:37.683 [info] Got 1 sessions for ...
2026-01-07 09:24:37.683 [info] Getting sessions for all scopes...
2026-01-07 09:24:37.683 [info] Got 1 sessions for ...
2026-01-07 09:24:37.683 [info] Getting sessions for all scopes...
2026-01-07 09:24:37.683 [info] Got 1 sessions for ...
2026-01-07 09:24:37.683 [info] Getting sessions for all scopes...
2026-01-07 09:24:37.683 [info] Got 1 sessions for ...
2026-01-07 09:24:37.683 [info] Getting sessions for all scopes...
2026-01-07 09:24:37.683 [info] Got 1 sessions for ...
2026-01-07 09:24:37.683 [info] Getting sessions for read:user,repo,user:email,workflow...
2026-01-07 09:24:37.683 [info] Got 1 sessions for read:user,repo,user:email,workflow...
2026-01-07 09:24:38.217 [info] FetcherService: Electron fetch failed with status: 429 
2026-01-07 09:24:38.411 [info] Getting sessions for all scopes...
2026-01-07 09:24:38.411 [info] Got 1 sessions for ...
2026-01-07 09:24:38.489 [info] Getting sessions for all scopes...
2026-01-07 09:24:38.489 [info] Got 1 sessions for ...
2026-01-07 09:24:38.837 [info] Getting sessions for read:user,repo,user:email,workflow...
2026-01-07 09:24:38.837 [info] Got 1 sessions for read:user,repo,user:email,workflow...
2026-01-07 09:24:39.228 [info] Getting sessions for read:user,repo,user:email,workflow...
2026-01-07 09:24:39.228 [info] Got 1 sessions for read:user,repo,user:email,workflow...
2026-01-07 09:24:39.362 [info] FetcherService: Node fetch failed with status: 429 Too Many Requests
2026-01-07 09:24:40.333 [info] Getting sessions for all scopes...
2026-01-07 09:24:40.333 [info] Got 1 sessions for ...
2026-01-07 09:24:40.333 [info] Getting sessions for all scopes...
2026-01-07 09:24:40.333 [info] Got 1 sessions for ...
2026-01-07 09:24:40.335 [info] Getting sessions for all scopes...
2026-01-07 09:24:40.335 [info] Got 1 sessions for ...
2026-01-07 09:24:40.336 [info] Getting sessions for all scopes...
2026-01-07 09:24:40.336 [info] Got 1 sessions for ...
2026-01-07 09:24:40.336 [info] Getting sessions for all scopes...
2026-01-07 09:24:40.336 [info] Got 1 sessions for ...
2026-01-07 09:24:40.503 [info] Getting sessions for read:user,repo,user:email,workflow...
2026-01-07 09:24:40.503 [info] Got 1 sessions for read:user,repo,user:email,workflow...
2026-01-07 09:24:40.526 [info] FetcherService: Node http/s failed with status: 429 Too Many Requests
2026-01-07 09:24:40.803 [info] Getting sessions for all scopes...
2026-01-07 09:24:40.803 [info] Got 1 sessions for ...
2026-01-07 09:24:40.818 [info] Getting sessions for all scopes...
2026-01-07 09:24:40.818 [info] Got 1 sessions for ...
2026-01-07 09:24:40.819 [info] Getting sessions for all scopes...
2026-01-07 09:24:40.819 [info] Got 1 sessions for ...
2026-01-07 09:24:40.903 [info] Getting sessions for all scopes...
2026-01-07 09:24:40.903 [info] Got 1 sessions for ...
2026-01-07 09:24:41.056 [info] Getting sessions for read:user,repo,user:email,workflow...
2026-01-07 09:24:41.056 [info] Got 1 sessions for read:user,repo,user:email,workflow...
2026-01-07 09:28:01.944 [info] Getting sessions for all scopes...
2026-01-07 09:28:01.944 [info] Got 1 sessions for ...
2026-01-07 09:28:01.951 [info] Getting sessions for read:user,repo,user:email,workflow...
2026-01-07 09:28:01.951 [info] Got 1 sessions for read:user,repo,user:email,workflow...
2026-01-07 10:19:41.009 [info] Getting sessions for all scopes...
2026-01-07 10:19:41.011 [info] Got 1 sessions for ...
2026-01-07 10:19:41.015 [info] Getting sessions for read:user,repo,user:email,workflow...
2026-01-07 10:19:41.015 [info] Got 1 sessions for read:user,repo,user:email,workflow...
2026-01-07 10:19:41.778 [info] Getting sessions for all scopes...
2026-01-07 10:19:41.778 [info] Got 1 sessions for ...
2026-01-07 10:19:41.779 [info] Getting sessions for all scopes...
2026-01-07 10:19:41.779 [info] Got 1 sessions for ...
2026-01-07 10:19:41.783 [info] Getting sessions for read:user,repo,user:email,workflow...
2026-01-07 10:19:41.783 [info] Got 1 sessions for read:user,repo,user:email,workflow...
2026-01-07 10:19:41.800 [info] Getting sessions for all scopes...
2026-01-07 10:19:41.800 [info] Got 1 sessions for ...
2026-01-07 10:19:41.803 [info] Getting sessions for read:user,repo,user:email,workflow...
2026-01-07 10:19:41.803 [info] Got 1 sessions for read:user,repo,user:email,workflow...
2026-01-07 10:19:42.503 [info] Getting sessions for all scopes...
2026-01-07 10:19:42.503 [info] Got 1 sessions for ...
2026-01-07 10:19:42.507 [info] Getting sessions for read:user,repo,user:email,workflow...
2026-01-07 10:19:42.507 [info] Got 1 sessions for read:user,repo,user:email,workflow...
2026-01-07 10:55:12.246 [info] Getting sessions for all scopes...
2026-01-07 10:55:12.246 [info] Got 1 sessions for ...
2026-01-07 10:55:12.257 [info] Getting sessions for read:user,repo,user:email,workflow...
2026-01-07 10:55:12.258 [info] Got 1 sessions for read:user,repo,user:email,workflow...
2026-01-07 10:56:34.878 [info] Getting sessions for all scopes...
2026-01-07 10:56:34.878 [info] Got 1 sessions for ...
2026-01-07 10:56:34.884 [info] Getting sessions for all scopes...
2026-01-07 10:56:34.884 [info] Got 1 sessions for ...
2026-01-07 10:56:35.681 [info] Getting sessions for all scopes...
2026-01-07 10:56:35.681 [info] Got 1 sessions for ...
2026-01-07 10:56:35.681 [info] Getting sessions for all scopes...
2026-01-07 10:56:35.687 [info] Got 1 sessions for ...
2026-01-07 10:56:35.798 [info] Getting sessions for read:user,repo,user:email,workflow...
2026-01-07 10:56:35.798 [info] Got 1 sessions for read:user,repo,user:email,workflow...
2026-01-07 10:56:35.805 [info] Getting sessions for all scopes...
2026-01-07 10:56:35.805 [info] Got 1 sessions for ...
2026-01-07 10:56:35.811 [info] Getting sessions for read:user,repo,user:email,workflow...
2026-01-07 10:56:35.811 [info] Got 1 sessions for read:user,repo,user:email,workflow...
2026-01-07 10:56:36.695 [info] Getting sessions for all scopes...
2026-01-07 10:56:36.695 [info] Got 1 sessions for ...
2026-01-07 10:56:36.696 [info] Getting sessions for all scopes...
2026-01-07 10:56:36.696 [info] Got 1 sessions for ...
2026-01-07 10:56:36.775 [info] Getting sessions for read:user,repo,user:email,workflow...
2026-01-07 10:56:36.776 [info] Got 1 sessions for read:user,repo,user:email,workflow...
2026-01-07 10:56:36.815 [info] Getting sessions for all scopes...
2026-01-07 10:56:36.815 [info] Got 1 sessions for ...
2026-01-07 10:56:36.829 [info] Getting sessions for read:user,repo,user:email,workflow...
2026-01-07 10:56:36.829 [info] Got 1 sessions for read:user,repo,user:email,workflow...
2026-01-07 10:56:37.509 [info] Getting sessions for all scopes...
2026-01-07 10:56:37.509 [info] Got 1 sessions for ...
2026-01-07 10:56:37.512 [info] Getting sessions for read:user,repo,user:email,workflow...
2026-01-07 10:56:37.512 [info] Got 1 sessions for read:user,repo,user:email,workflow...
2026-01-07 11:06:56.807 [info] Getting sessions for all scopes...
2026-01-07 11:06:56.808 [info] Got 1 sessions for ...
2026-01-07 11:06:56.823 [info] Getting sessions for read:user,repo,user:email,workflow...
2026-01-07 11:06:56.823 [info] Got 1 sessions for read:user,repo,user:email,workflow...
2026-01-07 11:25:50.957 [info] Getting sessions for all scopes...
2026-01-07 11:25:50.958 [info] Got 1 sessions for ...
2026-01-07 11:25:50.973 [info] Getting sessions for read:user,repo,user:email,workflow...
2026-01-07 11:25:50.973 [info] Got 1 sessions for read:user,repo,user:email,workflow...
